[8.182s] Invoking command in '/home/alexander/Documents/simplebot2/ros2_workspace/src/motor_controller': PYTHONPATH=/home/alexander/Documents/simplebot2/ros2_workspace/build/motor_controller/prefix_override:/home/alexander/Documents/simplebot2/ros2_workspace/install/motor_controller/lib/python3.6/site-packages:${PYTHONPATH} /usr/bin/python3 setup.py egg_info --egg-base ../../build/motor_controller build --build-base /home/alexander/Documents/simplebot2/ros2_workspace/build/motor_controller/build install --record /home/alexander/Documents/simplebot2/ros2_workspace/build/motor_controller/install.log --single-version-externally-managed
[10.440s] running egg_info
[10.477s] writing ../../build/motor_controller/motor_controller.egg-info/PKG-INFO
[10.497s] writing dependency_links to ../../build/motor_controller/motor_controller.egg-info/dependency_links.txt
[10.500s] writing entry points to ../../build/motor_controller/motor_controller.egg-info/entry_points.txt
[10.503s] writing requirements to ../../build/motor_controller/motor_controller.egg-info/requires.txt
[10.504s] writing top-level names to ../../build/motor_controller/motor_controller.egg-info/top_level.txt
[10.542s] reading manifest file '../../build/motor_controller/motor_controller.egg-info/SOURCES.txt'
[10.560s] writing manifest file '../../build/motor_controller/motor_controller.egg-info/SOURCES.txt'
[10.565s] running build
[10.569s] running build_py
[10.574s] running install
[10.580s] running install_lib
[10.592s] running install_data
[10.599s] running install_egg_info
[10.614s] removing '/home/alexander/Documents/simplebot2/ros2_workspace/install/motor_controller/lib/python3.6/site-packages/motor_controller-0.0.0-py3.6.egg-info' (and everything under it)
[10.618s] Copying ../../build/motor_controller/motor_controller.egg-info to /home/alexander/Documents/simplebot2/ros2_workspace/install/motor_controller/lib/python3.6/site-packages/motor_controller-0.0.0-py3.6.egg-info
[10.628s] running install_scripts
[10.865s] Installing kinematics2serial script to /home/alexander/Documents/simplebot2/ros2_workspace/install/motor_controller/lib/motor_controller
[10.876s] writing list of installed files to '/home/alexander/Documents/simplebot2/ros2_workspace/build/motor_controller/install.log'
[11.162s] Invoked command in '/home/alexander/Documents/simplebot2/ros2_workspace/src/motor_controller' returned '0': PYTHONPATH=/home/alexander/Documents/simplebot2/ros2_workspace/build/motor_controller/prefix_override:/home/alexander/Documents/simplebot2/ros2_workspace/install/motor_controller/lib/python3.6/site-packages:${PYTHONPATH} /usr/bin/python3 setup.py egg_info --egg-base ../../build/motor_controller build --build-base /home/alexander/Documents/simplebot2/ros2_workspace/build/motor_controller/build install --record /home/alexander/Documents/simplebot2/ros2_workspace/build/motor_controller/install.log --single-version-externally-managed
