[2.658s] DEBUG:colcon:Command line arguments: ['/usr/bin/colcon', 'build']
[2.659s] DEBUG:colcon:Parsed command line arguments: Namespace(ament_cmake_args=None, base_paths=['.'], build_base='build', catkin_cmake_args=None, catkin_skip_building_tests=False, cmake_args=None, cmake_clean_cache=False, cmake_clean_first=False, cmake_force_configure=False, cmake_target=None, cmake_target_skip_unavailable=False, continue_on_error=False, event_handlers=None, executor='parallel', ignore_user_meta=False, install_base='install', log_base=None, log_level=None, main=<bound method BuildVerb.main of <colcon_core.verb.build.BuildVerb object at 0x7f97b40390>>, merge_install=False, metas=['./colcon.meta'], packages_above=None, packages_above_and_dependencies=None, packages_above_depth=None, packages_end=None, packages_ignore=None, packages_ignore_regex=None, packages_select=None, packages_select_build_failed=False, packages_select_by_dep=None, packages_select_regex=None, packages_select_test_failures=False, packages_skip=None, packages_skip_build_finished=False, packages_skip_by_dep=None, packages_skip_regex=None, packages_skip_test_passed=False, packages_skip_up_to=None, packages_start=None, packages_up_to=None, packages_up_to_regex=None, parallel_workers=2, paths=None, symlink_install=False, test_result_base=None, verb_extension=<colcon_core.verb.build.BuildVerb object at 0x7f97b40390>, verb_name='build', verb_parser=<colcon_defaults.argument_parser.defaults.DefaultArgumentsDecorator object at 0x7f97b406d8>)
[2.790s] Level 1:colcon.colcon_core.package_discovery:discover_packages(colcon_meta) check parameters
[2.791s] Level 1:colcon.colcon_core.package_discovery:discover_packages(recursive) check parameters
[2.792s] Level 1:colcon.colcon_core.package_discovery:discover_packages(ignore) check parameters
[2.793s] Level 1:colcon.colcon_core.package_discovery:discover_packages(path) check parameters
[2.793s] Level 1:colcon.colcon_core.package_discovery:discover_packages(colcon_meta) discover
[2.796s] Level 1:colcon.colcon_core.package_discovery:discover_packages(recursive) discover
[2.797s] INFO:colcon.colcon_core.package_discovery:Crawling recursively for packages in '/home/alexander/Documents/simplebot2/ros2_workspace'
[2.798s] Level 1:colcon.colcon_core.package_identification:_identify(.) by extensions ['ignore', 'ignore_ament_install']
[2.799s] Level 1:colcon.colcon_core.package_identification:_identify(.) by extension 'ignore'
[2.800s] Level 1:colcon.colcon_core.package_identification:_identify(.) by extension 'ignore_ament_install'
[2.801s] Level 1:colcon.colcon_core.package_identification:_identify(.) by extensions ['colcon_pkg']
[2.802s] Level 1:colcon.colcon_core.package_identification:_identify(.) by extension 'colcon_pkg'
[2.803s] Level 1:colcon.colcon_core.package_identification:_identify(.) by extensions ['colcon_meta']
[2.804s] Level 1:colcon.colcon_core.package_identification:_identify(.) by extension 'colcon_meta'
[2.805s] Level 1:colcon.colcon_core.package_identification:_identify(.) by extensions ['ros']
[2.805s] Level 1:colcon.colcon_core.package_identification:_identify(.) by extension 'ros'
[3.089s] Level 1:colcon.colcon_core.package_identification:_identify(.) by extensions ['cmake', 'python']
[3.090s] Level 1:colcon.colcon_core.package_identification:_identify(.) by extension 'cmake'
[3.091s] Level 1:colcon.colcon_core.package_identification:_identify(.) by extension 'python'
[3.092s] Level 1:colcon.colcon_core.package_identification:_identify(.) by extensions ['python_setup_py']
[3.093s] Level 1:colcon.colcon_core.package_identification:_identify(.) by extension 'python_setup_py'
[3.094s] Level 1:colcon.colcon_core.package_identification:_identify(build) by extensions ['ignore', 'ignore_ament_install']
[3.095s] Level 1:colcon.colcon_core.package_identification:_identify(build) by extension 'ignore'
[3.096s] Level 1:colcon.colcon_core.package_identification:_identify(build) ignored
[3.099s] Level 1:colcon.colcon_core.package_identification:_identify(install) by extensions ['ignore', 'ignore_ament_install']
[3.101s] Level 1:colcon.colcon_core.package_identification:_identify(install) by extension 'ignore'
[3.102s] Level 1:colcon.colcon_core.package_identification:_identify(install) ignored
[3.103s] Level 1:colcon.colcon_core.package_identification:_identify(log) by extensions ['ignore', 'ignore_ament_install']
[3.104s] Level 1:colcon.colcon_core.package_identification:_identify(log) by extension 'ignore'
[3.105s] Level 1:colcon.colcon_core.package_identification:_identify(log) ignored
[3.106s] Level 1:colcon.colcon_core.package_identification:_identify(src) by extensions ['ignore', 'ignore_ament_install']
[3.107s] Level 1:colcon.colcon_core.package_identification:_identify(src) by extension 'ignore'
[3.108s] Level 1:colcon.colcon_core.package_identification:_identify(src) by extension 'ignore_ament_install'
[3.109s] Level 1:colcon.colcon_core.package_identification:_identify(src) by extensions ['colcon_pkg']
[3.110s] Level 1:colcon.colcon_core.package_identification:_identify(src) by extension 'colcon_pkg'
[3.111s] Level 1:colcon.colcon_core.package_identification:_identify(src) by extensions ['colcon_meta']
[3.112s] Level 1:colcon.colcon_core.package_identification:_identify(src) by extension 'colcon_meta'
[3.112s] Level 1:colcon.colcon_core.package_identification:_identify(src) by extensions ['ros']
[3.113s] Level 1:colcon.colcon_core.package_identification:_identify(src) by extension 'ros'
[3.114s] Level 1:colcon.colcon_core.package_identification:_identify(src) by extensions ['cmake', 'python']
[3.115s] Level 1:colcon.colcon_core.package_identification:_identify(src) by extension 'cmake'
[3.116s] Level 1:colcon.colcon_core.package_identification:_identify(src) by extension 'python'
[3.117s] Level 1:colcon.colcon_core.package_identification:_identify(src) by extensions ['python_setup_py']
[3.118s] Level 1:colcon.colcon_core.package_identification:_identify(src) by extension 'python_setup_py'
[3.119s] Level 1:colcon.colcon_core.package_identification:_identify(src/motor_controller) by extensions ['ignore', 'ignore_ament_install']
[3.120s] Level 1:colcon.colcon_core.package_identification:_identify(src/motor_controller) by extension 'ignore'
[3.121s] Level 1:colcon.colcon_core.package_identification:_identify(src/motor_controller) by extension 'ignore_ament_install'
[3.122s] Level 1:colcon.colcon_core.package_identification:_identify(src/motor_controller) by extensions ['colcon_pkg']
[3.123s] Level 1:colcon.colcon_core.package_identification:_identify(src/motor_controller) by extension 'colcon_pkg'
[3.124s] Level 1:colcon.colcon_core.package_identification:_identify(src/motor_controller) by extensions ['colcon_meta']
[3.124s] Level 1:colcon.colcon_core.package_identification:_identify(src/motor_controller) by extension 'colcon_meta'
[3.125s] Level 1:colcon.colcon_core.package_identification:_identify(src/motor_controller) by extensions ['ros']
[3.126s] Level 1:colcon.colcon_core.package_identification:_identify(src/motor_controller) by extension 'ros'
[3.144s] DEBUG:colcon.colcon_core.package_identification:Package 'src/motor_controller' with type 'ros.ament_python' and name 'motor_controller'
[3.146s] Level 1:colcon.colcon_core.package_identification:_identify(test_nodes) by extensions ['ignore', 'ignore_ament_install']
[3.147s] Level 1:colcon.colcon_core.package_identification:_identify(test_nodes) by extension 'ignore'
[3.148s] Level 1:colcon.colcon_core.package_identification:_identify(test_nodes) by extension 'ignore_ament_install'
[3.149s] Level 1:colcon.colcon_core.package_identification:_identify(test_nodes) by extensions ['colcon_pkg']
[3.150s] Level 1:colcon.colcon_core.package_identification:_identify(test_nodes) by extension 'colcon_pkg'
[3.150s] Level 1:colcon.colcon_core.package_identification:_identify(test_nodes) by extensions ['colcon_meta']
[3.151s] Level 1:colcon.colcon_core.package_identification:_identify(test_nodes) by extension 'colcon_meta'
[3.152s] Level 1:colcon.colcon_core.package_identification:_identify(test_nodes) by extensions ['ros']
[3.153s] Level 1:colcon.colcon_core.package_identification:_identify(test_nodes) by extension 'ros'
[3.157s] DEBUG:colcon.colcon_core.package_identification:Package 'test_nodes' with type 'ros.ament_python' and name 'test_nodes'
[3.158s] Level 1:colcon.colcon_core.package_discovery:discover_packages(recursive) using defaults
[3.160s] Level 1:colcon.colcon_core.package_discovery:discover_packages(ignore) discover
[3.161s] Level 1:colcon.colcon_core.package_discovery:discover_packages(ignore) using defaults
[3.161s] Level 1:colcon.colcon_core.package_discovery:discover_packages(path) discover
[3.162s] Level 1:colcon.colcon_core.package_discovery:discover_packages(path) using defaults
[3.309s] Level 5:colcon.colcon_core.verb:set package 'motor_controller' build argument 'cmake_args' from command line to 'None'
[3.310s] Level 5:colcon.colcon_core.verb:set package 'motor_controller' build argument 'cmake_target' from command line to 'None'
[3.311s] Level 5:colcon.colcon_core.verb:set package 'motor_controller' build argument 'cmake_target_skip_unavailable' from command line to 'False'
[3.312s] Level 5:colcon.colcon_core.verb:set package 'motor_controller' build argument 'cmake_clean_cache' from command line to 'False'
[3.313s] Level 5:colcon.colcon_core.verb:set package 'motor_controller' build argument 'cmake_clean_first' from command line to 'False'
[3.314s] Level 5:colcon.colcon_core.verb:set package 'motor_controller' build argument 'cmake_force_configure' from command line to 'False'
[3.315s] Level 5:colcon.colcon_core.verb:set package 'motor_controller' build argument 'ament_cmake_args' from command line to 'None'
[3.315s] Level 5:colcon.colcon_core.verb:set package 'motor_controller' build argument 'catkin_cmake_args' from command line to 'None'
[3.316s] Level 5:colcon.colcon_core.verb:set package 'motor_controller' build argument 'catkin_skip_building_tests' from command line to 'False'
[3.317s] DEBUG:colcon.colcon_core.verb:Building package 'motor_controller' with the following arguments: {'ament_cmake_args': None, 'build_base': '/home/alexander/Documents/simplebot2/ros2_workspace/build/motor_controller', 'catkin_cmake_args': None, 'catkin_skip_building_tests': False, 'cmake_args': None, 'cmake_clean_cache': False, 'cmake_clean_first': False, 'cmake_force_configure': False, 'cmake_target': None, 'cmake_target_skip_unavailable': False, 'install_base': '/home/alexander/Documents/simplebot2/ros2_workspace/install/motor_controller', 'merge_install': False, 'path': '/home/alexander/Documents/simplebot2/ros2_workspace/src/motor_controller', 'symlink_install': False, 'test_result_base': None}
[3.322s] Level 5:colcon.colcon_core.verb:set package 'test_nodes' build argument 'cmake_args' from command line to 'None'
[3.323s] Level 5:colcon.colcon_core.verb:set package 'test_nodes' build argument 'cmake_target' from command line to 'None'
[3.323s] Level 5:colcon.colcon_core.verb:set package 'test_nodes' build argument 'cmake_target_skip_unavailable' from command line to 'False'
[3.324s] Level 5:colcon.colcon_core.verb:set package 'test_nodes' build argument 'cmake_clean_cache' from command line to 'False'
[3.325s] Level 5:colcon.colcon_core.verb:set package 'test_nodes' build argument 'cmake_clean_first' from command line to 'False'
[3.326s] Level 5:colcon.colcon_core.verb:set package 'test_nodes' build argument 'cmake_force_configure' from command line to 'False'
[3.327s] Level 5:colcon.colcon_core.verb:set package 'test_nodes' build argument 'ament_cmake_args' from command line to 'None'
[3.328s] Level 5:colcon.colcon_core.verb:set package 'test_nodes' build argument 'catkin_cmake_args' from command line to 'None'
[3.328s] Level 5:colcon.colcon_core.verb:set package 'test_nodes' build argument 'catkin_skip_building_tests' from command line to 'False'
[3.329s] DEBUG:colcon.colcon_core.verb:Building package 'test_nodes' with the following arguments: {'ament_cmake_args': None, 'build_base': '/home/alexander/Documents/simplebot2/ros2_workspace/build/test_nodes', 'catkin_cmake_args': None, 'catkin_skip_building_tests': False, 'cmake_args': None, 'cmake_clean_cache': False, 'cmake_clean_first': False, 'cmake_force_configure': False, 'cmake_target': None, 'cmake_target_skip_unavailable': False, 'install_base': '/home/alexander/Documents/simplebot2/ros2_workspace/install/test_nodes', 'merge_install': False, 'path': '/home/alexander/Documents/simplebot2/ros2_workspace/test_nodes', 'symlink_install': False, 'test_result_base': None}
[3.332s] INFO:colcon.colcon_core.executor:Executing jobs using 'parallel' executor
[3.345s] DEBUG:colcon.colcon_parallel_executor.executor.parallel:run_until_complete
[3.347s] INFO:colcon.colcon_ros.task.ament_python.build:Building ROS package in '/home/alexander/Documents/simplebot2/ros2_workspace/src/motor_controller' with build type 'ament_python'
[3.349s] Level 1:colcon.colcon_core.shell:create_environment_hook('motor_controller', 'ament_prefix_path')
[3.367s] INFO:colcon.colcon_core.plugin_system:Skipping extension 'colcon_core.shell.bat': Not used on non-Windows systems
[3.370s] INFO:colcon.colcon_core.shell:Creating environment hook '/home/alexander/Documents/simplebot2/ros2_workspace/install/motor_controller/share/motor_controller/hook/ament_prefix_path.ps1'
[3.376s] INFO:colcon.colcon_core.shell:Creating environment descriptor '/home/alexander/Documents/simplebot2/ros2_workspace/install/motor_controller/share/motor_controller/hook/ament_prefix_path.dsv'
[3.381s] INFO:colcon.colcon_core.shell:Creating environment hook '/home/alexander/Documents/simplebot2/ros2_workspace/install/motor_controller/share/motor_controller/hook/ament_prefix_path.sh'
[3.388s] INFO:colcon.colcon_core.shell:Skip shell extension 'powershell' for command environment: Not usable outside of PowerShell
[3.388s] DEBUG:colcon.colcon_core.shell:Skip shell extension 'dsv' for command environment
[3.478s] INFO:colcon.colcon_ros.task.ament_python.build:Building ROS package in '/home/alexander/Documents/simplebot2/ros2_workspace/test_nodes' with build type 'ament_python'
[3.486s] Level 1:colcon.colcon_core.shell:create_environment_hook('test_nodes', 'ament_prefix_path')
[3.489s] INFO:colcon.colcon_core.shell:Creating environment hook '/home/alexander/Documents/simplebot2/ros2_workspace/install/test_nodes/share/test_nodes/hook/ament_prefix_path.ps1'
[3.494s] INFO:colcon.colcon_core.shell:Creating environment descriptor '/home/alexander/Documents/simplebot2/ros2_workspace/install/test_nodes/share/test_nodes/hook/ament_prefix_path.dsv'
[3.497s] INFO:colcon.colcon_core.shell:Creating environment hook '/home/alexander/Documents/simplebot2/ros2_workspace/install/test_nodes/share/test_nodes/hook/ament_prefix_path.sh'
[3.502s] INFO:colcon.colcon_core.shell:Skip shell extension 'powershell' for command environment: Not usable outside of PowerShell
[3.503s] DEBUG:colcon.colcon_core.shell:Skip shell extension 'dsv' for command environment
[5.747s] INFO:colcon.colcon_core.task.python.build:Building Python package in '/home/alexander/Documents/simplebot2/ros2_workspace/src/motor_controller'
[5.750s] INFO:colcon.colcon_core.shell:Skip shell extension 'powershell' for command environment: Not usable outside of PowerShell
[5.751s] DEBUG:colcon.colcon_core.shell:Skip shell extension 'dsv' for command environment
[7.980s] INFO:colcon.colcon_core.task.python.build:Building Python package in '/home/alexander/Documents/simplebot2/ros2_workspace/test_nodes'
[7.983s] INFO:colcon.colcon_core.shell:Skip shell extension 'powershell' for command environment: Not usable outside of PowerShell
[7.983s] DEBUG:colcon.colcon_core.shell:Skip shell extension 'dsv' for command environment
[12.152s] DEBUG:colcon.colcon_core.event_handler.log_command:Invoking command in '/home/alexander/Documents/simplebot2/ros2_workspace/src/motor_controller': PYTHONPATH=/home/alexander/Documents/simplebot2/ros2_workspace/build/motor_controller/prefix_override:/home/alexander/Documents/simplebot2/ros2_workspace/install/motor_controller/lib/python3.6/site-packages:${PYTHONPATH} /usr/bin/python3 setup.py egg_info --egg-base ../../build/motor_controller build --build-base /home/alexander/Documents/simplebot2/ros2_workspace/build/motor_controller/build install --record /home/alexander/Documents/simplebot2/ros2_workspace/build/motor_controller/install.log --single-version-externally-managed
[12.262s] DEBUG:colcon.colcon_core.event_handler.log_command:Invoking command in '/home/alexander/Documents/simplebot2/ros2_workspace/test_nodes': PYTHONPATH=/home/alexander/Documents/simplebot2/ros2_workspace/build/test_nodes/prefix_override:/home/alexander/Documents/simplebot2/ros2_workspace/install/test_nodes/lib/python3.6/site-packages:${PYTHONPATH} /usr/bin/python3 setup.py egg_info --egg-base ../build/test_nodes build --build-base /home/alexander/Documents/simplebot2/ros2_workspace/build/test_nodes/build install --record /home/alexander/Documents/simplebot2/ros2_workspace/build/test_nodes/install.log --single-version-externally-managed
[16.261s] DEBUG:colcon.colcon_core.event_handler.log_command:Invoked command in '/home/alexander/Documents/simplebot2/ros2_workspace/test_nodes' returned '0': PYTHONPATH=/home/alexander/Documents/simplebot2/ros2_workspace/build/test_nodes/prefix_override:/home/alexander/Documents/simplebot2/ros2_workspace/install/test_nodes/lib/python3.6/site-packages:${PYTHONPATH} /usr/bin/python3 setup.py egg_info --egg-base ../build/test_nodes build --build-base /home/alexander/Documents/simplebot2/ros2_workspace/build/test_nodes/build install --record /home/alexander/Documents/simplebot2/ros2_workspace/build/test_nodes/install.log --single-version-externally-managed
[16.316s] Level 1:colcon.colcon_core.environment:checking '/home/alexander/Documents/simplebot2/ros2_workspace/install/test_nodes' for CMake module files
[16.330s] Level 1:colcon.colcon_core.environment:checking '/home/alexander/Documents/simplebot2/ros2_workspace/install/test_nodes' for CMake config files
[16.347s] Level 1:colcon.colcon_core.environment:checking '/home/alexander/Documents/simplebot2/ros2_workspace/install/test_nodes/lib'
[16.357s] Level 1:colcon.colcon_core.environment:checking '/home/alexander/Documents/simplebot2/ros2_workspace/install/test_nodes/bin'
[16.359s] Level 1:colcon.colcon_core.environment:checking '/home/alexander/Documents/simplebot2/ros2_workspace/install/test_nodes/lib/pkgconfig/test_nodes.pc'
[16.362s] Level 1:colcon.colcon_core.environment:checking '/home/alexander/Documents/simplebot2/ros2_workspace/install/test_nodes/lib/python3.6/site-packages'
[16.363s] Level 1:colcon.colcon_core.shell:create_environment_hook('test_nodes', 'pythonpath')
[16.367s] INFO:colcon.colcon_core.shell:Creating environment hook '/home/alexander/Documents/simplebot2/ros2_workspace/install/test_nodes/share/test_nodes/hook/pythonpath.ps1'
[16.384s] INFO:colcon.colcon_core.shell:Creating environment descriptor '/home/alexander/Documents/simplebot2/ros2_workspace/install/test_nodes/share/test_nodes/hook/pythonpath.dsv'
[16.394s] INFO:colcon.colcon_core.shell:Creating environment hook '/home/alexander/Documents/simplebot2/ros2_workspace/install/test_nodes/share/test_nodes/hook/pythonpath.sh'
[16.412s] Level 1:colcon.colcon_core.environment:checking '/home/alexander/Documents/simplebot2/ros2_workspace/install/test_nodes/bin'
[16.413s] Level 1:colcon.colcon_core.environment:create_environment_scripts_only(test_nodes)
[16.418s] INFO:colcon.colcon_core.shell:Creating package script '/home/alexander/Documents/simplebot2/ros2_workspace/install/test_nodes/share/test_nodes/package.ps1'
[16.438s] INFO:colcon.colcon_core.shell:Creating package descriptor '/home/alexander/Documents/simplebot2/ros2_workspace/install/test_nodes/share/test_nodes/package.dsv'
[16.447s] INFO:colcon.colcon_core.shell:Creating package script '/home/alexander/Documents/simplebot2/ros2_workspace/install/test_nodes/share/test_nodes/package.sh'
[16.457s] INFO:colcon.colcon_core.shell:Creating package script '/home/alexander/Documents/simplebot2/ros2_workspace/install/test_nodes/share/test_nodes/package.bash'
[16.468s] INFO:colcon.colcon_core.shell:Creating package script '/home/alexander/Documents/simplebot2/ros2_workspace/install/test_nodes/share/test_nodes/package.zsh'
[16.482s] Level 1:colcon.colcon_core.environment:create_file_with_runtime_dependencies(/home/alexander/Documents/simplebot2/ros2_workspace/install/test_nodes/share/colcon-core/packages/test_nodes)
[16.506s] Level 1:colcon.colcon_core.environment:checking '/home/alexander/Documents/simplebot2/ros2_workspace/install/motor_controller' for CMake module files
[16.512s] DEBUG:colcon.colcon_core.event_handler.log_command:Invoked command in '/home/alexander/Documents/simplebot2/ros2_workspace/src/motor_controller' returned '0': PYTHONPATH=/home/alexander/Documents/simplebot2/ros2_workspace/build/motor_controller/prefix_override:/home/alexander/Documents/simplebot2/ros2_workspace/install/motor_controller/lib/python3.6/site-packages:${PYTHONPATH} /usr/bin/python3 setup.py egg_info --egg-base ../../build/motor_controller build --build-base /home/alexander/Documents/simplebot2/ros2_workspace/build/motor_controller/build install --record /home/alexander/Documents/simplebot2/ros2_workspace/build/motor_controller/install.log --single-version-externally-managed
[16.519s] Level 1:colcon.colcon_core.environment:checking '/home/alexander/Documents/simplebot2/ros2_workspace/install/motor_controller' for CMake config files
[16.526s] Level 1:colcon.colcon_core.environment:checking '/home/alexander/Documents/simplebot2/ros2_workspace/install/motor_controller/lib'
[16.528s] Level 1:colcon.colcon_core.environment:checking '/home/alexander/Documents/simplebot2/ros2_workspace/install/motor_controller/bin'
[16.530s] Level 1:colcon.colcon_core.environment:checking '/home/alexander/Documents/simplebot2/ros2_workspace/install/motor_controller/lib/pkgconfig/motor_controller.pc'
[16.532s] Level 1:colcon.colcon_core.environment:checking '/home/alexander/Documents/simplebot2/ros2_workspace/install/motor_controller/lib/python3.6/site-packages'
[16.534s] Level 1:colcon.colcon_core.shell:create_environment_hook('motor_controller', 'pythonpath')
[16.537s] INFO:colcon.colcon_core.shell:Creating environment hook '/home/alexander/Documents/simplebot2/ros2_workspace/install/motor_controller/share/motor_controller/hook/pythonpath.ps1'
[16.545s] INFO:colcon.colcon_core.shell:Creating environment descriptor '/home/alexander/Documents/simplebot2/ros2_workspace/install/motor_controller/share/motor_controller/hook/pythonpath.dsv'
[16.551s] INFO:colcon.colcon_core.shell:Creating environment hook '/home/alexander/Documents/simplebot2/ros2_workspace/install/motor_controller/share/motor_controller/hook/pythonpath.sh'
[16.558s] Level 1:colcon.colcon_core.environment:checking '/home/alexander/Documents/simplebot2/ros2_workspace/install/motor_controller/bin'
[16.560s] Level 1:colcon.colcon_core.environment:create_environment_scripts_only(motor_controller)
[16.565s] INFO:colcon.colcon_core.shell:Creating package script '/home/alexander/Documents/simplebot2/ros2_workspace/install/motor_controller/share/motor_controller/package.ps1'
[16.572s] INFO:colcon.colcon_core.shell:Creating package descriptor '/home/alexander/Documents/simplebot2/ros2_workspace/install/motor_controller/share/motor_controller/package.dsv'
[16.582s] INFO:colcon.colcon_core.shell:Creating package script '/home/alexander/Documents/simplebot2/ros2_workspace/install/motor_controller/share/motor_controller/package.sh'
[16.592s] INFO:colcon.colcon_core.shell:Creating package script '/home/alexander/Documents/simplebot2/ros2_workspace/install/motor_controller/share/motor_controller/package.bash'
[16.598s] INFO:colcon.colcon_core.shell:Creating package script '/home/alexander/Documents/simplebot2/ros2_workspace/install/motor_controller/share/motor_controller/package.zsh'
[16.604s] Level 1:colcon.colcon_core.environment:create_file_with_runtime_dependencies(/home/alexander/Documents/simplebot2/ros2_workspace/install/motor_controller/share/colcon-core/packages/motor_controller)
[16.620s] DEBUG:colcon.colcon_parallel_executor.executor.parallel:closing loop
[16.624s] DEBUG:colcon.colcon_parallel_executor.executor.parallel:loop closed
[16.626s] DEBUG:colcon.colcon_parallel_executor.executor.parallel:run_until_complete finished with '0'
[16.627s] DEBUG:colcon.colcon_core.event_reactor:joining thread
[16.668s] INFO:colcon.colcon_core.plugin_system:Skipping extension 'colcon_notification.desktop_notification.notify_send': Could not find 'notify-send'
[16.670s] INFO:colcon.colcon_core.plugin_system:Skipping extension 'colcon_notification.desktop_notification.terminal_notifier': Not used on non-Darwin systems
[16.672s] INFO:colcon.colcon_core.plugin_system:Skipping extension 'colcon_notification.desktop_notification.win32': Not used on non-Windows systems
[16.673s] INFO:colcon.colcon_notification.desktop_notification:Sending desktop notification using 'notify2'
[16.675s] DEBUG:colcon.colcon_notification.desktop_notification.notify2:Failed to initialize notify2: org.freedesktop.DBus.Error.NotSupported: Unable to autolaunch a dbus-daemon without a $DISPLAY for X11
[16.677s] DEBUG:colcon.colcon_core.event_reactor:joined thread
[16.680s] INFO:colcon.colcon_core.shell:Creating prefix script '/home/alexander/Documents/simplebot2/ros2_workspace/install/local_setup.ps1'
[16.693s] INFO:colcon.colcon_core.shell:Creating prefix util module '/home/alexander/Documents/simplebot2/ros2_workspace/install/_local_setup_util_ps1.py'
[16.714s] INFO:colcon.colcon_core.shell:Creating prefix chain script '/home/alexander/Documents/simplebot2/ros2_workspace/install/setup.ps1'
[16.728s] INFO:colcon.colcon_core.shell:Creating prefix script '/home/alexander/Documents/simplebot2/ros2_workspace/install/local_setup.sh'
[16.736s] INFO:colcon.colcon_core.shell:Creating prefix util module '/home/alexander/Documents/simplebot2/ros2_workspace/install/_local_setup_util_sh.py'
[16.743s] INFO:colcon.colcon_core.shell:Creating prefix chain script '/home/alexander/Documents/simplebot2/ros2_workspace/install/setup.sh'
[16.760s] INFO:colcon.colcon_core.shell:Creating prefix script '/home/alexander/Documents/simplebot2/ros2_workspace/install/local_setup.bash'
[16.767s] INFO:colcon.colcon_core.shell:Creating prefix chain script '/home/alexander/Documents/simplebot2/ros2_workspace/install/setup.bash'
[16.780s] INFO:colcon.colcon_core.shell:Creating prefix script '/home/alexander/Documents/simplebot2/ros2_workspace/install/local_setup.zsh'
[16.792s] INFO:colcon.colcon_core.shell:Creating prefix chain script '/home/alexander/Documents/simplebot2/ros2_workspace/install/setup.zsh'
