[30.687s] DEBUG:colcon:Command line arguments: ['/usr/bin/colcon', 'build']
[30.687s] DEBUG:colcon:Parsed command line arguments: Namespace(log_base=None, log_level=None, verb_name='build', build_base='build', install_base='install', merge_install=False, symlink_install=False, test_result_base=None, continue_on_error=False, executor='parallel', parallel_workers=4, event_handlers=None, ignore_user_meta=False, metas=['./colcon.meta'], base_paths=['.'], packages_ignore=None, packages_ignore_regex=None, paths=None, packages_up_to=None, packages_up_to_regex=None, packages_above=None, packages_above_and_dependencies=None, packages_above_depth=None, packages_select_by_dep=None, packages_skip_by_dep=None, packages_skip_up_to=None, packages_select_build_failed=False, packages_skip_build_finished=False, packages_select_test_failures=False, packages_skip_test_passed=False, packages_select=None, packages_skip=None, packages_select_regex=None, packages_skip_regex=None, packages_start=None, packages_end=None, cmake_args=None, cmake_target=None, cmake_target_skip_unavailable=False, cmake_clean_cache=False, cmake_clean_first=False, cmake_force_configure=False, ament_cmake_args=None, catkin_cmake_args=None, catkin_skip_building_tests=False, verb_parser=<colcon_defaults.argument_parser.defaults.DefaultArgumentsDecorator object at 0x7fa5d7e950>, verb_extension=<colcon_core.verb.build.BuildVerb object at 0x7fa5d7e680>, main=<bound method BuildVerb.main of <colcon_core.verb.build.BuildVerb object at 0x7fa5d7e680>>)
[30.952s] Level 1:colcon.colcon_core.package_discovery:discover_packages(colcon_meta) check parameters
[30.953s] Level 1:colcon.colcon_core.package_discovery:discover_packages(recursive) check parameters
[30.953s] Level 1:colcon.colcon_core.package_discovery:discover_packages(ignore) check parameters
[30.953s] Level 1:colcon.colcon_core.package_discovery:discover_packages(path) check parameters
[30.954s] Level 1:colcon.colcon_core.package_discovery:discover_packages(colcon_meta) discover
[30.954s] Level 1:colcon.colcon_core.package_discovery:discover_packages(recursive) discover
[30.954s] INFO:colcon.colcon_core.package_discovery:Crawling recursively for packages in '/home/alexander/simplebot2/ros2_workspace/src'
[30.954s] Level 1:colcon.colcon_core.package_identification:_identify(.) by extensions ['ignore', 'ignore_ament_install']
[30.955s] Level 1:colcon.colcon_core.package_identification:_identify(.) by extension 'ignore'
[30.955s] Level 1:colcon.colcon_core.package_identification:_identify(.) by extension 'ignore_ament_install'
[30.955s] Level 1:colcon.colcon_core.package_identification:_identify(.) by extensions ['colcon_pkg']
[30.956s] Level 1:colcon.colcon_core.package_identification:_identify(.) by extension 'colcon_pkg'
[30.956s] Level 1:colcon.colcon_core.package_identification:_identify(.) by extensions ['colcon_meta']
[30.956s] Level 1:colcon.colcon_core.package_identification:_identify(.) by extension 'colcon_meta'
[30.956s] Level 1:colcon.colcon_core.package_identification:_identify(.) by extensions ['ros']
[30.956s] Level 1:colcon.colcon_core.package_identification:_identify(.) by extension 'ros'
[31.023s] Level 1:colcon.colcon_core.package_identification:_identify(.) by extensions ['cmake', 'python']
[31.024s] Level 1:colcon.colcon_core.package_identification:_identify(.) by extension 'cmake'
[31.024s] Level 1:colcon.colcon_core.package_identification:_identify(.) by extension 'python'
[31.024s] Level 1:colcon.colcon_core.package_identification:_identify(.) by extensions ['python_setup_py']
[31.024s] Level 1:colcon.colcon_core.package_identification:_identify(.) by extension 'python_setup_py'
[31.025s] Level 1:colcon.colcon_core.package_identification:_identify(build) by extensions ['ignore', 'ignore_ament_install']
[31.025s] Level 1:colcon.colcon_core.package_identification:_identify(build) by extension 'ignore'
[31.025s] Level 1:colcon.colcon_core.package_identification:_identify(build) ignored
[31.026s] Level 1:colcon.colcon_core.package_identification:_identify(ds4_driver) by extensions ['ignore', 'ignore_ament_install']
[31.026s] Level 1:colcon.colcon_core.package_identification:_identify(ds4_driver) by extension 'ignore'
[31.026s] Level 1:colcon.colcon_core.package_identification:_identify(ds4_driver) by extension 'ignore_ament_install'
[31.027s] Level 1:colcon.colcon_core.package_identification:_identify(ds4_driver) by extensions ['colcon_pkg']
[31.027s] Level 1:colcon.colcon_core.package_identification:_identify(ds4_driver) by extension 'colcon_pkg'
[31.027s] Level 1:colcon.colcon_core.package_identification:_identify(ds4_driver) by extensions ['colcon_meta']
[31.027s] Level 1:colcon.colcon_core.package_identification:_identify(ds4_driver) by extension 'colcon_meta'
[31.027s] Level 1:colcon.colcon_core.package_identification:_identify(ds4_driver) by extensions ['ros']
[31.028s] Level 1:colcon.colcon_core.package_identification:_identify(ds4_driver) by extension 'ros'
[31.028s] Level 1:colcon.colcon_core.package_identification:_identify(ds4_driver) by extensions ['cmake', 'python']
[31.028s] Level 1:colcon.colcon_core.package_identification:_identify(ds4_driver) by extension 'cmake'
[31.028s] Level 1:colcon.colcon_core.package_identification:_identify(ds4_driver) by extension 'python'
[31.029s] Level 1:colcon.colcon_core.package_identification:_identify(ds4_driver) by extensions ['python_setup_py']
[31.029s] Level 1:colcon.colcon_core.package_identification:_identify(ds4_driver) by extension 'python_setup_py'
[31.029s] Level 1:colcon.colcon_core.package_identification:_identify(install) by extensions ['ignore', 'ignore_ament_install']
[31.030s] Level 1:colcon.colcon_core.package_identification:_identify(install) by extension 'ignore'
[31.030s] Level 1:colcon.colcon_core.package_identification:_identify(install) ignored
[31.030s] Level 1:colcon.colcon_core.package_identification:_identify(joystick_ros2) by extensions ['ignore', 'ignore_ament_install']
[31.030s] Level 1:colcon.colcon_core.package_identification:_identify(joystick_ros2) by extension 'ignore'
[31.031s] Level 1:colcon.colcon_core.package_identification:_identify(joystick_ros2) by extension 'ignore_ament_install'
[31.031s] Level 1:colcon.colcon_core.package_identification:_identify(joystick_ros2) by extensions ['colcon_pkg']
[31.031s] Level 1:colcon.colcon_core.package_identification:_identify(joystick_ros2) by extension 'colcon_pkg'
[31.031s] Level 1:colcon.colcon_core.package_identification:_identify(joystick_ros2) by extensions ['colcon_meta']
[31.031s] Level 1:colcon.colcon_core.package_identification:_identify(joystick_ros2) by extension 'colcon_meta'
[31.032s] Level 1:colcon.colcon_core.package_identification:_identify(joystick_ros2) by extensions ['ros']
[31.032s] Level 1:colcon.colcon_core.package_identification:_identify(joystick_ros2) by extension 'ros'
[31.032s] Level 1:colcon.colcon_core.package_identification:_identify(joystick_ros2) by extensions ['cmake', 'python']
[31.032s] Level 1:colcon.colcon_core.package_identification:_identify(joystick_ros2) by extension 'cmake'
[31.032s] Level 1:colcon.colcon_core.package_identification:_identify(joystick_ros2) by extension 'python'
[31.033s] Level 1:colcon.colcon_core.package_identification:_identify(joystick_ros2) by extensions ['python_setup_py']
[31.033s] Level 1:colcon.colcon_core.package_identification:_identify(joystick_ros2) by extension 'python_setup_py'
[31.033s] Level 1:colcon.colcon_core.package_identification:_identify(log) by extensions ['ignore', 'ignore_ament_install']
[31.034s] Level 1:colcon.colcon_core.package_identification:_identify(log) by extension 'ignore'
[31.034s] Level 1:colcon.colcon_core.package_identification:_identify(log) ignored
[31.034s] Level 1:colcon.colcon_core.package_identification:_identify(motor_controller) by extensions ['ignore', 'ignore_ament_install']
[31.034s] Level 1:colcon.colcon_core.package_identification:_identify(motor_controller) by extension 'ignore'
[31.035s] Level 1:colcon.colcon_core.package_identification:_identify(motor_controller) by extension 'ignore_ament_install'
[31.035s] Level 1:colcon.colcon_core.package_identification:_identify(motor_controller) by extensions ['colcon_pkg']
[31.035s] Level 1:colcon.colcon_core.package_identification:_identify(motor_controller) by extension 'colcon_pkg'
[31.035s] Level 1:colcon.colcon_core.package_identification:_identify(motor_controller) by extensions ['colcon_meta']
[31.035s] Level 1:colcon.colcon_core.package_identification:_identify(motor_controller) by extension 'colcon_meta'
[31.036s] Level 1:colcon.colcon_core.package_identification:_identify(motor_controller) by extensions ['ros']
[31.036s] Level 1:colcon.colcon_core.package_identification:_identify(motor_controller) by extension 'ros'
[31.051s] DEBUG:colcon.colcon_core.package_identification:Package 'motor_controller' with type 'ros.ament_python' and name 'motor_controller'
[31.052s] Level 1:colcon.colcon_core.package_identification:_identify(ros2-camera-node) by extensions ['ignore', 'ignore_ament_install']
[31.052s] Level 1:colcon.colcon_core.package_identification:_identify(ros2-camera-node) by extension 'ignore'
[31.052s] Level 1:colcon.colcon_core.package_identification:_identify(ros2-camera-node) by extension 'ignore_ament_install'
[31.053s] Level 1:colcon.colcon_core.package_identification:_identify(ros2-camera-node) by extensions ['colcon_pkg']
[31.053s] Level 1:colcon.colcon_core.package_identification:_identify(ros2-camera-node) by extension 'colcon_pkg'
[31.053s] Level 1:colcon.colcon_core.package_identification:_identify(ros2-camera-node) by extensions ['colcon_meta']
[31.053s] Level 1:colcon.colcon_core.package_identification:_identify(ros2-camera-node) by extension 'colcon_meta'
[31.053s] Level 1:colcon.colcon_core.package_identification:_identify(ros2-camera-node) by extensions ['ros']
[31.054s] Level 1:colcon.colcon_core.package_identification:_identify(ros2-camera-node) by extension 'ros'
[31.057s] DEBUG:colcon.colcon_core.package_identification:Package 'ros2-camera-node' with type 'ros.ament_cmake' and name 'camera_node'
[31.058s] Level 1:colcon.colcon_core.package_identification:_identify(test_nodes) by extensions ['ignore', 'ignore_ament_install']
[31.058s] Level 1:colcon.colcon_core.package_identification:_identify(test_nodes) by extension 'ignore'
[31.059s] Level 1:colcon.colcon_core.package_identification:_identify(test_nodes) by extension 'ignore_ament_install'
[31.059s] Level 1:colcon.colcon_core.package_identification:_identify(test_nodes) by extensions ['colcon_pkg']
[31.059s] Level 1:colcon.colcon_core.package_identification:_identify(test_nodes) by extension 'colcon_pkg'
[31.059s] Level 1:colcon.colcon_core.package_identification:_identify(test_nodes) by extensions ['colcon_meta']
[31.059s] Level 1:colcon.colcon_core.package_identification:_identify(test_nodes) by extension 'colcon_meta'
[31.060s] Level 1:colcon.colcon_core.package_identification:_identify(test_nodes) by extensions ['ros']
[31.060s] Level 1:colcon.colcon_core.package_identification:_identify(test_nodes) by extension 'ros'
[31.062s] DEBUG:colcon.colcon_core.package_identification:Package 'test_nodes' with type 'ros.ament_python' and name 'test_nodes'
[31.063s] Level 1:colcon.colcon_core.package_discovery:discover_packages(recursive) using defaults
[31.063s] Level 1:colcon.colcon_core.package_discovery:discover_packages(ignore) discover
[31.063s] Level 1:colcon.colcon_core.package_discovery:discover_packages(ignore) using defaults
[31.063s] Level 1:colcon.colcon_core.package_discovery:discover_packages(path) discover
[31.063s] Level 1:colcon.colcon_core.package_discovery:discover_packages(path) using defaults
[31.437s] Level 5:colcon.colcon_core.verb:set package 'camera_node' build argument 'cmake_args' from command line to 'None'
[31.437s] Level 5:colcon.colcon_core.verb:set package 'camera_node' build argument 'cmake_target' from command line to 'None'
[31.437s] Level 5:colcon.colcon_core.verb:set package 'camera_node' build argument 'cmake_target_skip_unavailable' from command line to 'False'
[31.437s] Level 5:colcon.colcon_core.verb:set package 'camera_node' build argument 'cmake_clean_cache' from command line to 'False'
[31.438s] Level 5:colcon.colcon_core.verb:set package 'camera_node' build argument 'cmake_clean_first' from command line to 'False'
[31.438s] Level 5:colcon.colcon_core.verb:set package 'camera_node' build argument 'cmake_force_configure' from command line to 'False'
[31.438s] Level 5:colcon.colcon_core.verb:set package 'camera_node' build argument 'ament_cmake_args' from command line to 'None'
[31.438s] Level 5:colcon.colcon_core.verb:set package 'camera_node' build argument 'catkin_cmake_args' from command line to 'None'
[31.438s] Level 5:colcon.colcon_core.verb:set package 'camera_node' build argument 'catkin_skip_building_tests' from command line to 'False'
[31.438s] DEBUG:colcon.colcon_core.verb:Building package 'camera_node' with the following arguments: {'ament_cmake_args': None, 'build_base': '/home/alexander/simplebot2/ros2_workspace/src/build/camera_node', 'catkin_cmake_args': None, 'catkin_skip_building_tests': False, 'cmake_args': None, 'cmake_clean_cache': False, 'cmake_clean_first': False, 'cmake_force_configure': False, 'cmake_target': None, 'cmake_target_skip_unavailable': False, 'install_base': '/home/alexander/simplebot2/ros2_workspace/src/install/camera_node', 'merge_install': False, 'path': '/home/alexander/simplebot2/ros2_workspace/src/ros2-camera-node', 'symlink_install': False, 'test_result_base': None}
[31.496s] Level 5:colcon.colcon_core.verb:set package 'motor_controller' build argument 'cmake_args' from command line to 'None'
[31.496s] Level 5:colcon.colcon_core.verb:set package 'motor_controller' build argument 'cmake_target' from command line to 'None'
[31.497s] Level 5:colcon.colcon_core.verb:set package 'motor_controller' build argument 'cmake_target_skip_unavailable' from command line to 'False'
[31.497s] Level 5:colcon.colcon_core.verb:set package 'motor_controller' build argument 'cmake_clean_cache' from command line to 'False'
[31.497s] Level 5:colcon.colcon_core.verb:set package 'motor_controller' build argument 'cmake_clean_first' from command line to 'False'
[31.497s] Level 5:colcon.colcon_core.verb:set package 'motor_controller' build argument 'cmake_force_configure' from command line to 'False'
[31.497s] Level 5:colcon.colcon_core.verb:set package 'motor_controller' build argument 'ament_cmake_args' from command line to 'None'
[31.497s] Level 5:colcon.colcon_core.verb:set package 'motor_controller' build argument 'catkin_cmake_args' from command line to 'None'
[31.498s] Level 5:colcon.colcon_core.verb:set package 'motor_controller' build argument 'catkin_skip_building_tests' from command line to 'False'
[31.498s] DEBUG:colcon.colcon_core.verb:Building package 'motor_controller' with the following arguments: {'ament_cmake_args': None, 'build_base': '/home/alexander/simplebot2/ros2_workspace/src/build/motor_controller', 'catkin_cmake_args': None, 'catkin_skip_building_tests': False, 'cmake_args': None, 'cmake_clean_cache': False, 'cmake_clean_first': False, 'cmake_force_configure': False, 'cmake_target': None, 'cmake_target_skip_unavailable': False, 'install_base': '/home/alexander/simplebot2/ros2_workspace/src/install/motor_controller', 'merge_install': False, 'path': '/home/alexander/simplebot2/ros2_workspace/src/motor_controller', 'symlink_install': False, 'test_result_base': None}
[31.558s] Level 5:colcon.colcon_core.verb:set package 'test_nodes' build argument 'cmake_args' from command line to 'None'
[31.558s] Level 5:colcon.colcon_core.verb:set package 'test_nodes' build argument 'cmake_target' from command line to 'None'
[31.558s] Level 5:colcon.colcon_core.verb:set package 'test_nodes' build argument 'cmake_target_skip_unavailable' from command line to 'False'
[31.558s] Level 5:colcon.colcon_core.verb:set package 'test_nodes' build argument 'cmake_clean_cache' from command line to 'False'
[31.558s] Level 5:colcon.colcon_core.verb:set package 'test_nodes' build argument 'cmake_clean_first' from command line to 'False'
[31.558s] Level 5:colcon.colcon_core.verb:set package 'test_nodes' build argument 'cmake_force_configure' from command line to 'False'
[31.558s] Level 5:colcon.colcon_core.verb:set package 'test_nodes' build argument 'ament_cmake_args' from command line to 'None'
[31.559s] Level 5:colcon.colcon_core.verb:set package 'test_nodes' build argument 'catkin_cmake_args' from command line to 'None'
[31.559s] Level 5:colcon.colcon_core.verb:set package 'test_nodes' build argument 'catkin_skip_building_tests' from command line to 'False'
[31.559s] DEBUG:colcon.colcon_core.verb:Building package 'test_nodes' with the following arguments: {'ament_cmake_args': None, 'build_base': '/home/alexander/simplebot2/ros2_workspace/src/build/test_nodes', 'catkin_cmake_args': None, 'catkin_skip_building_tests': False, 'cmake_args': None, 'cmake_clean_cache': False, 'cmake_clean_first': False, 'cmake_force_configure': False, 'cmake_target': None, 'cmake_target_skip_unavailable': False, 'install_base': '/home/alexander/simplebot2/ros2_workspace/src/install/test_nodes', 'merge_install': False, 'path': '/home/alexander/simplebot2/ros2_workspace/src/test_nodes', 'symlink_install': False, 'test_result_base': None}
[31.615s] INFO:colcon.colcon_core.executor:Executing jobs using 'parallel' executor
[31.672s] DEBUG:colcon.colcon_parallel_executor.executor.parallel:run_until_complete
[31.673s] INFO:colcon.colcon_ros.task.ament_cmake.build:Building ROS package in '/home/alexander/simplebot2/ros2_workspace/src/ros2-camera-node' with build type 'ament_cmake'
[31.674s] INFO:colcon.colcon_cmake.task.cmake.build:Building CMake package in '/home/alexander/simplebot2/ros2_workspace/src/ros2-camera-node'
[31.752s] INFO:colcon.colcon_core.plugin_system:Skipping extension 'colcon_core.shell.bat': Not used on non-Windows systems
[31.752s] INFO:colcon.colcon_core.shell:Skip shell extension 'powershell' for command environment: Not usable outside of PowerShell
[31.753s] DEBUG:colcon.colcon_core.shell:Skip shell extension 'dsv' for command environment
[31.915s] INFO:colcon.colcon_ros.task.ament_python.build:Building ROS package in '/home/alexander/simplebot2/ros2_workspace/src/motor_controller' with build type 'ament_python'
[31.916s] Level 1:colcon.colcon_core.shell:create_environment_hook('motor_controller', 'ament_prefix_path')
[31.976s] INFO:colcon.colcon_core.shell:Creating environment hook '/home/alexander/simplebot2/ros2_workspace/src/install/motor_controller/share/motor_controller/hook/ament_prefix_path.ps1'
[31.981s] INFO:colcon.colcon_core.shell:Creating environment descriptor '/home/alexander/simplebot2/ros2_workspace/src/install/motor_controller/share/motor_controller/hook/ament_prefix_path.dsv'
[31.984s] INFO:colcon.colcon_core.shell:Creating environment hook '/home/alexander/simplebot2/ros2_workspace/src/install/motor_controller/share/motor_controller/hook/ament_prefix_path.sh'
[32.050s] INFO:colcon.colcon_core.shell:Skip shell extension 'powershell' for command environment: Not usable outside of PowerShell
[32.050s] DEBUG:colcon.colcon_core.shell:Skip shell extension 'dsv' for command environment
[32.196s] INFO:colcon.colcon_ros.task.ament_python.build:Building ROS package in '/home/alexander/simplebot2/ros2_workspace/src/test_nodes' with build type 'ament_python'
[32.197s] Level 1:colcon.colcon_core.shell:create_environment_hook('test_nodes', 'ament_prefix_path')
[32.256s] INFO:colcon.colcon_core.shell:Creating environment hook '/home/alexander/simplebot2/ros2_workspace/src/install/test_nodes/share/test_nodes/hook/ament_prefix_path.ps1'
[32.258s] INFO:colcon.colcon_core.shell:Creating environment descriptor '/home/alexander/simplebot2/ros2_workspace/src/install/test_nodes/share/test_nodes/hook/ament_prefix_path.dsv'
[32.259s] INFO:colcon.colcon_core.shell:Creating environment hook '/home/alexander/simplebot2/ros2_workspace/src/install/test_nodes/share/test_nodes/hook/ament_prefix_path.sh'
[32.320s] INFO:colcon.colcon_core.shell:Skip shell extension 'powershell' for command environment: Not usable outside of PowerShell
[32.320s] DEBUG:colcon.colcon_core.shell:Skip shell extension 'dsv' for command environment
[32.477s] DEBUG:colcon.colcon_core.event_handler.log_command:Invoking command in '/home/alexander/simplebot2/ros2_workspace/src/build/camera_node': /usr/local/bin/cmake /home/alexander/simplebot2/ros2_workspace/src/ros2-camera-node -DCMAKE_INSTALL_PREFIX=/home/alexander/simplebot2/ros2_workspace/src/install/camera_node
[33.904s] INFO:colcon.colcon_core.task.python.build:Building Python package in '/home/alexander/simplebot2/ros2_workspace/src/motor_controller'
[33.974s] INFO:colcon.colcon_core.shell:Skip shell extension 'powershell' for command environment: Not usable outside of PowerShell
[33.974s] DEBUG:colcon.colcon_core.shell:Skip shell extension 'dsv' for command environment
[35.420s] INFO:colcon.colcon_core.task.python.build:Building Python package in '/home/alexander/simplebot2/ros2_workspace/src/test_nodes'
[35.486s] INFO:colcon.colcon_core.shell:Skip shell extension 'powershell' for command environment: Not usable outside of PowerShell
[35.486s] DEBUG:colcon.colcon_core.shell:Skip shell extension 'dsv' for command environment
[38.425s] DEBUG:colcon.colcon_core.event_handler.log_command:Invoking command in '/home/alexander/simplebot2/ros2_workspace/src/motor_controller': PYTHONPATH=/home/alexander/simplebot2/ros2_workspace/src/build/motor_controller/prefix_override:/home/alexander/simplebot2/ros2_workspace/src/install/motor_controller/lib/python3.10/site-packages:${PYTHONPATH} /usr/bin/python3 setup.py egg_info --egg-base ../build/motor_controller build --build-base /home/alexander/simplebot2/ros2_workspace/src/build/motor_controller/build install --record /home/alexander/simplebot2/ros2_workspace/src/build/motor_controller/install.log --single-version-externally-managed
[38.467s] DEBUG:colcon.colcon_core.event_handler.log_command:Invoking command in '/home/alexander/simplebot2/ros2_workspace/src/test_nodes': PYTHONPATH=/home/alexander/simplebot2/ros2_workspace/src/build/test_nodes/prefix_override:/home/alexander/simplebot2/ros2_workspace/src/install/test_nodes/lib/python3.10/site-packages:${PYTHONPATH} /usr/bin/python3 setup.py egg_info --egg-base ../build/test_nodes build --build-base /home/alexander/simplebot2/ros2_workspace/src/build/test_nodes/build install --record /home/alexander/simplebot2/ros2_workspace/src/build/test_nodes/install.log --single-version-externally-managed
[39.878s] DEBUG:colcon.colcon_core.event_handler.log_command:Invoked command in '/home/alexander/simplebot2/ros2_workspace/src/motor_controller' returned '0': PYTHONPATH=/home/alexander/simplebot2/ros2_workspace/src/build/motor_controller/prefix_override:/home/alexander/simplebot2/ros2_workspace/src/install/motor_controller/lib/python3.10/site-packages:${PYTHONPATH} /usr/bin/python3 setup.py egg_info --egg-base ../build/motor_controller build --build-base /home/alexander/simplebot2/ros2_workspace/src/build/motor_controller/build install --record /home/alexander/simplebot2/ros2_workspace/src/build/motor_controller/install.log --single-version-externally-managed
[39.972s] Level 1:colcon.colcon_core.environment:checking '/home/alexander/simplebot2/ros2_workspace/src/install/motor_controller' for CMake module files
[39.975s] Level 1:colcon.colcon_core.environment:checking '/home/alexander/simplebot2/ros2_workspace/src/install/motor_controller' for CMake config files
[39.978s] Level 1:colcon.colcon_core.environment:checking '/home/alexander/simplebot2/ros2_workspace/src/install/motor_controller/lib'
[39.979s] Level 1:colcon.colcon_core.environment:checking '/home/alexander/simplebot2/ros2_workspace/src/install/motor_controller/bin'
[39.979s] Level 1:colcon.colcon_core.environment:checking '/home/alexander/simplebot2/ros2_workspace/src/install/motor_controller/lib/pkgconfig/motor_controller.pc'
[39.980s] Level 1:colcon.colcon_core.environment:checking '/home/alexander/simplebot2/ros2_workspace/src/install/motor_controller/lib/python3.10/site-packages'
[39.981s] Level 1:colcon.colcon_core.shell:create_environment_hook('motor_controller', 'pythonpath')
[40.038s] INFO:colcon.colcon_core.shell:Creating environment hook '/home/alexander/simplebot2/ros2_workspace/src/install/motor_controller/share/motor_controller/hook/pythonpath.ps1'
[40.039s] INFO:colcon.colcon_core.shell:Creating environment descriptor '/home/alexander/simplebot2/ros2_workspace/src/install/motor_controller/share/motor_controller/hook/pythonpath.dsv'
[40.040s] INFO:colcon.colcon_core.shell:Creating environment hook '/home/alexander/simplebot2/ros2_workspace/src/install/motor_controller/share/motor_controller/hook/pythonpath.sh'
[40.042s] Level 1:colcon.colcon_core.environment:checking '/home/alexander/simplebot2/ros2_workspace/src/install/motor_controller/bin'
[40.043s] Level 1:colcon.colcon_core.environment:create_environment_scripts_only(motor_controller)
[40.101s] INFO:colcon.colcon_core.shell:Creating package script '/home/alexander/simplebot2/ros2_workspace/src/install/motor_controller/share/motor_controller/package.ps1'
[40.107s] INFO:colcon.colcon_core.shell:Creating package descriptor '/home/alexander/simplebot2/ros2_workspace/src/install/motor_controller/share/motor_controller/package.dsv'
[40.110s] INFO:colcon.colcon_core.shell:Creating package script '/home/alexander/simplebot2/ros2_workspace/src/install/motor_controller/share/motor_controller/package.sh'
[40.113s] INFO:colcon.colcon_core.shell:Creating package script '/home/alexander/simplebot2/ros2_workspace/src/install/motor_controller/share/motor_controller/package.bash'
[40.118s] INFO:colcon.colcon_core.shell:Creating package script '/home/alexander/simplebot2/ros2_workspace/src/install/motor_controller/share/motor_controller/package.zsh'
[40.121s] Level 1:colcon.colcon_core.environment:create_file_with_runtime_dependencies(/home/alexander/simplebot2/ros2_workspace/src/install/motor_controller/share/colcon-core/packages/motor_controller)
[40.128s] DEBUG:colcon.colcon_core.event_handler.log_command:Invoked command in '/home/alexander/simplebot2/ros2_workspace/src/test_nodes' returned '0': PYTHONPATH=/home/alexander/simplebot2/ros2_workspace/src/build/test_nodes/prefix_override:/home/alexander/simplebot2/ros2_workspace/src/install/test_nodes/lib/python3.10/site-packages:${PYTHONPATH} /usr/bin/python3 setup.py egg_info --egg-base ../build/test_nodes build --build-base /home/alexander/simplebot2/ros2_workspace/src/build/test_nodes/build install --record /home/alexander/simplebot2/ros2_workspace/src/build/test_nodes/install.log --single-version-externally-managed
[40.196s] Level 1:colcon.colcon_core.environment:checking '/home/alexander/simplebot2/ros2_workspace/src/install/test_nodes' for CMake module files
[40.199s] Level 1:colcon.colcon_core.environment:checking '/home/alexander/simplebot2/ros2_workspace/src/install/test_nodes' for CMake config files
[40.201s] Level 1:colcon.colcon_core.environment:checking '/home/alexander/simplebot2/ros2_workspace/src/install/test_nodes/lib'
[40.202s] Level 1:colcon.colcon_core.environment:checking '/home/alexander/simplebot2/ros2_workspace/src/install/test_nodes/bin'
[40.202s] Level 1:colcon.colcon_core.environment:checking '/home/alexander/simplebot2/ros2_workspace/src/install/test_nodes/lib/pkgconfig/test_nodes.pc'
[40.203s] Level 1:colcon.colcon_core.environment:checking '/home/alexander/simplebot2/ros2_workspace/src/install/test_nodes/lib/python3.10/site-packages'
[40.204s] Level 1:colcon.colcon_core.shell:create_environment_hook('test_nodes', 'pythonpath')
[40.268s] INFO:colcon.colcon_core.shell:Creating environment hook '/home/alexander/simplebot2/ros2_workspace/src/install/test_nodes/share/test_nodes/hook/pythonpath.ps1'
[40.269s] INFO:colcon.colcon_core.shell:Creating environment descriptor '/home/alexander/simplebot2/ros2_workspace/src/install/test_nodes/share/test_nodes/hook/pythonpath.dsv'
[40.271s] INFO:colcon.colcon_core.shell:Creating environment hook '/home/alexander/simplebot2/ros2_workspace/src/install/test_nodes/share/test_nodes/hook/pythonpath.sh'
[40.274s] Level 1:colcon.colcon_core.environment:checking '/home/alexander/simplebot2/ros2_workspace/src/install/test_nodes/bin'
[40.274s] Level 1:colcon.colcon_core.environment:create_environment_scripts_only(test_nodes)
[40.330s] INFO:colcon.colcon_core.shell:Creating package script '/home/alexander/simplebot2/ros2_workspace/src/install/test_nodes/share/test_nodes/package.ps1'
[40.332s] INFO:colcon.colcon_core.shell:Creating package descriptor '/home/alexander/simplebot2/ros2_workspace/src/install/test_nodes/share/test_nodes/package.dsv'
[40.334s] INFO:colcon.colcon_core.shell:Creating package script '/home/alexander/simplebot2/ros2_workspace/src/install/test_nodes/share/test_nodes/package.sh'
[40.336s] INFO:colcon.colcon_core.shell:Creating package script '/home/alexander/simplebot2/ros2_workspace/src/install/test_nodes/share/test_nodes/package.bash'
[40.337s] INFO:colcon.colcon_core.shell:Creating package script '/home/alexander/simplebot2/ros2_workspace/src/install/test_nodes/share/test_nodes/package.zsh'
[40.338s] Level 1:colcon.colcon_core.environment:create_file_with_runtime_dependencies(/home/alexander/simplebot2/ros2_workspace/src/install/test_nodes/share/colcon-core/packages/test_nodes)
[45.519s] DEBUG:colcon.colcon_core.event_handler.log_command:Invoked command in '/home/alexander/simplebot2/ros2_workspace/src/build/camera_node' returned '1': /usr/local/bin/cmake /home/alexander/simplebot2/ros2_workspace/src/ros2-camera-node -DCMAKE_INSTALL_PREFIX=/home/alexander/simplebot2/ros2_workspace/src/install/camera_node
[45.642s] Level 1:colcon.colcon_core.environment:create_environment_scripts_only(camera_node)
[45.698s] Level 1:colcon.colcon_core.environment:checking '/home/alexander/simplebot2/ros2_workspace/src/install/camera_node' for CMake module files
[45.700s] Level 1:colcon.colcon_core.environment:checking '/home/alexander/simplebot2/ros2_workspace/src/install/camera_node' for CMake config files
[45.700s] Level 1:colcon.colcon_core.environment:checking '/home/alexander/simplebot2/ros2_workspace/src/install/camera_node/bin'
[45.701s] Level 1:colcon.colcon_core.environment:checking '/home/alexander/simplebot2/ros2_workspace/src/install/camera_node/lib/pkgconfig/camera_node.pc'
[45.702s] Level 1:colcon.colcon_core.environment:checking '/home/alexander/simplebot2/ros2_workspace/src/install/camera_node/lib/python3.10/site-packages'
[45.703s] Level 1:colcon.colcon_core.environment:checking '/home/alexander/simplebot2/ros2_workspace/src/install/camera_node/bin'
[45.759s] INFO:colcon.colcon_core.shell:Creating package script '/home/alexander/simplebot2/ros2_workspace/src/install/camera_node/share/camera_node/package.ps1'
[45.760s] INFO:colcon.colcon_core.shell:Creating package descriptor '/home/alexander/simplebot2/ros2_workspace/src/install/camera_node/share/camera_node/package.dsv'
[45.762s] INFO:colcon.colcon_core.shell:Creating package script '/home/alexander/simplebot2/ros2_workspace/src/install/camera_node/share/camera_node/package.sh'
[45.763s] INFO:colcon.colcon_core.shell:Creating package script '/home/alexander/simplebot2/ros2_workspace/src/install/camera_node/share/camera_node/package.bash'
[45.764s] INFO:colcon.colcon_core.shell:Creating package script '/home/alexander/simplebot2/ros2_workspace/src/install/camera_node/share/camera_node/package.zsh'
[45.765s] Level 1:colcon.colcon_core.environment:create_file_with_runtime_dependencies(/home/alexander/simplebot2/ros2_workspace/src/install/camera_node/share/colcon-core/packages/camera_node)
[45.776s] DEBUG:colcon.colcon_parallel_executor.executor.parallel:closing loop
[45.777s] DEBUG:colcon.colcon_parallel_executor.executor.parallel:loop closed
[45.777s] DEBUG:colcon.colcon_parallel_executor.executor.parallel:run_until_complete finished with '1'
[45.777s] DEBUG:colcon.colcon_core.event_reactor:joining thread
[45.872s] INFO:colcon.colcon_core.plugin_system:Skipping extension 'colcon_notification.desktop_notification.notify_send': Could not find 'notify-send'
[45.873s] INFO:colcon.colcon_core.plugin_system:Skipping extension 'colcon_notification.desktop_notification.terminal_notifier': Not used on non-Darwin systems
[45.874s] INFO:colcon.colcon_core.plugin_system:Skipping extension 'colcon_notification.desktop_notification.win32': Not used on non-Windows systems
[45.874s] INFO:colcon.colcon_notification.desktop_notification:Sending desktop notification using 'notify2'
[45.888s] DEBUG:colcon.colcon_notification.desktop_notification.notify2:Failed to initialize notify2: org.freedesktop.DBus.Error.Spawn.ExecFailed: /usr/bin/dbus-launch terminated abnormally without any error message
[45.889s] DEBUG:colcon.colcon_core.event_reactor:joined thread
[45.947s] INFO:colcon.colcon_core.shell:Creating prefix script '/home/alexander/simplebot2/ros2_workspace/src/install/local_setup.ps1'
[45.953s] INFO:colcon.colcon_core.shell:Creating prefix util module '/home/alexander/simplebot2/ros2_workspace/src/install/_local_setup_util_ps1.py'
[45.959s] INFO:colcon.colcon_core.shell:Creating prefix chain script '/home/alexander/simplebot2/ros2_workspace/src/install/setup.ps1'
[46.016s] INFO:colcon.colcon_core.shell:Creating prefix script '/home/alexander/simplebot2/ros2_workspace/src/install/local_setup.sh'
[46.019s] INFO:colcon.colcon_core.shell:Creating prefix util module '/home/alexander/simplebot2/ros2_workspace/src/install/_local_setup_util_sh.py'
[46.020s] INFO:colcon.colcon_core.shell:Creating prefix chain script '/home/alexander/simplebot2/ros2_workspace/src/install/setup.sh'
[46.078s] INFO:colcon.colcon_core.shell:Creating prefix script '/home/alexander/simplebot2/ros2_workspace/src/install/local_setup.bash'
[46.080s] INFO:colcon.colcon_core.shell:Creating prefix chain script '/home/alexander/simplebot2/ros2_workspace/src/install/setup.bash'
[46.141s] INFO:colcon.colcon_core.shell:Creating prefix script '/home/alexander/simplebot2/ros2_workspace/src/install/local_setup.zsh'
[46.144s] INFO:colcon.colcon_core.shell:Creating prefix chain script '/home/alexander/simplebot2/ros2_workspace/src/install/setup.zsh'
