[5.603s] Invoking command in '/home/alexander/Documents/simplebot2/ros2_workspace/src/motor_controller': PYTHONPATH=/home/alexander/Documents/simplebot2/ros2_workspace/build/motor_controller/prefix_override:/home/alexander/Documents/simplebot2/ros2_workspace/install/motor_controller/lib/python3.6/site-packages:${PYTHONPATH} /usr/bin/python3 setup.py egg_info --egg-base ../../build/motor_controller build --build-base /home/alexander/Documents/simplebot2/ros2_workspace/build/motor_controller/build install --record /home/alexander/Documents/simplebot2/ros2_workspace/build/motor_controller/install.log --single-version-externally-managed
[7.694s] running egg_info
[7.706s] creating ../../build/motor_controller/motor_controller.egg-info
[7.713s] writing ../../build/motor_controller/motor_controller.egg-info/PKG-INFO
[7.716s] writing dependency_links to ../../build/motor_controller/motor_controller.egg-info/dependency_links.txt
[7.717s] writing entry points to ../../build/motor_controller/motor_controller.egg-info/entry_points.txt
[7.718s] writing requirements to ../../build/motor_controller/motor_controller.egg-info/requires.txt
[7.719s] writing top-level names to ../../build/motor_controller/motor_controller.egg-info/top_level.txt
[7.719s] writing manifest file '../../build/motor_controller/motor_controller.egg-info/SOURCES.txt'
[7.723s] reading manifest file '../../build/motor_controller/motor_controller.egg-info/SOURCES.txt'
[7.736s] writing manifest file '../../build/motor_controller/motor_controller.egg-info/SOURCES.txt'
[7.738s] running build
[7.738s] running build_py
[7.739s] creating /home/alexander/Documents/simplebot2/ros2_workspace/build/motor_controller/build
[7.740s] creating /home/alexander/Documents/simplebot2/ros2_workspace/build/motor_controller/build/lib
[7.741s] creating /home/alexander/Documents/simplebot2/ros2_workspace/build/motor_controller/build/lib/motor_controller
[7.742s] copying motor_controller/__init__.py -> /home/alexander/Documents/simplebot2/ros2_workspace/build/motor_controller/build/lib/motor_controller
[7.743s] copying motor_controller/kinematics2serial.py -> /home/alexander/Documents/simplebot2/ros2_workspace/build/motor_controller/build/lib/motor_controller
[7.743s] running install
[7.744s] running install_lib
[7.745s] creating /home/alexander/Documents/simplebot2/ros2_workspace/install/motor_controller/lib/python3.6/site-packages/motor_controller
[7.746s] copying /home/alexander/Documents/simplebot2/ros2_workspace/build/motor_controller/build/lib/motor_controller/__init__.py -> /home/alexander/Documents/simplebot2/ros2_workspace/install/motor_controller/lib/python3.6/site-packages/motor_controller
[7.747s] copying /home/alexander/Documents/simplebot2/ros2_workspace/build/motor_controller/build/lib/motor_controller/kinematics2serial.py -> /home/alexander/Documents/simplebot2/ros2_workspace/install/motor_controller/lib/python3.6/site-packages/motor_controller
[7.749s] byte-compiling /home/alexander/Documents/simplebot2/ros2_workspace/install/motor_controller/lib/python3.6/site-packages/motor_controller/__init__.py to __init__.cpython-36.pyc
[7.750s] byte-compiling /home/alexander/Documents/simplebot2/ros2_workspace/install/motor_controller/lib/python3.6/site-packages/motor_controller/kinematics2serial.py to kinematics2serial.cpython-36.pyc
[7.754s] running install_data
[7.758s] creating /home/alexander/Documents/simplebot2/ros2_workspace/install/motor_controller/share/ament_index
[7.759s] creating /home/alexander/Documents/simplebot2/ros2_workspace/install/motor_controller/share/ament_index/resource_index
[7.759s] creating /home/alexander/Documents/simplebot2/ros2_workspace/install/motor_controller/share/ament_index/resource_index/packages
[7.760s] copying resource/motor_controller -> /home/alexander/Documents/simplebot2/ros2_workspace/install/motor_controller/share/ament_index/resource_index/packages
[7.761s] copying package.xml -> /home/alexander/Documents/simplebot2/ros2_workspace/install/motor_controller/share/motor_controller
[7.762s] running install_egg_info
[7.770s] Copying ../../build/motor_controller/motor_controller.egg-info to /home/alexander/Documents/simplebot2/ros2_workspace/install/motor_controller/lib/python3.6/site-packages/motor_controller-0.0.0-py3.6.egg-info
[7.779s] running install_scripts
[7.907s] writing list of installed files to '/home/alexander/Documents/simplebot2/ros2_workspace/build/motor_controller/install.log'
[8.047s] Invoked command in '/home/alexander/Documents/simplebot2/ros2_workspace/src/motor_controller' returned '0': PYTHONPATH=/home/alexander/Documents/simplebot2/ros2_workspace/build/motor_controller/prefix_override:/home/alexander/Documents/simplebot2/ros2_workspace/install/motor_controller/lib/python3.6/site-packages:${PYTHONPATH} /usr/bin/python3 setup.py egg_info --egg-base ../../build/motor_controller build --build-base /home/alexander/Documents/simplebot2/ros2_workspace/build/motor_controller/build install --record /home/alexander/Documents/simplebot2/ros2_workspace/build/motor_controller/install.log --single-version-externally-managed
