[8.439s] Invoking command in '/home/alexander/Documents/simplebot2/ros2_workspace/src/motor_controller': PYTHONPATH=/home/alexander/Documents/simplebot2/ros2_workspace/build/motor_controller/prefix_override:/home/alexander/Documents/simplebot2/ros2_workspace/install/motor_controller/lib/python3.6/site-packages:${PYTHONPATH} /usr/bin/python3 setup.py egg_info --egg-base ../../build/motor_controller build --build-base /home/alexander/Documents/simplebot2/ros2_workspace/build/motor_controller/build install --record /home/alexander/Documents/simplebot2/ros2_workspace/build/motor_controller/install.log --single-version-externally-managed
[10.678s] running egg_info
[10.680s] writing ../../build/motor_controller/motor_controller.egg-info/PKG-INFO
[10.681s] writing dependency_links to ../../build/motor_controller/motor_controller.egg-info/dependency_links.txt
[10.682s] writing entry points to ../../build/motor_controller/motor_controller.egg-info/entry_points.txt
[10.692s] writing requirements to ../../build/motor_controller/motor_controller.egg-info/requires.txt
[10.695s] writing top-level names to ../../build/motor_controller/motor_controller.egg-info/top_level.txt
[10.713s] reading manifest file '../../build/motor_controller/motor_controller.egg-info/SOURCES.txt'
[10.719s] writing manifest file '../../build/motor_controller/motor_controller.egg-info/SOURCES.txt'
[10.721s] running build
[10.722s] running build_py
[10.732s] running install
[10.733s] running install_lib
[10.742s] running install_data
[10.749s] running install_egg_info
[10.760s] removing '/home/alexander/Documents/simplebot2/ros2_workspace/install/motor_controller/lib/python3.6/site-packages/motor_controller-0.0.0-py3.6.egg-info' (and everything under it)
[10.761s] Copying ../../build/motor_controller/motor_controller.egg-info to /home/alexander/Documents/simplebot2/ros2_workspace/install/motor_controller/lib/python3.6/site-packages/motor_controller-0.0.0-py3.6.egg-info
[10.768s] running install_scripts
[10.922s] Installing kinematics2serial script to /home/alexander/Documents/simplebot2/ros2_workspace/install/motor_controller/lib/motor_controller
[10.926s] writing list of installed files to '/home/alexander/Documents/simplebot2/ros2_workspace/build/motor_controller/install.log'
[11.072s] Invoked command in '/home/alexander/Documents/simplebot2/ros2_workspace/src/motor_controller' returned '0': PYTHONPATH=/home/alexander/Documents/simplebot2/ros2_workspace/build/motor_controller/prefix_override:/home/alexander/Documents/simplebot2/ros2_workspace/install/motor_controller/lib/python3.6/site-packages:${PYTHONPATH} /usr/bin/python3 setup.py egg_info --egg-base ../../build/motor_controller build --build-base /home/alexander/Documents/simplebot2/ros2_workspace/build/motor_controller/build install --record /home/alexander/Documents/simplebot2/ros2_workspace/build/motor_controller/install.log --single-version-externally-managed
