-- The C compiler identification is GNU 7.5.0
-- The CXX compiler identification is GNU 7.5.0
-- Detecting C compiler ABI info
-- Detecting C compiler ABI info - done
-- Check for working C compiler: /usr/bin/cc - skipped
-- Detecting C compile features
-- Detecting C compile features - done
-- Detecting CXX compiler ABI info
-- Detecting CXX compiler ABI info - done
-- Check for working CXX compiler: /usr/bin/c++ - skipped
-- Detecting CXX compile features
-- Detecting CXX compile features - done
-- Found ament_cmake: 1.1.6 (/opt/ros/galactic/install/share/ament_cmake/cmake)
-- Found PythonInterp: /usr/bin/python3 (found suitable version "3.6.9", minimum required is "3") 
-- Using PYTHON_EXECUTABLE: /usr/bin/python3
[33mCMake Warning (dev) at /opt/ros/galactic/install/share/ament_cmake_core/cmake/core/python.cmake:22 (find_package):
  Policy CMP0148 is not set: The FindPythonInterp and FindPythonLibs modules
  are removed.  Run "cmake --help-policy CMP0148" for policy details.  Use
  the cmake_policy command to set the policy and suppress this warning.

Call Stack (most recent call first):
  /opt/ros/galactic/install/share/ament_cmake_core/cmake/core/all.cmake:53 (include)
  /opt/ros/galactic/install/share/ament_cmake_core/cmake/ament_cmake_core-extras.cmake:17 (include)
  /opt/ros/galactic/install/share/ament_cmake_core/cmake/ament_cmake_coreConfig.cmake:41 (include)
  /opt/ros/galactic/install/share/ament_cmake/cmake/ament_cmake_export_dependencies-extras.cmake:15 (find_package)
  /opt/ros/galactic/install/share/ament_cmake/cmake/ament_cmakeConfig.cmake:41 (include)
  CMakeLists.txt:20 (find_package)
This warning is for project developers.  Use -Wno-dev to suppress it.
[0m
-- Found builtin_interfaces: 1.0.3 (/opt/ros/galactic/install/share/builtin_interfaces/cmake)
-- Using all available rosidl_typesupport_c: rosidl_typesupport_fastrtps_c;rosidl_typesupport_introspection_c
-- Found rosidl_adapter: 2.2.3 (/opt/ros/galactic/install/share/rosidl_adapter/cmake)
-- Found OpenSSL: /usr/lib/aarch64-linux-gnu/libcrypto.so (found version "1.1.1")  
-- Found FastRTPS: /opt/ros/galactic/install/include  
-- Using all available rosidl_typesupport_cpp: rosidl_typesupport_fastrtps_cpp;rosidl_typesupport_introspection_cpp
-- Found std_msgs: 2.2.4 (/opt/ros/galactic/install/share/std_msgs/cmake)
-- Found sensor_msgs: 2.2.4 (/opt/ros/galactic/install/share/sensor_msgs/cmake)
-- Found rosidl_default_generators: 1.1.1 (/opt/ros/galactic/install/share/rosidl_default_generators/cmake)
[33mCMake Warning (dev) at /opt/ros/galactic/install/share/rosidl_adapter/cmake/rosidl_adapt_interfaces.cmake:40 (find_package):
  Policy CMP0148 is not set: The FindPythonInterp and FindPythonLibs modules
  are removed.  Run "cmake --help-policy CMP0148" for policy details.  Use
  the cmake_policy command to set the policy and suppress this warning.

Call Stack (most recent call first):
  /opt/ros/galactic/install/share/rosidl_cmake/cmake/rosidl_generate_interfaces.cmake:130 (rosidl_adapt_interfaces)
  CMakeLists.txt:27 (rosidl_generate_interfaces)
This warning is for project developers.  Use -Wno-dev to suppress it.
[0m
-- Found PythonInterp: /usr/bin/python3 (found version "3.6.9") 
-- Found ament_cmake_ros: 0.9.2 (/opt/ros/galactic/install/share/ament_cmake_ros/cmake)
-- Using all available rosidl_typesupport_c: rosidl_typesupport_fastrtps_c;rosidl_typesupport_introspection_c
-- Using all available rosidl_typesupport_cpp: rosidl_typesupport_fastrtps_cpp;rosidl_typesupport_introspection_cpp
[33mCMake Warning (dev) at /opt/ros/galactic/install/share/rosidl_generator_py/cmake/rosidl_generator_py_generate_interfaces.cmake:20 (find_package):
  Policy CMP0148 is not set: The FindPythonInterp and FindPythonLibs modules
  are removed.  Run "cmake --help-policy CMP0148" for policy details.  Use
  the cmake_policy command to set the policy and suppress this warning.

Call Stack (most recent call first):
  /opt/ros/galactic/install/share/ament_cmake_core/cmake/core/ament_execute_extensions.cmake:48 (include)
  /opt/ros/galactic/install/share/rosidl_cmake/cmake/rosidl_generate_interfaces.cmake:286 (ament_execute_extensions)
  CMakeLists.txt:27 (rosidl_generate_interfaces)
This warning is for project developers.  Use -Wno-dev to suppress it.
[0m
-- Found PythonInterp: /usr/bin/python3 (found suitable version "3.6.9", minimum required is "3.5") 
-- Found python_cmake_module: 0.8.1 (/opt/ros/galactic/install/share/python_cmake_module/cmake)
[33mCMake Warning (dev) at /opt/ros/galactic/install/share/python_cmake_module/cmake/Modules/FindPythonExtra.cmake:45 (find_package):
  Policy CMP0148 is not set: The FindPythonInterp and FindPythonLibs modules
  are removed.  Run "cmake --help-policy CMP0148" for policy details.  Use
  the cmake_policy command to set the policy and suppress this warning.

Call Stack (most recent call first):
  /opt/ros/galactic/install/share/rosidl_generator_py/cmake/rosidl_generator_py_generate_interfaces.cmake:23 (find_package)
  /opt/ros/galactic/install/share/ament_cmake_core/cmake/core/ament_execute_extensions.cmake:48 (include)
  /opt/ros/galactic/install/share/rosidl_cmake/cmake/rosidl_generate_interfaces.cmake:286 (ament_execute_extensions)
  CMakeLists.txt:27 (rosidl_generate_interfaces)
This warning is for project developers.  Use -Wno-dev to suppress it.
[0m
[33mCMake Warning (dev) at /opt/ros/galactic/install/share/python_cmake_module/cmake/Modules/FindPythonExtra.cmake:133 (find_package):
  Policy CMP0148 is not set: The FindPythonInterp and FindPythonLibs modules
  are removed.  Run "cmake --help-policy CMP0148" for policy details.  Use
  the cmake_policy command to set the policy and suppress this warning.

Call Stack (most recent call first):
  /opt/ros/galactic/install/share/rosidl_generator_py/cmake/rosidl_generator_py_generate_interfaces.cmake:23 (find_package)
  /opt/ros/galactic/install/share/ament_cmake_core/cmake/core/ament_execute_extensions.cmake:48 (include)
  /opt/ros/galactic/install/share/rosidl_cmake/cmake/rosidl_generate_interfaces.cmake:286 (ament_execute_extensions)
  CMakeLists.txt:27 (rosidl_generate_interfaces)
This warning is for project developers.  Use -Wno-dev to suppress it.
[0m
-- Found PythonLibs: /usr/lib/aarch64-linux-gnu/libpython3.6m.so (found suitable version "3.6.9", minimum required is "3.5") 
-- Using PYTHON_EXECUTABLE: /usr/bin/python3
-- Using PYTHON_INCLUDE_DIRS: /usr/include/python3.6m
-- Using PYTHON_LIBRARIES: /usr/lib/aarch64-linux-gnu/libpython3.6m.so
-- Found PythonExtra: .so  
-- Using numpy include directory: /usr/local/lib/python3.6/dist-packages/numpy/core/include
-- Found ament_lint_auto: 0.10.7 (/opt/ros/galactic/install/share/ament_lint_auto/cmake)
-- Added test 'copyright' to check source files copyright and LICENSE
-- Added test 'flake8' to check Python code syntax and style conventions
-- Added test 'lint_cmake' to check CMake code style
-- Added test 'pep257' to check Python code against some of the style conventions in PEP 257
-- Added test 'xmllint' to check XML markup files
-- Configuring done (21.2s)
-- Generating done (0.6s)
-- Build files have been written to: /home/alexander/Documents/simplebot2/ros2_workspace/build/ds4_driver
[  1%] [34m[1mGenerating C code for ROS interfaces[0m
[  3%] [34m[1mGenerating C++ code for ROS interfaces[0m
[  3%] Built target ds4_driver__cpp
[  5%] [32mBuilding C object CMakeFiles/ds4_driver__rosidl_generator_c.dir/rosidl_generator_c/ds4_driver/msg/detail/feedback__functions.c.o[0m
[  7%] [32mBuilding C object CMakeFiles/ds4_driver__rosidl_generator_c.dir/rosidl_generator_c/ds4_driver/msg/detail/status__functions.c.o[0m
[  9%] [32mBuilding C object CMakeFiles/ds4_driver__rosidl_generator_c.dir/rosidl_generator_c/ds4_driver/msg/detail/report__functions.c.o[0m
[ 10%] [32mBuilding C object CMakeFiles/ds4_driver__rosidl_generator_c.dir/rosidl_generator_c/ds4_driver/msg/detail/trackpad__functions.c.o[0m
[ 12%] [32m[1mLinking C shared library libds4_driver__rosidl_generator_c.so[0m
[ 12%] Built target ds4_driver__rosidl_generator_c
[ 12%] Built target ament_cmake_python_copy_ds4_driver
[ 14%] [34m[1mGenerating C++ type support dispatch for ROS interfaces[0m
[ 16%] [32mBuilding CXX object CMakeFiles/ds4_driver__rosidl_typesupport_cpp.dir/rosidl_typesupport_cpp/ds4_driver/msg/feedback__type_support.cpp.o[0m
[ 18%] [32mBuilding CXX object CMakeFiles/ds4_driver__rosidl_typesupport_cpp.dir/rosidl_typesupport_cpp/ds4_driver/msg/status__type_support.cpp.o[0m
[ 20%] [32mBuilding CXX object CMakeFiles/ds4_driver__rosidl_typesupport_cpp.dir/rosidl_typesupport_cpp/ds4_driver/msg/report__type_support.cpp.o[0m
[ 21%] [32mBuilding CXX object CMakeFiles/ds4_driver__rosidl_typesupport_cpp.dir/rosidl_typesupport_cpp/ds4_driver/msg/trackpad__type_support.cpp.o[0m
[ 23%] [32m[1mLinking CXX shared library libds4_driver__rosidl_typesupport_cpp.so[0m
[ 23%] Built target ds4_driver__rosidl_typesupport_cpp
[ 25%] [34m[1mGenerating C++ type support for eProsima Fast-RTPS[0m
[ 27%] [34m[1mGenerating C introspection for ROS interfaces[0m
[ 29%] [32mBuilding CXX object CMakeFiles/ds4_driver__rosidl_typesupport_fastrtps_cpp.dir/rosidl_typesupport_fastrtps_cpp/ds4_driver/msg/detail/dds_fastrtps/feedback__type_support.cpp.o[0m
[ 30%] [32mBuilding CXX object CMakeFiles/ds4_driver__rosidl_typesupport_fastrtps_cpp.dir/rosidl_typesupport_fastrtps_cpp/ds4_driver/msg/detail/dds_fastrtps/status__type_support.cpp.o[0m
[ 32%] [32mBuilding CXX object CMakeFiles/ds4_driver__rosidl_typesupport_fastrtps_cpp.dir/rosidl_typesupport_fastrtps_cpp/ds4_driver/msg/detail/dds_fastrtps/report__type_support.cpp.o[0m
[ 34%] [32mBuilding C object CMakeFiles/ds4_driver__rosidl_typesupport_introspection_c.dir/rosidl_typesupport_introspection_c/ds4_driver/msg/detail/feedback__type_support.c.o[0m
[ 36%] [32mBuilding C object CMakeFiles/ds4_driver__rosidl_typesupport_introspection_c.dir/rosidl_typesupport_introspection_c/ds4_driver/msg/detail/status__type_support.c.o[0m
[ 38%] [32mBuilding C object CMakeFiles/ds4_driver__rosidl_typesupport_introspection_c.dir/rosidl_typesupport_introspection_c/ds4_driver/msg/detail/report__type_support.c.o[0m
[ 40%] [32mBuilding C object CMakeFiles/ds4_driver__rosidl_typesupport_introspection_c.dir/rosidl_typesupport_introspection_c/ds4_driver/msg/detail/trackpad__type_support.c.o[0m
[ 41%] [32m[1mLinking C shared library libds4_driver__rosidl_typesupport_introspection_c.so[0m
[ 41%] Built target ds4_driver__rosidl_typesupport_introspection_c
[ 43%] [34m[1mGenerating C type support dispatch for ROS interfaces[0m
[ 45%] [32mBuilding CXX object CMakeFiles/ds4_driver__rosidl_typesupport_fastrtps_cpp.dir/rosidl_typesupport_fastrtps_cpp/ds4_driver/msg/detail/dds_fastrtps/trackpad__type_support.cpp.o[0m
[ 47%] [32m[1mLinking CXX shared library libds4_driver__rosidl_typesupport_fastrtps_cpp.so[0m
[ 47%] Built target ds4_driver__rosidl_typesupport_fastrtps_cpp
[ 49%] [34m[1mGenerating C++ introspection for ROS interfaces[0m
[ 50%] [32mBuilding CXX object CMakeFiles/ds4_driver__rosidl_typesupport_c.dir/rosidl_typesupport_c/ds4_driver/msg/feedback__type_support.cpp.o[0m
[ 52%] [32mBuilding CXX object CMakeFiles/ds4_driver__rosidl_typesupport_c.dir/rosidl_typesupport_c/ds4_driver/msg/status__type_support.cpp.o[0m
[ 54%] [32mBuilding CXX object CMakeFiles/ds4_driver__rosidl_typesupport_c.dir/rosidl_typesupport_c/ds4_driver/msg/report__type_support.cpp.o[0m
[ 56%] [32mBuilding CXX object CMakeFiles/ds4_driver__rosidl_typesupport_c.dir/rosidl_typesupport_c/ds4_driver/msg/trackpad__type_support.cpp.o[0m
[ 58%] [32m[1mLinking CXX shared library libds4_driver__rosidl_typesupport_c.so[0m
[ 58%] Built target ds4_driver__rosidl_typesupport_c
running egg_info
creating ds4_driver.egg-info
writing ds4_driver.egg-info/PKG-INFO
writing dependency_links to ds4_driver.egg-info/dependency_links.txt
writing top-level names to ds4_driver.egg-info/top_level.txt
writing manifest file 'ds4_driver.egg-info/SOURCES.txt'
reading manifest file 'ds4_driver.egg-info/SOURCES.txt'
writing manifest file 'ds4_driver.egg-info/SOURCES.txt'
[ 58%] Built target ament_cmake_python_build_ds4_driver_egg
[ 60%] [34m[1mGenerating C type support for eProsima Fast-RTPS[0m
[ 61%] [32mBuilding CXX object CMakeFiles/ds4_driver__rosidl_typesupport_introspection_cpp.dir/rosidl_typesupport_introspection_cpp/ds4_driver/msg/detail/feedback__type_support.cpp.o[0m
[ 63%] [32mBuilding CXX object CMakeFiles/ds4_driver__rosidl_typesupport_introspection_cpp.dir/rosidl_typesupport_introspection_cpp/ds4_driver/msg/detail/status__type_support.cpp.o[0m
[ 65%] [32mBuilding CXX object CMakeFiles/ds4_driver__rosidl_typesupport_introspection_cpp.dir/rosidl_typesupport_introspection_cpp/ds4_driver/msg/detail/report__type_support.cpp.o[0m
[ 67%] [32mBuilding CXX object CMakeFiles/ds4_driver__rosidl_typesupport_introspection_cpp.dir/rosidl_typesupport_introspection_cpp/ds4_driver/msg/detail/trackpad__type_support.cpp.o[0m
[ 69%] [32m[1mLinking CXX shared library libds4_driver__rosidl_typesupport_introspection_cpp.so[0m
[ 69%] Built target ds4_driver__rosidl_typesupport_introspection_cpp
[ 70%] [32mBuilding CXX object CMakeFiles/ds4_driver__rosidl_typesupport_fastrtps_c.dir/rosidl_typesupport_fastrtps_c/ds4_driver/msg/detail/status__type_support_c.cpp.o[0m
[ 72%] [32mBuilding CXX object CMakeFiles/ds4_driver__rosidl_typesupport_fastrtps_c.dir/rosidl_typesupport_fastrtps_c/ds4_driver/msg/detail/feedback__type_support_c.cpp.o[0m
[ 74%] [32mBuilding CXX object CMakeFiles/ds4_driver__rosidl_typesupport_fastrtps_c.dir/rosidl_typesupport_fastrtps_c/ds4_driver/msg/detail/report__type_support_c.cpp.o[0m
[ 76%] [32mBuilding CXX object CMakeFiles/ds4_driver__rosidl_typesupport_fastrtps_c.dir/rosidl_typesupport_fastrtps_c/ds4_driver/msg/detail/trackpad__type_support_c.cpp.o[0m
[ 78%] [32m[1mLinking CXX shared library libds4_driver__rosidl_typesupport_fastrtps_c.so[0m
[ 78%] Built target ds4_driver__rosidl_typesupport_fastrtps_c
[ 78%] Built target ds4_driver
[ 80%] [34m[1mGenerating Python code for ROS interfaces[0m
[ 80%] Built target ds4_driver__py
[ 81%] [32mBuilding C object CMakeFiles/ds4_driver__python.dir/rosidl_generator_py/ds4_driver/msg/_feedback_s.c.o[0m
[ 83%] [32mBuilding C object CMakeFiles/ds4_driver__python.dir/rosidl_generator_py/ds4_driver/msg/_status_s.c.o[0m
[ 85%] [32mBuilding C object CMakeFiles/ds4_driver__python.dir/rosidl_generator_py/ds4_driver/msg/_report_s.c.o[0m
[ 87%] [32mBuilding C object CMakeFiles/ds4_driver__python.dir/rosidl_generator_py/ds4_driver/msg/_trackpad_s.c.o[0m
[ 89%] [32m[1mLinking C shared library rosidl_generator_py/ds4_driver/libds4_driver__python.so[0m
[ 89%] Built target ds4_driver__python
[ 90%] [32mBuilding C object CMakeFiles/ds4_driver__rosidl_typesupport_fastrtps_c__pyext.dir/rosidl_generator_py/ds4_driver/_ds4_driver_s.ep.rosidl_typesupport_fastrtps_c.c.o[0m
[ 92%] [32m[1mLinking CXX shared library rosidl_generator_py/ds4_driver/ds4_driver_s__rosidl_typesupport_fastrtps_c.cpython-36m-aarch64-linux-gnu.so[0m
[ 92%] Built target ds4_driver__rosidl_typesupport_fastrtps_c__pyext
[ 94%] [32mBuilding C object CMakeFiles/ds4_driver__rosidl_typesupport_introspection_c__pyext.dir/rosidl_generator_py/ds4_driver/_ds4_driver_s.ep.rosidl_typesupport_introspection_c.c.o[0m
[ 96%] [32m[1mLinking C shared library rosidl_generator_py/ds4_driver/ds4_driver_s__rosidl_typesupport_introspection_c.cpython-36m-aarch64-linux-gnu.so[0m
[ 96%] Built target ds4_driver__rosidl_typesupport_introspection_c__pyext
[ 98%] [32mBuilding C object CMakeFiles/ds4_driver__rosidl_typesupport_c__pyext.dir/rosidl_generator_py/ds4_driver/_ds4_driver_s.ep.rosidl_typesupport_c.c.o[0m
[100%] [32m[1mLinking C shared library rosidl_generator_py/ds4_driver/ds4_driver_s__rosidl_typesupport_c.cpython-36m-aarch64-linux-gnu.so[0m
[100%] Built target ds4_driver__rosidl_typesupport_c__pyext
-- Install configuration: ""
-- Installing: /home/alexander/Documents/simplebot2/ros2_workspace/install/ds4_driver/share/ament_index/resource_index/rosidl_interfaces/ds4_driver
-- Installing: /home/alexander/Documents/simplebot2/ros2_workspace/install/ds4_driver/include/ds4_driver
-- Installing: /home/alexander/Documents/simplebot2/ros2_workspace/install/ds4_driver/include/ds4_driver/msg
-- Installing: /home/alexander/Documents/simplebot2/ros2_workspace/install/ds4_driver/include/ds4_driver/msg/report.h
-- Installing: /home/alexander/Documents/simplebot2/ros2_workspace/install/ds4_driver/include/ds4_driver/msg/feedback.h
-- Installing: /home/alexander/Documents/simplebot2/ros2_workspace/install/ds4_driver/include/ds4_driver/msg/trackpad.h
-- Installing: /home/alexander/Documents/simplebot2/ros2_workspace/install/ds4_driver/include/ds4_driver/msg/status.h
-- Installing: /home/alexander/Documents/simplebot2/ros2_workspace/install/ds4_driver/include/ds4_driver/msg/detail
-- Installing: /home/alexander/Documents/simplebot2/ros2_workspace/install/ds4_driver/include/ds4_driver/msg/detail/report__functions.h
-- Installing: /home/alexander/Documents/simplebot2/ros2_workspace/install/ds4_driver/include/ds4_driver/msg/detail/feedback__functions.c
-- Installing: /home/alexander/Documents/simplebot2/ros2_workspace/install/ds4_driver/include/ds4_driver/msg/detail/trackpad__functions.h
-- Installing: /home/alexander/Documents/simplebot2/ros2_workspace/install/ds4_driver/include/ds4_driver/msg/detail/feedback__type_support.h
-- Installing: /home/alexander/Documents/simplebot2/ros2_workspace/install/ds4_driver/include/ds4_driver/msg/detail/report__functions.c
-- Installing: /home/alexander/Documents/simplebot2/ros2_workspace/install/ds4_driver/include/ds4_driver/msg/detail/status__functions.c
-- Installing: /home/alexander/Documents/simplebot2/ros2_workspace/install/ds4_driver/include/ds4_driver/msg/detail/feedback__functions.h
-- Installing: /home/alexander/Documents/simplebot2/ros2_workspace/install/ds4_driver/include/ds4_driver/msg/detail/status__functions.h
-- Installing: /home/alexander/Documents/simplebot2/ros2_workspace/install/ds4_driver/include/ds4_driver/msg/detail/feedback__struct.h
-- Installing: /home/alexander/Documents/simplebot2/ros2_workspace/install/ds4_driver/include/ds4_driver/msg/detail/status__struct.h
-- Installing: /home/alexander/Documents/simplebot2/ros2_workspace/install/ds4_driver/include/ds4_driver/msg/detail/status__type_support.h
-- Installing: /home/alexander/Documents/simplebot2/ros2_workspace/install/ds4_driver/include/ds4_driver/msg/detail/report__struct.h
-- Installing: /home/alexander/Documents/simplebot2/ros2_workspace/install/ds4_driver/include/ds4_driver/msg/detail/report__type_support.h
-- Installing: /home/alexander/Documents/simplebot2/ros2_workspace/install/ds4_driver/include/ds4_driver/msg/detail/trackpad__type_support.h
-- Installing: /home/alexander/Documents/simplebot2/ros2_workspace/install/ds4_driver/include/ds4_driver/msg/detail/trackpad__functions.c
-- Installing: /home/alexander/Documents/simplebot2/ros2_workspace/install/ds4_driver/include/ds4_driver/msg/detail/trackpad__struct.h
-- Installing: /home/alexander/Documents/simplebot2/ros2_workspace/install/ds4_driver/include/ds4_driver/msg/rosidl_generator_c__visibility_control.h
-- Installing: /home/alexander/Documents/simplebot2/ros2_workspace/install/ds4_driver/share/ds4_driver/environment/library_path.sh
-- Installing: /home/alexander/Documents/simplebot2/ros2_workspace/install/ds4_driver/share/ds4_driver/environment/library_path.dsv
-- Installing: /home/alexander/Documents/simplebot2/ros2_workspace/install/ds4_driver/lib/libds4_driver__rosidl_generator_c.so
-- Set runtime path of "/home/alexander/Documents/simplebot2/ros2_workspace/install/ds4_driver/lib/libds4_driver__rosidl_generator_c.so" to ""
-- Up-to-date: /home/alexander/Documents/simplebot2/ros2_workspace/install/ds4_driver/include/ds4_driver
-- Up-to-date: /home/alexander/Documents/simplebot2/ros2_workspace/install/ds4_driver/include/ds4_driver/msg
-- Installing: /home/alexander/Documents/simplebot2/ros2_workspace/install/ds4_driver/include/ds4_driver/msg/rosidl_typesupport_fastrtps_c__visibility_control.h
-- Up-to-date: /home/alexander/Documents/simplebot2/ros2_workspace/install/ds4_driver/include/ds4_driver/msg/detail
-- Installing: /home/alexander/Documents/simplebot2/ros2_workspace/install/ds4_driver/include/ds4_driver/msg/detail/trackpad__rosidl_typesupport_fastrtps_c.h
-- Installing: /home/alexander/Documents/simplebot2/ros2_workspace/install/ds4_driver/include/ds4_driver/msg/detail/status__rosidl_typesupport_fastrtps_c.h
-- Installing: /home/alexander/Documents/simplebot2/ros2_workspace/install/ds4_driver/include/ds4_driver/msg/detail/report__rosidl_typesupport_fastrtps_c.h
-- Installing: /home/alexander/Documents/simplebot2/ros2_workspace/install/ds4_driver/include/ds4_driver/msg/detail/feedback__rosidl_typesupport_fastrtps_c.h
-- Installing: /home/alexander/Documents/simplebot2/ros2_workspace/install/ds4_driver/lib/libds4_driver__rosidl_typesupport_fastrtps_c.so
-- Set runtime path of "/home/alexander/Documents/simplebot2/ros2_workspace/install/ds4_driver/lib/libds4_driver__rosidl_typesupport_fastrtps_c.so" to ""
-- Up-to-date: /home/alexander/Documents/simplebot2/ros2_workspace/install/ds4_driver/include/ds4_driver
-- Up-to-date: /home/alexander/Documents/simplebot2/ros2_workspace/install/ds4_driver/include/ds4_driver/msg
-- Installing: /home/alexander/Documents/simplebot2/ros2_workspace/install/ds4_driver/include/ds4_driver/msg/rosidl_typesupport_fastrtps_cpp__visibility_control.h
-- Up-to-date: /home/alexander/Documents/simplebot2/ros2_workspace/install/ds4_driver/include/ds4_driver/msg/detail
-- Installing: /home/alexander/Documents/simplebot2/ros2_workspace/install/ds4_driver/include/ds4_driver/msg/detail/status__rosidl_typesupport_fastrtps_cpp.hpp
-- Installing: /home/alexander/Documents/simplebot2/ros2_workspace/install/ds4_driver/include/ds4_driver/msg/detail/report__rosidl_typesupport_fastrtps_cpp.hpp
-- Installing: /home/alexander/Documents/simplebot2/ros2_workspace/install/ds4_driver/include/ds4_driver/msg/detail/feedback__rosidl_typesupport_fastrtps_cpp.hpp
-- Installing: /home/alexander/Documents/simplebot2/ros2_workspace/install/ds4_driver/include/ds4_driver/msg/detail/dds_fastrtps
-- Installing: /home/alexander/Documents/simplebot2/ros2_workspace/install/ds4_driver/include/ds4_driver/msg/detail/trackpad__rosidl_typesupport_fastrtps_cpp.hpp
-- Installing: /home/alexander/Documents/simplebot2/ros2_workspace/install/ds4_driver/lib/libds4_driver__rosidl_typesupport_fastrtps_cpp.so
-- Set runtime path of "/home/alexander/Documents/simplebot2/ros2_workspace/install/ds4_driver/lib/libds4_driver__rosidl_typesupport_fastrtps_cpp.so" to ""
-- Up-to-date: /home/alexander/Documents/simplebot2/ros2_workspace/install/ds4_driver/include/ds4_driver
-- Up-to-date: /home/alexander/Documents/simplebot2/ros2_workspace/install/ds4_driver/include/ds4_driver/msg
-- Up-to-date: /home/alexander/Documents/simplebot2/ros2_workspace/install/ds4_driver/include/ds4_driver/msg/detail
-- Installing: /home/alexander/Documents/simplebot2/ros2_workspace/install/ds4_driver/include/ds4_driver/msg/detail/status__type_support.c
-- Installing: /home/alexander/Documents/simplebot2/ros2_workspace/install/ds4_driver/include/ds4_driver/msg/detail/trackpad__type_support.c
-- Installing: /home/alexander/Documents/simplebot2/ros2_workspace/install/ds4_driver/include/ds4_driver/msg/detail/feedback__type_support.c
-- Installing: /home/alexander/Documents/simplebot2/ros2_workspace/install/ds4_driver/include/ds4_driver/msg/detail/status__rosidl_typesupport_introspection_c.h
-- Installing: /home/alexander/Documents/simplebot2/ros2_workspace/install/ds4_driver/include/ds4_driver/msg/detail/trackpad__rosidl_typesupport_introspection_c.h
-- Installing: /home/alexander/Documents/simplebot2/ros2_workspace/install/ds4_driver/include/ds4_driver/msg/detail/feedback__rosidl_typesupport_introspection_c.h
-- Installing: /home/alexander/Documents/simplebot2/ros2_workspace/install/ds4_driver/include/ds4_driver/msg/detail/report__type_support.c
-- Installing: /home/alexander/Documents/simplebot2/ros2_workspace/install/ds4_driver/include/ds4_driver/msg/detail/report__rosidl_typesupport_introspection_c.h
-- Installing: /home/alexander/Documents/simplebot2/ros2_workspace/install/ds4_driver/include/ds4_driver/msg/rosidl_typesupport_introspection_c__visibility_control.h
-- Installing: /home/alexander/Documents/simplebot2/ros2_workspace/install/ds4_driver/lib/libds4_driver__rosidl_typesupport_introspection_c.so
-- Set runtime path of "/home/alexander/Documents/simplebot2/ros2_workspace/install/ds4_driver/lib/libds4_driver__rosidl_typesupport_introspection_c.so" to ""
-- Installing: /home/alexander/Documents/simplebot2/ros2_workspace/install/ds4_driver/lib/libds4_driver__rosidl_typesupport_c.so
-- Set runtime path of "/home/alexander/Documents/simplebot2/ros2_workspace/install/ds4_driver/lib/libds4_driver__rosidl_typesupport_c.so" to ""
-- Up-to-date: /home/alexander/Documents/simplebot2/ros2_workspace/install/ds4_driver/include/ds4_driver
-- Up-to-date: /home/alexander/Documents/simplebot2/ros2_workspace/install/ds4_driver/include/ds4_driver/msg
-- Installing: /home/alexander/Documents/simplebot2/ros2_workspace/install/ds4_driver/include/ds4_driver/msg/trackpad.hpp
-- Installing: /home/alexander/Documents/simplebot2/ros2_workspace/install/ds4_driver/include/ds4_driver/msg/feedback.hpp
-- Up-to-date: /home/alexander/Documents/simplebot2/ros2_workspace/install/ds4_driver/include/ds4_driver/msg/detail
-- Installing: /home/alexander/Documents/simplebot2/ros2_workspace/install/ds4_driver/include/ds4_driver/msg/detail/status__builder.hpp
-- Installing: /home/alexander/Documents/simplebot2/ros2_workspace/install/ds4_driver/include/ds4_driver/msg/detail/trackpad__traits.hpp
-- Installing: /home/alexander/Documents/simplebot2/ros2_workspace/install/ds4_driver/include/ds4_driver/msg/detail/report__builder.hpp
-- Installing: /home/alexander/Documents/simplebot2/ros2_workspace/install/ds4_driver/include/ds4_driver/msg/detail/trackpad__struct.hpp
-- Installing: /home/alexander/Documents/simplebot2/ros2_workspace/install/ds4_driver/include/ds4_driver/msg/detail/status__traits.hpp
-- Installing: /home/alexander/Documents/simplebot2/ros2_workspace/install/ds4_driver/include/ds4_driver/msg/detail/feedback__struct.hpp
-- Installing: /home/alexander/Documents/simplebot2/ros2_workspace/install/ds4_driver/include/ds4_driver/msg/detail/report__struct.hpp
-- Installing: /home/alexander/Documents/simplebot2/ros2_workspace/install/ds4_driver/include/ds4_driver/msg/detail/feedback__builder.hpp
-- Installing: /home/alexander/Documents/simplebot2/ros2_workspace/install/ds4_driver/include/ds4_driver/msg/detail/trackpad__builder.hpp
-- Installing: /home/alexander/Documents/simplebot2/ros2_workspace/install/ds4_driver/include/ds4_driver/msg/detail/feedback__traits.hpp
-- Installing: /home/alexander/Documents/simplebot2/ros2_workspace/install/ds4_driver/include/ds4_driver/msg/detail/status__struct.hpp
-- Installing: /home/alexander/Documents/simplebot2/ros2_workspace/install/ds4_driver/include/ds4_driver/msg/detail/report__traits.hpp
-- Installing: /home/alexander/Documents/simplebot2/ros2_workspace/install/ds4_driver/include/ds4_driver/msg/report.hpp
-- Installing: /home/alexander/Documents/simplebot2/ros2_workspace/install/ds4_driver/include/ds4_driver/msg/status.hpp
-- Up-to-date: /home/alexander/Documents/simplebot2/ros2_workspace/install/ds4_driver/include/ds4_driver
-- Up-to-date: /home/alexander/Documents/simplebot2/ros2_workspace/install/ds4_driver/include/ds4_driver/msg
-- Up-to-date: /home/alexander/Documents/simplebot2/ros2_workspace/install/ds4_driver/include/ds4_driver/msg/detail
-- Installing: /home/alexander/Documents/simplebot2/ros2_workspace/install/ds4_driver/include/ds4_driver/msg/detail/report__rosidl_typesupport_introspection_cpp.hpp
-- Installing: /home/alexander/Documents/simplebot2/ros2_workspace/install/ds4_driver/include/ds4_driver/msg/detail/trackpad__rosidl_typesupport_introspection_cpp.hpp
-- Installing: /home/alexander/Documents/simplebot2/ros2_workspace/install/ds4_driver/include/ds4_driver/msg/detail/trackpad__type_support.cpp
-- Installing: /home/alexander/Documents/simplebot2/ros2_workspace/install/ds4_driver/include/ds4_driver/msg/detail/feedback__rosidl_typesupport_introspection_cpp.hpp
-- Installing: /home/alexander/Documents/simplebot2/ros2_workspace/install/ds4_driver/include/ds4_driver/msg/detail/report__type_support.cpp
-- Installing: /home/alexander/Documents/simplebot2/ros2_workspace/install/ds4_driver/include/ds4_driver/msg/detail/status__rosidl_typesupport_introspection_cpp.hpp
-- Installing: /home/alexander/Documents/simplebot2/ros2_workspace/install/ds4_driver/include/ds4_driver/msg/detail/feedback__type_support.cpp
-- Installing: /home/alexander/Documents/simplebot2/ros2_workspace/install/ds4_driver/include/ds4_driver/msg/detail/status__type_support.cpp
-- Installing: /home/alexander/Documents/simplebot2/ros2_workspace/install/ds4_driver/lib/libds4_driver__rosidl_typesupport_introspection_cpp.so
-- Set runtime path of "/home/alexander/Documents/simplebot2/ros2_workspace/install/ds4_driver/lib/libds4_driver__rosidl_typesupport_introspection_cpp.so" to ""
-- Installing: /home/alexander/Documents/simplebot2/ros2_workspace/install/ds4_driver/lib/libds4_driver__rosidl_typesupport_cpp.so
-- Set runtime path of "/home/alexander/Documents/simplebot2/ros2_workspace/install/ds4_driver/lib/libds4_driver__rosidl_typesupport_cpp.so" to ""
-- Installing: /home/alexander/Documents/simplebot2/ros2_workspace/install/ds4_driver/share/ds4_driver/environment/pythonpath.sh
-- Installing: /home/alexander/Documents/simplebot2/ros2_workspace/install/ds4_driver/share/ds4_driver/environment/pythonpath.dsv
-- Installing: /home/alexander/Documents/simplebot2/ros2_workspace/install/ds4_driver/lib/python3.6/site-packages/ds4_driver/__init__.py
Compiling '/home/alexander/Documents/simplebot2/ros2_workspace/install/ds4_driver/lib/python3.6/site-packages/ds4_driver/__init__.py'...
-- Installing: /home/alexander/Documents/simplebot2/ros2_workspace/install/ds4_driver/lib/python3.6/site-packages/ds4_driver/msg
-- Installing: /home/alexander/Documents/simplebot2/ros2_workspace/install/ds4_driver/lib/python3.6/site-packages/ds4_driver/msg/_status.py
-- Installing: /home/alexander/Documents/simplebot2/ros2_workspace/install/ds4_driver/lib/python3.6/site-packages/ds4_driver/msg/__init__.py
-- Installing: /home/alexander/Documents/simplebot2/ros2_workspace/install/ds4_driver/lib/python3.6/site-packages/ds4_driver/msg/_report_s.c
-- Installing: /home/alexander/Documents/simplebot2/ros2_workspace/install/ds4_driver/lib/python3.6/site-packages/ds4_driver/msg/_trackpad_s.c
-- Installing: /home/alexander/Documents/simplebot2/ros2_workspace/install/ds4_driver/lib/python3.6/site-packages/ds4_driver/msg/_status_s.c
-- Installing: /home/alexander/Documents/simplebot2/ros2_workspace/install/ds4_driver/lib/python3.6/site-packages/ds4_driver/msg/_report.py
-- Installing: /home/alexander/Documents/simplebot2/ros2_workspace/install/ds4_driver/lib/python3.6/site-packages/ds4_driver/msg/_trackpad.py
-- Installing: /home/alexander/Documents/simplebot2/ros2_workspace/install/ds4_driver/lib/python3.6/site-packages/ds4_driver/msg/_feedback.py
-- Installing: /home/alexander/Documents/simplebot2/ros2_workspace/install/ds4_driver/lib/python3.6/site-packages/ds4_driver/msg/_feedback_s.c
-- Installing: /home/alexander/Documents/simplebot2/ros2_workspace/install/ds4_driver/lib/python3.6/site-packages/ds4_driver/ds4_driver_s__rosidl_typesupport_fastrtps_c.cpython-36m-aarch64-linux-gnu.so
-- Set runtime path of "/home/alexander/Documents/simplebot2/ros2_workspace/install/ds4_driver/lib/python3.6/site-packages/ds4_driver/ds4_driver_s__rosidl_typesupport_fastrtps_c.cpython-36m-aarch64-linux-gnu.so" to ""
-- Installing: /home/alexander/Documents/simplebot2/ros2_workspace/install/ds4_driver/lib/python3.6/site-packages/ds4_driver/ds4_driver_s__rosidl_typesupport_introspection_c.cpython-36m-aarch64-linux-gnu.so
-- Set runtime path of "/home/alexander/Documents/simplebot2/ros2_workspace/install/ds4_driver/lib/python3.6/site-packages/ds4_driver/ds4_driver_s__rosidl_typesupport_introspection_c.cpython-36m-aarch64-linux-gnu.so" to ""
-- Installing: /home/alexander/Documents/simplebot2/ros2_workspace/install/ds4_driver/lib/python3.6/site-packages/ds4_driver/ds4_driver_s__rosidl_typesupport_c.cpython-36m-aarch64-linux-gnu.so
-- Set runtime path of "/home/alexander/Documents/simplebot2/ros2_workspace/install/ds4_driver/lib/python3.6/site-packages/ds4_driver/ds4_driver_s__rosidl_typesupport_c.cpython-36m-aarch64-linux-gnu.so" to ""
-- Installing: /home/alexander/Documents/simplebot2/ros2_workspace/install/ds4_driver/lib/libds4_driver__python.so
-- Set runtime path of "/home/alexander/Documents/simplebot2/ros2_workspace/install/ds4_driver/lib/libds4_driver__python.so" to ""
-- Installing: /home/alexander/Documents/simplebot2/ros2_workspace/install/ds4_driver/share/ds4_driver/msg/Feedback.idl
-- Installing: /home/alexander/Documents/simplebot2/ros2_workspace/install/ds4_driver/share/ds4_driver/msg/Status.idl
-- Installing: /home/alexander/Documents/simplebot2/ros2_workspace/install/ds4_driver/share/ds4_driver/msg/Report.idl
-- Installing: /home/alexander/Documents/simplebot2/ros2_workspace/install/ds4_driver/share/ds4_driver/msg/Trackpad.idl
-- Installing: /home/alexander/Documents/simplebot2/ros2_workspace/install/ds4_driver/share/ds4_driver/msg/Feedback.msg
-- Installing: /home/alexander/Documents/simplebot2/ros2_workspace/install/ds4_driver/share/ds4_driver/msg/Status.msg
-- Installing: /home/alexander/Documents/simplebot2/ros2_workspace/install/ds4_driver/share/ds4_driver/msg/Report.msg
-- Installing: /home/alexander/Documents/simplebot2/ros2_workspace/install/ds4_driver/share/ds4_driver/msg/Trackpad.msg
-- Installing: /home/alexander/Documents/simplebot2/ros2_workspace/install/ds4_driver/lib/python3.6/site-packages//ds4_driver.egg-info
-- Installing: /home/alexander/Documents/simplebot2/ros2_workspace/install/ds4_driver/lib/python3.6/site-packages//ds4_driver.egg-info/SOURCES.txt
-- Installing: /home/alexander/Documents/simplebot2/ros2_workspace/install/ds4_driver/lib/python3.6/site-packages//ds4_driver.egg-info/dependency_links.txt
-- Installing: /home/alexander/Documents/simplebot2/ros2_workspace/install/ds4_driver/lib/python3.6/site-packages//ds4_driver.egg-info/top_level.txt
-- Installing: /home/alexander/Documents/simplebot2/ros2_workspace/install/ds4_driver/lib/python3.6/site-packages//ds4_driver.egg-info/PKG-INFO
-- Up-to-date: /home/alexander/Documents/simplebot2/ros2_workspace/install/ds4_driver/lib/python3.6/site-packages/ds4_driver
-- Installing: /home/alexander/Documents/simplebot2/ros2_workspace/install/ds4_driver/lib/python3.6/site-packages/ds4_driver/logger.py
-- Installing: /home/alexander/Documents/simplebot2/ros2_workspace/install/ds4_driver/lib/python3.6/site-packages/ds4_driver/__init__.py
-- Installing: /home/alexander/Documents/simplebot2/ros2_workspace/install/ds4_driver/lib/python3.6/site-packages/ds4_driver/controller.py
-- Installing: /home/alexander/Documents/simplebot2/ros2_workspace/install/ds4_driver/lib/python3.6/site-packages/ds4_driver/controller_ros.py
Listing '/home/alexander/Documents/simplebot2/ros2_workspace/install/ds4_driver/lib/python3.6/site-packages/ds4_driver'...
Compiling '/home/alexander/Documents/simplebot2/ros2_workspace/install/ds4_driver/lib/python3.6/site-packages/ds4_driver/__init__.py'...
Compiling '/home/alexander/Documents/simplebot2/ros2_workspace/install/ds4_driver/lib/python3.6/site-packages/ds4_driver/controller.py'...
Compiling '/home/alexander/Documents/simplebot2/ros2_workspace/install/ds4_driver/lib/python3.6/site-packages/ds4_driver/controller_ros.py'...
Compiling '/home/alexander/Documents/simplebot2/ros2_workspace/install/ds4_driver/lib/python3.6/site-packages/ds4_driver/logger.py'...
Listing '/home/alexander/Documents/simplebot2/ros2_workspace/install/ds4_driver/lib/python3.6/site-packages/ds4_driver/msg'...
Compiling '/home/alexander/Documents/simplebot2/ros2_workspace/install/ds4_driver/lib/python3.6/site-packages/ds4_driver/msg/__init__.py'...
Compiling '/home/alexander/Documents/simplebot2/ros2_workspace/install/ds4_driver/lib/python3.6/site-packages/ds4_driver/msg/_feedback.py'...
Compiling '/home/alexander/Documents/simplebot2/ros2_workspace/install/ds4_driver/lib/python3.6/site-packages/ds4_driver/msg/_report.py'...
Compiling '/home/alexander/Documents/simplebot2/ros2_workspace/install/ds4_driver/lib/python3.6/site-packages/ds4_driver/msg/_status.py'...
Compiling '/home/alexander/Documents/simplebot2/ros2_workspace/install/ds4_driver/lib/python3.6/site-packages/ds4_driver/msg/_trackpad.py'...
-- Installing: /home/alexander/Documents/simplebot2/ros2_workspace/install/ds4_driver/share/ds4_driver//config
-- Installing: /home/alexander/Documents/simplebot2/ros2_workspace/install/ds4_driver/share/ds4_driver//config/params.yaml
-- Installing: /home/alexander/Documents/simplebot2/ros2_workspace/install/ds4_driver/share/ds4_driver//config/twist_6dof.yaml
-- Installing: /home/alexander/Documents/simplebot2/ros2_workspace/install/ds4_driver/share/ds4_driver//config/twist_2dof.yaml
-- Installing: /home/alexander/Documents/simplebot2/ros2_workspace/install/ds4_driver/share/ds4_driver//launch
-- Installing: /home/alexander/Documents/simplebot2/ros2_workspace/install/ds4_driver/share/ds4_driver//launch/ds4_driver.launch.xml
-- Installing: /home/alexander/Documents/simplebot2/ros2_workspace/install/ds4_driver/share/ds4_driver//launch/ds4_twist.launch.xml
-- Installing: /home/alexander/Documents/simplebot2/ros2_workspace/install/ds4_driver/share/ds4_driver//launch/demo.launch.xml
-- Installing: /home/alexander/Documents/simplebot2/ros2_workspace/install/ds4_driver/lib/ds4_driver/demo.py
-- Installing: /home/alexander/Documents/simplebot2/ros2_workspace/install/ds4_driver/lib/ds4_driver/ds4_driver_node.py
-- Installing: /home/alexander/Documents/simplebot2/ros2_workspace/install/ds4_driver/lib/ds4_driver/ds4_twist_node.py
-- Installing: /home/alexander/Documents/simplebot2/ros2_workspace/install/ds4_driver/share/ament_index/resource_index/package_run_dependencies/ds4_driver
-- Installing: /home/alexander/Documents/simplebot2/ros2_workspace/install/ds4_driver/share/ament_index/resource_index/parent_prefix_path/ds4_driver
-- Installing: /home/alexander/Documents/simplebot2/ros2_workspace/install/ds4_driver/share/ds4_driver/environment/ament_prefix_path.sh
-- Installing: /home/alexander/Documents/simplebot2/ros2_workspace/install/ds4_driver/share/ds4_driver/environment/ament_prefix_path.dsv
-- Installing: /home/alexander/Documents/simplebot2/ros2_workspace/install/ds4_driver/share/ds4_driver/environment/path.sh
-- Installing: /home/alexander/Documents/simplebot2/ros2_workspace/install/ds4_driver/share/ds4_driver/environment/path.dsv
-- Installing: /home/alexander/Documents/simplebot2/ros2_workspace/install/ds4_driver/share/ds4_driver/local_setup.bash
-- Installing: /home/alexander/Documents/simplebot2/ros2_workspace/install/ds4_driver/share/ds4_driver/local_setup.sh
-- Installing: /home/alexander/Documents/simplebot2/ros2_workspace/install/ds4_driver/share/ds4_driver/local_setup.zsh
-- Installing: /home/alexander/Documents/simplebot2/ros2_workspace/install/ds4_driver/share/ds4_driver/local_setup.dsv
-- Installing: /home/alexander/Documents/simplebot2/ros2_workspace/install/ds4_driver/share/ds4_driver/package.dsv
-- Installing: /home/alexander/Documents/simplebot2/ros2_workspace/install/ds4_driver/share/ament_index/resource_index/packages/ds4_driver
-- Installing: /home/alexander/Documents/simplebot2/ros2_workspace/install/ds4_driver/share/ds4_driver/cmake/ds4_driver__rosidl_generator_cExport.cmake
-- Installing: /home/alexander/Documents/simplebot2/ros2_workspace/install/ds4_driver/share/ds4_driver/cmake/ds4_driver__rosidl_generator_cExport-noconfig.cmake
-- Installing: /home/alexander/Documents/simplebot2/ros2_workspace/install/ds4_driver/share/ds4_driver/cmake/ds4_driver__rosidl_typesupport_introspection_cExport.cmake
-- Installing: /home/alexander/Documents/simplebot2/ros2_workspace/install/ds4_driver/share/ds4_driver/cmake/ds4_driver__rosidl_typesupport_introspection_cExport-noconfig.cmake
-- Installing: /home/alexander/Documents/simplebot2/ros2_workspace/install/ds4_driver/share/ds4_driver/cmake/ds4_driver__rosidl_typesupport_cExport.cmake
-- Installing: /home/alexander/Documents/simplebot2/ros2_workspace/install/ds4_driver/share/ds4_driver/cmake/ds4_driver__rosidl_typesupport_cExport-noconfig.cmake
-- Installing: /home/alexander/Documents/simplebot2/ros2_workspace/install/ds4_driver/share/ds4_driver/cmake/ds4_driver__rosidl_generator_cppExport.cmake
-- Installing: /home/alexander/Documents/simplebot2/ros2_workspace/install/ds4_driver/share/ds4_driver/cmake/ds4_driver__rosidl_typesupport_introspection_cppExport.cmake
-- Installing: /home/alexander/Documents/simplebot2/ros2_workspace/install/ds4_driver/share/ds4_driver/cmake/ds4_driver__rosidl_typesupport_introspection_cppExport-noconfig.cmake
-- Installing: /home/alexander/Documents/simplebot2/ros2_workspace/install/ds4_driver/share/ds4_driver/cmake/ds4_driver__rosidl_typesupport_cppExport.cmake
-- Installing: /home/alexander/Documents/simplebot2/ros2_workspace/install/ds4_driver/share/ds4_driver/cmake/ds4_driver__rosidl_typesupport_cppExport-noconfig.cmake
-- Installing: /home/alexander/Documents/simplebot2/ros2_workspace/install/ds4_driver/share/ds4_driver/cmake/rosidl_cmake-extras.cmake
-- Installing: /home/alexander/Documents/simplebot2/ros2_workspace/install/ds4_driver/share/ds4_driver/cmake/ament_cmake_export_dependencies-extras.cmake
-- Installing: /home/alexander/Documents/simplebot2/ros2_workspace/install/ds4_driver/share/ds4_driver/cmake/ament_cmake_export_libraries-extras.cmake
-- Installing: /home/alexander/Documents/simplebot2/ros2_workspace/install/ds4_driver/share/ds4_driver/cmake/ament_cmake_export_targets-extras.cmake
-- Installing: /home/alexander/Documents/simplebot2/ros2_workspace/install/ds4_driver/share/ds4_driver/cmake/ament_cmake_export_include_directories-extras.cmake
-- Installing: /home/alexander/Documents/simplebot2/ros2_workspace/install/ds4_driver/share/ds4_driver/cmake/rosidl_cmake_export_typesupport_libraries-extras.cmake
-- Installing: /home/alexander/Documents/simplebot2/ros2_workspace/install/ds4_driver/share/ds4_driver/cmake/rosidl_cmake_export_typesupport_targets-extras.cmake
-- Installing: /home/alexander/Documents/simplebot2/ros2_workspace/install/ds4_driver/share/ds4_driver/cmake/ds4_driverConfig.cmake
-- Installing: /home/alexander/Documents/simplebot2/ros2_workspace/install/ds4_driver/share/ds4_driver/cmake/ds4_driverConfig-version.cmake
-- Installing: /home/alexander/Documents/simplebot2/ros2_workspace/install/ds4_driver/share/ds4_driver/package.xml
