[0.243s] Invoking command in '/home/alexander/Documents/simplebot2/ros2_workspace/build/ds4_driver': CMAKE_PREFIX_PATH=${CMAKE_PREFIX_PATH}:/home/alexander/Documents/simplebot2/ros2_workspace/install/ds4drv:/home/alexander/Documents/simplebot2/ros2_workspace/install/test_nodes:/home/alexander/Documents/simplebot2/ros2_workspace/install/motor_controller /usr/local/bin/cmake /home/alexander/Documents/simplebot2/ros2_workspace/src/ds4_driver -DCMAKE_INSTALL_PREFIX=/home/alexander/Documents/simplebot2/ros2_workspace/install/ds4_driver
[3.016s] -- The C compiler identification is GNU 7.5.0
[3.017s] -- The CXX compiler identification is GNU 7.5.0
[3.017s] -- Detecting C compiler ABI info
[3.018s] -- Detecting C compiler ABI info - done
[3.019s] -- Check for working C compiler: /usr/bin/cc - skipped
[3.020s] -- Detecting C compile features
[3.020s] -- Detecting C compile features - done
[3.021s] -- Detecting CXX compiler ABI info
[3.022s] -- Detecting CXX compiler ABI info - done
[3.022s] -- Check for working CXX compiler: /usr/bin/c++ - skipped
[3.023s] -- Detecting CXX compile features
[3.024s] -- Detecting CXX compile features - done
[3.024s] -- Found ament_cmake: 1.1.6 (/opt/ros/galactic/install/share/ament_cmake/cmake)
[3.025s] -- Found PythonInterp: /usr/bin/python3 (found suitable version "3.6.9", minimum required is "3") 
[3.026s] -- Using PYTHON_EXECUTABLE: /usr/bin/python3
[3.057s] [33mCMake Warning (dev) at /opt/ros/galactic/install/share/ament_cmake_core/cmake/core/python.cmake:22 (find_package):
[3.058s]   Policy CMP0148 is not set: The FindPythonInterp and FindPythonLibs modules
[3.059s]   are removed.  Run "cmake --help-policy CMP0148" for policy details.  Use
[3.060s]   the cmake_policy command to set the policy and suppress this warning.
[3.061s] 
[3.061s] Call Stack (most recent call first):
[3.062s]   /opt/ros/galactic/install/share/ament_cmake_core/cmake/core/all.cmake:53 (include)
[3.063s]   /opt/ros/galactic/install/share/ament_cmake_core/cmake/ament_cmake_core-extras.cmake:17 (include)
[3.068s]   /opt/ros/galactic/install/share/ament_cmake_core/cmake/ament_cmake_coreConfig.cmake:41 (include)
[3.070s]   /opt/ros/galactic/install/share/ament_cmake/cmake/ament_cmake_export_dependencies-extras.cmake:15 (find_package)
[3.071s]   /opt/ros/galactic/install/share/ament_cmake/cmake/ament_cmakeConfig.cmake:41 (include)
[3.072s]   CMakeLists.txt:20 (find_package)
[3.072s] This warning is for project developers.  Use -Wno-dev to suppress it.
[3.073s] [0m
[3.932s] -- Found builtin_interfaces: 1.0.3 (/opt/ros/galactic/install/share/builtin_interfaces/cmake)
[4.175s] -- Using all available rosidl_typesupport_c: rosidl_typesupport_fastrtps_c;rosidl_typesupport_introspection_c
[4.258s] -- Found rosidl_adapter: 2.2.3 (/opt/ros/galactic/install/share/rosidl_adapter/cmake)
[4.745s] -- Found OpenSSL: /usr/lib/aarch64-linux-gnu/libcrypto.so (found version "1.1.1")  
[4.905s] -- Found FastRTPS: /opt/ros/galactic/install/include  
[5.543s] -- Using all available rosidl_typesupport_cpp: rosidl_typesupport_fastrtps_cpp;rosidl_typesupport_introspection_cpp
[5.838s] -- Found std_msgs: 2.2.4 (/opt/ros/galactic/install/share/std_msgs/cmake)
[6.023s] -- Found sensor_msgs: 2.2.4 (/opt/ros/galactic/install/share/sensor_msgs/cmake)
[7.752s] -- Found rosidl_default_generators: 1.1.1 (/opt/ros/galactic/install/share/rosidl_default_generators/cmake)
[7.885s] [33mCMake Warning (dev) at /opt/ros/galactic/install/share/rosidl_adapter/cmake/rosidl_adapt_interfaces.cmake:40 (find_package):
[7.889s]   Policy CMP0148 is not set: The FindPythonInterp and FindPythonLibs modules
[7.891s]   are removed.  Run "cmake --help-policy CMP0148" for policy details.  Use
[7.893s]   the cmake_policy command to set the policy and suppress this warning.
[7.897s] 
[7.904s] Call Stack (most recent call first):
[7.905s]   /opt/ros/galactic/install/share/rosidl_cmake/cmake/rosidl_generate_interfaces.cmake:130 (rosidl_adapt_interfaces)
[7.908s]   CMakeLists.txt:27 (rosidl_generate_interfaces)
[7.909s] This warning is for project developers.  Use -Wno-dev to suppress it.
[7.910s] [0m
[8.043s] -- Found PythonInterp: /usr/bin/python3 (found version "3.6.9") 
[11.263s] -- Found ament_cmake_ros: 0.9.2 (/opt/ros/galactic/install/share/ament_cmake_ros/cmake)
[14.552s] -- Using all available rosidl_typesupport_c: rosidl_typesupport_fastrtps_c;rosidl_typesupport_introspection_c
[16.410s] -- Using all available rosidl_typesupport_cpp: rosidl_typesupport_fastrtps_cpp;rosidl_typesupport_introspection_cpp
[16.457s] [33mCMake Warning (dev) at /opt/ros/galactic/install/share/rosidl_generator_py/cmake/rosidl_generator_py_generate_interfaces.cmake:20 (find_package):
[16.458s]   Policy CMP0148 is not set: The FindPythonInterp and FindPythonLibs modules
[16.458s]   are removed.  Run "cmake --help-policy CMP0148" for policy details.  Use
[16.459s]   the cmake_policy command to set the policy and suppress this warning.
[16.460s] 
[16.461s] Call Stack (most recent call first):
[16.461s]   /opt/ros/galactic/install/share/ament_cmake_core/cmake/core/ament_execute_extensions.cmake:48 (include)
[16.462s]   /opt/ros/galactic/install/share/rosidl_cmake/cmake/rosidl_generate_interfaces.cmake:286 (ament_execute_extensions)
[16.463s]   CMakeLists.txt:27 (rosidl_generate_interfaces)
[16.464s] This warning is for project developers.  Use -Wno-dev to suppress it.
[16.464s] [0m
[16.602s] -- Found PythonInterp: /usr/bin/python3 (found suitable version "3.6.9", minimum required is "3.5") 
[16.630s] -- Found python_cmake_module: 0.8.1 (/opt/ros/galactic/install/share/python_cmake_module/cmake)
[16.638s] [33mCMake Warning (dev) at /opt/ros/galactic/install/share/python_cmake_module/cmake/Modules/FindPythonExtra.cmake:45 (find_package):
[16.644s]   Policy CMP0148 is not set: The FindPythonInterp and FindPythonLibs modules
[16.649s]   are removed.  Run "cmake --help-policy CMP0148" for policy details.  Use
[16.652s]   the cmake_policy command to set the policy and suppress this warning.
[16.656s] 
[16.663s] Call Stack (most recent call first):
[16.666s]   /opt/ros/galactic/install/share/rosidl_generator_py/cmake/rosidl_generator_py_generate_interfaces.cmake:23 (find_package)
[16.669s]   /opt/ros/galactic/install/share/ament_cmake_core/cmake/core/ament_execute_extensions.cmake:48 (include)
[16.672s]   /opt/ros/galactic/install/share/rosidl_cmake/cmake/rosidl_generate_interfaces.cmake:286 (ament_execute_extensions)
[16.675s]   CMakeLists.txt:27 (rosidl_generate_interfaces)
[16.678s] This warning is for project developers.  Use -Wno-dev to suppress it.
[16.683s] [0m
[16.831s] [33mCMake Warning (dev) at /opt/ros/galactic/install/share/python_cmake_module/cmake/Modules/FindPythonExtra.cmake:133 (find_package):
[16.835s]   Policy CMP0148 is not set: The FindPythonInterp and FindPythonLibs modules
[16.839s]   are removed.  Run "cmake --help-policy CMP0148" for policy details.  Use
[16.846s]   the cmake_policy command to set the policy and suppress this warning.
[16.853s] 
[16.859s] Call Stack (most recent call first):
[16.865s]   /opt/ros/galactic/install/share/rosidl_generator_py/cmake/rosidl_generator_py_generate_interfaces.cmake:23 (find_package)
[16.869s]   /opt/ros/galactic/install/share/ament_cmake_core/cmake/core/ament_execute_extensions.cmake:48 (include)
[16.873s]   /opt/ros/galactic/install/share/rosidl_cmake/cmake/rosidl_generate_interfaces.cmake:286 (ament_execute_extensions)
[16.882s]   CMakeLists.txt:27 (rosidl_generate_interfaces)
[16.885s] This warning is for project developers.  Use -Wno-dev to suppress it.
[16.888s] [0m
[16.919s] -- Found PythonLibs: /usr/lib/aarch64-linux-gnu/libpython3.6m.so (found suitable version "3.6.9", minimum required is "3.5") 
[16.926s] -- Using PYTHON_EXECUTABLE: /usr/bin/python3
[16.930s] -- Using PYTHON_INCLUDE_DIRS: /usr/include/python3.6m
[16.933s] -- Using PYTHON_LIBRARIES: /usr/lib/aarch64-linux-gnu/libpython3.6m.so
[17.054s] -- Found PythonExtra: .so  
[20.448s] -- Using numpy include directory: /usr/local/lib/python3.6/dist-packages/numpy/core/include
[20.642s] -- Found ament_lint_auto: 0.10.7 (/opt/ros/galactic/install/share/ament_lint_auto/cmake)
[21.305s] -- Added test 'copyright' to check source files copyright and LICENSE
[21.462s] -- Added test 'flake8' to check Python code syntax and style conventions
[21.488s] -- Added test 'lint_cmake' to check CMake code style
[21.504s] -- Added test 'pep257' to check Python code against some of the style conventions in PEP 257
[21.626s] -- Added test 'xmllint' to check XML markup files
[21.664s] -- Configuring done (21.2s)
[22.387s] -- Generating done (0.6s)
[22.416s] -- Build files have been written to: /home/alexander/Documents/simplebot2/ros2_workspace/build/ds4_driver
[22.494s] Invoked command in '/home/alexander/Documents/simplebot2/ros2_workspace/build/ds4_driver' returned '0': CMAKE_PREFIX_PATH=${CMAKE_PREFIX_PATH}:/home/alexander/Documents/simplebot2/ros2_workspace/install/ds4drv:/home/alexander/Documents/simplebot2/ros2_workspace/install/test_nodes:/home/alexander/Documents/simplebot2/ros2_workspace/install/motor_controller /usr/local/bin/cmake /home/alexander/Documents/simplebot2/ros2_workspace/src/ds4_driver -DCMAKE_INSTALL_PREFIX=/home/alexander/Documents/simplebot2/ros2_workspace/install/ds4_driver
[22.514s] Invoking command in '/home/alexander/Documents/simplebot2/ros2_workspace/build/ds4_driver': CMAKE_PREFIX_PATH=${CMAKE_PREFIX_PATH}:/home/alexander/Documents/simplebot2/ros2_workspace/install/ds4drv:/home/alexander/Documents/simplebot2/ros2_workspace/install/test_nodes:/home/alexander/Documents/simplebot2/ros2_workspace/install/motor_controller /usr/local/bin/cmake --build /home/alexander/Documents/simplebot2/ros2_workspace/build/ds4_driver -- -j2 -l2
[23.065s] [  1%] [34m[1mGenerating C code for ROS interfaces[0m
[23.096s] [  3%] [34m[1mGenerating C++ code for ROS interfaces[0m
[36.844s] [  3%] Built target ds4_driver__cpp
[36.932s] [  5%] [32mBuilding C object CMakeFiles/ds4_driver__rosidl_generator_c.dir/rosidl_generator_c/ds4_driver/msg/detail/feedback__functions.c.o[0m
[37.144s] [  7%] [32mBuilding C object CMakeFiles/ds4_driver__rosidl_generator_c.dir/rosidl_generator_c/ds4_driver/msg/detail/status__functions.c.o[0m
[37.414s] [  9%] [32mBuilding C object CMakeFiles/ds4_driver__rosidl_generator_c.dir/rosidl_generator_c/ds4_driver/msg/detail/report__functions.c.o[0m
[37.660s] [ 10%] [32mBuilding C object CMakeFiles/ds4_driver__rosidl_generator_c.dir/rosidl_generator_c/ds4_driver/msg/detail/trackpad__functions.c.o[0m
[37.857s] [ 12%] [32m[1mLinking C shared library libds4_driver__rosidl_generator_c.so[0m
[38.071s] [ 12%] Built target ds4_driver__rosidl_generator_c
[38.128s] [ 12%] Built target ament_cmake_python_copy_ds4_driver
[38.155s] [ 14%] [34m[1mGenerating C++ type support dispatch for ROS interfaces[0m
[45.096s] [ 16%] [32mBuilding CXX object CMakeFiles/ds4_driver__rosidl_typesupport_cpp.dir/rosidl_typesupport_cpp/ds4_driver/msg/feedback__type_support.cpp.o[0m
[46.469s] [ 18%] [32mBuilding CXX object CMakeFiles/ds4_driver__rosidl_typesupport_cpp.dir/rosidl_typesupport_cpp/ds4_driver/msg/status__type_support.cpp.o[0m
[47.802s] [ 20%] [32mBuilding CXX object CMakeFiles/ds4_driver__rosidl_typesupport_cpp.dir/rosidl_typesupport_cpp/ds4_driver/msg/report__type_support.cpp.o[0m
[49.086s] [ 21%] [32mBuilding CXX object CMakeFiles/ds4_driver__rosidl_typesupport_cpp.dir/rosidl_typesupport_cpp/ds4_driver/msg/trackpad__type_support.cpp.o[0m
[50.360s] [ 23%] [32m[1mLinking CXX shared library libds4_driver__rosidl_typesupport_cpp.so[0m
[50.518s] [ 23%] Built target ds4_driver__rosidl_typesupport_cpp
[50.546s] [ 25%] [34m[1mGenerating C++ type support for eProsima Fast-RTPS[0m
[56.551s] [ 27%] [34m[1mGenerating C introspection for ROS interfaces[0m
[58.955s] [ 29%] [32mBuilding CXX object CMakeFiles/ds4_driver__rosidl_typesupport_fastrtps_cpp.dir/rosidl_typesupport_fastrtps_cpp/ds4_driver/msg/detail/dds_fastrtps/feedback__type_support.cpp.o[0m
[61.184s] [ 30%] [32mBuilding CXX object CMakeFiles/ds4_driver__rosidl_typesupport_fastrtps_cpp.dir/rosidl_typesupport_fastrtps_cpp/ds4_driver/msg/detail/dds_fastrtps/status__type_support.cpp.o[0m
[63.502s] [ 32%] [32mBuilding CXX object CMakeFiles/ds4_driver__rosidl_typesupport_fastrtps_cpp.dir/rosidl_typesupport_fastrtps_cpp/ds4_driver/msg/detail/dds_fastrtps/report__type_support.cpp.o[0m
[64.694s] [ 34%] [32mBuilding C object CMakeFiles/ds4_driver__rosidl_typesupport_introspection_c.dir/rosidl_typesupport_introspection_c/ds4_driver/msg/detail/feedback__type_support.c.o[0m
[64.867s] [ 36%] [32mBuilding C object CMakeFiles/ds4_driver__rosidl_typesupport_introspection_c.dir/rosidl_typesupport_introspection_c/ds4_driver/msg/detail/status__type_support.c.o[0m
[65.067s] [ 38%] [32mBuilding C object CMakeFiles/ds4_driver__rosidl_typesupport_introspection_c.dir/rosidl_typesupport_introspection_c/ds4_driver/msg/detail/report__type_support.c.o[0m
[65.265s] [ 40%] [32mBuilding C object CMakeFiles/ds4_driver__rosidl_typesupport_introspection_c.dir/rosidl_typesupport_introspection_c/ds4_driver/msg/detail/trackpad__type_support.c.o[0m
[65.440s] [ 41%] [32m[1mLinking C shared library libds4_driver__rosidl_typesupport_introspection_c.so[0m
[65.566s] [ 41%] Built target ds4_driver__rosidl_typesupport_introspection_c
[65.591s] [ 43%] [34m[1mGenerating C type support dispatch for ROS interfaces[0m
[65.911s] [ 45%] [32mBuilding CXX object CMakeFiles/ds4_driver__rosidl_typesupport_fastrtps_cpp.dir/rosidl_typesupport_fastrtps_cpp/ds4_driver/msg/detail/dds_fastrtps/trackpad__type_support.cpp.o[0m
[68.038s] [ 47%] [32m[1mLinking CXX shared library libds4_driver__rosidl_typesupport_fastrtps_cpp.so[0m
[68.580s] [ 47%] Built target ds4_driver__rosidl_typesupport_fastrtps_cpp
[68.618s] [ 49%] [34m[1mGenerating C++ introspection for ROS interfaces[0m
[73.793s] [ 50%] [32mBuilding CXX object CMakeFiles/ds4_driver__rosidl_typesupport_c.dir/rosidl_typesupport_c/ds4_driver/msg/feedback__type_support.cpp.o[0m
[73.927s] [ 52%] [32mBuilding CXX object CMakeFiles/ds4_driver__rosidl_typesupport_c.dir/rosidl_typesupport_c/ds4_driver/msg/status__type_support.cpp.o[0m
[74.086s] [ 54%] [32mBuilding CXX object CMakeFiles/ds4_driver__rosidl_typesupport_c.dir/rosidl_typesupport_c/ds4_driver/msg/report__type_support.cpp.o[0m
[74.243s] [ 56%] [32mBuilding CXX object CMakeFiles/ds4_driver__rosidl_typesupport_c.dir/rosidl_typesupport_c/ds4_driver/msg/trackpad__type_support.cpp.o[0m
[74.383s] [ 58%] [32m[1mLinking CXX shared library libds4_driver__rosidl_typesupport_c.so[0m
[74.548s] [ 58%] Built target ds4_driver__rosidl_typesupport_c
[76.673s] running egg_info
[76.681s] creating ds4_driver.egg-info
[76.686s] writing ds4_driver.egg-info/PKG-INFO
[76.690s] writing dependency_links to ds4_driver.egg-info/dependency_links.txt
[76.694s] writing top-level names to ds4_driver.egg-info/top_level.txt
[76.707s] writing manifest file 'ds4_driver.egg-info/SOURCES.txt'
[76.723s] reading manifest file 'ds4_driver.egg-info/SOURCES.txt'
[76.732s] writing manifest file 'ds4_driver.egg-info/SOURCES.txt'
[76.880s] [ 58%] Built target ament_cmake_python_build_ds4_driver_egg
[76.924s] [ 60%] [34m[1mGenerating C type support for eProsima Fast-RTPS[0m
[77.052s] [ 61%] [32mBuilding CXX object CMakeFiles/ds4_driver__rosidl_typesupport_introspection_cpp.dir/rosidl_typesupport_introspection_cpp/ds4_driver/msg/detail/feedback__type_support.cpp.o[0m
[78.823s] [ 63%] [32mBuilding CXX object CMakeFiles/ds4_driver__rosidl_typesupport_introspection_cpp.dir/rosidl_typesupport_introspection_cpp/ds4_driver/msg/detail/status__type_support.cpp.o[0m
[80.442s] [ 65%] [32mBuilding CXX object CMakeFiles/ds4_driver__rosidl_typesupport_introspection_cpp.dir/rosidl_typesupport_introspection_cpp/ds4_driver/msg/detail/report__type_support.cpp.o[0m
[83.049s] [ 67%] [32mBuilding CXX object CMakeFiles/ds4_driver__rosidl_typesupport_introspection_cpp.dir/rosidl_typesupport_introspection_cpp/ds4_driver/msg/detail/trackpad__type_support.cpp.o[0m
[85.030s] [ 69%] [32m[1mLinking CXX shared library libds4_driver__rosidl_typesupport_introspection_cpp.so[0m
[85.339s] [ 69%] Built target ds4_driver__rosidl_typesupport_introspection_cpp
[87.502s] [ 70%] [32mBuilding CXX object CMakeFiles/ds4_driver__rosidl_typesupport_fastrtps_c.dir/rosidl_typesupport_fastrtps_c/ds4_driver/msg/detail/status__type_support_c.cpp.o[0m
[87.509s] [ 72%] [32mBuilding CXX object CMakeFiles/ds4_driver__rosidl_typesupport_fastrtps_c.dir/rosidl_typesupport_fastrtps_c/ds4_driver/msg/detail/feedback__type_support_c.cpp.o[0m
[89.310s] [ 74%] [32mBuilding CXX object CMakeFiles/ds4_driver__rosidl_typesupport_fastrtps_c.dir/rosidl_typesupport_fastrtps_c/ds4_driver/msg/detail/report__type_support_c.cpp.o[0m
[89.581s] [ 76%] [32mBuilding CXX object CMakeFiles/ds4_driver__rosidl_typesupport_fastrtps_c.dir/rosidl_typesupport_fastrtps_c/ds4_driver/msg/detail/trackpad__type_support_c.cpp.o[0m
[91.376s] [ 78%] [32m[1mLinking CXX shared library libds4_driver__rosidl_typesupport_fastrtps_c.so[0m
[91.754s] [ 78%] Built target ds4_driver__rosidl_typesupport_fastrtps_c
[91.797s] [ 78%] Built target ds4_driver
[91.849s] [ 80%] [34m[1mGenerating Python code for ROS interfaces[0m
[110.371s] [ 80%] Built target ds4_driver__py
[110.424s] [ 81%] [32mBuilding C object CMakeFiles/ds4_driver__python.dir/rosidl_generator_py/ds4_driver/msg/_feedback_s.c.o[0m
[111.070s] [ 83%] [32mBuilding C object CMakeFiles/ds4_driver__python.dir/rosidl_generator_py/ds4_driver/msg/_status_s.c.o[0m
[112.025s] [ 85%] [32mBuilding C object CMakeFiles/ds4_driver__python.dir/rosidl_generator_py/ds4_driver/msg/_report_s.c.o[0m
[113.003s] [ 87%] [32mBuilding C object CMakeFiles/ds4_driver__python.dir/rosidl_generator_py/ds4_driver/msg/_trackpad_s.c.o[0m
[113.603s] [ 89%] [32m[1mLinking C shared library rosidl_generator_py/ds4_driver/libds4_driver__python.so[0m
[113.970s] [ 89%] Built target ds4_driver__python
[114.052s] [ 90%] [32mBuilding C object CMakeFiles/ds4_driver__rosidl_typesupport_fastrtps_c__pyext.dir/rosidl_generator_py/ds4_driver/_ds4_driver_s.ep.rosidl_typesupport_fastrtps_c.c.o[0m
[114.864s] [ 92%] [32m[1mLinking CXX shared library rosidl_generator_py/ds4_driver/ds4_driver_s__rosidl_typesupport_fastrtps_c.cpython-36m-aarch64-linux-gnu.so[0m
[115.276s] [ 92%] Built target ds4_driver__rosidl_typesupport_fastrtps_c__pyext
[115.321s] [ 94%] [32mBuilding C object CMakeFiles/ds4_driver__rosidl_typesupport_introspection_c__pyext.dir/rosidl_generator_py/ds4_driver/_ds4_driver_s.ep.rosidl_typesupport_introspection_c.c.o[0m
[115.840s] [ 96%] [32m[1mLinking C shared library rosidl_generator_py/ds4_driver/ds4_driver_s__rosidl_typesupport_introspection_c.cpython-36m-aarch64-linux-gnu.so[0m
[116.100s] [ 96%] Built target ds4_driver__rosidl_typesupport_introspection_c__pyext
[116.154s] [ 98%] [32mBuilding C object CMakeFiles/ds4_driver__rosidl_typesupport_c__pyext.dir/rosidl_generator_py/ds4_driver/_ds4_driver_s.ep.rosidl_typesupport_c.c.o[0m
[116.680s] [100%] [32m[1mLinking C shared library rosidl_generator_py/ds4_driver/ds4_driver_s__rosidl_typesupport_c.cpython-36m-aarch64-linux-gnu.so[0m
[116.936s] [100%] Built target ds4_driver__rosidl_typesupport_c__pyext
[117.065s] Invoked command in '/home/alexander/Documents/simplebot2/ros2_workspace/build/ds4_driver' returned '0': CMAKE_PREFIX_PATH=${CMAKE_PREFIX_PATH}:/home/alexander/Documents/simplebot2/ros2_workspace/install/ds4drv:/home/alexander/Documents/simplebot2/ros2_workspace/install/test_nodes:/home/alexander/Documents/simplebot2/ros2_workspace/install/motor_controller /usr/local/bin/cmake --build /home/alexander/Documents/simplebot2/ros2_workspace/build/ds4_driver -- -j2 -l2
[118.225s] Invoking command in '/home/alexander/Documents/simplebot2/ros2_workspace/build/ds4_driver': CMAKE_PREFIX_PATH=${CMAKE_PREFIX_PATH}:/home/alexander/Documents/simplebot2/ros2_workspace/install/ds4drv:/home/alexander/Documents/simplebot2/ros2_workspace/install/test_nodes:/home/alexander/Documents/simplebot2/ros2_workspace/install/motor_controller /usr/local/bin/cmake --install /home/alexander/Documents/simplebot2/ros2_workspace/build/ds4_driver
[118.456s] -- Install configuration: ""
[118.457s] -- Installing: /home/alexander/Documents/simplebot2/ros2_workspace/install/ds4_driver/share/ament_index/resource_index/rosidl_interfaces/ds4_driver
[118.458s] -- Installing: /home/alexander/Documents/simplebot2/ros2_workspace/install/ds4_driver/include/ds4_driver
[118.459s] -- Installing: /home/alexander/Documents/simplebot2/ros2_workspace/install/ds4_driver/include/ds4_driver/msg
[118.460s] -- Installing: /home/alexander/Documents/simplebot2/ros2_workspace/install/ds4_driver/include/ds4_driver/msg/report.h
[118.461s] -- Installing: /home/alexander/Documents/simplebot2/ros2_workspace/install/ds4_driver/include/ds4_driver/msg/feedback.h
[118.461s] -- Installing: /home/alexander/Documents/simplebot2/ros2_workspace/install/ds4_driver/include/ds4_driver/msg/trackpad.h
[118.462s] -- Installing: /home/alexander/Documents/simplebot2/ros2_workspace/install/ds4_driver/include/ds4_driver/msg/status.h
[118.463s] -- Installing: /home/alexander/Documents/simplebot2/ros2_workspace/install/ds4_driver/include/ds4_driver/msg/detail
[118.464s] -- Installing: /home/alexander/Documents/simplebot2/ros2_workspace/install/ds4_driver/include/ds4_driver/msg/detail/report__functions.h
[118.465s] -- Installing: /home/alexander/Documents/simplebot2/ros2_workspace/install/ds4_driver/include/ds4_driver/msg/detail/feedback__functions.c
[118.466s] -- Installing: /home/alexander/Documents/simplebot2/ros2_workspace/install/ds4_driver/include/ds4_driver/msg/detail/trackpad__functions.h
[118.466s] -- Installing: /home/alexander/Documents/simplebot2/ros2_workspace/install/ds4_driver/include/ds4_driver/msg/detail/feedback__type_support.h
[118.467s] -- Installing: /home/alexander/Documents/simplebot2/ros2_workspace/install/ds4_driver/include/ds4_driver/msg/detail/report__functions.c
[118.468s] -- Installing: /home/alexander/Documents/simplebot2/ros2_workspace/install/ds4_driver/include/ds4_driver/msg/detail/status__functions.c
[118.469s] -- Installing: /home/alexander/Documents/simplebot2/ros2_workspace/install/ds4_driver/include/ds4_driver/msg/detail/feedback__functions.h
[118.482s] -- Installing: /home/alexander/Documents/simplebot2/ros2_workspace/install/ds4_driver/include/ds4_driver/msg/detail/status__functions.h
[118.483s] -- Installing: /home/alexander/Documents/simplebot2/ros2_workspace/install/ds4_driver/include/ds4_driver/msg/detail/feedback__struct.h
[118.484s] -- Installing: /home/alexander/Documents/simplebot2/ros2_workspace/install/ds4_driver/include/ds4_driver/msg/detail/status__struct.h
[118.485s] -- Installing: /home/alexander/Documents/simplebot2/ros2_workspace/install/ds4_driver/include/ds4_driver/msg/detail/status__type_support.h
[118.489s] -- Installing: /home/alexander/Documents/simplebot2/ros2_workspace/install/ds4_driver/include/ds4_driver/msg/detail/report__struct.h
[118.490s] -- Installing: /home/alexander/Documents/simplebot2/ros2_workspace/install/ds4_driver/include/ds4_driver/msg/detail/report__type_support.h
[118.490s] -- Installing: /home/alexander/Documents/simplebot2/ros2_workspace/install/ds4_driver/include/ds4_driver/msg/detail/trackpad__type_support.h
[118.491s] -- Installing: /home/alexander/Documents/simplebot2/ros2_workspace/install/ds4_driver/include/ds4_driver/msg/detail/trackpad__functions.c
[118.492s] -- Installing: /home/alexander/Documents/simplebot2/ros2_workspace/install/ds4_driver/include/ds4_driver/msg/detail/trackpad__struct.h
[118.502s] -- Installing: /home/alexander/Documents/simplebot2/ros2_workspace/install/ds4_driver/include/ds4_driver/msg/rosidl_generator_c__visibility_control.h
[118.503s] -- Installing: /home/alexander/Documents/simplebot2/ros2_workspace/install/ds4_driver/share/ds4_driver/environment/library_path.sh
[118.533s] -- Installing: /home/alexander/Documents/simplebot2/ros2_workspace/install/ds4_driver/share/ds4_driver/environment/library_path.dsv
[118.534s] -- Installing: /home/alexander/Documents/simplebot2/ros2_workspace/install/ds4_driver/lib/libds4_driver__rosidl_generator_c.so
[118.539s] -- Set runtime path of "/home/alexander/Documents/simplebot2/ros2_workspace/install/ds4_driver/lib/libds4_driver__rosidl_generator_c.so" to ""
[118.543s] -- Up-to-date: /home/alexander/Documents/simplebot2/ros2_workspace/install/ds4_driver/include/ds4_driver
[118.552s] -- Up-to-date: /home/alexander/Documents/simplebot2/ros2_workspace/install/ds4_driver/include/ds4_driver/msg
[118.553s] -- Installing: /home/alexander/Documents/simplebot2/ros2_workspace/install/ds4_driver/include/ds4_driver/msg/rosidl_typesupport_fastrtps_c__visibility_control.h
[118.560s] -- Up-to-date: /home/alexander/Documents/simplebot2/ros2_workspace/install/ds4_driver/include/ds4_driver/msg/detail
[118.561s] -- Installing: /home/alexander/Documents/simplebot2/ros2_workspace/install/ds4_driver/include/ds4_driver/msg/detail/trackpad__rosidl_typesupport_fastrtps_c.h
[118.562s] -- Installing: /home/alexander/Documents/simplebot2/ros2_workspace/install/ds4_driver/include/ds4_driver/msg/detail/status__rosidl_typesupport_fastrtps_c.h
[118.572s] -- Installing: /home/alexander/Documents/simplebot2/ros2_workspace/install/ds4_driver/include/ds4_driver/msg/detail/report__rosidl_typesupport_fastrtps_c.h
[118.572s] -- Installing: /home/alexander/Documents/simplebot2/ros2_workspace/install/ds4_driver/include/ds4_driver/msg/detail/feedback__rosidl_typesupport_fastrtps_c.h
[118.579s] -- Installing: /home/alexander/Documents/simplebot2/ros2_workspace/install/ds4_driver/lib/libds4_driver__rosidl_typesupport_fastrtps_c.so
[118.580s] -- Set runtime path of "/home/alexander/Documents/simplebot2/ros2_workspace/install/ds4_driver/lib/libds4_driver__rosidl_typesupport_fastrtps_c.so" to ""
[118.585s] -- Up-to-date: /home/alexander/Documents/simplebot2/ros2_workspace/install/ds4_driver/include/ds4_driver
[118.586s] -- Up-to-date: /home/alexander/Documents/simplebot2/ros2_workspace/install/ds4_driver/include/ds4_driver/msg
[118.587s] -- Installing: /home/alexander/Documents/simplebot2/ros2_workspace/install/ds4_driver/include/ds4_driver/msg/rosidl_typesupport_fastrtps_cpp__visibility_control.h
[118.588s] -- Up-to-date: /home/alexander/Documents/simplebot2/ros2_workspace/install/ds4_driver/include/ds4_driver/msg/detail
[118.589s] -- Installing: /home/alexander/Documents/simplebot2/ros2_workspace/install/ds4_driver/include/ds4_driver/msg/detail/status__rosidl_typesupport_fastrtps_cpp.hpp
[118.590s] -- Installing: /home/alexander/Documents/simplebot2/ros2_workspace/install/ds4_driver/include/ds4_driver/msg/detail/report__rosidl_typesupport_fastrtps_cpp.hpp
[118.600s] -- Installing: /home/alexander/Documents/simplebot2/ros2_workspace/install/ds4_driver/include/ds4_driver/msg/detail/feedback__rosidl_typesupport_fastrtps_cpp.hpp
[118.601s] -- Installing: /home/alexander/Documents/simplebot2/ros2_workspace/install/ds4_driver/include/ds4_driver/msg/detail/dds_fastrtps
[118.601s] -- Installing: /home/alexander/Documents/simplebot2/ros2_workspace/install/ds4_driver/include/ds4_driver/msg/detail/trackpad__rosidl_typesupport_fastrtps_cpp.hpp
[118.602s] -- Installing: /home/alexander/Documents/simplebot2/ros2_workspace/install/ds4_driver/lib/libds4_driver__rosidl_typesupport_fastrtps_cpp.so
[118.603s] -- Set runtime path of "/home/alexander/Documents/simplebot2/ros2_workspace/install/ds4_driver/lib/libds4_driver__rosidl_typesupport_fastrtps_cpp.so" to ""
[118.616s] -- Up-to-date: /home/alexander/Documents/simplebot2/ros2_workspace/install/ds4_driver/include/ds4_driver
[118.617s] -- Up-to-date: /home/alexander/Documents/simplebot2/ros2_workspace/install/ds4_driver/include/ds4_driver/msg
[118.617s] -- Up-to-date: /home/alexander/Documents/simplebot2/ros2_workspace/install/ds4_driver/include/ds4_driver/msg/detail
[118.618s] -- Installing: /home/alexander/Documents/simplebot2/ros2_workspace/install/ds4_driver/include/ds4_driver/msg/detail/status__type_support.c
[118.619s] -- Installing: /home/alexander/Documents/simplebot2/ros2_workspace/install/ds4_driver/include/ds4_driver/msg/detail/trackpad__type_support.c
[118.620s] -- Installing: /home/alexander/Documents/simplebot2/ros2_workspace/install/ds4_driver/include/ds4_driver/msg/detail/feedback__type_support.c
[118.620s] -- Installing: /home/alexander/Documents/simplebot2/ros2_workspace/install/ds4_driver/include/ds4_driver/msg/detail/status__rosidl_typesupport_introspection_c.h
[118.621s] -- Installing: /home/alexander/Documents/simplebot2/ros2_workspace/install/ds4_driver/include/ds4_driver/msg/detail/trackpad__rosidl_typesupport_introspection_c.h
[118.622s] -- Installing: /home/alexander/Documents/simplebot2/ros2_workspace/install/ds4_driver/include/ds4_driver/msg/detail/feedback__rosidl_typesupport_introspection_c.h
[118.623s] -- Installing: /home/alexander/Documents/simplebot2/ros2_workspace/install/ds4_driver/include/ds4_driver/msg/detail/report__type_support.c
[118.640s] -- Installing: /home/alexander/Documents/simplebot2/ros2_workspace/install/ds4_driver/include/ds4_driver/msg/detail/report__rosidl_typesupport_introspection_c.h
[118.640s] -- Installing: /home/alexander/Documents/simplebot2/ros2_workspace/install/ds4_driver/include/ds4_driver/msg/rosidl_typesupport_introspection_c__visibility_control.h
[118.641s] -- Installing: /home/alexander/Documents/simplebot2/ros2_workspace/install/ds4_driver/lib/libds4_driver__rosidl_typesupport_introspection_c.so
[118.642s] -- Set runtime path of "/home/alexander/Documents/simplebot2/ros2_workspace/install/ds4_driver/lib/libds4_driver__rosidl_typesupport_introspection_c.so" to ""
[118.643s] -- Installing: /home/alexander/Documents/simplebot2/ros2_workspace/install/ds4_driver/lib/libds4_driver__rosidl_typesupport_c.so
[118.643s] -- Set runtime path of "/home/alexander/Documents/simplebot2/ros2_workspace/install/ds4_driver/lib/libds4_driver__rosidl_typesupport_c.so" to ""
[118.644s] -- Up-to-date: /home/alexander/Documents/simplebot2/ros2_workspace/install/ds4_driver/include/ds4_driver
[118.645s] -- Up-to-date: /home/alexander/Documents/simplebot2/ros2_workspace/install/ds4_driver/include/ds4_driver/msg
[118.646s] -- Installing: /home/alexander/Documents/simplebot2/ros2_workspace/install/ds4_driver/include/ds4_driver/msg/trackpad.hpp
[118.646s] -- Installing: /home/alexander/Documents/simplebot2/ros2_workspace/install/ds4_driver/include/ds4_driver/msg/feedback.hpp
[118.647s] -- Up-to-date: /home/alexander/Documents/simplebot2/ros2_workspace/install/ds4_driver/include/ds4_driver/msg/detail
[118.660s] -- Installing: /home/alexander/Documents/simplebot2/ros2_workspace/install/ds4_driver/include/ds4_driver/msg/detail/status__builder.hpp
[118.661s] -- Installing: /home/alexander/Documents/simplebot2/ros2_workspace/install/ds4_driver/include/ds4_driver/msg/detail/trackpad__traits.hpp
[118.662s] -- Installing: /home/alexander/Documents/simplebot2/ros2_workspace/install/ds4_driver/include/ds4_driver/msg/detail/report__builder.hpp
[118.662s] -- Installing: /home/alexander/Documents/simplebot2/ros2_workspace/install/ds4_driver/include/ds4_driver/msg/detail/trackpad__struct.hpp
[118.663s] -- Installing: /home/alexander/Documents/simplebot2/ros2_workspace/install/ds4_driver/include/ds4_driver/msg/detail/status__traits.hpp
[118.672s] -- Installing: /home/alexander/Documents/simplebot2/ros2_workspace/install/ds4_driver/include/ds4_driver/msg/detail/feedback__struct.hpp
[118.673s] -- Installing: /home/alexander/Documents/simplebot2/ros2_workspace/install/ds4_driver/include/ds4_driver/msg/detail/report__struct.hpp
[118.673s] -- Installing: /home/alexander/Documents/simplebot2/ros2_workspace/install/ds4_driver/include/ds4_driver/msg/detail/feedback__builder.hpp
[118.674s] -- Installing: /home/alexander/Documents/simplebot2/ros2_workspace/install/ds4_driver/include/ds4_driver/msg/detail/trackpad__builder.hpp
[118.675s] -- Installing: /home/alexander/Documents/simplebot2/ros2_workspace/install/ds4_driver/include/ds4_driver/msg/detail/feedback__traits.hpp
[118.684s] -- Installing: /home/alexander/Documents/simplebot2/ros2_workspace/install/ds4_driver/include/ds4_driver/msg/detail/status__struct.hpp
[118.685s] -- Installing: /home/alexander/Documents/simplebot2/ros2_workspace/install/ds4_driver/include/ds4_driver/msg/detail/report__traits.hpp
[118.685s] -- Installing: /home/alexander/Documents/simplebot2/ros2_workspace/install/ds4_driver/include/ds4_driver/msg/report.hpp
[118.686s] -- Installing: /home/alexander/Documents/simplebot2/ros2_workspace/install/ds4_driver/include/ds4_driver/msg/status.hpp
[118.694s] -- Up-to-date: /home/alexander/Documents/simplebot2/ros2_workspace/install/ds4_driver/include/ds4_driver
[118.698s] -- Up-to-date: /home/alexander/Documents/simplebot2/ros2_workspace/install/ds4_driver/include/ds4_driver/msg
[118.699s] -- Up-to-date: /home/alexander/Documents/simplebot2/ros2_workspace/install/ds4_driver/include/ds4_driver/msg/detail
[118.700s] -- Installing: /home/alexander/Documents/simplebot2/ros2_workspace/install/ds4_driver/include/ds4_driver/msg/detail/report__rosidl_typesupport_introspection_cpp.hpp
[118.700s] -- Installing: /home/alexander/Documents/simplebot2/ros2_workspace/install/ds4_driver/include/ds4_driver/msg/detail/trackpad__rosidl_typesupport_introspection_cpp.hpp
[118.701s] -- Installing: /home/alexander/Documents/simplebot2/ros2_workspace/install/ds4_driver/include/ds4_driver/msg/detail/trackpad__type_support.cpp
[118.702s] -- Installing: /home/alexander/Documents/simplebot2/ros2_workspace/install/ds4_driver/include/ds4_driver/msg/detail/feedback__rosidl_typesupport_introspection_cpp.hpp
[118.702s] -- Installing: /home/alexander/Documents/simplebot2/ros2_workspace/install/ds4_driver/include/ds4_driver/msg/detail/report__type_support.cpp
[118.715s] -- Installing: /home/alexander/Documents/simplebot2/ros2_workspace/install/ds4_driver/include/ds4_driver/msg/detail/status__rosidl_typesupport_introspection_cpp.hpp
[118.716s] -- Installing: /home/alexander/Documents/simplebot2/ros2_workspace/install/ds4_driver/include/ds4_driver/msg/detail/feedback__type_support.cpp
[118.717s] -- Installing: /home/alexander/Documents/simplebot2/ros2_workspace/install/ds4_driver/include/ds4_driver/msg/detail/status__type_support.cpp
[118.718s] -- Installing: /home/alexander/Documents/simplebot2/ros2_workspace/install/ds4_driver/lib/libds4_driver__rosidl_typesupport_introspection_cpp.so
[118.719s] -- Set runtime path of "/home/alexander/Documents/simplebot2/ros2_workspace/install/ds4_driver/lib/libds4_driver__rosidl_typesupport_introspection_cpp.so" to ""
[118.728s] -- Installing: /home/alexander/Documents/simplebot2/ros2_workspace/install/ds4_driver/lib/libds4_driver__rosidl_typesupport_cpp.so
[118.729s] -- Set runtime path of "/home/alexander/Documents/simplebot2/ros2_workspace/install/ds4_driver/lib/libds4_driver__rosidl_typesupport_cpp.so" to ""
[118.729s] -- Installing: /home/alexander/Documents/simplebot2/ros2_workspace/install/ds4_driver/share/ds4_driver/environment/pythonpath.sh
[118.730s] -- Installing: /home/alexander/Documents/simplebot2/ros2_workspace/install/ds4_driver/share/ds4_driver/environment/pythonpath.dsv
[118.731s] -- Installing: /home/alexander/Documents/simplebot2/ros2_workspace/install/ds4_driver/lib/python3.6/site-packages/ds4_driver/__init__.py
[118.882s] Compiling '/home/alexander/Documents/simplebot2/ros2_workspace/install/ds4_driver/lib/python3.6/site-packages/ds4_driver/__init__.py'...
[118.912s] -- Installing: /home/alexander/Documents/simplebot2/ros2_workspace/install/ds4_driver/lib/python3.6/site-packages/ds4_driver/msg
[118.913s] -- Installing: /home/alexander/Documents/simplebot2/ros2_workspace/install/ds4_driver/lib/python3.6/site-packages/ds4_driver/msg/_status.py
[118.914s] -- Installing: /home/alexander/Documents/simplebot2/ros2_workspace/install/ds4_driver/lib/python3.6/site-packages/ds4_driver/msg/__init__.py
[118.915s] -- Installing: /home/alexander/Documents/simplebot2/ros2_workspace/install/ds4_driver/lib/python3.6/site-packages/ds4_driver/msg/_report_s.c
[118.921s] -- Installing: /home/alexander/Documents/simplebot2/ros2_workspace/install/ds4_driver/lib/python3.6/site-packages/ds4_driver/msg/_trackpad_s.c
[118.926s] -- Installing: /home/alexander/Documents/simplebot2/ros2_workspace/install/ds4_driver/lib/python3.6/site-packages/ds4_driver/msg/_status_s.c
[118.927s] -- Installing: /home/alexander/Documents/simplebot2/ros2_workspace/install/ds4_driver/lib/python3.6/site-packages/ds4_driver/msg/_report.py
[118.928s] -- Installing: /home/alexander/Documents/simplebot2/ros2_workspace/install/ds4_driver/lib/python3.6/site-packages/ds4_driver/msg/_trackpad.py
[118.929s] -- Installing: /home/alexander/Documents/simplebot2/ros2_workspace/install/ds4_driver/lib/python3.6/site-packages/ds4_driver/msg/_feedback.py
[118.930s] -- Installing: /home/alexander/Documents/simplebot2/ros2_workspace/install/ds4_driver/lib/python3.6/site-packages/ds4_driver/msg/_feedback_s.c
[118.930s] -- Installing: /home/alexander/Documents/simplebot2/ros2_workspace/install/ds4_driver/lib/python3.6/site-packages/ds4_driver/ds4_driver_s__rosidl_typesupport_fastrtps_c.cpython-36m-aarch64-linux-gnu.so
[118.936s] -- Set runtime path of "/home/alexander/Documents/simplebot2/ros2_workspace/install/ds4_driver/lib/python3.6/site-packages/ds4_driver/ds4_driver_s__rosidl_typesupport_fastrtps_c.cpython-36m-aarch64-linux-gnu.so" to ""
[118.937s] -- Installing: /home/alexander/Documents/simplebot2/ros2_workspace/install/ds4_driver/lib/python3.6/site-packages/ds4_driver/ds4_driver_s__rosidl_typesupport_introspection_c.cpython-36m-aarch64-linux-gnu.so
[118.941s] -- Set runtime path of "/home/alexander/Documents/simplebot2/ros2_workspace/install/ds4_driver/lib/python3.6/site-packages/ds4_driver/ds4_driver_s__rosidl_typesupport_introspection_c.cpython-36m-aarch64-linux-gnu.so" to ""
[118.943s] -- Installing: /home/alexander/Documents/simplebot2/ros2_workspace/install/ds4_driver/lib/python3.6/site-packages/ds4_driver/ds4_driver_s__rosidl_typesupport_c.cpython-36m-aarch64-linux-gnu.so
[118.946s] -- Set runtime path of "/home/alexander/Documents/simplebot2/ros2_workspace/install/ds4_driver/lib/python3.6/site-packages/ds4_driver/ds4_driver_s__rosidl_typesupport_c.cpython-36m-aarch64-linux-gnu.so" to ""
[118.948s] -- Installing: /home/alexander/Documents/simplebot2/ros2_workspace/install/ds4_driver/lib/libds4_driver__python.so
[118.952s] -- Set runtime path of "/home/alexander/Documents/simplebot2/ros2_workspace/install/ds4_driver/lib/libds4_driver__python.so" to ""
[118.954s] -- Installing: /home/alexander/Documents/simplebot2/ros2_workspace/install/ds4_driver/share/ds4_driver/msg/Feedback.idl
[118.957s] -- Installing: /home/alexander/Documents/simplebot2/ros2_workspace/install/ds4_driver/share/ds4_driver/msg/Status.idl
[118.959s] -- Installing: /home/alexander/Documents/simplebot2/ros2_workspace/install/ds4_driver/share/ds4_driver/msg/Report.idl
[118.961s] -- Installing: /home/alexander/Documents/simplebot2/ros2_workspace/install/ds4_driver/share/ds4_driver/msg/Trackpad.idl
[118.964s] -- Installing: /home/alexander/Documents/simplebot2/ros2_workspace/install/ds4_driver/share/ds4_driver/msg/Feedback.msg
[118.966s] -- Installing: /home/alexander/Documents/simplebot2/ros2_workspace/install/ds4_driver/share/ds4_driver/msg/Status.msg
[118.968s] -- Installing: /home/alexander/Documents/simplebot2/ros2_workspace/install/ds4_driver/share/ds4_driver/msg/Report.msg
[118.970s] -- Installing: /home/alexander/Documents/simplebot2/ros2_workspace/install/ds4_driver/share/ds4_driver/msg/Trackpad.msg
[118.972s] -- Installing: /home/alexander/Documents/simplebot2/ros2_workspace/install/ds4_driver/lib/python3.6/site-packages//ds4_driver.egg-info
[118.974s] -- Installing: /home/alexander/Documents/simplebot2/ros2_workspace/install/ds4_driver/lib/python3.6/site-packages//ds4_driver.egg-info/SOURCES.txt
[118.977s] -- Installing: /home/alexander/Documents/simplebot2/ros2_workspace/install/ds4_driver/lib/python3.6/site-packages//ds4_driver.egg-info/dependency_links.txt
[118.979s] -- Installing: /home/alexander/Documents/simplebot2/ros2_workspace/install/ds4_driver/lib/python3.6/site-packages//ds4_driver.egg-info/top_level.txt
[118.981s] -- Installing: /home/alexander/Documents/simplebot2/ros2_workspace/install/ds4_driver/lib/python3.6/site-packages//ds4_driver.egg-info/PKG-INFO
[118.983s] -- Up-to-date: /home/alexander/Documents/simplebot2/ros2_workspace/install/ds4_driver/lib/python3.6/site-packages/ds4_driver
[118.985s] -- Installing: /home/alexander/Documents/simplebot2/ros2_workspace/install/ds4_driver/lib/python3.6/site-packages/ds4_driver/logger.py
[118.987s] -- Installing: /home/alexander/Documents/simplebot2/ros2_workspace/install/ds4_driver/lib/python3.6/site-packages/ds4_driver/__init__.py
[118.992s] -- Installing: /home/alexander/Documents/simplebot2/ros2_workspace/install/ds4_driver/lib/python3.6/site-packages/ds4_driver/controller.py
[118.997s] -- Installing: /home/alexander/Documents/simplebot2/ros2_workspace/install/ds4_driver/lib/python3.6/site-packages/ds4_driver/controller_ros.py
[119.354s] Listing '/home/alexander/Documents/simplebot2/ros2_workspace/install/ds4_driver/lib/python3.6/site-packages/ds4_driver'...
[119.355s] Compiling '/home/alexander/Documents/simplebot2/ros2_workspace/install/ds4_driver/lib/python3.6/site-packages/ds4_driver/__init__.py'...
[119.360s] Compiling '/home/alexander/Documents/simplebot2/ros2_workspace/install/ds4_driver/lib/python3.6/site-packages/ds4_driver/controller.py'...
[119.361s] Compiling '/home/alexander/Documents/simplebot2/ros2_workspace/install/ds4_driver/lib/python3.6/site-packages/ds4_driver/controller_ros.py'...
[119.361s] Compiling '/home/alexander/Documents/simplebot2/ros2_workspace/install/ds4_driver/lib/python3.6/site-packages/ds4_driver/logger.py'...
[119.362s] Listing '/home/alexander/Documents/simplebot2/ros2_workspace/install/ds4_driver/lib/python3.6/site-packages/ds4_driver/msg'...
[119.367s] Compiling '/home/alexander/Documents/simplebot2/ros2_workspace/install/ds4_driver/lib/python3.6/site-packages/ds4_driver/msg/__init__.py'...
[119.368s] Compiling '/home/alexander/Documents/simplebot2/ros2_workspace/install/ds4_driver/lib/python3.6/site-packages/ds4_driver/msg/_feedback.py'...
[119.369s] Compiling '/home/alexander/Documents/simplebot2/ros2_workspace/install/ds4_driver/lib/python3.6/site-packages/ds4_driver/msg/_report.py'...
[119.370s] Compiling '/home/alexander/Documents/simplebot2/ros2_workspace/install/ds4_driver/lib/python3.6/site-packages/ds4_driver/msg/_status.py'...
[119.371s] Compiling '/home/alexander/Documents/simplebot2/ros2_workspace/install/ds4_driver/lib/python3.6/site-packages/ds4_driver/msg/_trackpad.py'...
[119.382s] -- Installing: /home/alexander/Documents/simplebot2/ros2_workspace/install/ds4_driver/share/ds4_driver//config
[119.383s] -- Installing: /home/alexander/Documents/simplebot2/ros2_workspace/install/ds4_driver/share/ds4_driver//config/params.yaml
[119.384s] -- Installing: /home/alexander/Documents/simplebot2/ros2_workspace/install/ds4_driver/share/ds4_driver//config/twist_6dof.yaml
[119.388s] -- Installing: /home/alexander/Documents/simplebot2/ros2_workspace/install/ds4_driver/share/ds4_driver//config/twist_2dof.yaml
[119.396s] -- Installing: /home/alexander/Documents/simplebot2/ros2_workspace/install/ds4_driver/share/ds4_driver//launch
[119.397s] -- Installing: /home/alexander/Documents/simplebot2/ros2_workspace/install/ds4_driver/share/ds4_driver//launch/ds4_driver.launch.xml
[119.398s] -- Installing: /home/alexander/Documents/simplebot2/ros2_workspace/install/ds4_driver/share/ds4_driver//launch/ds4_twist.launch.xml
[119.399s] -- Installing: /home/alexander/Documents/simplebot2/ros2_workspace/install/ds4_driver/share/ds4_driver//launch/demo.launch.xml
[119.403s] -- Installing: /home/alexander/Documents/simplebot2/ros2_workspace/install/ds4_driver/lib/ds4_driver/demo.py
[119.404s] -- Installing: /home/alexander/Documents/simplebot2/ros2_workspace/install/ds4_driver/lib/ds4_driver/ds4_driver_node.py
[119.405s] -- Installing: /home/alexander/Documents/simplebot2/ros2_workspace/install/ds4_driver/lib/ds4_driver/ds4_twist_node.py
[119.405s] -- Installing: /home/alexander/Documents/simplebot2/ros2_workspace/install/ds4_driver/share/ament_index/resource_index/package_run_dependencies/ds4_driver
[119.410s] -- Installing: /home/alexander/Documents/simplebot2/ros2_workspace/install/ds4_driver/share/ament_index/resource_index/parent_prefix_path/ds4_driver
[119.412s] -- Installing: /home/alexander/Documents/simplebot2/ros2_workspace/install/ds4_driver/share/ds4_driver/environment/ament_prefix_path.sh
[119.413s] -- Installing: /home/alexander/Documents/simplebot2/ros2_workspace/install/ds4_driver/share/ds4_driver/environment/ament_prefix_path.dsv
[119.415s] -- Installing: /home/alexander/Documents/simplebot2/ros2_workspace/install/ds4_driver/share/ds4_driver/environment/path.sh
[119.417s] -- Installing: /home/alexander/Documents/simplebot2/ros2_workspace/install/ds4_driver/share/ds4_driver/environment/path.dsv
[119.419s] -- Installing: /home/alexander/Documents/simplebot2/ros2_workspace/install/ds4_driver/share/ds4_driver/local_setup.bash
[119.422s] -- Installing: /home/alexander/Documents/simplebot2/ros2_workspace/install/ds4_driver/share/ds4_driver/local_setup.sh
[119.426s] -- Installing: /home/alexander/Documents/simplebot2/ros2_workspace/install/ds4_driver/share/ds4_driver/local_setup.zsh
[119.429s] -- Installing: /home/alexander/Documents/simplebot2/ros2_workspace/install/ds4_driver/share/ds4_driver/local_setup.dsv
[119.431s] -- Installing: /home/alexander/Documents/simplebot2/ros2_workspace/install/ds4_driver/share/ds4_driver/package.dsv
[119.434s] -- Installing: /home/alexander/Documents/simplebot2/ros2_workspace/install/ds4_driver/share/ament_index/resource_index/packages/ds4_driver
[119.440s] -- Installing: /home/alexander/Documents/simplebot2/ros2_workspace/install/ds4_driver/share/ds4_driver/cmake/ds4_driver__rosidl_generator_cExport.cmake
[119.442s] -- Installing: /home/alexander/Documents/simplebot2/ros2_workspace/install/ds4_driver/share/ds4_driver/cmake/ds4_driver__rosidl_generator_cExport-noconfig.cmake
[119.443s] -- Installing: /home/alexander/Documents/simplebot2/ros2_workspace/install/ds4_driver/share/ds4_driver/cmake/ds4_driver__rosidl_typesupport_introspection_cExport.cmake
[119.444s] -- Installing: /home/alexander/Documents/simplebot2/ros2_workspace/install/ds4_driver/share/ds4_driver/cmake/ds4_driver__rosidl_typesupport_introspection_cExport-noconfig.cmake
[119.445s] -- Installing: /home/alexander/Documents/simplebot2/ros2_workspace/install/ds4_driver/share/ds4_driver/cmake/ds4_driver__rosidl_typesupport_cExport.cmake
[119.446s] -- Installing: /home/alexander/Documents/simplebot2/ros2_workspace/install/ds4_driver/share/ds4_driver/cmake/ds4_driver__rosidl_typesupport_cExport-noconfig.cmake
[119.447s] -- Installing: /home/alexander/Documents/simplebot2/ros2_workspace/install/ds4_driver/share/ds4_driver/cmake/ds4_driver__rosidl_generator_cppExport.cmake
[119.449s] -- Installing: /home/alexander/Documents/simplebot2/ros2_workspace/install/ds4_driver/share/ds4_driver/cmake/ds4_driver__rosidl_typesupport_introspection_cppExport.cmake
[119.451s] -- Installing: /home/alexander/Documents/simplebot2/ros2_workspace/install/ds4_driver/share/ds4_driver/cmake/ds4_driver__rosidl_typesupport_introspection_cppExport-noconfig.cmake
[119.460s] -- Installing: /home/alexander/Documents/simplebot2/ros2_workspace/install/ds4_driver/share/ds4_driver/cmake/ds4_driver__rosidl_typesupport_cppExport.cmake
[119.461s] -- Installing: /home/alexander/Documents/simplebot2/ros2_workspace/install/ds4_driver/share/ds4_driver/cmake/ds4_driver__rosidl_typesupport_cppExport-noconfig.cmake
[119.462s] -- Installing: /home/alexander/Documents/simplebot2/ros2_workspace/install/ds4_driver/share/ds4_driver/cmake/rosidl_cmake-extras.cmake
[119.471s] -- Installing: /home/alexander/Documents/simplebot2/ros2_workspace/install/ds4_driver/share/ds4_driver/cmake/ament_cmake_export_dependencies-extras.cmake
[119.472s] -- Installing: /home/alexander/Documents/simplebot2/ros2_workspace/install/ds4_driver/share/ds4_driver/cmake/ament_cmake_export_libraries-extras.cmake
[119.473s] -- Installing: /home/alexander/Documents/simplebot2/ros2_workspace/install/ds4_driver/share/ds4_driver/cmake/ament_cmake_export_targets-extras.cmake
[119.474s] -- Installing: /home/alexander/Documents/simplebot2/ros2_workspace/install/ds4_driver/share/ds4_driver/cmake/ament_cmake_export_include_directories-extras.cmake
[119.475s] -- Installing: /home/alexander/Documents/simplebot2/ros2_workspace/install/ds4_driver/share/ds4_driver/cmake/rosidl_cmake_export_typesupport_libraries-extras.cmake
[119.476s] -- Installing: /home/alexander/Documents/simplebot2/ros2_workspace/install/ds4_driver/share/ds4_driver/cmake/rosidl_cmake_export_typesupport_targets-extras.cmake
[119.477s] -- Installing: /home/alexander/Documents/simplebot2/ros2_workspace/install/ds4_driver/share/ds4_driver/cmake/ds4_driverConfig.cmake
[119.477s] -- Installing: /home/alexander/Documents/simplebot2/ros2_workspace/install/ds4_driver/share/ds4_driver/cmake/ds4_driverConfig-version.cmake
[119.478s] -- Installing: /home/alexander/Documents/simplebot2/ros2_workspace/install/ds4_driver/share/ds4_driver/package.xml
[119.522s] Invoked command in '/home/alexander/Documents/simplebot2/ros2_workspace/build/ds4_driver' returned '0': CMAKE_PREFIX_PATH=${CMAKE_PREFIX_PATH}:/home/alexander/Documents/simplebot2/ros2_workspace/install/ds4drv:/home/alexander/Documents/simplebot2/ros2_workspace/install/test_nodes:/home/alexander/Documents/simplebot2/ros2_workspace/install/motor_controller /usr/local/bin/cmake --install /home/alexander/Documents/simplebot2/ros2_workspace/build/ds4_driver
