[8.656s] Invoking command in '/home/alexander/Documents/simplebot2/ros2_workspace/src/motor_controller': PYTHONPATH=/home/alexander/Documents/simplebot2/ros2_workspace/build/motor_controller/prefix_override:/home/alexander/Documents/simplebot2/ros2_workspace/install/motor_controller/lib/python3.6/site-packages:${PYTHONPATH} /usr/bin/python3 setup.py egg_info --egg-base ../../build/motor_controller build --build-base /home/alexander/Documents/simplebot2/ros2_workspace/build/motor_controller/build install --record /home/alexander/Documents/simplebot2/ros2_workspace/build/motor_controller/install.log --single-version-externally-managed
[11.136s] running egg_info
[11.143s] writing ../../build/motor_controller/motor_controller.egg-info/PKG-INFO
[11.149s] writing dependency_links to ../../build/motor_controller/motor_controller.egg-info/dependency_links.txt
[11.150s] writing entry points to ../../build/motor_controller/motor_controller.egg-info/entry_points.txt
[11.151s] writing requirements to ../../build/motor_controller/motor_controller.egg-info/requires.txt
[11.158s] writing top-level names to ../../build/motor_controller/motor_controller.egg-info/top_level.txt
[11.169s] reading manifest file '../../build/motor_controller/motor_controller.egg-info/SOURCES.txt'
[11.188s] writing manifest file '../../build/motor_controller/motor_controller.egg-info/SOURCES.txt'
[11.191s] running build
[11.194s] running build_py
[11.198s] running install
[11.202s] running install_lib
[11.208s] running install_data
[11.212s] running install_egg_info
[11.223s] removing '/home/alexander/Documents/simplebot2/ros2_workspace/install/motor_controller/lib/python3.6/site-packages/motor_controller-0.0.0-py3.6.egg-info' (and everything under it)
[11.227s] Copying ../../build/motor_controller/motor_controller.egg-info to /home/alexander/Documents/simplebot2/ros2_workspace/install/motor_controller/lib/python3.6/site-packages/motor_controller-0.0.0-py3.6.egg-info
[11.233s] running install_scripts
[11.377s] Installing kinematics2serial script to /home/alexander/Documents/simplebot2/ros2_workspace/install/motor_controller/lib/motor_controller
[11.381s] writing list of installed files to '/home/alexander/Documents/simplebot2/ros2_workspace/build/motor_controller/install.log'
[11.514s] Invoked command in '/home/alexander/Documents/simplebot2/ros2_workspace/src/motor_controller' returned '0': PYTHONPATH=/home/alexander/Documents/simplebot2/ros2_workspace/build/motor_controller/prefix_override:/home/alexander/Documents/simplebot2/ros2_workspace/install/motor_controller/lib/python3.6/site-packages:${PYTHONPATH} /usr/bin/python3 setup.py egg_info --egg-base ../../build/motor_controller build --build-base /home/alexander/Documents/simplebot2/ros2_workspace/build/motor_controller/build install --record /home/alexander/Documents/simplebot2/ros2_workspace/build/motor_controller/install.log --single-version-externally-managed
