[2.720s] DEBUG:colcon:Command line arguments: ['/usr/bin/colcon', 'build']
[2.721s] DEBUG:colcon:Parsed command line arguments: Namespace(ament_cmake_args=None, base_paths=['.'], build_base='build', catkin_cmake_args=None, catkin_skip_building_tests=False, cmake_args=None, cmake_clean_cache=False, cmake_clean_first=False, cmake_force_configure=False, cmake_target=None, cmake_target_skip_unavailable=False, continue_on_error=False, event_handlers=None, executor='parallel', ignore_user_meta=False, install_base='install', log_base=None, log_level=None, main=<bound method BuildVerb.main of <colcon_core.verb.build.BuildVerb object at 0x7fa84ccef0>>, merge_install=False, metas=['./colcon.meta'], packages_above=None, packages_above_and_dependencies=None, packages_above_depth=None, packages_end=None, packages_ignore=None, packages_ignore_regex=None, packages_select=None, packages_select_build_failed=False, packages_select_by_dep=None, packages_select_regex=None, packages_select_test_failures=False, packages_skip=None, packages_skip_build_finished=False, packages_skip_by_dep=None, packages_skip_regex=None, packages_skip_test_passed=False, packages_skip_up_to=None, packages_start=None, packages_up_to=None, packages_up_to_regex=None, parallel_workers=2, paths=None, symlink_install=False, test_result_base=None, verb_extension=<colcon_core.verb.build.BuildVerb object at 0x7fa84ccef0>, verb_name='build', verb_parser=<colcon_defaults.argument_parser.defaults.DefaultArgumentsDecorator object at 0x7fa84db278>)
[2.845s] Level 1:colcon.colcon_core.package_discovery:discover_packages(colcon_meta) check parameters
[2.846s] Level 1:colcon.colcon_core.package_discovery:discover_packages(recursive) check parameters
[2.846s] Level 1:colcon.colcon_core.package_discovery:discover_packages(ignore) check parameters
[2.847s] Level 1:colcon.colcon_core.package_discovery:discover_packages(path) check parameters
[2.847s] Level 1:colcon.colcon_core.package_discovery:discover_packages(colcon_meta) discover
[2.849s] Level 1:colcon.colcon_core.package_discovery:discover_packages(recursive) discover
[2.850s] INFO:colcon.colcon_core.package_discovery:Crawling recursively for packages in '/home/alexander/Documents/simplebot2/ros2_workspace'
[2.850s] Level 1:colcon.colcon_core.package_identification:_identify(.) by extensions ['ignore', 'ignore_ament_install']
[2.851s] Level 1:colcon.colcon_core.package_identification:_identify(.) by extension 'ignore'
[2.852s] Level 1:colcon.colcon_core.package_identification:_identify(.) by extension 'ignore_ament_install'
[2.852s] Level 1:colcon.colcon_core.package_identification:_identify(.) by extensions ['colcon_pkg']
[2.852s] Level 1:colcon.colcon_core.package_identification:_identify(.) by extension 'colcon_pkg'
[2.853s] Level 1:colcon.colcon_core.package_identification:_identify(.) by extensions ['colcon_meta']
[2.853s] Level 1:colcon.colcon_core.package_identification:_identify(.) by extension 'colcon_meta'
[2.853s] Level 1:colcon.colcon_core.package_identification:_identify(.) by extensions ['ros']
[2.854s] Level 1:colcon.colcon_core.package_identification:_identify(.) by extension 'ros'
[3.142s] Level 1:colcon.colcon_core.package_identification:_identify(.) by extensions ['cmake', 'python']
[3.142s] Level 1:colcon.colcon_core.package_identification:_identify(.) by extension 'cmake'
[3.143s] Level 1:colcon.colcon_core.package_identification:_identify(.) by extension 'python'
[3.143s] Level 1:colcon.colcon_core.package_identification:_identify(.) by extensions ['python_setup_py']
[3.144s] Level 1:colcon.colcon_core.package_identification:_identify(.) by extension 'python_setup_py'
[3.145s] Level 1:colcon.colcon_core.package_identification:_identify(build) by extensions ['ignore', 'ignore_ament_install']
[3.145s] Level 1:colcon.colcon_core.package_identification:_identify(build) by extension 'ignore'
[3.146s] Level 1:colcon.colcon_core.package_identification:_identify(build) ignored
[3.149s] Level 1:colcon.colcon_core.package_identification:_identify(install) by extensions ['ignore', 'ignore_ament_install']
[3.149s] Level 1:colcon.colcon_core.package_identification:_identify(install) by extension 'ignore'
[3.150s] Level 1:colcon.colcon_core.package_identification:_identify(install) ignored
[3.150s] Level 1:colcon.colcon_core.package_identification:_identify(log) by extensions ['ignore', 'ignore_ament_install']
[3.151s] Level 1:colcon.colcon_core.package_identification:_identify(log) by extension 'ignore'
[3.152s] Level 1:colcon.colcon_core.package_identification:_identify(log) ignored
[3.152s] Level 1:colcon.colcon_core.package_identification:_identify(src) by extensions ['ignore', 'ignore_ament_install']
[3.153s] Level 1:colcon.colcon_core.package_identification:_identify(src) by extension 'ignore'
[3.153s] Level 1:colcon.colcon_core.package_identification:_identify(src) by extension 'ignore_ament_install'
[3.154s] Level 1:colcon.colcon_core.package_identification:_identify(src) by extensions ['colcon_pkg']
[3.154s] Level 1:colcon.colcon_core.package_identification:_identify(src) by extension 'colcon_pkg'
[3.155s] Level 1:colcon.colcon_core.package_identification:_identify(src) by extensions ['colcon_meta']
[3.155s] Level 1:colcon.colcon_core.package_identification:_identify(src) by extension 'colcon_meta'
[3.155s] Level 1:colcon.colcon_core.package_identification:_identify(src) by extensions ['ros']
[3.156s] Level 1:colcon.colcon_core.package_identification:_identify(src) by extension 'ros'
[3.156s] Level 1:colcon.colcon_core.package_identification:_identify(src) by extensions ['cmake', 'python']
[3.157s] Level 1:colcon.colcon_core.package_identification:_identify(src) by extension 'cmake'
[3.157s] Level 1:colcon.colcon_core.package_identification:_identify(src) by extension 'python'
[3.157s] Level 1:colcon.colcon_core.package_identification:_identify(src) by extensions ['python_setup_py']
[3.158s] Level 1:colcon.colcon_core.package_identification:_identify(src) by extension 'python_setup_py'
[3.158s] Level 1:colcon.colcon_core.package_discovery:discover_packages(recursive) using defaults
[3.160s] Level 1:colcon.colcon_core.package_discovery:discover_packages(ignore) discover
[3.160s] Level 1:colcon.colcon_core.package_discovery:discover_packages(ignore) using defaults
[3.160s] Level 1:colcon.colcon_core.package_discovery:discover_packages(path) discover
[3.161s] Level 1:colcon.colcon_core.package_discovery:discover_packages(path) using defaults
[3.302s] INFO:colcon.colcon_core.executor:Executing jobs using 'parallel' executor
[3.310s] DEBUG:colcon.colcon_parallel_executor.executor.parallel:run_until_complete
[3.312s] DEBUG:colcon.colcon_parallel_executor.executor.parallel:closing loop
[3.314s] DEBUG:colcon.colcon_parallel_executor.executor.parallel:loop closed
[3.314s] DEBUG:colcon.colcon_parallel_executor.executor.parallel:run_until_complete finished with '0'
[3.314s] DEBUG:colcon.colcon_core.event_reactor:joining thread
[3.348s] INFO:colcon.colcon_core.plugin_system:Skipping extension 'colcon_notification.desktop_notification.notify_send': Could not find 'notify-send'
[3.349s] INFO:colcon.colcon_core.plugin_system:Skipping extension 'colcon_notification.desktop_notification.terminal_notifier': Not used on non-Darwin systems
[3.350s] INFO:colcon.colcon_core.plugin_system:Skipping extension 'colcon_notification.desktop_notification.win32': Not used on non-Windows systems
[3.350s] INFO:colcon.colcon_notification.desktop_notification:Sending desktop notification using 'notify2'
[3.351s] DEBUG:colcon.colcon_notification.desktop_notification.notify2:Failed to initialize notify2: org.freedesktop.DBus.Error.NotSupported: Unable to autolaunch a dbus-daemon without a $DISPLAY for X11
[3.351s] DEBUG:colcon.colcon_core.event_reactor:joined thread
[3.367s] INFO:colcon.colcon_core.plugin_system:Skipping extension 'colcon_core.shell.bat': Not used on non-Windows systems
[3.369s] INFO:colcon.colcon_core.shell:Creating prefix script '/home/alexander/Documents/simplebot2/ros2_workspace/install/local_setup.ps1'
[3.379s] INFO:colcon.colcon_core.shell:Creating prefix util module '/home/alexander/Documents/simplebot2/ros2_workspace/install/_local_setup_util_ps1.py'
[3.394s] INFO:colcon.colcon_core.shell:Creating prefix chain script '/home/alexander/Documents/simplebot2/ros2_workspace/install/setup.ps1'
[3.402s] WARNING:colcon.colcon_ros.prefix_path.ament:The path '/home/alexander/Documents/simplebot2/ros2_workspace/install/test_nodes' in the environment variable AMENT_PREFIX_PATH doesn't exist
[3.403s] WARNING:colcon.colcon_ros.prefix_path.ament:The path '/home/alexander/Documents/simplebot2/ros2_workspace/install/motor_controller' in the environment variable AMENT_PREFIX_PATH doesn't exist
[3.410s] INFO:colcon.colcon_core.shell:Creating prefix script '/home/alexander/Documents/simplebot2/ros2_workspace/install/local_setup.sh'
[3.416s] INFO:colcon.colcon_core.shell:Creating prefix util module '/home/alexander/Documents/simplebot2/ros2_workspace/install/_local_setup_util_sh.py'
[3.419s] INFO:colcon.colcon_core.shell:Creating prefix chain script '/home/alexander/Documents/simplebot2/ros2_workspace/install/setup.sh'
[3.429s] INFO:colcon.colcon_core.shell:Creating prefix script '/home/alexander/Documents/simplebot2/ros2_workspace/install/local_setup.bash'
[3.432s] INFO:colcon.colcon_core.shell:Creating prefix chain script '/home/alexander/Documents/simplebot2/ros2_workspace/install/setup.bash'
[3.442s] INFO:colcon.colcon_core.shell:Creating prefix script '/home/alexander/Documents/simplebot2/ros2_workspace/install/local_setup.zsh'
[3.446s] INFO:colcon.colcon_core.shell:Creating prefix chain script '/home/alexander/Documents/simplebot2/ros2_workspace/install/setup.zsh'
