[0.230s] Invoking command in '/home/alexander/Documents/simplebot2/ros2_workspace/build/ds4_driver': CMAKE_PREFIX_PATH=${CMAKE_PREFIX_PATH}:/home/alexander/Documents/simplebot2/ros2_workspace/install/ds4drv:/home/alexander/Documents/simplebot2/ros2_workspace/install/test_nodes:/home/alexander/Documents/simplebot2/ros2_workspace/install/motor_controller /usr/local/bin/cmake /home/alexander/Documents/simplebot2/ros2_workspace/src/ds4drv -DCMAKE_INSTALL_PREFIX=/home/alexander/Documents/simplebot2/ros2_workspace/install/ds4_driver
[2.534s] [33mCMake Warning:
[2.552s]   Ignoring extra path from command line:
[2.554s] 
[2.554s]    "/home/alexander/Documents/simplebot2/ros2_workspace/src/ds4drv"
[2.555s] 
[2.556s] [0m
[2.557s] [0mCMake Error: The source directory "/home/alexander/Documents/simplebot2/ros2_workspace/src/ds4drv" does not appear to contain CMakeLists.txt.
[2.557s] Specify --help for usage, or press the help button on the CMake GUI.[0m
[2.571s] Invoked command in '/home/alexander/Documents/simplebot2/ros2_workspace/build/ds4_driver' returned '1': CMAKE_PREFIX_PATH=${CMAKE_PREFIX_PATH}:/home/alexander/Documents/simplebot2/ros2_workspace/install/ds4drv:/home/alexander/Documents/simplebot2/ros2_workspace/install/test_nodes:/home/alexander/Documents/simplebot2/ros2_workspace/install/motor_controller /usr/local/bin/cmake /home/alexander/Documents/simplebot2/ros2_workspace/src/ds4drv -DCMAKE_INSTALL_PREFIX=/home/alexander/Documents/simplebot2/ros2_workspace/install/ds4_driver
[2.581s] Traceback (most recent call last):
  File "/usr/lib/python3/dist-packages/colcon_core/executor/__init__.py", line 91, in __call__
    rc = await self.task(*args, **kwargs)
  File "/usr/lib/python3/dist-packages/colcon_core/task/__init__.py", line 93, in __call__
    return await task_method(*args, **kwargs)
  File "/usr/lib/python3/dist-packages/colcon_ros/task/ament_cmake/build.py", line 61, in build
    environment_callback=add_app_to_cpp)
  File "/usr/lib/python3/dist-packages/colcon_cmake/task/cmake/build.py", line 87, in build
    rc = await self._reconfigure(args, env)
  File "/usr/lib/python3/dist-packages/colcon_cmake/task/cmake/build.py", line 182, in _reconfigure
    buildfile = get_buildfile(cmake_cache)
  File "/usr/lib/python3/dist-packages/colcon_cmake/task/cmake/__init__.py", line 112, in get_buildfile
    if 'Ninja' in generator:
TypeError: argument of type 'NoneType' is not iterable
