[8.555s] Invoking command in '/home/alexander/Documents/simplebot2/ros2_workspace/src/motor_controller': PYTHONPATH=/home/alexander/Documents/simplebot2/ros2_workspace/build/motor_controller/prefix_override:/home/alexander/Documents/simplebot2/ros2_workspace/install/motor_controller/lib/python3.6/site-packages:${PYTHONPATH} /usr/bin/python3 setup.py egg_info --egg-base ../../build/motor_controller build --build-base /home/alexander/Documents/simplebot2/ros2_workspace/build/motor_controller/build install --record /home/alexander/Documents/simplebot2/ros2_workspace/build/motor_controller/install.log --single-version-externally-managed
[11.120s] running egg_info
[11.121s] writing ../../build/motor_controller/motor_controller.egg-info/PKG-INFO
[11.122s] writing dependency_links to ../../build/motor_controller/motor_controller.egg-info/dependency_links.txt
[11.131s] writing entry points to ../../build/motor_controller/motor_controller.egg-info/entry_points.txt
[11.132s] writing requirements to ../../build/motor_controller/motor_controller.egg-info/requires.txt
[11.133s] writing top-level names to ../../build/motor_controller/motor_controller.egg-info/top_level.txt
[11.148s] reading manifest file '../../build/motor_controller/motor_controller.egg-info/SOURCES.txt'
[11.158s] writing manifest file '../../build/motor_controller/motor_controller.egg-info/SOURCES.txt'
[11.159s] running build
[11.164s] running build_py
[11.165s] copying motor_controller/kinematics2serial.py -> /home/alexander/Documents/simplebot2/ros2_workspace/build/motor_controller/build/lib/motor_controller
[11.172s] running install
[11.173s] running install_lib
[11.173s] copying /home/alexander/Documents/simplebot2/ros2_workspace/build/motor_controller/build/lib/motor_controller/kinematics2serial.py -> /home/alexander/Documents/simplebot2/ros2_workspace/install/motor_controller/lib/python3.6/site-packages/motor_controller
[11.174s] byte-compiling /home/alexander/Documents/simplebot2/ros2_workspace/install/motor_controller/lib/python3.6/site-packages/motor_controller/kinematics2serial.py to kinematics2serial.cpython-36.pyc
[11.193s] running install_data
[11.193s] running install_egg_info
[11.194s] removing '/home/alexander/Documents/simplebot2/ros2_workspace/install/motor_controller/lib/python3.6/site-packages/motor_controller-0.0.0-py3.6.egg-info' (and everything under it)
[11.195s] Copying ../../build/motor_controller/motor_controller.egg-info to /home/alexander/Documents/simplebot2/ros2_workspace/install/motor_controller/lib/python3.6/site-packages/motor_controller-0.0.0-py3.6.egg-info
[11.217s] running install_scripts
[11.399s] Installing kinematics2serial script to /home/alexander/Documents/simplebot2/ros2_workspace/install/motor_controller/lib/motor_controller
[11.405s] writing list of installed files to '/home/alexander/Documents/simplebot2/ros2_workspace/build/motor_controller/install.log'
[11.583s] Invoked command in '/home/alexander/Documents/simplebot2/ros2_workspace/src/motor_controller' returned '0': PYTHONPATH=/home/alexander/Documents/simplebot2/ros2_workspace/build/motor_controller/prefix_override:/home/alexander/Documents/simplebot2/ros2_workspace/install/motor_controller/lib/python3.6/site-packages:${PYTHONPATH} /usr/bin/python3 setup.py egg_info --egg-base ../../build/motor_controller build --build-base /home/alexander/Documents/simplebot2/ros2_workspace/build/motor_controller/build install --record /home/alexander/Documents/simplebot2/ros2_workspace/build/motor_controller/install.log --single-version-externally-managed
