[8.219s] Invoking command in '/home/alexander/Documents/simplebot2/ros2_workspace/src/motor_controller': PYTHONPATH=/home/alexander/Documents/simplebot2/ros2_workspace/build/motor_controller/prefix_override:/home/alexander/Documents/simplebot2/ros2_workspace/install/motor_controller/lib/python3.6/site-packages:${PYTHONPATH} /usr/bin/python3 setup.py egg_info --egg-base ../../build/motor_controller build --build-base /home/alexander/Documents/simplebot2/ros2_workspace/build/motor_controller/build install --record /home/alexander/Documents/simplebot2/ros2_workspace/build/motor_controller/install.log --single-version-externally-managed
[10.511s] running egg_info
[10.518s] writing ../../build/motor_controller/motor_controller.egg-info/PKG-INFO
[10.519s] writing dependency_links to ../../build/motor_controller/motor_controller.egg-info/dependency_links.txt
[10.527s] writing entry points to ../../build/motor_controller/motor_controller.egg-info/entry_points.txt
[10.528s] writing requirements to ../../build/motor_controller/motor_controller.egg-info/requires.txt
[10.528s] writing top-level names to ../../build/motor_controller/motor_controller.egg-info/top_level.txt
[10.544s] reading manifest file '../../build/motor_controller/motor_controller.egg-info/SOURCES.txt'
[10.559s] writing manifest file '../../build/motor_controller/motor_controller.egg-info/SOURCES.txt'
[10.566s] running build
[10.567s] running build_py
[10.568s] copying motor_controller/kinematics2serial.py -> /home/alexander/Documents/simplebot2/ros2_workspace/build/motor_controller/build/lib/motor_controller
[10.569s] running install
[10.569s] running install_lib
[10.579s] copying /home/alexander/Documents/simplebot2/ros2_workspace/build/motor_controller/build/lib/motor_controller/kinematics2serial.py -> /home/alexander/Documents/simplebot2/ros2_workspace/install/motor_controller/lib/python3.6/site-packages/motor_controller
[10.580s] byte-compiling /home/alexander/Documents/simplebot2/ros2_workspace/install/motor_controller/lib/python3.6/site-packages/motor_controller/kinematics2serial.py to kinematics2serial.cpython-36.pyc
[10.581s] running install_data
[10.593s] running install_egg_info
[10.608s] removing '/home/alexander/Documents/simplebot2/ros2_workspace/install/motor_controller/lib/python3.6/site-packages/motor_controller-0.0.0-py3.6.egg-info' (and everything under it)
[10.619s] Copying ../../build/motor_controller/motor_controller.egg-info to /home/alexander/Documents/simplebot2/ros2_workspace/install/motor_controller/lib/python3.6/site-packages/motor_controller-0.0.0-py3.6.egg-info
[10.624s] running install_scripts
[10.827s] Installing kinematics2serial script to /home/alexander/Documents/simplebot2/ros2_workspace/install/motor_controller/lib/motor_controller
[10.831s] writing list of installed files to '/home/alexander/Documents/simplebot2/ros2_workspace/build/motor_controller/install.log'
[10.987s] Invoked command in '/home/alexander/Documents/simplebot2/ros2_workspace/src/motor_controller' returned '0': PYTHONPATH=/home/alexander/Documents/simplebot2/ros2_workspace/build/motor_controller/prefix_override:/home/alexander/Documents/simplebot2/ros2_workspace/install/motor_controller/lib/python3.6/site-packages:${PYTHONPATH} /usr/bin/python3 setup.py egg_info --egg-base ../../build/motor_controller build --build-base /home/alexander/Documents/simplebot2/ros2_workspace/build/motor_controller/build install --record /home/alexander/Documents/simplebot2/ros2_workspace/build/motor_controller/install.log --single-version-externally-managed
