[2.650s] DEBUG:colcon:Command line arguments: ['/usr/bin/colcon', 'build']
[2.651s] DEBUG:colcon:Parsed command line arguments: Namespace(ament_cmake_args=None, base_paths=['.'], build_base='build', catkin_cmake_args=None, catkin_skip_building_tests=False, cmake_args=None, cmake_clean_cache=False, cmake_clean_first=False, cmake_force_configure=False, cmake_target=None, cmake_target_skip_unavailable=False, continue_on_error=False, event_handlers=None, executor='parallel', ignore_user_meta=False, install_base='install', log_base=None, log_level=None, main=<bound method BuildVerb.main of <colcon_core.verb.build.BuildVerb object at 0x7fa1102320>>, merge_install=False, metas=['./colcon.meta'], packages_above=None, packages_above_and_dependencies=None, packages_above_depth=None, packages_end=None, packages_ignore=None, packages_ignore_regex=None, packages_select=None, packages_select_build_failed=False, packages_select_by_dep=None, packages_select_regex=None, packages_select_test_failures=False, packages_skip=None, packages_skip_build_finished=False, packages_skip_by_dep=None, packages_skip_regex=None, packages_skip_test_passed=False, packages_skip_up_to=None, packages_start=None, packages_up_to=None, packages_up_to_regex=None, parallel_workers=2, paths=None, symlink_install=False, test_result_base=None, verb_extension=<colcon_core.verb.build.BuildVerb object at 0x7fa1102320>, verb_name='build', verb_parser=<colcon_defaults.argument_parser.defaults.DefaultArgumentsDecorator object at 0x7fa1102668>)
[2.782s] Level 1:colcon.colcon_core.package_discovery:discover_packages(colcon_meta) check parameters
[2.783s] Level 1:colcon.colcon_core.package_discovery:discover_packages(recursive) check parameters
[2.784s] Level 1:colcon.colcon_core.package_discovery:discover_packages(ignore) check parameters
[2.784s] Level 1:colcon.colcon_core.package_discovery:discover_packages(path) check parameters
[2.784s] Level 1:colcon.colcon_core.package_discovery:discover_packages(colcon_meta) discover
[2.787s] Level 1:colcon.colcon_core.package_discovery:discover_packages(recursive) discover
[2.788s] INFO:colcon.colcon_core.package_discovery:Crawling recursively for packages in '/home/alexander/Documents/simplebot2/ros2_workspace'
[2.789s] Level 1:colcon.colcon_core.package_identification:_identify(.) by extensions ['ignore', 'ignore_ament_install']
[2.790s] Level 1:colcon.colcon_core.package_identification:_identify(.) by extension 'ignore'
[2.791s] Level 1:colcon.colcon_core.package_identification:_identify(.) by extension 'ignore_ament_install'
[2.792s] Level 1:colcon.colcon_core.package_identification:_identify(.) by extensions ['colcon_pkg']
[2.793s] Level 1:colcon.colcon_core.package_identification:_identify(.) by extension 'colcon_pkg'
[2.794s] Level 1:colcon.colcon_core.package_identification:_identify(.) by extensions ['colcon_meta']
[2.795s] Level 1:colcon.colcon_core.package_identification:_identify(.) by extension 'colcon_meta'
[2.796s] Level 1:colcon.colcon_core.package_identification:_identify(.) by extensions ['ros']
[2.797s] Level 1:colcon.colcon_core.package_identification:_identify(.) by extension 'ros'
[3.094s] Level 1:colcon.colcon_core.package_identification:_identify(.) by extensions ['cmake', 'python']
[3.095s] Level 1:colcon.colcon_core.package_identification:_identify(.) by extension 'cmake'
[3.096s] Level 1:colcon.colcon_core.package_identification:_identify(.) by extension 'python'
[3.097s] Level 1:colcon.colcon_core.package_identification:_identify(.) by extensions ['python_setup_py']
[3.098s] Level 1:colcon.colcon_core.package_identification:_identify(.) by extension 'python_setup_py'
[3.098s] Level 1:colcon.colcon_core.package_identification:_identify(build) by extensions ['ignore', 'ignore_ament_install']
[3.100s] Level 1:colcon.colcon_core.package_identification:_identify(build) by extension 'ignore'
[3.101s] Level 1:colcon.colcon_core.package_identification:_identify(build) ignored
[3.104s] Level 1:colcon.colcon_core.package_identification:_identify(install) by extensions ['ignore', 'ignore_ament_install']
[3.105s] Level 1:colcon.colcon_core.package_identification:_identify(install) by extension 'ignore'
[3.106s] Level 1:colcon.colcon_core.package_identification:_identify(install) ignored
[3.107s] Level 1:colcon.colcon_core.package_identification:_identify(log) by extensions ['ignore', 'ignore_ament_install']
[3.108s] Level 1:colcon.colcon_core.package_identification:_identify(log) by extension 'ignore'
[3.108s] Level 1:colcon.colcon_core.package_identification:_identify(log) ignored
[3.109s] Level 1:colcon.colcon_core.package_identification:_identify(src) by extensions ['ignore', 'ignore_ament_install']
[3.110s] Level 1:colcon.colcon_core.package_identification:_identify(src) by extension 'ignore'
[3.110s] Level 1:colcon.colcon_core.package_identification:_identify(src) by extension 'ignore_ament_install'
[3.111s] Level 1:colcon.colcon_core.package_identification:_identify(src) by extensions ['colcon_pkg']
[3.111s] Level 1:colcon.colcon_core.package_identification:_identify(src) by extension 'colcon_pkg'
[3.111s] Level 1:colcon.colcon_core.package_identification:_identify(src) by extensions ['colcon_meta']
[3.112s] Level 1:colcon.colcon_core.package_identification:_identify(src) by extension 'colcon_meta'
[3.112s] Level 1:colcon.colcon_core.package_identification:_identify(src) by extensions ['ros']
[3.112s] Level 1:colcon.colcon_core.package_identification:_identify(src) by extension 'ros'
[3.113s] Level 1:colcon.colcon_core.package_identification:_identify(src) by extensions ['cmake', 'python']
[3.114s] Level 1:colcon.colcon_core.package_identification:_identify(src) by extension 'cmake'
[3.114s] Level 1:colcon.colcon_core.package_identification:_identify(src) by extension 'python'
[3.114s] Level 1:colcon.colcon_core.package_identification:_identify(src) by extensions ['python_setup_py']
[3.115s] Level 1:colcon.colcon_core.package_identification:_identify(src) by extension 'python_setup_py'
[3.115s] Level 1:colcon.colcon_core.package_identification:_identify(src/motor_controller) by extensions ['ignore', 'ignore_ament_install']
[3.116s] Level 1:colcon.colcon_core.package_identification:_identify(src/motor_controller) by extension 'ignore'
[3.117s] Level 1:colcon.colcon_core.package_identification:_identify(src/motor_controller) by extension 'ignore_ament_install'
[3.117s] Level 1:colcon.colcon_core.package_identification:_identify(src/motor_controller) by extensions ['colcon_pkg']
[3.117s] Level 1:colcon.colcon_core.package_identification:_identify(src/motor_controller) by extension 'colcon_pkg'
[3.118s] Level 1:colcon.colcon_core.package_identification:_identify(src/motor_controller) by extensions ['colcon_meta']
[3.118s] Level 1:colcon.colcon_core.package_identification:_identify(src/motor_controller) by extension 'colcon_meta'
[3.119s] Level 1:colcon.colcon_core.package_identification:_identify(src/motor_controller) by extensions ['ros']
[3.119s] Level 1:colcon.colcon_core.package_identification:_identify(src/motor_controller) by extension 'ros'
[3.137s] DEBUG:colcon.colcon_core.package_identification:Package 'src/motor_controller' with type 'ros.ament_python' and name 'motor_controller'
[3.138s] Level 1:colcon.colcon_core.package_identification:_identify(test_nodes) by extensions ['ignore', 'ignore_ament_install']
[3.138s] Level 1:colcon.colcon_core.package_identification:_identify(test_nodes) by extension 'ignore'
[3.139s] Level 1:colcon.colcon_core.package_identification:_identify(test_nodes) by extension 'ignore_ament_install'
[3.139s] Level 1:colcon.colcon_core.package_identification:_identify(test_nodes) by extensions ['colcon_pkg']
[3.140s] Level 1:colcon.colcon_core.package_identification:_identify(test_nodes) by extension 'colcon_pkg'
[3.140s] Level 1:colcon.colcon_core.package_identification:_identify(test_nodes) by extensions ['colcon_meta']
[3.140s] Level 1:colcon.colcon_core.package_identification:_identify(test_nodes) by extension 'colcon_meta'
[3.141s] Level 1:colcon.colcon_core.package_identification:_identify(test_nodes) by extensions ['ros']
[3.141s] Level 1:colcon.colcon_core.package_identification:_identify(test_nodes) by extension 'ros'
[3.145s] DEBUG:colcon.colcon_core.package_identification:Package 'test_nodes' with type 'ros.ament_python' and name 'test_nodes'
[3.145s] Level 1:colcon.colcon_core.package_discovery:discover_packages(recursive) using defaults
[3.147s] Level 1:colcon.colcon_core.package_discovery:discover_packages(ignore) discover
[3.147s] Level 1:colcon.colcon_core.package_discovery:discover_packages(ignore) using defaults
[3.147s] Level 1:colcon.colcon_core.package_discovery:discover_packages(path) discover
[3.148s] Level 1:colcon.colcon_core.package_discovery:discover_packages(path) using defaults
[3.295s] Level 5:colcon.colcon_core.verb:set package 'motor_controller' build argument 'cmake_args' from command line to 'None'
[3.296s] Level 5:colcon.colcon_core.verb:set package 'motor_controller' build argument 'cmake_target' from command line to 'None'
[3.296s] Level 5:colcon.colcon_core.verb:set package 'motor_controller' build argument 'cmake_target_skip_unavailable' from command line to 'False'
[3.296s] Level 5:colcon.colcon_core.verb:set package 'motor_controller' build argument 'cmake_clean_cache' from command line to 'False'
[3.297s] Level 5:colcon.colcon_core.verb:set package 'motor_controller' build argument 'cmake_clean_first' from command line to 'False'
[3.297s] Level 5:colcon.colcon_core.verb:set package 'motor_controller' build argument 'cmake_force_configure' from command line to 'False'
[3.297s] Level 5:colcon.colcon_core.verb:set package 'motor_controller' build argument 'ament_cmake_args' from command line to 'None'
[3.297s] Level 5:colcon.colcon_core.verb:set package 'motor_controller' build argument 'catkin_cmake_args' from command line to 'None'
[3.298s] Level 5:colcon.colcon_core.verb:set package 'motor_controller' build argument 'catkin_skip_building_tests' from command line to 'False'
[3.298s] DEBUG:colcon.colcon_core.verb:Building package 'motor_controller' with the following arguments: {'ament_cmake_args': None, 'build_base': '/home/alexander/Documents/simplebot2/ros2_workspace/build/motor_controller', 'catkin_cmake_args': None, 'catkin_skip_building_tests': False, 'cmake_args': None, 'cmake_clean_cache': False, 'cmake_clean_first': False, 'cmake_force_configure': False, 'cmake_target': None, 'cmake_target_skip_unavailable': False, 'install_base': '/home/alexander/Documents/simplebot2/ros2_workspace/install/motor_controller', 'merge_install': False, 'path': '/home/alexander/Documents/simplebot2/ros2_workspace/src/motor_controller', 'symlink_install': False, 'test_result_base': None}
[3.303s] Level 5:colcon.colcon_core.verb:set package 'test_nodes' build argument 'cmake_args' from command line to 'None'
[3.303s] Level 5:colcon.colcon_core.verb:set package 'test_nodes' build argument 'cmake_target' from command line to 'None'
[3.303s] Level 5:colcon.colcon_core.verb:set package 'test_nodes' build argument 'cmake_target_skip_unavailable' from command line to 'False'
[3.304s] Level 5:colcon.colcon_core.verb:set package 'test_nodes' build argument 'cmake_clean_cache' from command line to 'False'
[3.304s] Level 5:colcon.colcon_core.verb:set package 'test_nodes' build argument 'cmake_clean_first' from command line to 'False'
[3.304s] Level 5:colcon.colcon_core.verb:set package 'test_nodes' build argument 'cmake_force_configure' from command line to 'False'
[3.305s] Level 5:colcon.colcon_core.verb:set package 'test_nodes' build argument 'ament_cmake_args' from command line to 'None'
[3.305s] Level 5:colcon.colcon_core.verb:set package 'test_nodes' build argument 'catkin_cmake_args' from command line to 'None'
[3.305s] Level 5:colcon.colcon_core.verb:set package 'test_nodes' build argument 'catkin_skip_building_tests' from command line to 'False'
[3.305s] DEBUG:colcon.colcon_core.verb:Building package 'test_nodes' with the following arguments: {'ament_cmake_args': None, 'build_base': '/home/alexander/Documents/simplebot2/ros2_workspace/build/test_nodes', 'catkin_cmake_args': None, 'catkin_skip_building_tests': False, 'cmake_args': None, 'cmake_clean_cache': False, 'cmake_clean_first': False, 'cmake_force_configure': False, 'cmake_target': None, 'cmake_target_skip_unavailable': False, 'install_base': '/home/alexander/Documents/simplebot2/ros2_workspace/install/test_nodes', 'merge_install': False, 'path': '/home/alexander/Documents/simplebot2/ros2_workspace/test_nodes', 'symlink_install': False, 'test_result_base': None}
[3.307s] INFO:colcon.colcon_core.executor:Executing jobs using 'parallel' executor
[3.318s] DEBUG:colcon.colcon_parallel_executor.executor.parallel:run_until_complete
[3.322s] INFO:colcon.colcon_ros.task.ament_python.build:Building ROS package in '/home/alexander/Documents/simplebot2/ros2_workspace/src/motor_controller' with build type 'ament_python'
[3.325s] Level 1:colcon.colcon_core.shell:create_environment_hook('motor_controller', 'ament_prefix_path')
[3.343s] INFO:colcon.colcon_core.plugin_system:Skipping extension 'colcon_core.shell.bat': Not used on non-Windows systems
[3.346s] INFO:colcon.colcon_core.shell:Creating environment hook '/home/alexander/Documents/simplebot2/ros2_workspace/install/motor_controller/share/motor_controller/hook/ament_prefix_path.ps1'
[3.354s] INFO:colcon.colcon_core.shell:Creating environment descriptor '/home/alexander/Documents/simplebot2/ros2_workspace/install/motor_controller/share/motor_controller/hook/ament_prefix_path.dsv'
[3.360s] INFO:colcon.colcon_core.shell:Creating environment hook '/home/alexander/Documents/simplebot2/ros2_workspace/install/motor_controller/share/motor_controller/hook/ament_prefix_path.sh'
[3.368s] INFO:colcon.colcon_core.shell:Skip shell extension 'powershell' for command environment: Not usable outside of PowerShell
[3.368s] DEBUG:colcon.colcon_core.shell:Skip shell extension 'dsv' for command environment
[3.451s] INFO:colcon.colcon_ros.task.ament_python.build:Building ROS package in '/home/alexander/Documents/simplebot2/ros2_workspace/test_nodes' with build type 'ament_python'
[3.456s] Level 1:colcon.colcon_core.shell:create_environment_hook('test_nodes', 'ament_prefix_path')
[3.460s] INFO:colcon.colcon_core.shell:Creating environment hook '/home/alexander/Documents/simplebot2/ros2_workspace/install/test_nodes/share/test_nodes/hook/ament_prefix_path.ps1'
[3.464s] INFO:colcon.colcon_core.shell:Creating environment descriptor '/home/alexander/Documents/simplebot2/ros2_workspace/install/test_nodes/share/test_nodes/hook/ament_prefix_path.dsv'
[3.466s] INFO:colcon.colcon_core.shell:Creating environment hook '/home/alexander/Documents/simplebot2/ros2_workspace/install/test_nodes/share/test_nodes/hook/ament_prefix_path.sh'
[3.471s] INFO:colcon.colcon_core.shell:Skip shell extension 'powershell' for command environment: Not usable outside of PowerShell
[3.471s] DEBUG:colcon.colcon_core.shell:Skip shell extension 'dsv' for command environment
[5.679s] INFO:colcon.colcon_core.task.python.build:Building Python package in '/home/alexander/Documents/simplebot2/ros2_workspace/src/motor_controller'
[5.682s] INFO:colcon.colcon_core.shell:Skip shell extension 'powershell' for command environment: Not usable outside of PowerShell
[5.683s] DEBUG:colcon.colcon_core.shell:Skip shell extension 'dsv' for command environment
[7.897s] INFO:colcon.colcon_core.task.python.build:Building Python package in '/home/alexander/Documents/simplebot2/ros2_workspace/test_nodes'
[7.901s] INFO:colcon.colcon_core.shell:Skip shell extension 'powershell' for command environment: Not usable outside of PowerShell
[7.902s] DEBUG:colcon.colcon_core.shell:Skip shell extension 'dsv' for command environment
[11.545s] DEBUG:colcon.colcon_core.event_handler.log_command:Invoking command in '/home/alexander/Documents/simplebot2/ros2_workspace/src/motor_controller': PYTHONPATH=/home/alexander/Documents/simplebot2/ros2_workspace/build/motor_controller/prefix_override:/home/alexander/Documents/simplebot2/ros2_workspace/install/motor_controller/lib/python3.6/site-packages:${PYTHONPATH} /usr/bin/python3 setup.py egg_info --egg-base ../../build/motor_controller build --build-base /home/alexander/Documents/simplebot2/ros2_workspace/build/motor_controller/build install --record /home/alexander/Documents/simplebot2/ros2_workspace/build/motor_controller/install.log --single-version-externally-managed
[11.594s] DEBUG:colcon.colcon_core.event_handler.log_command:Invoking command in '/home/alexander/Documents/simplebot2/ros2_workspace/test_nodes': PYTHONPATH=/home/alexander/Documents/simplebot2/ros2_workspace/build/test_nodes/prefix_override:/home/alexander/Documents/simplebot2/ros2_workspace/install/test_nodes/lib/python3.6/site-packages:${PYTHONPATH} /usr/bin/python3 setup.py egg_info --egg-base ../build/test_nodes build --build-base /home/alexander/Documents/simplebot2/ros2_workspace/build/test_nodes/build install --record /home/alexander/Documents/simplebot2/ros2_workspace/build/test_nodes/install.log --single-version-externally-managed
[14.310s] DEBUG:colcon.colcon_core.event_handler.log_command:Invoked command in '/home/alexander/Documents/simplebot2/ros2_workspace/src/motor_controller' returned '0': PYTHONPATH=/home/alexander/Documents/simplebot2/ros2_workspace/build/motor_controller/prefix_override:/home/alexander/Documents/simplebot2/ros2_workspace/install/motor_controller/lib/python3.6/site-packages:${PYTHONPATH} /usr/bin/python3 setup.py egg_info --egg-base ../../build/motor_controller build --build-base /home/alexander/Documents/simplebot2/ros2_workspace/build/motor_controller/build install --record /home/alexander/Documents/simplebot2/ros2_workspace/build/motor_controller/install.log --single-version-externally-managed
[14.354s] Level 1:colcon.colcon_core.environment:checking '/home/alexander/Documents/simplebot2/ros2_workspace/install/motor_controller' for CMake module files
[14.364s] Level 1:colcon.colcon_core.environment:checking '/home/alexander/Documents/simplebot2/ros2_workspace/install/motor_controller' for CMake config files
[14.375s] Level 1:colcon.colcon_core.environment:checking '/home/alexander/Documents/simplebot2/ros2_workspace/install/motor_controller/lib'
[14.378s] Level 1:colcon.colcon_core.environment:checking '/home/alexander/Documents/simplebot2/ros2_workspace/install/motor_controller/bin'
[14.379s] Level 1:colcon.colcon_core.environment:checking '/home/alexander/Documents/simplebot2/ros2_workspace/install/motor_controller/lib/pkgconfig/motor_controller.pc'
[14.382s] Level 1:colcon.colcon_core.environment:checking '/home/alexander/Documents/simplebot2/ros2_workspace/install/motor_controller/lib/python3.6/site-packages'
[14.384s] Level 1:colcon.colcon_core.shell:create_environment_hook('motor_controller', 'pythonpath')
[14.388s] INFO:colcon.colcon_core.shell:Creating environment hook '/home/alexander/Documents/simplebot2/ros2_workspace/install/motor_controller/share/motor_controller/hook/pythonpath.ps1'
[14.396s] INFO:colcon.colcon_core.shell:Creating environment descriptor '/home/alexander/Documents/simplebot2/ros2_workspace/install/motor_controller/share/motor_controller/hook/pythonpath.dsv'
[14.404s] INFO:colcon.colcon_core.shell:Creating environment hook '/home/alexander/Documents/simplebot2/ros2_workspace/install/motor_controller/share/motor_controller/hook/pythonpath.sh'
[14.412s] Level 1:colcon.colcon_core.environment:checking '/home/alexander/Documents/simplebot2/ros2_workspace/install/motor_controller/bin'
[14.418s] Level 1:colcon.colcon_core.environment:create_environment_scripts_only(motor_controller)
[14.426s] INFO:colcon.colcon_core.shell:Creating package script '/home/alexander/Documents/simplebot2/ros2_workspace/install/motor_controller/share/motor_controller/package.ps1'
[14.444s] INFO:colcon.colcon_core.shell:Creating package descriptor '/home/alexander/Documents/simplebot2/ros2_workspace/install/motor_controller/share/motor_controller/package.dsv'
[14.453s] INFO:colcon.colcon_core.shell:Creating package script '/home/alexander/Documents/simplebot2/ros2_workspace/install/motor_controller/share/motor_controller/package.sh'
[14.465s] INFO:colcon.colcon_core.shell:Creating package script '/home/alexander/Documents/simplebot2/ros2_workspace/install/motor_controller/share/motor_controller/package.bash'
[14.477s] INFO:colcon.colcon_core.shell:Creating package script '/home/alexander/Documents/simplebot2/ros2_workspace/install/motor_controller/share/motor_controller/package.zsh'
[14.483s] Level 1:colcon.colcon_core.environment:create_file_with_runtime_dependencies(/home/alexander/Documents/simplebot2/ros2_workspace/install/motor_controller/share/colcon-core/packages/motor_controller)
[14.497s] Level 1:colcon.colcon_core.environment:checking '/home/alexander/Documents/simplebot2/ros2_workspace/install/test_nodes' for CMake module files
[14.500s] DEBUG:colcon.colcon_core.event_handler.log_command:Invoked command in '/home/alexander/Documents/simplebot2/ros2_workspace/test_nodes' returned '0': PYTHONPATH=/home/alexander/Documents/simplebot2/ros2_workspace/build/test_nodes/prefix_override:/home/alexander/Documents/simplebot2/ros2_workspace/install/test_nodes/lib/python3.6/site-packages:${PYTHONPATH} /usr/bin/python3 setup.py egg_info --egg-base ../build/test_nodes build --build-base /home/alexander/Documents/simplebot2/ros2_workspace/build/test_nodes/build install --record /home/alexander/Documents/simplebot2/ros2_workspace/build/test_nodes/install.log --single-version-externally-managed
[14.505s] Level 1:colcon.colcon_core.environment:checking '/home/alexander/Documents/simplebot2/ros2_workspace/install/test_nodes' for CMake config files
[14.511s] Level 1:colcon.colcon_core.environment:checking '/home/alexander/Documents/simplebot2/ros2_workspace/install/test_nodes/lib'
[14.512s] Level 1:colcon.colcon_core.environment:checking '/home/alexander/Documents/simplebot2/ros2_workspace/install/test_nodes/bin'
[14.513s] Level 1:colcon.colcon_core.environment:checking '/home/alexander/Documents/simplebot2/ros2_workspace/install/test_nodes/lib/pkgconfig/test_nodes.pc'
[14.514s] Level 1:colcon.colcon_core.environment:checking '/home/alexander/Documents/simplebot2/ros2_workspace/install/test_nodes/lib/python3.6/site-packages'
[14.515s] Level 1:colcon.colcon_core.shell:create_environment_hook('test_nodes', 'pythonpath')
[14.518s] INFO:colcon.colcon_core.shell:Creating environment hook '/home/alexander/Documents/simplebot2/ros2_workspace/install/test_nodes/share/test_nodes/hook/pythonpath.ps1'
[14.522s] INFO:colcon.colcon_core.shell:Creating environment descriptor '/home/alexander/Documents/simplebot2/ros2_workspace/install/test_nodes/share/test_nodes/hook/pythonpath.dsv'
[14.526s] INFO:colcon.colcon_core.shell:Creating environment hook '/home/alexander/Documents/simplebot2/ros2_workspace/install/test_nodes/share/test_nodes/hook/pythonpath.sh'
[14.530s] Level 1:colcon.colcon_core.environment:checking '/home/alexander/Documents/simplebot2/ros2_workspace/install/test_nodes/bin'
[14.530s] Level 1:colcon.colcon_core.environment:create_environment_scripts_only(test_nodes)
[14.534s] INFO:colcon.colcon_core.shell:Creating package script '/home/alexander/Documents/simplebot2/ros2_workspace/install/test_nodes/share/test_nodes/package.ps1'
[14.537s] INFO:colcon.colcon_core.shell:Creating package descriptor '/home/alexander/Documents/simplebot2/ros2_workspace/install/test_nodes/share/test_nodes/package.dsv'
[14.542s] INFO:colcon.colcon_core.shell:Creating package script '/home/alexander/Documents/simplebot2/ros2_workspace/install/test_nodes/share/test_nodes/package.sh'
[14.546s] INFO:colcon.colcon_core.shell:Creating package script '/home/alexander/Documents/simplebot2/ros2_workspace/install/test_nodes/share/test_nodes/package.bash'
[14.548s] INFO:colcon.colcon_core.shell:Creating package script '/home/alexander/Documents/simplebot2/ros2_workspace/install/test_nodes/share/test_nodes/package.zsh'
[14.550s] Level 1:colcon.colcon_core.environment:create_file_with_runtime_dependencies(/home/alexander/Documents/simplebot2/ros2_workspace/install/test_nodes/share/colcon-core/packages/test_nodes)
[14.556s] DEBUG:colcon.colcon_parallel_executor.executor.parallel:closing loop
[14.557s] DEBUG:colcon.colcon_parallel_executor.executor.parallel:loop closed
[14.558s] DEBUG:colcon.colcon_parallel_executor.executor.parallel:run_until_complete finished with '0'
[14.558s] DEBUG:colcon.colcon_core.event_reactor:joining thread
[14.596s] INFO:colcon.colcon_core.plugin_system:Skipping extension 'colcon_notification.desktop_notification.notify_send': Could not find 'notify-send'
[14.597s] INFO:colcon.colcon_core.plugin_system:Skipping extension 'colcon_notification.desktop_notification.terminal_notifier': Not used on non-Darwin systems
[14.598s] INFO:colcon.colcon_core.plugin_system:Skipping extension 'colcon_notification.desktop_notification.win32': Not used on non-Windows systems
[14.598s] INFO:colcon.colcon_notification.desktop_notification:Sending desktop notification using 'notify2'
[14.599s] DEBUG:colcon.colcon_notification.desktop_notification.notify2:Failed to initialize notify2: org.freedesktop.DBus.Error.NotSupported: Unable to autolaunch a dbus-daemon without a $DISPLAY for X11
[14.599s] DEBUG:colcon.colcon_core.event_reactor:joined thread
[14.602s] INFO:colcon.colcon_core.shell:Creating prefix script '/home/alexander/Documents/simplebot2/ros2_workspace/install/local_setup.ps1'
[14.610s] INFO:colcon.colcon_core.shell:Creating prefix util module '/home/alexander/Documents/simplebot2/ros2_workspace/install/_local_setup_util_ps1.py'
[14.627s] INFO:colcon.colcon_core.shell:Creating prefix chain script '/home/alexander/Documents/simplebot2/ros2_workspace/install/setup.ps1'
[14.638s] INFO:colcon.colcon_core.shell:Creating prefix script '/home/alexander/Documents/simplebot2/ros2_workspace/install/local_setup.sh'
[14.643s] INFO:colcon.colcon_core.shell:Creating prefix util module '/home/alexander/Documents/simplebot2/ros2_workspace/install/_local_setup_util_sh.py'
[14.647s] INFO:colcon.colcon_core.shell:Creating prefix chain script '/home/alexander/Documents/simplebot2/ros2_workspace/install/setup.sh'
[14.660s] INFO:colcon.colcon_core.shell:Creating prefix script '/home/alexander/Documents/simplebot2/ros2_workspace/install/local_setup.bash'
[14.665s] INFO:colcon.colcon_core.shell:Creating prefix chain script '/home/alexander/Documents/simplebot2/ros2_workspace/install/setup.bash'
[14.675s] INFO:colcon.colcon_core.shell:Creating prefix script '/home/alexander/Documents/simplebot2/ros2_workspace/install/local_setup.zsh'
[14.680s] INFO:colcon.colcon_core.shell:Creating prefix chain script '/home/alexander/Documents/simplebot2/ros2_workspace/install/setup.zsh'
