[8.716s] Invoking command in '/home/alexander/Documents/simplebot2/ros2_workspace/src/joystick_ros2': PYTHONPATH=/home/alexander/Documents/simplebot2/ros2_workspace/build/joystick_ros2/prefix_override:/home/alexander/Documents/simplebot2/ros2_workspace/install/joystick_ros2/lib/python3.6/site-packages:${PYTHONPATH} /usr/bin/python3 setup.py egg_info --egg-base ../../build/joystick_ros2 build --build-base /home/alexander/Documents/simplebot2/ros2_workspace/build/joystick_ros2/build install --record /home/alexander/Documents/simplebot2/ros2_workspace/build/joystick_ros2/install.log --install-scripts $base/lib/joystick_ros2 --single-version-externally-managed
[10.887s] /home/alexander/.local/lib/python3.6/site-packages/setuptools/dist.py:720: UserWarning: Usage of dash-separated 'script-dir' will not be supported in future versions. Please use the underscore name 'script_dir' instead
[10.891s]   % (opt, underscore_opt)
[11.215s] running egg_info
[11.219s] writing ../../build/joystick_ros2/joystick_ros2.egg-info/PKG-INFO
[11.223s] writing dependency_links to ../../build/joystick_ros2/joystick_ros2.egg-info/dependency_links.txt
[11.224s] writing entry points to ../../build/joystick_ros2/joystick_ros2.egg-info/entry_points.txt
[11.227s] writing requirements to ../../build/joystick_ros2/joystick_ros2.egg-info/requires.txt
[11.228s] writing top-level names to ../../build/joystick_ros2/joystick_ros2.egg-info/top_level.txt
[11.253s] reading manifest file '../../build/joystick_ros2/joystick_ros2.egg-info/SOURCES.txt'
[11.254s] adding license file 'LICENSE'
[11.264s] writing manifest file '../../build/joystick_ros2/joystick_ros2.egg-info/SOURCES.txt'
[11.266s] running build
[11.267s] running build_py
[11.269s] copying joystick_ros2.py -> /home/alexander/Documents/simplebot2/ros2_workspace/build/joystick_ros2/build/lib
[11.271s] running install
[11.275s] running install_lib
[11.281s] copying /home/alexander/Documents/simplebot2/ros2_workspace/build/joystick_ros2/build/lib/joystick_ros2.py -> /home/alexander/Documents/simplebot2/ros2_workspace/install/joystick_ros2/lib/python3.6/site-packages
[11.290s] byte-compiling /home/alexander/Documents/simplebot2/ros2_workspace/install/joystick_ros2/lib/python3.6/site-packages/joystick_ros2.py to joystick_ros2.cpython-36.pyc
[11.304s] running install_data
[11.311s] running install_egg_info
[11.332s] removing '/home/alexander/Documents/simplebot2/ros2_workspace/install/joystick_ros2/lib/python3.6/site-packages/joystick_ros2-0.0.1-py3.6.egg-info' (and everything under it)
[11.337s] Copying ../../build/joystick_ros2/joystick_ros2.egg-info to /home/alexander/Documents/simplebot2/ros2_workspace/install/joystick_ros2/lib/python3.6/site-packages/joystick_ros2-0.0.1-py3.6.egg-info
[11.349s] running install_scripts
[11.510s] Installing joystick_ros2 script to /home/alexander/Documents/simplebot2/ros2_workspace/install/joystick_ros2/lib/joystick_ros2
[11.512s] writing list of installed files to '/home/alexander/Documents/simplebot2/ros2_workspace/build/joystick_ros2/install.log'
[11.923s] Invoked command in '/home/alexander/Documents/simplebot2/ros2_workspace/src/joystick_ros2' returned '0': PYTHONPATH=/home/alexander/Documents/simplebot2/ros2_workspace/build/joystick_ros2/prefix_override:/home/alexander/Documents/simplebot2/ros2_workspace/install/joystick_ros2/lib/python3.6/site-packages:${PYTHONPATH} /usr/bin/python3 setup.py egg_info --egg-base ../../build/joystick_ros2 build --build-base /home/alexander/Documents/simplebot2/ros2_workspace/build/joystick_ros2/build install --record /home/alexander/Documents/simplebot2/ros2_workspace/build/joystick_ros2/install.log --install-scripts $base/lib/joystick_ros2 --single-version-externally-managed
