[8.456s] Invoking command in '/home/alexander/Documents/simplebot2/ros2_workspace/src/joystick_ros2': PYTHONPATH=/home/alexander/Documents/simplebot2/ros2_workspace/build/joystick_ros2/prefix_override:/home/alexander/Documents/simplebot2/ros2_workspace/install/joystick_ros2/lib/python3.6/site-packages:${PYTHONPATH} /usr/bin/python3 setup.py egg_info --egg-base ../../build/joystick_ros2 build --build-base /home/alexander/Documents/simplebot2/ros2_workspace/build/joystick_ros2/build install --record /home/alexander/Documents/simplebot2/ros2_workspace/build/joystick_ros2/install.log --install-scripts $base/lib/joystick_ros2 --single-version-externally-managed
[10.465s] /home/alexander/.local/lib/python3.6/site-packages/setuptools/dist.py:720: UserWarning: Usage of dash-separated 'script-dir' will not be supported in future versions. Please use the underscore name 'script_dir' instead
[10.468s]   % (opt, underscore_opt)
[10.846s] running egg_info
[10.854s] creating ../../build/joystick_ros2/joystick_ros2.egg-info
[10.861s] writing ../../build/joystick_ros2/joystick_ros2.egg-info/PKG-INFO
[10.867s] writing dependency_links to ../../build/joystick_ros2/joystick_ros2.egg-info/dependency_links.txt
[10.873s] writing entry points to ../../build/joystick_ros2/joystick_ros2.egg-info/entry_points.txt
[10.879s] writing requirements to ../../build/joystick_ros2/joystick_ros2.egg-info/requires.txt
[10.888s] writing top-level names to ../../build/joystick_ros2/joystick_ros2.egg-info/top_level.txt
[10.904s] writing manifest file '../../build/joystick_ros2/joystick_ros2.egg-info/SOURCES.txt'
[10.916s] reading manifest file '../../build/joystick_ros2/joystick_ros2.egg-info/SOURCES.txt'
[10.921s] adding license file 'LICENSE'
[10.934s] writing manifest file '../../build/joystick_ros2/joystick_ros2.egg-info/SOURCES.txt'
[10.941s] running build
[10.944s] running build_py
[10.948s] creating /home/alexander/Documents/simplebot2/ros2_workspace/build/joystick_ros2/build
[10.953s] creating /home/alexander/Documents/simplebot2/ros2_workspace/build/joystick_ros2/build/lib
[10.957s] copying joystick_ros2.py -> /home/alexander/Documents/simplebot2/ros2_workspace/build/joystick_ros2/build/lib
[10.963s] copying inputs.py -> /home/alexander/Documents/simplebot2/ros2_workspace/build/joystick_ros2/build/lib
[10.974s] running install
[10.985s] running install_lib
[11.003s] copying /home/alexander/Documents/simplebot2/ros2_workspace/build/joystick_ros2/build/lib/joystick_ros2.py -> /home/alexander/Documents/simplebot2/ros2_workspace/install/joystick_ros2/lib/python3.6/site-packages
[11.008s] copying /home/alexander/Documents/simplebot2/ros2_workspace/build/joystick_ros2/build/lib/inputs.py -> /home/alexander/Documents/simplebot2/ros2_workspace/install/joystick_ros2/lib/python3.6/site-packages
[11.017s] byte-compiling /home/alexander/Documents/simplebot2/ros2_workspace/install/joystick_ros2/lib/python3.6/site-packages/joystick_ros2.py to joystick_ros2.cpython-36.pyc
[11.030s] byte-compiling /home/alexander/Documents/simplebot2/ros2_workspace/install/joystick_ros2/lib/python3.6/site-packages/inputs.py to inputs.cpython-36.pyc
[11.117s] running install_data
[11.125s] creating /home/alexander/Documents/simplebot2/ros2_workspace/install/joystick_ros2/share/ament_index
[11.126s] creating /home/alexander/Documents/simplebot2/ros2_workspace/install/joystick_ros2/share/ament_index/resource_index
[11.127s] creating /home/alexander/Documents/simplebot2/ros2_workspace/install/joystick_ros2/share/ament_index/resource_index/packages
[11.127s] copying resource/joystick_ros2 -> /home/alexander/Documents/simplebot2/ros2_workspace/install/joystick_ros2/share/ament_index/resource_index/packages
[11.128s] creating /home/alexander/Documents/simplebot2/ros2_workspace/install/joystick_ros2/shared
[11.140s] creating /home/alexander/Documents/simplebot2/ros2_workspace/install/joystick_ros2/shared/joystick_ros2
[11.149s] copying package.xml -> /home/alexander/Documents/simplebot2/ros2_workspace/install/joystick_ros2/shared/joystick_ros2
[11.165s] running install_egg_info
[11.182s] Copying ../../build/joystick_ros2/joystick_ros2.egg-info to /home/alexander/Documents/simplebot2/ros2_workspace/install/joystick_ros2/lib/python3.6/site-packages/joystick_ros2-0.0.1-py3.6.egg-info
[11.183s] running install_scripts
[11.406s] Installing joystick_ros2 script to /home/alexander/Documents/simplebot2/ros2_workspace/install/joystick_ros2/lib/joystick_ros2
[11.407s] writing list of installed files to '/home/alexander/Documents/simplebot2/ros2_workspace/build/joystick_ros2/install.log'
[14.234s] Invoked command in '/home/alexander/Documents/simplebot2/ros2_workspace/src/joystick_ros2' returned '0': PYTHONPATH=/home/alexander/Documents/simplebot2/ros2_workspace/build/joystick_ros2/prefix_override:/home/alexander/Documents/simplebot2/ros2_workspace/install/joystick_ros2/lib/python3.6/site-packages:${PYTHONPATH} /usr/bin/python3 setup.py egg_info --egg-base ../../build/joystick_ros2 build --build-base /home/alexander/Documents/simplebot2/ros2_workspace/build/joystick_ros2/build install --record /home/alexander/Documents/simplebot2/ros2_workspace/build/joystick_ros2/install.log --install-scripts $base/lib/joystick_ros2 --single-version-externally-managed
