[8.270s] Invoking command in '/home/alexander/Documents/simplebot2/ros2_workspace/src/ds4drv': PYTHONPATH=/home/alexander/Documents/simplebot2/ros2_workspace/build/ds4drv/prefix_override:/home/alexander/Documents/simplebot2/ros2_workspace/install/ds4drv/lib/python3.6/site-packages:${PYTHONPATH} /usr/bin/python3 setup.py egg_info --egg-base ../../build/ds4drv build --build-base /home/alexander/Documents/simplebot2/ros2_workspace/build/ds4drv/build install --record /home/alexander/Documents/simplebot2/ros2_workspace/build/ds4drv/install.log --single-version-externally-managed
[10.535s] running egg_info
[10.545s] writing ../../build/ds4drv/ds4drv.egg-info/PKG-INFO
[10.547s] writing dependency_links to ../../build/ds4drv/ds4drv.egg-info/dependency_links.txt
[10.548s] writing entry points to ../../build/ds4drv/ds4drv.egg-info/entry_points.txt
[10.548s] writing requirements to ../../build/ds4drv/ds4drv.egg-info/requires.txt
[10.549s] writing top-level names to ../../build/ds4drv/ds4drv.egg-info/top_level.txt
[10.570s] reading manifest file '../../build/ds4drv/ds4drv.egg-info/SOURCES.txt'
[10.573s] reading manifest template 'MANIFEST.in'
[10.579s] adding license file 'LICENSE'
[10.589s] writing manifest file '../../build/ds4drv/ds4drv.egg-info/SOURCES.txt'
[10.592s] running build
[10.594s] running build_py
[10.608s] running install
[10.614s] running install_lib
[10.634s] running install_egg_info
[10.646s] removing '/home/alexander/Documents/simplebot2/ros2_workspace/install/ds4drv/lib/python3.6/site-packages/ds4drv-0.5.1-py3.6.egg-info' (and everything under it)
[10.649s] Copying ../../build/ds4drv/ds4drv.egg-info to /home/alexander/Documents/simplebot2/ros2_workspace/install/ds4drv/lib/python3.6/site-packages/ds4drv-0.5.1-py3.6.egg-info
[10.654s] running install_scripts
[10.801s] Installing ds4drv script to /home/alexander/Documents/simplebot2/ros2_workspace/install/ds4drv/bin
[10.812s] writing list of installed files to '/home/alexander/Documents/simplebot2/ros2_workspace/build/ds4drv/install.log'
[10.952s] Invoked command in '/home/alexander/Documents/simplebot2/ros2_workspace/src/ds4drv' returned '0': PYTHONPATH=/home/alexander/Documents/simplebot2/ros2_workspace/build/ds4drv/prefix_override:/home/alexander/Documents/simplebot2/ros2_workspace/install/ds4drv/lib/python3.6/site-packages:${PYTHONPATH} /usr/bin/python3 setup.py egg_info --egg-base ../../build/ds4drv build --build-base /home/alexander/Documents/simplebot2/ros2_workspace/build/ds4drv/build install --record /home/alexander/Documents/simplebot2/ros2_workspace/build/ds4drv/install.log --single-version-externally-managed
