[8.329s] Invoking command in '/home/alexander/Documents/simplebot2/ros2_workspace/src/motor_controller': PYTHONPATH=/home/alexander/Documents/simplebot2/ros2_workspace/build/motor_controller/prefix_override:/home/alexander/Documents/simplebot2/ros2_workspace/install/motor_controller/lib/python3.6/site-packages:${PYTHONPATH} /usr/bin/python3 setup.py egg_info --egg-base ../../build/motor_controller build --build-base /home/alexander/Documents/simplebot2/ros2_workspace/build/motor_controller/build install --record /home/alexander/Documents/simplebot2/ros2_workspace/build/motor_controller/install.log --single-version-externally-managed
[10.573s] running egg_info
[10.605s] writing ../../build/motor_controller/motor_controller.egg-info/PKG-INFO
[10.606s] writing dependency_links to ../../build/motor_controller/motor_controller.egg-info/dependency_links.txt
[10.607s] writing entry points to ../../build/motor_controller/motor_controller.egg-info/entry_points.txt
[10.611s] writing requirements to ../../build/motor_controller/motor_controller.egg-info/requires.txt
[10.619s] writing top-level names to ../../build/motor_controller/motor_controller.egg-info/top_level.txt
[10.645s] reading manifest file '../../build/motor_controller/motor_controller.egg-info/SOURCES.txt'
[10.660s] writing manifest file '../../build/motor_controller/motor_controller.egg-info/SOURCES.txt'
[10.665s] running build
[10.668s] running build_py
[10.675s] running install
[10.681s] running install_lib
[10.700s] running install_data
[10.707s] running install_egg_info
[10.722s] removing '/home/alexander/Documents/simplebot2/ros2_workspace/install/motor_controller/lib/python3.6/site-packages/motor_controller-0.0.0-py3.6.egg-info' (and everything under it)
[10.736s] Copying ../../build/motor_controller/motor_controller.egg-info to /home/alexander/Documents/simplebot2/ros2_workspace/install/motor_controller/lib/python3.6/site-packages/motor_controller-0.0.0-py3.6.egg-info
[10.753s] running install_scripts
[10.927s] Installing kinematics2serial script to /home/alexander/Documents/simplebot2/ros2_workspace/install/motor_controller/lib/motor_controller
[10.945s] writing list of installed files to '/home/alexander/Documents/simplebot2/ros2_workspace/build/motor_controller/install.log'
[11.125s] Invoked command in '/home/alexander/Documents/simplebot2/ros2_workspace/src/motor_controller' returned '0': PYTHONPATH=/home/alexander/Documents/simplebot2/ros2_workspace/build/motor_controller/prefix_override:/home/alexander/Documents/simplebot2/ros2_workspace/install/motor_controller/lib/python3.6/site-packages:${PYTHONPATH} /usr/bin/python3 setup.py egg_info --egg-base ../../build/motor_controller build --build-base /home/alexander/Documents/simplebot2/ros2_workspace/build/motor_controller/build install --record /home/alexander/Documents/simplebot2/ros2_workspace/build/motor_controller/install.log --single-version-externally-managed
