[0.799s] Invoking command in '/home/alexander/simplebot2/ros2_workspace/src/build/camera_node': /usr/local/bin/cmake /home/alexander/simplebot2/ros2_workspace/src/ros2-camera-node -DCMAKE_INSTALL_PREFIX=/home/alexander/simplebot2/ros2_workspace/src/install/camera_node
[2.466s] -- The C compiler identification is GNU 11.4.0
[2.468s] -- The CXX compiler identification is GNU 11.4.0
[2.502s] -- Detecting C compiler ABI info
[2.797s] -- Detecting C compiler ABI info - done
[2.849s] -- Check for working C compiler: /usr/bin/cc - skipped
[2.852s] -- Detecting C compile features
[2.862s] -- Detecting C compile features - done
[2.895s] -- Detecting CXX compiler ABI info
[3.317s] -- Detecting CXX compiler ABI info - done
[3.386s] -- Check for working CXX compiler: /usr/bin/c++ - skipped
[3.388s] -- Detecting CXX compile features
[3.403s] -- Detecting CXX compile features - done
[3.430s] -- Found ament_cmake: 1.3.6 (/opt/ros/humble/install/share/ament_cmake/cmake)
[4.406s] -- Found Python3: /usr/bin/python3.10 (found version "3.10.12") found components: Interpreter 
[5.070s] [33mCMake Warning (dev) at /usr/lib/cmake/opencv4/OpenCVConfig.cmake:86 (find_package):
[5.070s]   Policy CMP0146 is not set: The FindCUDA module is removed.  Run "cmake
[5.071s]   --help-policy CMP0146" for policy details.  Use the cmake_policy command to
[5.072s]   set the policy and suppress this warning.
[5.072s] 
[5.073s] Call Stack (most recent call first):
[5.073s]   /usr/lib/cmake/opencv4/OpenCVConfig.cmake:108 (find_host_package)
[5.074s]   CMakeLists.txt:13 (find_package)
[5.074s] This warning is for project developers.  Use -Wno-dev to suppress it.
[5.075s] [0m
[5.216s] -- Performing Test CMAKE_HAVE_LIBC_PTHREAD
[5.699s] -- Performing Test CMAKE_HAVE_LIBC_PTHREAD - Success
[5.716s] -- Found Threads: TRUE  
[5.805s] -- Found CUDA: /usr/local/cuda (found suitable exact version "12.2") 
[5.941s] -- Found OpenCV: /usr (found version "4.8.1") 
[5.976s] -- Found rclcpp: 16.0.7 (/opt/ros/humble/install/share/rclcpp/cmake)
[6.477s] -- Found rosidl_generator_c: 3.1.5 (/opt/ros/humble/install/share/rosidl_generator_c/cmake)
[6.517s] -- Found rosidl_adapter: 3.1.5 (/opt/ros/humble/install/share/rosidl_adapter/cmake)
[6.598s] -- Found rosidl_generator_cpp: 3.1.5 (/opt/ros/humble/install/share/rosidl_generator_cpp/cmake)
[6.761s] -- Using all available rosidl_typesupport_c: rosidl_typesupport_fastrtps_c;rosidl_typesupport_introspection_c
[6.920s] -- Using all available rosidl_typesupport_cpp: rosidl_typesupport_fastrtps_cpp;rosidl_typesupport_introspection_cpp
[7.569s] -- Found rmw_implementation_cmake: 6.1.1 (/opt/ros/humble/install/share/rmw_implementation_cmake/cmake)
[7.587s] -- Found rmw_cyclonedds_cpp: 1.3.4 (/opt/ros/humble/install/share/rmw_cyclonedds_cpp/cmake)
[7.860s] -- Using RMW implementation 'rmw_cyclonedds_cpp' as default
[9.074s] -- Found rclcpp_components: 16.0.7 (/opt/ros/humble/install/share/rclcpp_components/cmake)
[9.509s] -- Found rosidl_default_generators: 1.2.0 (/opt/ros/humble/install/share/rosidl_default_generators/cmake)
[9.577s] -- Found sensor_msgs: 4.2.3 (/opt/ros/humble/install/share/sensor_msgs/cmake)
[10.382s] [0mgrabthecam not found - building it[0m
[13.770s] [31mCMake Error at /home/alexander/simplebot2/ros2_workspace/src/build/camera_node/_deps/grabthecam-src/CMakeLists.txt:7 (find_package):
[13.770s]   By not providing "FindRapidJSON.cmake" in CMAKE_MODULE_PATH this project
[13.771s]   has asked CMake to find a package configuration file provided by
[13.771s]   "RapidJSON", but CMake did not find one.
[13.771s] 
[13.772s]   Could not find a package configuration file provided by "RapidJSON" with
[13.772s]   any of the following names:
[13.773s] 
[13.773s]     RapidJSONConfig.cmake
[13.773s]     rapidjson-config.cmake
[13.774s] 
[13.774s]   Add the installation prefix of "RapidJSON" to CMAKE_PREFIX_PATH or set
[13.774s]   "RapidJSON_DIR" to a directory containing one of the above files.  If
[13.775s]   "RapidJSON" provides a separate development package or SDK, be sure it has
[13.775s]   been installed.
[13.775s] 
[13.776s] [0m
[13.776s] -- Configuring incomplete, errors occurred!
[13.841s] Invoked command in '/home/alexander/simplebot2/ros2_workspace/src/build/camera_node' returned '1': /usr/local/bin/cmake /home/alexander/simplebot2/ros2_workspace/src/ros2-camera-node -DCMAKE_INSTALL_PREFIX=/home/alexander/simplebot2/ros2_workspace/src/install/camera_node
