[9.872s] Invoking command in '/home/alexander/Documents/simplebot2/ros2_workspace/src/motor_controller': PYTHONPATH=/home/alexander/Documents/simplebot2/ros2_workspace/build/motor_controller/prefix_override:/home/alexander/Documents/simplebot2/ros2_workspace/install/motor_controller/lib/python3.6/site-packages:${PYTHONPATH} /usr/bin/python3 setup.py egg_info --egg-base ../../build/motor_controller build --build-base /home/alexander/Documents/simplebot2/ros2_workspace/build/motor_controller/build install --record /home/alexander/Documents/simplebot2/ros2_workspace/build/motor_controller/install.log --single-version-externally-managed
[13.073s] running egg_info
[13.078s] writing ../../build/motor_controller/motor_controller.egg-info/PKG-INFO
[13.080s] writing dependency_links to ../../build/motor_controller/motor_controller.egg-info/dependency_links.txt
[13.082s] writing entry points to ../../build/motor_controller/motor_controller.egg-info/entry_points.txt
[13.083s] writing requirements to ../../build/motor_controller/motor_controller.egg-info/requires.txt
[13.083s] writing top-level names to ../../build/motor_controller/motor_controller.egg-info/top_level.txt
[13.103s] reading manifest file '../../build/motor_controller/motor_controller.egg-info/SOURCES.txt'
[13.115s] writing manifest file '../../build/motor_controller/motor_controller.egg-info/SOURCES.txt'
[13.116s] running build
[13.117s] running build_py
[13.118s] copying motor_controller/kinematics2serial.py -> /home/alexander/Documents/simplebot2/ros2_workspace/build/motor_controller/build/lib/motor_controller
[13.123s] running install
[13.124s] running install_lib
[13.137s] copying /home/alexander/Documents/simplebot2/ros2_workspace/build/motor_controller/build/lib/motor_controller/kinematics2serial.py -> /home/alexander/Documents/simplebot2/ros2_workspace/install/motor_controller/lib/python3.6/site-packages/motor_controller
[13.140s] byte-compiling /home/alexander/Documents/simplebot2/ros2_workspace/install/motor_controller/lib/python3.6/site-packages/motor_controller/kinematics2serial.py to kinematics2serial.cpython-36.pyc
[13.152s] running install_data
[13.155s] running install_egg_info
[13.167s] removing '/home/alexander/Documents/simplebot2/ros2_workspace/install/motor_controller/lib/python3.6/site-packages/motor_controller-0.0.0-py3.6.egg-info' (and everything under it)
[13.170s] Copying ../../build/motor_controller/motor_controller.egg-info to /home/alexander/Documents/simplebot2/ros2_workspace/install/motor_controller/lib/python3.6/site-packages/motor_controller-0.0.0-py3.6.egg-info
[13.178s] running install_scripts
[13.313s] Installing kinematics2serial script to /home/alexander/Documents/simplebot2/ros2_workspace/install/motor_controller/lib/motor_controller
[13.317s] writing list of installed files to '/home/alexander/Documents/simplebot2/ros2_workspace/build/motor_controller/install.log'
[13.453s] Invoked command in '/home/alexander/Documents/simplebot2/ros2_workspace/src/motor_controller' returned '0': PYTHONPATH=/home/alexander/Documents/simplebot2/ros2_workspace/build/motor_controller/prefix_override:/home/alexander/Documents/simplebot2/ros2_workspace/install/motor_controller/lib/python3.6/site-packages:${PYTHONPATH} /usr/bin/python3 setup.py egg_info --egg-base ../../build/motor_controller build --build-base /home/alexander/Documents/simplebot2/ros2_workspace/build/motor_controller/build install --record /home/alexander/Documents/simplebot2/ros2_workspace/build/motor_controller/install.log --single-version-externally-managed
