[9.276s] Invoking command in '/home/alexander/Documents/simplebot2/ros2_workspace/src/motor_controller': PYTHONPATH=/home/alexander/Documents/simplebot2/ros2_workspace/build/motor_controller/prefix_override:/home/alexander/Documents/simplebot2/ros2_workspace/install/motor_controller/lib/python3.6/site-packages:${PYTHONPATH} /usr/bin/python3 setup.py egg_info --egg-base ../../build/motor_controller build --build-base /home/alexander/Documents/simplebot2/ros2_workspace/build/motor_controller/build install --record /home/alexander/Documents/simplebot2/ros2_workspace/build/motor_controller/install.log --single-version-externally-managed
[13.666s] running egg_info
[13.679s] writing ../../build/motor_controller/motor_controller.egg-info/PKG-INFO
[13.683s] writing dependency_links to ../../build/motor_controller/motor_controller.egg-info/dependency_links.txt
[13.684s] writing entry points to ../../build/motor_controller/motor_controller.egg-info/entry_points.txt
[13.695s] writing requirements to ../../build/motor_controller/motor_controller.egg-info/requires.txt
[13.697s] writing top-level names to ../../build/motor_controller/motor_controller.egg-info/top_level.txt
[13.739s] reading manifest file '../../build/motor_controller/motor_controller.egg-info/SOURCES.txt'
[13.764s] writing manifest file '../../build/motor_controller/motor_controller.egg-info/SOURCES.txt'
[13.766s] running build
[13.767s] running build_py
[13.771s] copying motor_controller/kinematics2serial.py -> /home/alexander/Documents/simplebot2/ros2_workspace/build/motor_controller/build/lib/motor_controller
[13.780s] running install
[13.785s] running install_lib
[13.802s] copying /home/alexander/Documents/simplebot2/ros2_workspace/build/motor_controller/build/lib/motor_controller/kinematics2serial.py -> /home/alexander/Documents/simplebot2/ros2_workspace/install/motor_controller/lib/python3.6/site-packages/motor_controller
[13.807s] byte-compiling /home/alexander/Documents/simplebot2/ros2_workspace/install/motor_controller/lib/python3.6/site-packages/motor_controller/kinematics2serial.py to kinematics2serial.cpython-36.pyc
[13.823s] running install_data
[13.828s] running install_egg_info
[13.851s] removing '/home/alexander/Documents/simplebot2/ros2_workspace/install/motor_controller/lib/python3.6/site-packages/motor_controller-0.0.0-py3.6.egg-info' (and everything under it)
[13.861s] Copying ../../build/motor_controller/motor_controller.egg-info to /home/alexander/Documents/simplebot2/ros2_workspace/install/motor_controller/lib/python3.6/site-packages/motor_controller-0.0.0-py3.6.egg-info
[13.874s] running install_scripts
[14.171s] Installing kinematics2serial script to /home/alexander/Documents/simplebot2/ros2_workspace/install/motor_controller/lib/motor_controller
[14.183s] writing list of installed files to '/home/alexander/Documents/simplebot2/ros2_workspace/build/motor_controller/install.log'
[14.625s] Invoked command in '/home/alexander/Documents/simplebot2/ros2_workspace/src/motor_controller' returned '0': PYTHONPATH=/home/alexander/Documents/simplebot2/ros2_workspace/build/motor_controller/prefix_override:/home/alexander/Documents/simplebot2/ros2_workspace/install/motor_controller/lib/python3.6/site-packages:${PYTHONPATH} /usr/bin/python3 setup.py egg_info --egg-base ../../build/motor_controller build --build-base /home/alexander/Documents/simplebot2/ros2_workspace/build/motor_controller/build install --record /home/alexander/Documents/simplebot2/ros2_workspace/build/motor_controller/install.log --single-version-externally-managed
