[2.785s] DEBUG:colcon:Command line arguments: ['/usr/bin/colcon', 'build']
[2.786s] DEBUG:colcon:Parsed command line arguments: Namespace(ament_cmake_args=None, base_paths=['.'], build_base='build', catkin_cmake_args=None, catkin_skip_building_tests=False, cmake_args=None, cmake_clean_cache=False, cmake_clean_first=False, cmake_force_configure=False, cmake_target=None, cmake_target_skip_unavailable=False, continue_on_error=False, event_handlers=None, executor='parallel', ignore_user_meta=False, install_base='install', log_base=None, log_level=None, main=<bound method BuildVerb.main of <colcon_core.verb.build.BuildVerb object at 0x7fb0f8b390>>, merge_install=False, metas=['./colcon.meta'], packages_above=None, packages_above_and_dependencies=None, packages_above_depth=None, packages_end=None, packages_ignore=None, packages_ignore_regex=None, packages_select=None, packages_select_build_failed=False, packages_select_by_dep=None, packages_select_regex=None, packages_select_test_failures=False, packages_skip=None, packages_skip_build_finished=False, packages_skip_by_dep=None, packages_skip_regex=None, packages_skip_test_passed=False, packages_skip_up_to=None, packages_start=None, packages_up_to=None, packages_up_to_regex=None, parallel_workers=2, paths=None, symlink_install=False, test_result_base=None, verb_extension=<colcon_core.verb.build.BuildVerb object at 0x7fb0f8b390>, verb_name='build', verb_parser=<colcon_defaults.argument_parser.defaults.DefaultArgumentsDecorator object at 0x7fb0f8b6d8>)
[2.923s] Level 1:colcon.colcon_core.package_discovery:discover_packages(colcon_meta) check parameters
[2.925s] Level 1:colcon.colcon_core.package_discovery:discover_packages(recursive) check parameters
[2.926s] Level 1:colcon.colcon_core.package_discovery:discover_packages(ignore) check parameters
[2.928s] Level 1:colcon.colcon_core.package_discovery:discover_packages(path) check parameters
[2.929s] Level 1:colcon.colcon_core.package_discovery:discover_packages(colcon_meta) discover
[2.932s] Level 1:colcon.colcon_core.package_discovery:discover_packages(recursive) discover
[2.934s] INFO:colcon.colcon_core.package_discovery:Crawling recursively for packages in '/home/alexander/Documents/simplebot2/ros2_workspace'
[2.935s] Level 1:colcon.colcon_core.package_identification:_identify(.) by extensions ['ignore', 'ignore_ament_install']
[2.937s] Level 1:colcon.colcon_core.package_identification:_identify(.) by extension 'ignore'
[2.939s] Level 1:colcon.colcon_core.package_identification:_identify(.) by extension 'ignore_ament_install'
[2.940s] Level 1:colcon.colcon_core.package_identification:_identify(.) by extensions ['colcon_pkg']
[2.941s] Level 1:colcon.colcon_core.package_identification:_identify(.) by extension 'colcon_pkg'
[2.942s] Level 1:colcon.colcon_core.package_identification:_identify(.) by extensions ['colcon_meta']
[2.944s] Level 1:colcon.colcon_core.package_identification:_identify(.) by extension 'colcon_meta'
[2.944s] Level 1:colcon.colcon_core.package_identification:_identify(.) by extensions ['ros']
[2.944s] Level 1:colcon.colcon_core.package_identification:_identify(.) by extension 'ros'
[3.234s] Level 1:colcon.colcon_core.package_identification:_identify(.) by extensions ['cmake', 'python']
[3.235s] Level 1:colcon.colcon_core.package_identification:_identify(.) by extension 'cmake'
[3.235s] Level 1:colcon.colcon_core.package_identification:_identify(.) by extension 'python'
[3.236s] Level 1:colcon.colcon_core.package_identification:_identify(.) by extensions ['python_setup_py']
[3.236s] Level 1:colcon.colcon_core.package_identification:_identify(.) by extension 'python_setup_py'
[3.237s] Level 1:colcon.colcon_core.package_identification:_identify(build) by extensions ['ignore', 'ignore_ament_install']
[3.238s] Level 1:colcon.colcon_core.package_identification:_identify(build) by extension 'ignore'
[3.239s] Level 1:colcon.colcon_core.package_identification:_identify(build) ignored
[3.242s] Level 1:colcon.colcon_core.package_identification:_identify(install) by extensions ['ignore', 'ignore_ament_install']
[3.243s] Level 1:colcon.colcon_core.package_identification:_identify(install) by extension 'ignore'
[3.243s] Level 1:colcon.colcon_core.package_identification:_identify(install) ignored
[3.245s] Level 1:colcon.colcon_core.package_identification:_identify(log) by extensions ['ignore', 'ignore_ament_install']
[3.245s] Level 1:colcon.colcon_core.package_identification:_identify(log) by extension 'ignore'
[3.246s] Level 1:colcon.colcon_core.package_identification:_identify(log) ignored
[3.246s] Level 1:colcon.colcon_core.package_identification:_identify(src) by extensions ['ignore', 'ignore_ament_install']
[3.247s] Level 1:colcon.colcon_core.package_identification:_identify(src) by extension 'ignore'
[3.248s] Level 1:colcon.colcon_core.package_identification:_identify(src) by extension 'ignore_ament_install'
[3.248s] Level 1:colcon.colcon_core.package_identification:_identify(src) by extensions ['colcon_pkg']
[3.249s] Level 1:colcon.colcon_core.package_identification:_identify(src) by extension 'colcon_pkg'
[3.249s] Level 1:colcon.colcon_core.package_identification:_identify(src) by extensions ['colcon_meta']
[3.249s] Level 1:colcon.colcon_core.package_identification:_identify(src) by extension 'colcon_meta'
[3.250s] Level 1:colcon.colcon_core.package_identification:_identify(src) by extensions ['ros']
[3.250s] Level 1:colcon.colcon_core.package_identification:_identify(src) by extension 'ros'
[3.251s] Level 1:colcon.colcon_core.package_identification:_identify(src) by extensions ['cmake', 'python']
[3.251s] Level 1:colcon.colcon_core.package_identification:_identify(src) by extension 'cmake'
[3.252s] Level 1:colcon.colcon_core.package_identification:_identify(src) by extension 'python'
[3.252s] Level 1:colcon.colcon_core.package_identification:_identify(src) by extensions ['python_setup_py']
[3.252s] Level 1:colcon.colcon_core.package_identification:_identify(src) by extension 'python_setup_py'
[3.253s] Level 1:colcon.colcon_core.package_identification:_identify(src/motor_controller) by extensions ['ignore', 'ignore_ament_install']
[3.254s] Level 1:colcon.colcon_core.package_identification:_identify(src/motor_controller) by extension 'ignore'
[3.254s] Level 1:colcon.colcon_core.package_identification:_identify(src/motor_controller) by extension 'ignore_ament_install'
[3.255s] Level 1:colcon.colcon_core.package_identification:_identify(src/motor_controller) by extensions ['colcon_pkg']
[3.255s] Level 1:colcon.colcon_core.package_identification:_identify(src/motor_controller) by extension 'colcon_pkg'
[3.256s] Level 1:colcon.colcon_core.package_identification:_identify(src/motor_controller) by extensions ['colcon_meta']
[3.256s] Level 1:colcon.colcon_core.package_identification:_identify(src/motor_controller) by extension 'colcon_meta'
[3.257s] Level 1:colcon.colcon_core.package_identification:_identify(src/motor_controller) by extensions ['ros']
[3.257s] Level 1:colcon.colcon_core.package_identification:_identify(src/motor_controller) by extension 'ros'
[3.274s] DEBUG:colcon.colcon_core.package_identification:Package 'src/motor_controller' with type 'ros.ament_python' and name 'motor_controller'
[3.276s] Level 1:colcon.colcon_core.package_identification:_identify(test_nodes) by extensions ['ignore', 'ignore_ament_install']
[3.277s] Level 1:colcon.colcon_core.package_identification:_identify(test_nodes) by extension 'ignore'
[3.277s] Level 1:colcon.colcon_core.package_identification:_identify(test_nodes) by extension 'ignore_ament_install'
[3.278s] Level 1:colcon.colcon_core.package_identification:_identify(test_nodes) by extensions ['colcon_pkg']
[3.278s] Level 1:colcon.colcon_core.package_identification:_identify(test_nodes) by extension 'colcon_pkg'
[3.278s] Level 1:colcon.colcon_core.package_identification:_identify(test_nodes) by extensions ['colcon_meta']
[3.279s] Level 1:colcon.colcon_core.package_identification:_identify(test_nodes) by extension 'colcon_meta'
[3.279s] Level 1:colcon.colcon_core.package_identification:_identify(test_nodes) by extensions ['ros']
[3.280s] Level 1:colcon.colcon_core.package_identification:_identify(test_nodes) by extension 'ros'
[3.283s] DEBUG:colcon.colcon_core.package_identification:Package 'test_nodes' with type 'ros.ament_python' and name 'test_nodes'
[3.284s] Level 1:colcon.colcon_core.package_discovery:discover_packages(recursive) using defaults
[3.285s] Level 1:colcon.colcon_core.package_discovery:discover_packages(ignore) discover
[3.286s] Level 1:colcon.colcon_core.package_discovery:discover_packages(ignore) using defaults
[3.286s] Level 1:colcon.colcon_core.package_discovery:discover_packages(path) discover
[3.286s] Level 1:colcon.colcon_core.package_discovery:discover_packages(path) using defaults
[3.440s] Level 5:colcon.colcon_core.verb:set package 'motor_controller' build argument 'cmake_args' from command line to 'None'
[3.441s] Level 5:colcon.colcon_core.verb:set package 'motor_controller' build argument 'cmake_target' from command line to 'None'
[3.441s] Level 5:colcon.colcon_core.verb:set package 'motor_controller' build argument 'cmake_target_skip_unavailable' from command line to 'False'
[3.441s] Level 5:colcon.colcon_core.verb:set package 'motor_controller' build argument 'cmake_clean_cache' from command line to 'False'
[3.441s] Level 5:colcon.colcon_core.verb:set package 'motor_controller' build argument 'cmake_clean_first' from command line to 'False'
[3.442s] Level 5:colcon.colcon_core.verb:set package 'motor_controller' build argument 'cmake_force_configure' from command line to 'False'
[3.442s] Level 5:colcon.colcon_core.verb:set package 'motor_controller' build argument 'ament_cmake_args' from command line to 'None'
[3.442s] Level 5:colcon.colcon_core.verb:set package 'motor_controller' build argument 'catkin_cmake_args' from command line to 'None'
[3.443s] Level 5:colcon.colcon_core.verb:set package 'motor_controller' build argument 'catkin_skip_building_tests' from command line to 'False'
[3.443s] DEBUG:colcon.colcon_core.verb:Building package 'motor_controller' with the following arguments: {'ament_cmake_args': None, 'build_base': '/home/alexander/Documents/simplebot2/ros2_workspace/build/motor_controller', 'catkin_cmake_args': None, 'catkin_skip_building_tests': False, 'cmake_args': None, 'cmake_clean_cache': False, 'cmake_clean_first': False, 'cmake_force_configure': False, 'cmake_target': None, 'cmake_target_skip_unavailable': False, 'install_base': '/home/alexander/Documents/simplebot2/ros2_workspace/install/motor_controller', 'merge_install': False, 'path': '/home/alexander/Documents/simplebot2/ros2_workspace/src/motor_controller', 'symlink_install': False, 'test_result_base': None}
[3.447s] Level 5:colcon.colcon_core.verb:set package 'test_nodes' build argument 'cmake_args' from command line to 'None'
[3.448s] Level 5:colcon.colcon_core.verb:set package 'test_nodes' build argument 'cmake_target' from command line to 'None'
[3.448s] Level 5:colcon.colcon_core.verb:set package 'test_nodes' build argument 'cmake_target_skip_unavailable' from command line to 'False'
[3.448s] Level 5:colcon.colcon_core.verb:set package 'test_nodes' build argument 'cmake_clean_cache' from command line to 'False'
[3.449s] Level 5:colcon.colcon_core.verb:set package 'test_nodes' build argument 'cmake_clean_first' from command line to 'False'
[3.449s] Level 5:colcon.colcon_core.verb:set package 'test_nodes' build argument 'cmake_force_configure' from command line to 'False'
[3.449s] Level 5:colcon.colcon_core.verb:set package 'test_nodes' build argument 'ament_cmake_args' from command line to 'None'
[3.449s] Level 5:colcon.colcon_core.verb:set package 'test_nodes' build argument 'catkin_cmake_args' from command line to 'None'
[3.450s] Level 5:colcon.colcon_core.verb:set package 'test_nodes' build argument 'catkin_skip_building_tests' from command line to 'False'
[3.450s] DEBUG:colcon.colcon_core.verb:Building package 'test_nodes' with the following arguments: {'ament_cmake_args': None, 'build_base': '/home/alexander/Documents/simplebot2/ros2_workspace/build/test_nodes', 'catkin_cmake_args': None, 'catkin_skip_building_tests': False, 'cmake_args': None, 'cmake_clean_cache': False, 'cmake_clean_first': False, 'cmake_force_configure': False, 'cmake_target': None, 'cmake_target_skip_unavailable': False, 'install_base': '/home/alexander/Documents/simplebot2/ros2_workspace/install/test_nodes', 'merge_install': False, 'path': '/home/alexander/Documents/simplebot2/ros2_workspace/test_nodes', 'symlink_install': False, 'test_result_base': None}
[3.452s] INFO:colcon.colcon_core.executor:Executing jobs using 'parallel' executor
[3.464s] DEBUG:colcon.colcon_parallel_executor.executor.parallel:run_until_complete
[3.466s] INFO:colcon.colcon_ros.task.ament_python.build:Building ROS package in '/home/alexander/Documents/simplebot2/ros2_workspace/src/motor_controller' with build type 'ament_python'
[3.470s] Level 1:colcon.colcon_core.shell:create_environment_hook('motor_controller', 'ament_prefix_path')
[3.493s] INFO:colcon.colcon_core.plugin_system:Skipping extension 'colcon_core.shell.bat': Not used on non-Windows systems
[3.497s] INFO:colcon.colcon_core.shell:Creating environment hook '/home/alexander/Documents/simplebot2/ros2_workspace/install/motor_controller/share/motor_controller/hook/ament_prefix_path.ps1'
[3.507s] INFO:colcon.colcon_core.shell:Creating environment descriptor '/home/alexander/Documents/simplebot2/ros2_workspace/install/motor_controller/share/motor_controller/hook/ament_prefix_path.dsv'
[3.511s] INFO:colcon.colcon_core.shell:Creating environment hook '/home/alexander/Documents/simplebot2/ros2_workspace/install/motor_controller/share/motor_controller/hook/ament_prefix_path.sh'
[3.518s] INFO:colcon.colcon_core.shell:Skip shell extension 'powershell' for command environment: Not usable outside of PowerShell
[3.519s] DEBUG:colcon.colcon_core.shell:Skip shell extension 'dsv' for command environment
[3.630s] INFO:colcon.colcon_ros.task.ament_python.build:Building ROS package in '/home/alexander/Documents/simplebot2/ros2_workspace/test_nodes' with build type 'ament_python'
[3.633s] Level 1:colcon.colcon_core.shell:create_environment_hook('test_nodes', 'ament_prefix_path')
[3.640s] INFO:colcon.colcon_core.shell:Creating environment hook '/home/alexander/Documents/simplebot2/ros2_workspace/install/test_nodes/share/test_nodes/hook/ament_prefix_path.ps1'
[3.649s] INFO:colcon.colcon_core.shell:Creating environment descriptor '/home/alexander/Documents/simplebot2/ros2_workspace/install/test_nodes/share/test_nodes/hook/ament_prefix_path.dsv'
[3.654s] INFO:colcon.colcon_core.shell:Creating environment hook '/home/alexander/Documents/simplebot2/ros2_workspace/install/test_nodes/share/test_nodes/hook/ament_prefix_path.sh'
[3.667s] INFO:colcon.colcon_core.shell:Skip shell extension 'powershell' for command environment: Not usable outside of PowerShell
[3.668s] DEBUG:colcon.colcon_core.shell:Skip shell extension 'dsv' for command environment
[5.940s] INFO:colcon.colcon_core.task.python.build:Building Python package in '/home/alexander/Documents/simplebot2/ros2_workspace/src/motor_controller'
[5.943s] INFO:colcon.colcon_core.shell:Skip shell extension 'powershell' for command environment: Not usable outside of PowerShell
[5.943s] DEBUG:colcon.colcon_core.shell:Skip shell extension 'dsv' for command environment
[8.179s] INFO:colcon.colcon_core.task.python.build:Building Python package in '/home/alexander/Documents/simplebot2/ros2_workspace/test_nodes'
[8.182s] INFO:colcon.colcon_core.shell:Skip shell extension 'powershell' for command environment: Not usable outside of PowerShell
[8.182s] DEBUG:colcon.colcon_core.shell:Skip shell extension 'dsv' for command environment
[13.081s] DEBUG:colcon.colcon_core.event_handler.log_command:Invoking command in '/home/alexander/Documents/simplebot2/ros2_workspace/test_nodes': PYTHONPATH=/home/alexander/Documents/simplebot2/ros2_workspace/build/test_nodes/prefix_override:/home/alexander/Documents/simplebot2/ros2_workspace/install/test_nodes/lib/python3.6/site-packages:${PYTHONPATH} /usr/bin/python3 setup.py egg_info --egg-base ../build/test_nodes build --build-base /home/alexander/Documents/simplebot2/ros2_workspace/build/test_nodes/build install --record /home/alexander/Documents/simplebot2/ros2_workspace/build/test_nodes/install.log --single-version-externally-managed
[13.133s] DEBUG:colcon.colcon_core.event_handler.log_command:Invoking command in '/home/alexander/Documents/simplebot2/ros2_workspace/src/motor_controller': PYTHONPATH=/home/alexander/Documents/simplebot2/ros2_workspace/build/motor_controller/prefix_override:/home/alexander/Documents/simplebot2/ros2_workspace/install/motor_controller/lib/python3.6/site-packages:${PYTHONPATH} /usr/bin/python3 setup.py egg_info --egg-base ../../build/motor_controller build --build-base /home/alexander/Documents/simplebot2/ros2_workspace/build/motor_controller/build install --record /home/alexander/Documents/simplebot2/ros2_workspace/build/motor_controller/install.log --single-version-externally-managed
[16.503s] DEBUG:colcon.colcon_core.event_handler.log_command:Invoked command in '/home/alexander/Documents/simplebot2/ros2_workspace/src/motor_controller' returned '0': PYTHONPATH=/home/alexander/Documents/simplebot2/ros2_workspace/build/motor_controller/prefix_override:/home/alexander/Documents/simplebot2/ros2_workspace/install/motor_controller/lib/python3.6/site-packages:${PYTHONPATH} /usr/bin/python3 setup.py egg_info --egg-base ../../build/motor_controller build --build-base /home/alexander/Documents/simplebot2/ros2_workspace/build/motor_controller/build install --record /home/alexander/Documents/simplebot2/ros2_workspace/build/motor_controller/install.log --single-version-externally-managed
[16.534s] Level 1:colcon.colcon_core.environment:checking '/home/alexander/Documents/simplebot2/ros2_workspace/install/motor_controller' for CMake module files
[16.540s] Level 1:colcon.colcon_core.environment:checking '/home/alexander/Documents/simplebot2/ros2_workspace/install/motor_controller' for CMake config files
[16.549s] Level 1:colcon.colcon_core.environment:checking '/home/alexander/Documents/simplebot2/ros2_workspace/install/motor_controller/lib'
[16.557s] Level 1:colcon.colcon_core.environment:checking '/home/alexander/Documents/simplebot2/ros2_workspace/install/motor_controller/bin'
[16.559s] Level 1:colcon.colcon_core.environment:checking '/home/alexander/Documents/simplebot2/ros2_workspace/install/motor_controller/lib/pkgconfig/motor_controller.pc'
[16.562s] Level 1:colcon.colcon_core.environment:checking '/home/alexander/Documents/simplebot2/ros2_workspace/install/motor_controller/lib/python3.6/site-packages'
[16.564s] Level 1:colcon.colcon_core.shell:create_environment_hook('motor_controller', 'pythonpath')
[16.567s] INFO:colcon.colcon_core.shell:Creating environment hook '/home/alexander/Documents/simplebot2/ros2_workspace/install/motor_controller/share/motor_controller/hook/pythonpath.ps1'
[16.574s] INFO:colcon.colcon_core.shell:Creating environment descriptor '/home/alexander/Documents/simplebot2/ros2_workspace/install/motor_controller/share/motor_controller/hook/pythonpath.dsv'
[16.584s] INFO:colcon.colcon_core.shell:Creating environment hook '/home/alexander/Documents/simplebot2/ros2_workspace/install/motor_controller/share/motor_controller/hook/pythonpath.sh'
[16.594s] Level 1:colcon.colcon_core.environment:checking '/home/alexander/Documents/simplebot2/ros2_workspace/install/motor_controller/bin'
[16.596s] Level 1:colcon.colcon_core.environment:create_environment_scripts_only(motor_controller)
[16.600s] INFO:colcon.colcon_core.shell:Creating package script '/home/alexander/Documents/simplebot2/ros2_workspace/install/motor_controller/share/motor_controller/package.ps1'
[16.628s] INFO:colcon.colcon_core.shell:Creating package descriptor '/home/alexander/Documents/simplebot2/ros2_workspace/install/motor_controller/share/motor_controller/package.dsv'
[16.643s] INFO:colcon.colcon_core.shell:Creating package script '/home/alexander/Documents/simplebot2/ros2_workspace/install/motor_controller/share/motor_controller/package.sh'
[16.651s] INFO:colcon.colcon_core.shell:Creating package script '/home/alexander/Documents/simplebot2/ros2_workspace/install/motor_controller/share/motor_controller/package.bash'
[16.665s] INFO:colcon.colcon_core.shell:Creating package script '/home/alexander/Documents/simplebot2/ros2_workspace/install/motor_controller/share/motor_controller/package.zsh'
[16.674s] Level 1:colcon.colcon_core.environment:create_file_with_runtime_dependencies(/home/alexander/Documents/simplebot2/ros2_workspace/install/motor_controller/share/colcon-core/packages/motor_controller)
[16.693s] Level 1:colcon.colcon_core.environment:checking '/home/alexander/Documents/simplebot2/ros2_workspace/install/test_nodes' for CMake module files
[16.696s] DEBUG:colcon.colcon_core.event_handler.log_command:Invoked command in '/home/alexander/Documents/simplebot2/ros2_workspace/test_nodes' returned '0': PYTHONPATH=/home/alexander/Documents/simplebot2/ros2_workspace/build/test_nodes/prefix_override:/home/alexander/Documents/simplebot2/ros2_workspace/install/test_nodes/lib/python3.6/site-packages:${PYTHONPATH} /usr/bin/python3 setup.py egg_info --egg-base ../build/test_nodes build --build-base /home/alexander/Documents/simplebot2/ros2_workspace/build/test_nodes/build install --record /home/alexander/Documents/simplebot2/ros2_workspace/build/test_nodes/install.log --single-version-externally-managed
[16.703s] Level 1:colcon.colcon_core.environment:checking '/home/alexander/Documents/simplebot2/ros2_workspace/install/test_nodes' for CMake config files
[16.710s] Level 1:colcon.colcon_core.environment:checking '/home/alexander/Documents/simplebot2/ros2_workspace/install/test_nodes/lib'
[16.712s] Level 1:colcon.colcon_core.environment:checking '/home/alexander/Documents/simplebot2/ros2_workspace/install/test_nodes/bin'
[16.714s] Level 1:colcon.colcon_core.environment:checking '/home/alexander/Documents/simplebot2/ros2_workspace/install/test_nodes/lib/pkgconfig/test_nodes.pc'
[16.716s] Level 1:colcon.colcon_core.environment:checking '/home/alexander/Documents/simplebot2/ros2_workspace/install/test_nodes/lib/python3.6/site-packages'
[16.717s] Level 1:colcon.colcon_core.shell:create_environment_hook('test_nodes', 'pythonpath')
[16.721s] INFO:colcon.colcon_core.shell:Creating environment hook '/home/alexander/Documents/simplebot2/ros2_workspace/install/test_nodes/share/test_nodes/hook/pythonpath.ps1'
[16.729s] INFO:colcon.colcon_core.shell:Creating environment descriptor '/home/alexander/Documents/simplebot2/ros2_workspace/install/test_nodes/share/test_nodes/hook/pythonpath.dsv'
[16.735s] INFO:colcon.colcon_core.shell:Creating environment hook '/home/alexander/Documents/simplebot2/ros2_workspace/install/test_nodes/share/test_nodes/hook/pythonpath.sh'
[16.742s] Level 1:colcon.colcon_core.environment:checking '/home/alexander/Documents/simplebot2/ros2_workspace/install/test_nodes/bin'
[16.744s] Level 1:colcon.colcon_core.environment:create_environment_scripts_only(test_nodes)
[16.749s] INFO:colcon.colcon_core.shell:Creating package script '/home/alexander/Documents/simplebot2/ros2_workspace/install/test_nodes/share/test_nodes/package.ps1'
[16.756s] INFO:colcon.colcon_core.shell:Creating package descriptor '/home/alexander/Documents/simplebot2/ros2_workspace/install/test_nodes/share/test_nodes/package.dsv'
[16.763s] INFO:colcon.colcon_core.shell:Creating package script '/home/alexander/Documents/simplebot2/ros2_workspace/install/test_nodes/share/test_nodes/package.sh'
[16.770s] INFO:colcon.colcon_core.shell:Creating package script '/home/alexander/Documents/simplebot2/ros2_workspace/install/test_nodes/share/test_nodes/package.bash'
[16.776s] INFO:colcon.colcon_core.shell:Creating package script '/home/alexander/Documents/simplebot2/ros2_workspace/install/test_nodes/share/test_nodes/package.zsh'
[16.782s] Level 1:colcon.colcon_core.environment:create_file_with_runtime_dependencies(/home/alexander/Documents/simplebot2/ros2_workspace/install/test_nodes/share/colcon-core/packages/test_nodes)
[16.793s] DEBUG:colcon.colcon_parallel_executor.executor.parallel:closing loop
[16.797s] DEBUG:colcon.colcon_parallel_executor.executor.parallel:loop closed
[16.799s] DEBUG:colcon.colcon_parallel_executor.executor.parallel:run_until_complete finished with '0'
[16.800s] DEBUG:colcon.colcon_core.event_reactor:joining thread
[16.843s] INFO:colcon.colcon_core.plugin_system:Skipping extension 'colcon_notification.desktop_notification.notify_send': Could not find 'notify-send'
[16.845s] INFO:colcon.colcon_core.plugin_system:Skipping extension 'colcon_notification.desktop_notification.terminal_notifier': Not used on non-Darwin systems
[16.847s] INFO:colcon.colcon_core.plugin_system:Skipping extension 'colcon_notification.desktop_notification.win32': Not used on non-Windows systems
[16.848s] INFO:colcon.colcon_notification.desktop_notification:Sending desktop notification using 'notify2'
[16.850s] DEBUG:colcon.colcon_notification.desktop_notification.notify2:Failed to initialize notify2: org.freedesktop.DBus.Error.NotSupported: Unable to autolaunch a dbus-daemon without a $DISPLAY for X11
[16.852s] DEBUG:colcon.colcon_core.event_reactor:joined thread
[16.855s] INFO:colcon.colcon_core.shell:Creating prefix script '/home/alexander/Documents/simplebot2/ros2_workspace/install/local_setup.ps1'
[16.867s] INFO:colcon.colcon_core.shell:Creating prefix util module '/home/alexander/Documents/simplebot2/ros2_workspace/install/_local_setup_util_ps1.py'
[16.887s] INFO:colcon.colcon_core.shell:Creating prefix chain script '/home/alexander/Documents/simplebot2/ros2_workspace/install/setup.ps1'
[16.916s] INFO:colcon.colcon_core.shell:Creating prefix script '/home/alexander/Documents/simplebot2/ros2_workspace/install/local_setup.sh'
[16.931s] INFO:colcon.colcon_core.shell:Creating prefix util module '/home/alexander/Documents/simplebot2/ros2_workspace/install/_local_setup_util_sh.py'
[16.937s] INFO:colcon.colcon_core.shell:Creating prefix chain script '/home/alexander/Documents/simplebot2/ros2_workspace/install/setup.sh'
[16.953s] INFO:colcon.colcon_core.shell:Creating prefix script '/home/alexander/Documents/simplebot2/ros2_workspace/install/local_setup.bash'
[16.960s] INFO:colcon.colcon_core.shell:Creating prefix chain script '/home/alexander/Documents/simplebot2/ros2_workspace/install/setup.bash'
[16.984s] INFO:colcon.colcon_core.shell:Creating prefix script '/home/alexander/Documents/simplebot2/ros2_workspace/install/local_setup.zsh'
[16.996s] INFO:colcon.colcon_core.shell:Creating prefix chain script '/home/alexander/Documents/simplebot2/ros2_workspace/install/setup.zsh'
