[6.439s] Invoking command in '/home/alexander/Documents/simplebot2/ros2_workspace/src/motor_controller': PYTHONPATH=/home/alexander/Documents/simplebot2/ros2_workspace/build/motor_controller/prefix_override:/home/alexander/Documents/simplebot2/ros2_workspace/install/motor_controller/lib/python3.6/site-packages:${PYTHONPATH} /usr/bin/python3 setup.py egg_info --egg-base ../../build/motor_controller build --build-base /home/alexander/Documents/simplebot2/ros2_workspace/build/motor_controller/build install --record /home/alexander/Documents/simplebot2/ros2_workspace/build/motor_controller/install.log --single-version-externally-managed
[9.548s] running egg_info
[9.558s] writing ../../build/motor_controller/motor_controller.egg-info/PKG-INFO
[9.563s] writing dependency_links to ../../build/motor_controller/motor_controller.egg-info/dependency_links.txt
[9.569s] writing entry points to ../../build/motor_controller/motor_controller.egg-info/entry_points.txt
[9.575s] writing requirements to ../../build/motor_controller/motor_controller.egg-info/requires.txt
[9.580s] writing top-level names to ../../build/motor_controller/motor_controller.egg-info/top_level.txt
[9.604s] reading manifest file '../../build/motor_controller/motor_controller.egg-info/SOURCES.txt'
[9.627s] writing manifest file '../../build/motor_controller/motor_controller.egg-info/SOURCES.txt'
[9.633s] running build
[9.637s] running build_py
[9.643s] running install
[9.650s] running install_lib
[9.662s] running install_data
[9.669s] running install_egg_info
[9.684s] removing '/home/alexander/Documents/simplebot2/ros2_workspace/install/motor_controller/lib/python3.6/site-packages/motor_controller-0.0.0-py3.6.egg-info' (and everything under it)
[9.690s] Copying ../../build/motor_controller/motor_controller.egg-info to /home/alexander/Documents/simplebot2/ros2_workspace/install/motor_controller/lib/python3.6/site-packages/motor_controller-0.0.0-py3.6.egg-info
[9.700s] running install_scripts
[9.932s] Installing kinematics2serial script to /home/alexander/Documents/simplebot2/ros2_workspace/install/motor_controller/lib/motor_controller
[9.943s] writing list of installed files to '/home/alexander/Documents/simplebot2/ros2_workspace/build/motor_controller/install.log'
[10.215s] Invoked command in '/home/alexander/Documents/simplebot2/ros2_workspace/src/motor_controller' returned '0': PYTHONPATH=/home/alexander/Documents/simplebot2/ros2_workspace/build/motor_controller/prefix_override:/home/alexander/Documents/simplebot2/ros2_workspace/install/motor_controller/lib/python3.6/site-packages:${PYTHONPATH} /usr/bin/python3 setup.py egg_info --egg-base ../../build/motor_controller build --build-base /home/alexander/Documents/simplebot2/ros2_workspace/build/motor_controller/build install --record /home/alexander/Documents/simplebot2/ros2_workspace/build/motor_controller/install.log --single-version-externally-managed
