running egg_info
creating ../build/motor_controller/motor_controller.egg-info
writing manifest file '../build/motor_controller/motor_controller.egg-info/SOURCES.txt'
writing manifest file '../build/motor_controller/motor_controller.egg-info/SOURCES.txt'
running build
running build_py
creating /home/alexander/simplebot2/ros2_workspace/src/build/motor_controller/build
creating /home/alexander/simplebot2/ros2_workspace/src/build/motor_controller/build/lib
creating /home/alexander/simplebot2/ros2_workspace/src/build/motor_controller/build/lib/motor_controller
copying motor_controller/send_cmd_vel.py -> /home/alexander/simplebot2/ros2_workspace/src/build/motor_controller/build/lib/motor_controller
copying motor_controller/__init__.py -> /home/alexander/simplebot2/ros2_workspace/src/build/motor_controller/build/lib/motor_controller
copying motor_controller/kinematics2serial.py -> /home/alexander/simplebot2/ros2_workspace/src/build/motor_controller/build/lib/motor_controller
running install
running install_lib
creating /home/alexander/simplebot2/ros2_workspace/src/install/motor_controller/lib/python3.10/site-packages/motor_controller
byte-compiling /home/alexander/simplebot2/ros2_workspace/src/install/motor_controller/lib/python3.10/site-packages/motor_controller/send_cmd_vel.py to send_cmd_vel.cpython-310.pyc
byte-compiling /home/alexander/simplebot2/ros2_workspace/src/install/motor_controller/lib/python3.10/site-packages/motor_controller/__init__.py to __init__.cpython-310.pyc
byte-compiling /home/alexander/simplebot2/ros2_workspace/src/install/motor_controller/lib/python3.10/site-packages/motor_controller/kinematics2serial.py to kinematics2serial.cpython-310.pyc
running install_data
creating /home/alexander/simplebot2/ros2_workspace/src/install/motor_controller/share/ament_index
creating /home/alexander/simplebot2/ros2_workspace/src/install/motor_controller/share/ament_index/resource_index
creating /home/alexander/simplebot2/ros2_workspace/src/install/motor_controller/share/ament_index/resource_index/packages
copying resource/motor_controller -> /home/alexander/simplebot2/ros2_workspace/src/install/motor_controller/share/ament_index/resource_index/packages
copying package.xml -> /home/alexander/simplebot2/ros2_workspace/src/install/motor_controller/share/motor_controller
running install_egg_info
Copying ../build/motor_controller/motor_controller.egg-info to /home/alexander/simplebot2/ros2_workspace/src/install/motor_controller/lib/python3.10/site-packages/motor_controller-0.0.0-py3.10.egg-info
running install_scripts
writing list of installed files to '/home/alexander/simplebot2/ros2_workspace/src/build/motor_controller/install.log'
