/home/alexander/Documents/simplebot2/ros2_workspace/install/ds4drv/lib/python3.6/site-packages/ds4drv/__main__.py
/home/alexander/Documents/simplebot2/ros2_workspace/install/ds4drv/lib/python3.6/site-packages/ds4drv/device.py
/home/alexander/Documents/simplebot2/ros2_workspace/install/ds4drv/lib/python3.6/site-packages/ds4drv/logger.py
/home/alexander/Documents/simplebot2/ros2_workspace/install/ds4drv/lib/python3.6/site-packages/ds4drv/utils.py
/home/alexander/Documents/simplebot2/ros2_workspace/install/ds4drv/lib/python3.6/site-packages/ds4drv/backend.py
/home/alexander/Documents/simplebot2/ros2_workspace/install/ds4drv/lib/python3.6/site-packages/ds4drv/action.py
/home/alexander/Documents/simplebot2/ros2_workspace/install/ds4drv/lib/python3.6/site-packages/ds4drv/__init__.py
/home/alexander/Documents/simplebot2/ros2_workspace/install/ds4drv/lib/python3.6/site-packages/ds4drv/daemon.py
/home/alexander/Documents/simplebot2/ros2_workspace/install/ds4drv/lib/python3.6/site-packages/ds4drv/exceptions.py
/home/alexander/Documents/simplebot2/ros2_workspace/install/ds4drv/lib/python3.6/site-packages/ds4drv/config.py
/home/alexander/Documents/simplebot2/ros2_workspace/install/ds4drv/lib/python3.6/site-packages/ds4drv/eventloop.py
/home/alexander/Documents/simplebot2/ros2_workspace/install/ds4drv/lib/python3.6/site-packages/ds4drv/uinput.py
/home/alexander/Documents/simplebot2/ros2_workspace/install/ds4drv/lib/python3.6/site-packages/ds4drv/actions/__init__.py
/home/alexander/Documents/simplebot2/ros2_workspace/install/ds4drv/lib/python3.6/site-packages/ds4drv/actions/status.py
/home/alexander/Documents/simplebot2/ros2_workspace/install/ds4drv/lib/python3.6/site-packages/ds4drv/actions/btsignal.py
/home/alexander/Documents/simplebot2/ros2_workspace/install/ds4drv/lib/python3.6/site-packages/ds4drv/actions/battery.py
/home/alexander/Documents/simplebot2/ros2_workspace/install/ds4drv/lib/python3.6/site-packages/ds4drv/actions/binding.py
/home/alexander/Documents/simplebot2/ros2_workspace/install/ds4drv/lib/python3.6/site-packages/ds4drv/actions/input.py
/home/alexander/Documents/simplebot2/ros2_workspace/install/ds4drv/lib/python3.6/site-packages/ds4drv/actions/dump.py
/home/alexander/Documents/simplebot2/ros2_workspace/install/ds4drv/lib/python3.6/site-packages/ds4drv/actions/led.py
/home/alexander/Documents/simplebot2/ros2_workspace/install/ds4drv/lib/python3.6/site-packages/ds4drv/backends/__init__.py
/home/alexander/Documents/simplebot2/ros2_workspace/install/ds4drv/lib/python3.6/site-packages/ds4drv/backends/hidraw.py
/home/alexander/Documents/simplebot2/ros2_workspace/install/ds4drv/lib/python3.6/site-packages/ds4drv/backends/bluetooth.py
/home/alexander/Documents/simplebot2/ros2_workspace/install/ds4drv/lib/python3.6/site-packages/ds4drv/packages/__init__.py
/home/alexander/Documents/simplebot2/ros2_workspace/install/ds4drv/lib/python3.6/site-packages/ds4drv/packages/timerfd.py
/home/alexander/Documents/simplebot2/ros2_workspace/install/ds4drv/lib/python3.6/site-packages/ds4drv/__pycache__/__main__.cpython-36.pyc
/home/alexander/Documents/simplebot2/ros2_workspace/install/ds4drv/lib/python3.6/site-packages/ds4drv/__pycache__/device.cpython-36.pyc
/home/alexander/Documents/simplebot2/ros2_workspace/install/ds4drv/lib/python3.6/site-packages/ds4drv/__pycache__/logger.cpython-36.pyc
/home/alexander/Documents/simplebot2/ros2_workspace/install/ds4drv/lib/python3.6/site-packages/ds4drv/__pycache__/utils.cpython-36.pyc
/home/alexander/Documents/simplebot2/ros2_workspace/install/ds4drv/lib/python3.6/site-packages/ds4drv/__pycache__/backend.cpython-36.pyc
/home/alexander/Documents/simplebot2/ros2_workspace/install/ds4drv/lib/python3.6/site-packages/ds4drv/__pycache__/action.cpython-36.pyc
/home/alexander/Documents/simplebot2/ros2_workspace/install/ds4drv/lib/python3.6/site-packages/ds4drv/__pycache__/__init__.cpython-36.pyc
/home/alexander/Documents/simplebot2/ros2_workspace/install/ds4drv/lib/python3.6/site-packages/ds4drv/__pycache__/daemon.cpython-36.pyc
/home/alexander/Documents/simplebot2/ros2_workspace/install/ds4drv/lib/python3.6/site-packages/ds4drv/__pycache__/exceptions.cpython-36.pyc
/home/alexander/Documents/simplebot2/ros2_workspace/install/ds4drv/lib/python3.6/site-packages/ds4drv/__pycache__/config.cpython-36.pyc
/home/alexander/Documents/simplebot2/ros2_workspace/install/ds4drv/lib/python3.6/site-packages/ds4drv/__pycache__/eventloop.cpython-36.pyc
/home/alexander/Documents/simplebot2/ros2_workspace/install/ds4drv/lib/python3.6/site-packages/ds4drv/__pycache__/uinput.cpython-36.pyc
/home/alexander/Documents/simplebot2/ros2_workspace/install/ds4drv/lib/python3.6/site-packages/ds4drv/actions/__pycache__/__init__.cpython-36.pyc
/home/alexander/Documents/simplebot2/ros2_workspace/install/ds4drv/lib/python3.6/site-packages/ds4drv/actions/__pycache__/status.cpython-36.pyc
/home/alexander/Documents/simplebot2/ros2_workspace/install/ds4drv/lib/python3.6/site-packages/ds4drv/actions/__pycache__/btsignal.cpython-36.pyc
/home/alexander/Documents/simplebot2/ros2_workspace/install/ds4drv/lib/python3.6/site-packages/ds4drv/actions/__pycache__/battery.cpython-36.pyc
/home/alexander/Documents/simplebot2/ros2_workspace/install/ds4drv/lib/python3.6/site-packages/ds4drv/actions/__pycache__/binding.cpython-36.pyc
/home/alexander/Documents/simplebot2/ros2_workspace/install/ds4drv/lib/python3.6/site-packages/ds4drv/actions/__pycache__/input.cpython-36.pyc
/home/alexander/Documents/simplebot2/ros2_workspace/install/ds4drv/lib/python3.6/site-packages/ds4drv/actions/__pycache__/dump.cpython-36.pyc
/home/alexander/Documents/simplebot2/ros2_workspace/install/ds4drv/lib/python3.6/site-packages/ds4drv/actions/__pycache__/led.cpython-36.pyc
/home/alexander/Documents/simplebot2/ros2_workspace/install/ds4drv/lib/python3.6/site-packages/ds4drv/backends/__pycache__/__init__.cpython-36.pyc
/home/alexander/Documents/simplebot2/ros2_workspace/install/ds4drv/lib/python3.6/site-packages/ds4drv/backends/__pycache__/hidraw.cpython-36.pyc
/home/alexander/Documents/simplebot2/ros2_workspace/install/ds4drv/lib/python3.6/site-packages/ds4drv/backends/__pycache__/bluetooth.cpython-36.pyc
/home/alexander/Documents/simplebot2/ros2_workspace/install/ds4drv/lib/python3.6/site-packages/ds4drv/packages/__pycache__/__init__.cpython-36.pyc
/home/alexander/Documents/simplebot2/ros2_workspace/install/ds4drv/lib/python3.6/site-packages/ds4drv/packages/__pycache__/timerfd.cpython-36.pyc
/home/alexander/Documents/simplebot2/ros2_workspace/install/ds4drv/lib/python3.6/site-packages/ds4drv-0.5.1-py3.6.egg-info/requires.txt
/home/alexander/Documents/simplebot2/ros2_workspace/install/ds4drv/lib/python3.6/site-packages/ds4drv-0.5.1-py3.6.egg-info/entry_points.txt
/home/alexander/Documents/simplebot2/ros2_workspace/install/ds4drv/lib/python3.6/site-packages/ds4drv-0.5.1-py3.6.egg-info/SOURCES.txt
/home/alexander/Documents/simplebot2/ros2_workspace/install/ds4drv/lib/python3.6/site-packages/ds4drv-0.5.1-py3.6.egg-info/dependency_links.txt
/home/alexander/Documents/simplebot2/ros2_workspace/install/ds4drv/lib/python3.6/site-packages/ds4drv-0.5.1-py3.6.egg-info/top_level.txt
/home/alexander/Documents/simplebot2/ros2_workspace/install/ds4drv/lib/python3.6/site-packages/ds4drv-0.5.1-py3.6.egg-info/PKG-INFO
/home/alexander/Documents/simplebot2/ros2_workspace/install/ds4drv/lib/ds4drv/ds4drv
