[5.109s] DEBUG:colcon:Command line arguments: ['/usr/bin/colcon', 'build', '--packages-select', 'motor_controller']
[5.109s] DEBUG:colcon:Parsed command line arguments: Namespace(log_base=None, log_level=None, verb_name='build', build_base='build', install_base='install', merge_install=False, symlink_install=False, test_result_base=None, continue_on_error=False, executor='parallel', parallel_workers=4, event_handlers=None, ignore_user_meta=False, metas=['./colcon.meta'], base_paths=['.'], packages_ignore=None, packages_ignore_regex=None, paths=None, packages_up_to=None, packages_up_to_regex=None, packages_above=None, packages_above_and_dependencies=None, packages_above_depth=None, packages_select_by_dep=None, packages_skip_by_dep=None, packages_skip_up_to=None, packages_select_build_failed=False, packages_skip_build_finished=False, packages_select_test_failures=False, packages_skip_test_passed=False, packages_select=['motor_controller'], packages_skip=None, packages_select_regex=None, packages_skip_regex=None, packages_start=None, packages_end=None, cmake_args=None, cmake_target=None, cmake_target_skip_unavailable=False, cmake_clean_cache=False, cmake_clean_first=False, cmake_force_configure=False, ament_cmake_args=None, catkin_cmake_args=None, catkin_skip_building_tests=False, verb_parser=<colcon_defaults.argument_parser.defaults.DefaultArgumentsDecorator object at 0x7f97fa3520>, verb_extension=<colcon_core.verb.build.BuildVerb object at 0x7f97fa2140>, main=<bound method BuildVerb.main of <colcon_core.verb.build.BuildVerb object at 0x7f97fa2140>>)
[5.370s] Level 1:colcon.colcon_core.package_discovery:discover_packages(colcon_meta) check parameters
[5.371s] Level 1:colcon.colcon_core.package_discovery:discover_packages(recursive) check parameters
[5.371s] Level 1:colcon.colcon_core.package_discovery:discover_packages(ignore) check parameters
[5.371s] Level 1:colcon.colcon_core.package_discovery:discover_packages(path) check parameters
[5.371s] Level 1:colcon.colcon_core.package_discovery:discover_packages(colcon_meta) discover
[5.372s] Level 1:colcon.colcon_core.package_discovery:discover_packages(recursive) discover
[5.372s] INFO:colcon.colcon_core.package_discovery:Crawling recursively for packages in '/home/alexander/simplebot2/ros2_workspace'
[5.372s] Level 1:colcon.colcon_core.package_identification:_identify(.) by extensions ['ignore', 'ignore_ament_install']
[5.373s] Level 1:colcon.colcon_core.package_identification:_identify(.) by extension 'ignore'
[5.373s] Level 1:colcon.colcon_core.package_identification:_identify(.) by extension 'ignore_ament_install'
[5.373s] Level 1:colcon.colcon_core.package_identification:_identify(.) by extensions ['colcon_pkg']
[5.374s] Level 1:colcon.colcon_core.package_identification:_identify(.) by extension 'colcon_pkg'
[5.374s] Level 1:colcon.colcon_core.package_identification:_identify(.) by extensions ['colcon_meta']
[5.374s] Level 1:colcon.colcon_core.package_identification:_identify(.) by extension 'colcon_meta'
[5.374s] Level 1:colcon.colcon_core.package_identification:_identify(.) by extensions ['ros']
[5.374s] Level 1:colcon.colcon_core.package_identification:_identify(.) by extension 'ros'
[5.438s] Level 1:colcon.colcon_core.package_identification:_identify(.) by extensions ['cmake', 'python']
[5.438s] Level 1:colcon.colcon_core.package_identification:_identify(.) by extension 'cmake'
[5.438s] Level 1:colcon.colcon_core.package_identification:_identify(.) by extension 'python'
[5.439s] Level 1:colcon.colcon_core.package_identification:_identify(.) by extensions ['python_setup_py']
[5.439s] Level 1:colcon.colcon_core.package_identification:_identify(.) by extension 'python_setup_py'
[5.441s] Level 1:colcon.colcon_core.package_identification:_identify(build) by extensions ['ignore', 'ignore_ament_install']
[5.442s] Level 1:colcon.colcon_core.package_identification:_identify(build) by extension 'ignore'
[5.443s] Level 1:colcon.colcon_core.package_identification:_identify(build) ignored
[5.443s] Level 1:colcon.colcon_core.package_identification:_identify(install) by extensions ['ignore', 'ignore_ament_install']
[5.444s] Level 1:colcon.colcon_core.package_identification:_identify(install) by extension 'ignore'
[5.444s] Level 1:colcon.colcon_core.package_identification:_identify(install) ignored
[5.445s] Level 1:colcon.colcon_core.package_identification:_identify(log) by extensions ['ignore', 'ignore_ament_install']
[5.445s] Level 1:colcon.colcon_core.package_identification:_identify(log) by extension 'ignore'
[5.445s] Level 1:colcon.colcon_core.package_identification:_identify(log) ignored
[5.446s] Level 1:colcon.colcon_core.package_identification:_identify(src) by extensions ['ignore', 'ignore_ament_install']
[5.446s] Level 1:colcon.colcon_core.package_identification:_identify(src) by extension 'ignore'
[5.446s] Level 1:colcon.colcon_core.package_identification:_identify(src) by extension 'ignore_ament_install'
[5.446s] Level 1:colcon.colcon_core.package_identification:_identify(src) by extensions ['colcon_pkg']
[5.447s] Level 1:colcon.colcon_core.package_identification:_identify(src) by extension 'colcon_pkg'
[5.447s] Level 1:colcon.colcon_core.package_identification:_identify(src) by extensions ['colcon_meta']
[5.447s] Level 1:colcon.colcon_core.package_identification:_identify(src) by extension 'colcon_meta'
[5.447s] Level 1:colcon.colcon_core.package_identification:_identify(src) by extensions ['ros']
[5.447s] Level 1:colcon.colcon_core.package_identification:_identify(src) by extension 'ros'
[5.448s] Level 1:colcon.colcon_core.package_identification:_identify(src) by extensions ['cmake', 'python']
[5.448s] Level 1:colcon.colcon_core.package_identification:_identify(src) by extension 'cmake'
[5.448s] Level 1:colcon.colcon_core.package_identification:_identify(src) by extension 'python'
[5.448s] Level 1:colcon.colcon_core.package_identification:_identify(src) by extensions ['python_setup_py']
[5.448s] Level 1:colcon.colcon_core.package_identification:_identify(src) by extension 'python_setup_py'
[5.449s] Level 1:colcon.colcon_core.package_identification:_identify(src/ds4_driver) by extensions ['ignore', 'ignore_ament_install']
[5.449s] Level 1:colcon.colcon_core.package_identification:_identify(src/ds4_driver) by extension 'ignore'
[5.449s] Level 1:colcon.colcon_core.package_identification:_identify(src/ds4_driver) by extension 'ignore_ament_install'
[5.450s] Level 1:colcon.colcon_core.package_identification:_identify(src/ds4_driver) by extensions ['colcon_pkg']
[5.450s] Level 1:colcon.colcon_core.package_identification:_identify(src/ds4_driver) by extension 'colcon_pkg'
[5.450s] Level 1:colcon.colcon_core.package_identification:_identify(src/ds4_driver) by extensions ['colcon_meta']
[5.450s] Level 1:colcon.colcon_core.package_identification:_identify(src/ds4_driver) by extension 'colcon_meta'
[5.450s] Level 1:colcon.colcon_core.package_identification:_identify(src/ds4_driver) by extensions ['ros']
[5.451s] Level 1:colcon.colcon_core.package_identification:_identify(src/ds4_driver) by extension 'ros'
[5.451s] Level 1:colcon.colcon_core.package_identification:_identify(src/ds4_driver) by extensions ['cmake', 'python']
[5.451s] Level 1:colcon.colcon_core.package_identification:_identify(src/ds4_driver) by extension 'cmake'
[5.451s] Level 1:colcon.colcon_core.package_identification:_identify(src/ds4_driver) by extension 'python'
[5.452s] Level 1:colcon.colcon_core.package_identification:_identify(src/ds4_driver) by extensions ['python_setup_py']
[5.452s] Level 1:colcon.colcon_core.package_identification:_identify(src/ds4_driver) by extension 'python_setup_py'
[5.452s] Level 1:colcon.colcon_core.package_identification:_identify(src/joystick_ros2) by extensions ['ignore', 'ignore_ament_install']
[5.452s] Level 1:colcon.colcon_core.package_identification:_identify(src/joystick_ros2) by extension 'ignore'
[5.453s] Level 1:colcon.colcon_core.package_identification:_identify(src/joystick_ros2) by extension 'ignore_ament_install'
[5.453s] Level 1:colcon.colcon_core.package_identification:_identify(src/joystick_ros2) by extensions ['colcon_pkg']
[5.453s] Level 1:colcon.colcon_core.package_identification:_identify(src/joystick_ros2) by extension 'colcon_pkg'
[5.453s] Level 1:colcon.colcon_core.package_identification:_identify(src/joystick_ros2) by extensions ['colcon_meta']
[5.453s] Level 1:colcon.colcon_core.package_identification:_identify(src/joystick_ros2) by extension 'colcon_meta'
[5.454s] Level 1:colcon.colcon_core.package_identification:_identify(src/joystick_ros2) by extensions ['ros']
[5.454s] Level 1:colcon.colcon_core.package_identification:_identify(src/joystick_ros2) by extension 'ros'
[5.454s] Level 1:colcon.colcon_core.package_identification:_identify(src/joystick_ros2) by extensions ['cmake', 'python']
[5.454s] Level 1:colcon.colcon_core.package_identification:_identify(src/joystick_ros2) by extension 'cmake'
[5.455s] Level 1:colcon.colcon_core.package_identification:_identify(src/joystick_ros2) by extension 'python'
[5.455s] Level 1:colcon.colcon_core.package_identification:_identify(src/joystick_ros2) by extensions ['python_setup_py']
[5.455s] Level 1:colcon.colcon_core.package_identification:_identify(src/joystick_ros2) by extension 'python_setup_py'
[5.455s] Level 1:colcon.colcon_core.package_identification:_identify(src/motor_controller) by extensions ['ignore', 'ignore_ament_install']
[5.456s] Level 1:colcon.colcon_core.package_identification:_identify(src/motor_controller) by extension 'ignore'
[5.456s] Level 1:colcon.colcon_core.package_identification:_identify(src/motor_controller) by extension 'ignore_ament_install'
[5.456s] Level 1:colcon.colcon_core.package_identification:_identify(src/motor_controller) by extensions ['colcon_pkg']
[5.456s] Level 1:colcon.colcon_core.package_identification:_identify(src/motor_controller) by extension 'colcon_pkg'
[5.457s] Level 1:colcon.colcon_core.package_identification:_identify(src/motor_controller) by extensions ['colcon_meta']
[5.457s] Level 1:colcon.colcon_core.package_identification:_identify(src/motor_controller) by extension 'colcon_meta'
[5.457s] Level 1:colcon.colcon_core.package_identification:_identify(src/motor_controller) by extensions ['ros']
[5.457s] Level 1:colcon.colcon_core.package_identification:_identify(src/motor_controller) by extension 'ros'
[5.473s] DEBUG:colcon.colcon_core.package_identification:Package 'src/motor_controller' with type 'ros.ament_python' and name 'motor_controller'
[5.473s] Level 1:colcon.colcon_core.package_identification:_identify(src/test_nodes) by extensions ['ignore', 'ignore_ament_install']
[5.474s] Level 1:colcon.colcon_core.package_identification:_identify(src/test_nodes) by extension 'ignore'
[5.474s] Level 1:colcon.colcon_core.package_identification:_identify(src/test_nodes) by extension 'ignore_ament_install'
[5.475s] Level 1:colcon.colcon_core.package_identification:_identify(src/test_nodes) by extensions ['colcon_pkg']
[5.475s] Level 1:colcon.colcon_core.package_identification:_identify(src/test_nodes) by extension 'colcon_pkg'
[5.475s] Level 1:colcon.colcon_core.package_identification:_identify(src/test_nodes) by extensions ['colcon_meta']
[5.475s] Level 1:colcon.colcon_core.package_identification:_identify(src/test_nodes) by extension 'colcon_meta'
[5.475s] Level 1:colcon.colcon_core.package_identification:_identify(src/test_nodes) by extensions ['ros']
[5.476s] Level 1:colcon.colcon_core.package_identification:_identify(src/test_nodes) by extension 'ros'
[5.478s] DEBUG:colcon.colcon_core.package_identification:Package 'src/test_nodes' with type 'ros.ament_python' and name 'test_nodes'
[5.478s] Level 1:colcon.colcon_core.package_discovery:discover_packages(recursive) using defaults
[5.478s] Level 1:colcon.colcon_core.package_discovery:discover_packages(ignore) discover
[5.478s] Level 1:colcon.colcon_core.package_discovery:discover_packages(ignore) using defaults
[5.478s] Level 1:colcon.colcon_core.package_discovery:discover_packages(path) discover
[5.478s] Level 1:colcon.colcon_core.package_discovery:discover_packages(path) using defaults
[5.781s] INFO:colcon.colcon_core.package_selection:Skipping not selected package 'test_nodes' in 'src/test_nodes'
[5.844s] Level 5:colcon.colcon_core.verb:set package 'motor_controller' build argument 'cmake_args' from command line to 'None'
[5.845s] Level 5:colcon.colcon_core.verb:set package 'motor_controller' build argument 'cmake_target' from command line to 'None'
[5.845s] Level 5:colcon.colcon_core.verb:set package 'motor_controller' build argument 'cmake_target_skip_unavailable' from command line to 'False'
[5.845s] Level 5:colcon.colcon_core.verb:set package 'motor_controller' build argument 'cmake_clean_cache' from command line to 'False'
[5.845s] Level 5:colcon.colcon_core.verb:set package 'motor_controller' build argument 'cmake_clean_first' from command line to 'False'
[5.845s] Level 5:colcon.colcon_core.verb:set package 'motor_controller' build argument 'cmake_force_configure' from command line to 'False'
[5.845s] Level 5:colcon.colcon_core.verb:set package 'motor_controller' build argument 'ament_cmake_args' from command line to 'None'
[5.846s] Level 5:colcon.colcon_core.verb:set package 'motor_controller' build argument 'catkin_cmake_args' from command line to 'None'
[5.846s] Level 5:colcon.colcon_core.verb:set package 'motor_controller' build argument 'catkin_skip_building_tests' from command line to 'False'
[5.846s] DEBUG:colcon.colcon_core.verb:Building package 'motor_controller' with the following arguments: {'ament_cmake_args': None, 'build_base': '/home/alexander/simplebot2/ros2_workspace/build/motor_controller', 'catkin_cmake_args': None, 'catkin_skip_building_tests': False, 'cmake_args': None, 'cmake_clean_cache': False, 'cmake_clean_first': False, 'cmake_force_configure': False, 'cmake_target': None, 'cmake_target_skip_unavailable': False, 'install_base': '/home/alexander/simplebot2/ros2_workspace/install/motor_controller', 'merge_install': False, 'path': '/home/alexander/simplebot2/ros2_workspace/src/motor_controller', 'symlink_install': False, 'test_result_base': None}
[5.903s] INFO:colcon.colcon_core.executor:Executing jobs using 'parallel' executor
[5.965s] DEBUG:colcon.colcon_parallel_executor.executor.parallel:run_until_complete
[5.966s] INFO:colcon.colcon_ros.task.ament_python.build:Building ROS package in '/home/alexander/simplebot2/ros2_workspace/src/motor_controller' with build type 'ament_python'
[5.967s] Level 1:colcon.colcon_core.shell:create_environment_hook('motor_controller', 'ament_prefix_path')
[6.043s] INFO:colcon.colcon_core.plugin_system:Skipping extension 'colcon_core.shell.bat': Not used on non-Windows systems
[6.044s] INFO:colcon.colcon_core.shell:Creating environment hook '/home/alexander/simplebot2/ros2_workspace/install/motor_controller/share/motor_controller/hook/ament_prefix_path.ps1'
[6.048s] INFO:colcon.colcon_core.shell:Creating environment descriptor '/home/alexander/simplebot2/ros2_workspace/install/motor_controller/share/motor_controller/hook/ament_prefix_path.dsv'
[6.052s] INFO:colcon.colcon_core.shell:Creating environment hook '/home/alexander/simplebot2/ros2_workspace/install/motor_controller/share/motor_controller/hook/ament_prefix_path.sh'
[6.112s] INFO:colcon.colcon_core.shell:Skip shell extension 'powershell' for command environment: Not usable outside of PowerShell
[6.113s] DEBUG:colcon.colcon_core.shell:Skip shell extension 'dsv' for command environment
[7.549s] INFO:colcon.colcon_core.task.python.build:Building Python package in '/home/alexander/simplebot2/ros2_workspace/src/motor_controller'
[7.607s] INFO:colcon.colcon_core.shell:Skip shell extension 'powershell' for command environment: Not usable outside of PowerShell
[7.608s] DEBUG:colcon.colcon_core.shell:Skip shell extension 'dsv' for command environment
[9.922s] DEBUG:colcon.colcon_core.event_handler.log_command:Invoking command in '/home/alexander/simplebot2/ros2_workspace/src/motor_controller': PYTHONPATH=/home/alexander/simplebot2/ros2_workspace/build/motor_controller/prefix_override:/home/alexander/simplebot2/ros2_workspace/install/motor_controller/lib/python3.10/site-packages:${PYTHONPATH} /usr/bin/python3 setup.py egg_info --egg-base ../../build/motor_controller build --build-base /home/alexander/simplebot2/ros2_workspace/build/motor_controller/build install --record /home/alexander/simplebot2/ros2_workspace/build/motor_controller/install.log --single-version-externally-managed
[11.254s] DEBUG:colcon.colcon_core.event_handler.log_command:Invoked command in '/home/alexander/simplebot2/ros2_workspace/src/motor_controller' returned '0': PYTHONPATH=/home/alexander/simplebot2/ros2_workspace/build/motor_controller/prefix_override:/home/alexander/simplebot2/ros2_workspace/install/motor_controller/lib/python3.10/site-packages:${PYTHONPATH} /usr/bin/python3 setup.py egg_info --egg-base ../../build/motor_controller build --build-base /home/alexander/simplebot2/ros2_workspace/build/motor_controller/build install --record /home/alexander/simplebot2/ros2_workspace/build/motor_controller/install.log --single-version-externally-managed
[11.339s] Level 1:colcon.colcon_core.environment:checking '/home/alexander/simplebot2/ros2_workspace/install/motor_controller' for CMake module files
[11.341s] Level 1:colcon.colcon_core.environment:checking '/home/alexander/simplebot2/ros2_workspace/install/motor_controller' for CMake config files
[11.345s] Level 1:colcon.colcon_core.environment:checking '/home/alexander/simplebot2/ros2_workspace/install/motor_controller/lib'
[11.345s] Level 1:colcon.colcon_core.environment:checking '/home/alexander/simplebot2/ros2_workspace/install/motor_controller/bin'
[11.346s] Level 1:colcon.colcon_core.environment:checking '/home/alexander/simplebot2/ros2_workspace/install/motor_controller/lib/pkgconfig/motor_controller.pc'
[11.347s] Level 1:colcon.colcon_core.environment:checking '/home/alexander/simplebot2/ros2_workspace/install/motor_controller/lib/python3.10/site-packages'
[11.347s] Level 1:colcon.colcon_core.shell:create_environment_hook('motor_controller', 'pythonpath')
[11.406s] INFO:colcon.colcon_core.shell:Creating environment hook '/home/alexander/simplebot2/ros2_workspace/install/motor_controller/share/motor_controller/hook/pythonpath.ps1'
[11.408s] INFO:colcon.colcon_core.shell:Creating environment descriptor '/home/alexander/simplebot2/ros2_workspace/install/motor_controller/share/motor_controller/hook/pythonpath.dsv'
[11.410s] INFO:colcon.colcon_core.shell:Creating environment hook '/home/alexander/simplebot2/ros2_workspace/install/motor_controller/share/motor_controller/hook/pythonpath.sh'
[11.412s] Level 1:colcon.colcon_core.environment:checking '/home/alexander/simplebot2/ros2_workspace/install/motor_controller/bin'
[11.412s] Level 1:colcon.colcon_core.environment:create_environment_scripts_only(motor_controller)
[11.471s] INFO:colcon.colcon_core.shell:Creating package script '/home/alexander/simplebot2/ros2_workspace/install/motor_controller/share/motor_controller/package.ps1'
[11.481s] INFO:colcon.colcon_core.shell:Creating package descriptor '/home/alexander/simplebot2/ros2_workspace/install/motor_controller/share/motor_controller/package.dsv'
[11.485s] INFO:colcon.colcon_core.shell:Creating package script '/home/alexander/simplebot2/ros2_workspace/install/motor_controller/share/motor_controller/package.sh'
[11.490s] INFO:colcon.colcon_core.shell:Creating package script '/home/alexander/simplebot2/ros2_workspace/install/motor_controller/share/motor_controller/package.bash'
[11.495s] INFO:colcon.colcon_core.shell:Creating package script '/home/alexander/simplebot2/ros2_workspace/install/motor_controller/share/motor_controller/package.zsh'
[11.500s] Level 1:colcon.colcon_core.environment:create_file_with_runtime_dependencies(/home/alexander/simplebot2/ros2_workspace/install/motor_controller/share/colcon-core/packages/motor_controller)
[11.501s] DEBUG:colcon.colcon_parallel_executor.executor.parallel:closing loop
[11.502s] DEBUG:colcon.colcon_parallel_executor.executor.parallel:loop closed
[11.503s] DEBUG:colcon.colcon_parallel_executor.executor.parallel:run_until_complete finished with '0'
[11.504s] DEBUG:colcon.colcon_core.event_reactor:joining thread
[11.599s] INFO:colcon.colcon_core.plugin_system:Skipping extension 'colcon_notification.desktop_notification.notify_send': Could not find 'notify-send'
[11.599s] INFO:colcon.colcon_core.plugin_system:Skipping extension 'colcon_notification.desktop_notification.terminal_notifier': Not used on non-Darwin systems
[11.600s] INFO:colcon.colcon_core.plugin_system:Skipping extension 'colcon_notification.desktop_notification.win32': Not used on non-Windows systems
[11.600s] INFO:colcon.colcon_notification.desktop_notification:Sending desktop notification using 'notify2'
[11.614s] DEBUG:colcon.colcon_notification.desktop_notification.notify2:Failed to initialize notify2: org.freedesktop.DBus.Error.Spawn.ExecFailed: /usr/bin/dbus-launch terminated abnormally without any error message
[11.614s] DEBUG:colcon.colcon_core.event_reactor:joined thread
[11.680s] INFO:colcon.colcon_core.shell:Creating prefix script '/home/alexander/simplebot2/ros2_workspace/install/local_setup.ps1'
[11.687s] INFO:colcon.colcon_core.shell:Creating prefix util module '/home/alexander/simplebot2/ros2_workspace/install/_local_setup_util_ps1.py'
[11.695s] INFO:colcon.colcon_core.shell:Creating prefix chain script '/home/alexander/simplebot2/ros2_workspace/install/setup.ps1'
[11.758s] INFO:colcon.colcon_core.shell:Creating prefix script '/home/alexander/simplebot2/ros2_workspace/install/local_setup.sh'
[11.764s] INFO:colcon.colcon_core.shell:Creating prefix util module '/home/alexander/simplebot2/ros2_workspace/install/_local_setup_util_sh.py'
[11.767s] INFO:colcon.colcon_core.shell:Creating prefix chain script '/home/alexander/simplebot2/ros2_workspace/install/setup.sh'
[11.829s] INFO:colcon.colcon_core.shell:Creating prefix script '/home/alexander/simplebot2/ros2_workspace/install/local_setup.bash'
[11.833s] INFO:colcon.colcon_core.shell:Creating prefix chain script '/home/alexander/simplebot2/ros2_workspace/install/setup.bash'
[11.905s] INFO:colcon.colcon_core.shell:Creating prefix script '/home/alexander/simplebot2/ros2_workspace/install/local_setup.zsh'
[11.909s] INFO:colcon.colcon_core.shell:Creating prefix chain script '/home/alexander/simplebot2/ros2_workspace/install/setup.zsh'
