-- Found ament_cmake_auto: 1.3.6 (/opt/ros/humble/install/share/ament_cmake_auto/cmake)
-- Found rosidl_generator_c: 3.1.5 (/opt/ros/humble/install/share/rosidl_generator_c/cmake)
-- Found rosidl_adapter: 3.1.5 (/opt/ros/humble/install/share/rosidl_adapter/cmake)
-- Found rosidl_generator_cpp: 3.1.5 (/opt/ros/humble/install/share/rosidl_generator_cpp/cmake)
-- Using all available rosidl_typesupport_c: rosidl_typesupport_fastrtps_c;rosidl_typesupport_introspection_c
-- Using all available rosidl_typesupport_cpp: rosidl_typesupport_fastrtps_cpp;rosidl_typesupport_introspection_cpp
-- Found rmw_implementation_cmake: 6.1.1 (/opt/ros/humble/install/share/rmw_implementation_cmake/cmake)
-- Found rmw_cyclonedds_cpp: 1.3.4 (/opt/ros/humble/install/share/rmw_cyclonedds_cpp/cmake)
-- Using RMW implementation 'rmw_cyclonedds_cpp' as default
[33mCMake Warning (dev) at /usr/lib/cmake/opencv4/OpenCVConfig.cmake:86 (find_package):
  Policy CMP0146 is not set: The FindCUDA module is removed.  Run "cmake
  --help-policy CMP0146" for policy details.  Use the cmake_policy command to
  set the policy and suppress this warning.

Call Stack (most recent call first):
  /usr/lib/cmake/opencv4/OpenCVConfig.cmake:108 (find_host_package)
  /opt/ros/humble/install/share/cv_bridge/cmake/ament_cmake_export_dependencies-extras.cmake:21 (find_package)
  /opt/ros/humble/install/share/cv_bridge/cmake/cv_bridgeConfig.cmake:41 (include)
  /opt/ros/humble/install/share/ament_cmake_auto/cmake/ament_auto_find_build_dependencies.cmake:67 (find_package)
  CMakeLists.txt:27 (ament_auto_find_build_dependencies)
This warning is for project developers.  Use -Wno-dev to suppress it.
[0m
-- Checking for module 'libavcodec'
--   No package 'libavcodec' found
[31mCMake Error at /usr/local/lib/python3.10/dist-packages/cmake/data/share/cmake-3.27/Modules/FindPkgConfig.cmake:607 (message):
  A required package was not found
Call Stack (most recent call first):
  /usr/local/lib/python3.10/dist-packages/cmake/data/share/cmake-3.27/Modules/FindPkgConfig.cmake:829 (_pkg_check_modules_internal)
  CMakeLists.txt:33 (pkg_check_modules)

[0m
-- Configuring incomplete, errors occurred!
