[3.337s] Invoking command in '/home/alexander/simplebot2/ros2_workspace/build/usb_cam': CMAKE_PREFIX_PATH=${CMAKE_PREFIX_PATH}:/home/alexander/simplebot2/ros2_workspace/install/test_nodes:/home/alexander/simplebot2/ros2_workspace/install/motor_controller:/home/alexander/simplebot2/ros2_workspace/install/joystick_ros2:/home/alexander/simplebot2/ros2_workspace/install/ds4drv /usr/local/bin/cmake /home/alexander/simplebot2/ros2_workspace/src/usb_cam -DCMAKE_INSTALL_PREFIX=/home/alexander/simplebot2/ros2_workspace/install/usb_cam
[3.753s] -- Found ament_cmake_auto: 1.3.6 (/opt/ros/humble/install/share/ament_cmake_auto/cmake)
[5.666s] -- Found rosidl_generator_c: 3.1.5 (/opt/ros/humble/install/share/rosidl_generator_c/cmake)
[5.695s] -- Found rosidl_adapter: 3.1.5 (/opt/ros/humble/install/share/rosidl_adapter/cmake)
[5.755s] -- Found rosidl_generator_cpp: 3.1.5 (/opt/ros/humble/install/share/rosidl_generator_cpp/cmake)
[5.859s] -- Using all available rosidl_typesupport_c: rosidl_typesupport_fastrtps_c;rosidl_typesupport_introspection_c
[5.999s] -- Using all available rosidl_typesupport_cpp: rosidl_typesupport_fastrtps_cpp;rosidl_typesupport_introspection_cpp
[6.474s] -- Found rmw_implementation_cmake: 6.1.1 (/opt/ros/humble/install/share/rmw_implementation_cmake/cmake)
[6.487s] -- Found rmw_cyclonedds_cpp: 1.3.4 (/opt/ros/humble/install/share/rmw_cyclonedds_cpp/cmake)
[6.738s] -- Using RMW implementation 'rmw_cyclonedds_cpp' as default
[8.300s] [33mCMake Warning (dev) at /usr/lib/cmake/opencv4/OpenCVConfig.cmake:86 (find_package):
[8.301s]   Policy CMP0146 is not set: The FindCUDA module is removed.  Run "cmake
[8.302s]   --help-policy CMP0146" for policy details.  Use the cmake_policy command to
[8.303s]   set the policy and suppress this warning.
[8.303s] 
[8.303s] Call Stack (most recent call first):
[8.304s]   /usr/lib/cmake/opencv4/OpenCVConfig.cmake:108 (find_host_package)
[8.304s]   /opt/ros/humble/install/share/cv_bridge/cmake/ament_cmake_export_dependencies-extras.cmake:21 (find_package)
[8.304s]   /opt/ros/humble/install/share/cv_bridge/cmake/cv_bridgeConfig.cmake:41 (include)
[8.305s]   /opt/ros/humble/install/share/ament_cmake_auto/cmake/ament_auto_find_build_dependencies.cmake:67 (find_package)
[8.305s]   CMakeLists.txt:27 (ament_auto_find_build_dependencies)
[8.305s] This warning is for project developers.  Use -Wno-dev to suppress it.
[8.306s] [0m
[10.215s] -- Checking for module 'libavcodec'
[10.235s] --   No package 'libavcodec' found
[10.236s] [31mCMake Error at /usr/local/lib/python3.10/dist-packages/cmake/data/share/cmake-3.27/Modules/FindPkgConfig.cmake:607 (message):
[10.237s]   A required package was not found
[10.237s] Call Stack (most recent call first):
[10.238s]   /usr/local/lib/python3.10/dist-packages/cmake/data/share/cmake-3.27/Modules/FindPkgConfig.cmake:829 (_pkg_check_modules_internal)
[10.238s]   CMakeLists.txt:33 (pkg_check_modules)
[10.239s] 
[10.239s] [0m
[10.240s] -- Configuring incomplete, errors occurred!
[10.287s] Invoked command in '/home/alexander/simplebot2/ros2_workspace/build/usb_cam' returned '1': CMAKE_PREFIX_PATH=${CMAKE_PREFIX_PATH}:/home/alexander/simplebot2/ros2_workspace/install/test_nodes:/home/alexander/simplebot2/ros2_workspace/install/motor_controller:/home/alexander/simplebot2/ros2_workspace/install/joystick_ros2:/home/alexander/simplebot2/ros2_workspace/install/ds4drv /usr/local/bin/cmake /home/alexander/simplebot2/ros2_workspace/src/usb_cam -DCMAKE_INSTALL_PREFIX=/home/alexander/simplebot2/ros2_workspace/install/usb_cam
