[4.445s] DEBUG:colcon:Command line arguments: ['/usr/bin/colcon', 'build']
[4.445s] DEBUG:colcon:Parsed command line arguments: Namespace(log_base=None, log_level=None, verb_name='build', build_base='build', install_base='install', merge_install=False, symlink_install=False, test_result_base=None, continue_on_error=False, executor='parallel', parallel_workers=4, event_handlers=None, ignore_user_meta=False, metas=['./colcon.meta'], base_paths=['.'], packages_ignore=None, packages_ignore_regex=None, paths=None, packages_up_to=None, packages_up_to_regex=None, packages_above=None, packages_above_and_dependencies=None, packages_above_depth=None, packages_select_by_dep=None, packages_skip_by_dep=None, packages_skip_up_to=None, packages_select_build_failed=False, packages_skip_build_finished=False, packages_select_test_failures=False, packages_skip_test_passed=False, packages_select=None, packages_skip=None, packages_select_regex=None, packages_skip_regex=None, packages_start=None, packages_end=None, cmake_args=None, cmake_target=None, cmake_target_skip_unavailable=False, cmake_clean_cache=False, cmake_clean_first=False, cmake_force_configure=False, ament_cmake_args=None, catkin_cmake_args=None, catkin_skip_building_tests=False, verb_parser=<colcon_defaults.argument_parser.defaults.DefaultArgumentsDecorator object at 0x7fa2df0610>, verb_extension=<colcon_core.verb.build.BuildVerb object at 0x7fa2df17b0>, main=<bound method BuildVerb.main of <colcon_core.verb.build.BuildVerb object at 0x7fa2df17b0>>)
[4.696s] Level 1:colcon.colcon_core.package_discovery:discover_packages(colcon_meta) check parameters
[4.697s] Level 1:colcon.colcon_core.package_discovery:discover_packages(recursive) check parameters
[4.697s] Level 1:colcon.colcon_core.package_discovery:discover_packages(ignore) check parameters
[4.697s] Level 1:colcon.colcon_core.package_discovery:discover_packages(path) check parameters
[4.697s] Level 1:colcon.colcon_core.package_discovery:discover_packages(colcon_meta) discover
[4.697s] Level 1:colcon.colcon_core.package_discovery:discover_packages(recursive) discover
[4.698s] INFO:colcon.colcon_core.package_discovery:Crawling recursively for packages in '/home/alexander/simplebot2/ros2_workspace'
[4.698s] Level 1:colcon.colcon_core.package_identification:_identify(.) by extensions ['ignore', 'ignore_ament_install']
[4.699s] Level 1:colcon.colcon_core.package_identification:_identify(.) by extension 'ignore'
[4.699s] Level 1:colcon.colcon_core.package_identification:_identify(.) by extension 'ignore_ament_install'
[4.699s] Level 1:colcon.colcon_core.package_identification:_identify(.) by extensions ['colcon_pkg']
[4.699s] Level 1:colcon.colcon_core.package_identification:_identify(.) by extension 'colcon_pkg'
[4.700s] Level 1:colcon.colcon_core.package_identification:_identify(.) by extensions ['colcon_meta']
[4.700s] Level 1:colcon.colcon_core.package_identification:_identify(.) by extension 'colcon_meta'
[4.700s] Level 1:colcon.colcon_core.package_identification:_identify(.) by extensions ['ros']
[4.700s] Level 1:colcon.colcon_core.package_identification:_identify(.) by extension 'ros'
[4.764s] Level 1:colcon.colcon_core.package_identification:_identify(.) by extensions ['cmake', 'python']
[4.764s] Level 1:colcon.colcon_core.package_identification:_identify(.) by extension 'cmake'
[4.765s] Level 1:colcon.colcon_core.package_identification:_identify(.) by extension 'python'
[4.765s] Level 1:colcon.colcon_core.package_identification:_identify(.) by extensions ['python_setup_py']
[4.765s] Level 1:colcon.colcon_core.package_identification:_identify(.) by extension 'python_setup_py'
[4.766s] Level 1:colcon.colcon_core.package_identification:_identify(build) by extensions ['ignore', 'ignore_ament_install']
[4.766s] Level 1:colcon.colcon_core.package_identification:_identify(build) by extension 'ignore'
[4.766s] Level 1:colcon.colcon_core.package_identification:_identify(build) ignored
[4.767s] Level 1:colcon.colcon_core.package_identification:_identify(install) by extensions ['ignore', 'ignore_ament_install']
[4.767s] Level 1:colcon.colcon_core.package_identification:_identify(install) by extension 'ignore'
[4.768s] Level 1:colcon.colcon_core.package_identification:_identify(install) ignored
[4.768s] Level 1:colcon.colcon_core.package_identification:_identify(log) by extensions ['ignore', 'ignore_ament_install']
[4.768s] Level 1:colcon.colcon_core.package_identification:_identify(log) by extension 'ignore'
[4.769s] Level 1:colcon.colcon_core.package_identification:_identify(log) ignored
[4.769s] Level 1:colcon.colcon_core.package_identification:_identify(src) by extensions ['ignore', 'ignore_ament_install']
[4.769s] Level 1:colcon.colcon_core.package_identification:_identify(src) by extension 'ignore'
[4.770s] Level 1:colcon.colcon_core.package_identification:_identify(src) by extension 'ignore_ament_install'
[4.770s] Level 1:colcon.colcon_core.package_identification:_identify(src) by extensions ['colcon_pkg']
[4.770s] Level 1:colcon.colcon_core.package_identification:_identify(src) by extension 'colcon_pkg'
[4.770s] Level 1:colcon.colcon_core.package_identification:_identify(src) by extensions ['colcon_meta']
[4.770s] Level 1:colcon.colcon_core.package_identification:_identify(src) by extension 'colcon_meta'
[4.771s] Level 1:colcon.colcon_core.package_identification:_identify(src) by extensions ['ros']
[4.771s] Level 1:colcon.colcon_core.package_identification:_identify(src) by extension 'ros'
[4.771s] Level 1:colcon.colcon_core.package_identification:_identify(src) by extensions ['cmake', 'python']
[4.771s] Level 1:colcon.colcon_core.package_identification:_identify(src) by extension 'cmake'
[4.772s] Level 1:colcon.colcon_core.package_identification:_identify(src) by extension 'python'
[4.772s] Level 1:colcon.colcon_core.package_identification:_identify(src) by extensions ['python_setup_py']
[4.772s] Level 1:colcon.colcon_core.package_identification:_identify(src) by extension 'python_setup_py'
[4.772s] Level 1:colcon.colcon_core.package_identification:_identify(src/ds4_driver) by extensions ['ignore', 'ignore_ament_install']
[4.773s] Level 1:colcon.colcon_core.package_identification:_identify(src/ds4_driver) by extension 'ignore'
[4.773s] Level 1:colcon.colcon_core.package_identification:_identify(src/ds4_driver) by extension 'ignore_ament_install'
[4.773s] Level 1:colcon.colcon_core.package_identification:_identify(src/ds4_driver) by extensions ['colcon_pkg']
[4.773s] Level 1:colcon.colcon_core.package_identification:_identify(src/ds4_driver) by extension 'colcon_pkg'
[4.774s] Level 1:colcon.colcon_core.package_identification:_identify(src/ds4_driver) by extensions ['colcon_meta']
[4.774s] Level 1:colcon.colcon_core.package_identification:_identify(src/ds4_driver) by extension 'colcon_meta'
[4.774s] Level 1:colcon.colcon_core.package_identification:_identify(src/ds4_driver) by extensions ['ros']
[4.774s] Level 1:colcon.colcon_core.package_identification:_identify(src/ds4_driver) by extension 'ros'
[4.774s] Level 1:colcon.colcon_core.package_identification:_identify(src/ds4_driver) by extensions ['cmake', 'python']
[4.775s] Level 1:colcon.colcon_core.package_identification:_identify(src/ds4_driver) by extension 'cmake'
[4.775s] Level 1:colcon.colcon_core.package_identification:_identify(src/ds4_driver) by extension 'python'
[4.775s] Level 1:colcon.colcon_core.package_identification:_identify(src/ds4_driver) by extensions ['python_setup_py']
[4.775s] Level 1:colcon.colcon_core.package_identification:_identify(src/ds4_driver) by extension 'python_setup_py'
[4.776s] Level 1:colcon.colcon_core.package_identification:_identify(src/joystick_ros2) by extensions ['ignore', 'ignore_ament_install']
[4.776s] Level 1:colcon.colcon_core.package_identification:_identify(src/joystick_ros2) by extension 'ignore'
[4.776s] Level 1:colcon.colcon_core.package_identification:_identify(src/joystick_ros2) by extension 'ignore_ament_install'
[4.776s] Level 1:colcon.colcon_core.package_identification:_identify(src/joystick_ros2) by extensions ['colcon_pkg']
[4.777s] Level 1:colcon.colcon_core.package_identification:_identify(src/joystick_ros2) by extension 'colcon_pkg'
[4.777s] Level 1:colcon.colcon_core.package_identification:_identify(src/joystick_ros2) by extensions ['colcon_meta']
[4.777s] Level 1:colcon.colcon_core.package_identification:_identify(src/joystick_ros2) by extension 'colcon_meta'
[4.777s] Level 1:colcon.colcon_core.package_identification:_identify(src/joystick_ros2) by extensions ['ros']
[4.777s] Level 1:colcon.colcon_core.package_identification:_identify(src/joystick_ros2) by extension 'ros'
[4.778s] Level 1:colcon.colcon_core.package_identification:_identify(src/joystick_ros2) by extensions ['cmake', 'python']
[4.778s] Level 1:colcon.colcon_core.package_identification:_identify(src/joystick_ros2) by extension 'cmake'
[4.778s] Level 1:colcon.colcon_core.package_identification:_identify(src/joystick_ros2) by extension 'python'
[4.778s] Level 1:colcon.colcon_core.package_identification:_identify(src/joystick_ros2) by extensions ['python_setup_py']
[4.778s] Level 1:colcon.colcon_core.package_identification:_identify(src/joystick_ros2) by extension 'python_setup_py'
[4.779s] Level 1:colcon.colcon_core.package_identification:_identify(src/motor_controller) by extensions ['ignore', 'ignore_ament_install']
[4.779s] Level 1:colcon.colcon_core.package_identification:_identify(src/motor_controller) by extension 'ignore'
[4.779s] Level 1:colcon.colcon_core.package_identification:_identify(src/motor_controller) by extension 'ignore_ament_install'
[4.780s] Level 1:colcon.colcon_core.package_identification:_identify(src/motor_controller) by extensions ['colcon_pkg']
[4.780s] Level 1:colcon.colcon_core.package_identification:_identify(src/motor_controller) by extension 'colcon_pkg'
[4.780s] Level 1:colcon.colcon_core.package_identification:_identify(src/motor_controller) by extensions ['colcon_meta']
[4.780s] Level 1:colcon.colcon_core.package_identification:_identify(src/motor_controller) by extension 'colcon_meta'
[4.780s] Level 1:colcon.colcon_core.package_identification:_identify(src/motor_controller) by extensions ['ros']
[4.781s] Level 1:colcon.colcon_core.package_identification:_identify(src/motor_controller) by extension 'ros'
[4.796s] DEBUG:colcon.colcon_core.package_identification:Package 'src/motor_controller' with type 'ros.ament_python' and name 'motor_controller'
[4.797s] Level 1:colcon.colcon_core.package_identification:_identify(src/test_nodes) by extensions ['ignore', 'ignore_ament_install']
[4.797s] Level 1:colcon.colcon_core.package_identification:_identify(src/test_nodes) by extension 'ignore'
[4.798s] Level 1:colcon.colcon_core.package_identification:_identify(src/test_nodes) by extension 'ignore_ament_install'
[4.798s] Level 1:colcon.colcon_core.package_identification:_identify(src/test_nodes) by extensions ['colcon_pkg']
[4.798s] Level 1:colcon.colcon_core.package_identification:_identify(src/test_nodes) by extension 'colcon_pkg'
[4.798s] Level 1:colcon.colcon_core.package_identification:_identify(src/test_nodes) by extensions ['colcon_meta']
[4.799s] Level 1:colcon.colcon_core.package_identification:_identify(src/test_nodes) by extension 'colcon_meta'
[4.799s] Level 1:colcon.colcon_core.package_identification:_identify(src/test_nodes) by extensions ['ros']
[4.799s] Level 1:colcon.colcon_core.package_identification:_identify(src/test_nodes) by extension 'ros'
[4.801s] DEBUG:colcon.colcon_core.package_identification:Package 'src/test_nodes' with type 'ros.ament_python' and name 'test_nodes'
[4.801s] Level 1:colcon.colcon_core.package_discovery:discover_packages(recursive) using defaults
[4.801s] Level 1:colcon.colcon_core.package_discovery:discover_packages(ignore) discover
[4.802s] Level 1:colcon.colcon_core.package_discovery:discover_packages(ignore) using defaults
[4.802s] Level 1:colcon.colcon_core.package_discovery:discover_packages(path) discover
[4.802s] Level 1:colcon.colcon_core.package_discovery:discover_packages(path) using defaults
[5.154s] Level 5:colcon.colcon_core.verb:set package 'motor_controller' build argument 'cmake_args' from command line to 'None'
[5.154s] Level 5:colcon.colcon_core.verb:set package 'motor_controller' build argument 'cmake_target' from command line to 'None'
[5.154s] Level 5:colcon.colcon_core.verb:set package 'motor_controller' build argument 'cmake_target_skip_unavailable' from command line to 'False'
[5.155s] Level 5:colcon.colcon_core.verb:set package 'motor_controller' build argument 'cmake_clean_cache' from command line to 'False'
[5.155s] Level 5:colcon.colcon_core.verb:set package 'motor_controller' build argument 'cmake_clean_first' from command line to 'False'
[5.155s] Level 5:colcon.colcon_core.verb:set package 'motor_controller' build argument 'cmake_force_configure' from command line to 'False'
[5.155s] Level 5:colcon.colcon_core.verb:set package 'motor_controller' build argument 'ament_cmake_args' from command line to 'None'
[5.155s] Level 5:colcon.colcon_core.verb:set package 'motor_controller' build argument 'catkin_cmake_args' from command line to 'None'
[5.155s] Level 5:colcon.colcon_core.verb:set package 'motor_controller' build argument 'catkin_skip_building_tests' from command line to 'False'
[5.155s] DEBUG:colcon.colcon_core.verb:Building package 'motor_controller' with the following arguments: {'ament_cmake_args': None, 'build_base': '/home/alexander/simplebot2/ros2_workspace/build/motor_controller', 'catkin_cmake_args': None, 'catkin_skip_building_tests': False, 'cmake_args': None, 'cmake_clean_cache': False, 'cmake_clean_first': False, 'cmake_force_configure': False, 'cmake_target': None, 'cmake_target_skip_unavailable': False, 'install_base': '/home/alexander/simplebot2/ros2_workspace/install/motor_controller', 'merge_install': False, 'path': '/home/alexander/simplebot2/ros2_workspace/src/motor_controller', 'symlink_install': False, 'test_result_base': None}
[5.213s] Level 5:colcon.colcon_core.verb:set package 'test_nodes' build argument 'cmake_args' from command line to 'None'
[5.214s] Level 5:colcon.colcon_core.verb:set package 'test_nodes' build argument 'cmake_target' from command line to 'None'
[5.214s] Level 5:colcon.colcon_core.verb:set package 'test_nodes' build argument 'cmake_target_skip_unavailable' from command line to 'False'
[5.214s] Level 5:colcon.colcon_core.verb:set package 'test_nodes' build argument 'cmake_clean_cache' from command line to 'False'
[5.214s] Level 5:colcon.colcon_core.verb:set package 'test_nodes' build argument 'cmake_clean_first' from command line to 'False'
[5.214s] Level 5:colcon.colcon_core.verb:set package 'test_nodes' build argument 'cmake_force_configure' from command line to 'False'
[5.215s] Level 5:colcon.colcon_core.verb:set package 'test_nodes' build argument 'ament_cmake_args' from command line to 'None'
[5.215s] Level 5:colcon.colcon_core.verb:set package 'test_nodes' build argument 'catkin_cmake_args' from command line to 'None'
[5.215s] Level 5:colcon.colcon_core.verb:set package 'test_nodes' build argument 'catkin_skip_building_tests' from command line to 'False'
[5.215s] DEBUG:colcon.colcon_core.verb:Building package 'test_nodes' with the following arguments: {'ament_cmake_args': None, 'build_base': '/home/alexander/simplebot2/ros2_workspace/build/test_nodes', 'catkin_cmake_args': None, 'catkin_skip_building_tests': False, 'cmake_args': None, 'cmake_clean_cache': False, 'cmake_clean_first': False, 'cmake_force_configure': False, 'cmake_target': None, 'cmake_target_skip_unavailable': False, 'install_base': '/home/alexander/simplebot2/ros2_workspace/install/test_nodes', 'merge_install': False, 'path': '/home/alexander/simplebot2/ros2_workspace/src/test_nodes', 'symlink_install': False, 'test_result_base': None}
[5.270s] INFO:colcon.colcon_core.executor:Executing jobs using 'parallel' executor
[5.337s] DEBUG:colcon.colcon_parallel_executor.executor.parallel:run_until_complete
[5.338s] INFO:colcon.colcon_ros.task.ament_python.build:Building ROS package in '/home/alexander/simplebot2/ros2_workspace/src/motor_controller' with build type 'ament_python'
[5.339s] Level 1:colcon.colcon_core.shell:create_environment_hook('motor_controller', 'ament_prefix_path')
[5.425s] INFO:colcon.colcon_core.plugin_system:Skipping extension 'colcon_core.shell.bat': Not used on non-Windows systems
[5.426s] INFO:colcon.colcon_core.shell:Creating environment hook '/home/alexander/simplebot2/ros2_workspace/install/motor_controller/share/motor_controller/hook/ament_prefix_path.ps1'
[5.429s] INFO:colcon.colcon_core.shell:Creating environment descriptor '/home/alexander/simplebot2/ros2_workspace/install/motor_controller/share/motor_controller/hook/ament_prefix_path.dsv'
[5.497s] INFO:colcon.colcon_core.shell:Creating environment hook '/home/alexander/simplebot2/ros2_workspace/install/motor_controller/share/motor_controller/hook/ament_prefix_path.sh'
[5.560s] INFO:colcon.colcon_core.shell:Skip shell extension 'powershell' for command environment: Not usable outside of PowerShell
[5.560s] DEBUG:colcon.colcon_core.shell:Skip shell extension 'dsv' for command environment
[5.781s] INFO:colcon.colcon_ros.task.ament_python.build:Building ROS package in '/home/alexander/simplebot2/ros2_workspace/src/test_nodes' with build type 'ament_python'
[5.782s] Level 1:colcon.colcon_core.shell:create_environment_hook('test_nodes', 'ament_prefix_path')
[5.841s] INFO:colcon.colcon_core.shell:Creating environment hook '/home/alexander/simplebot2/ros2_workspace/install/test_nodes/share/test_nodes/hook/ament_prefix_path.ps1'
[5.843s] INFO:colcon.colcon_core.shell:Creating environment descriptor '/home/alexander/simplebot2/ros2_workspace/install/test_nodes/share/test_nodes/hook/ament_prefix_path.dsv'
[5.845s] INFO:colcon.colcon_core.shell:Creating environment hook '/home/alexander/simplebot2/ros2_workspace/install/test_nodes/share/test_nodes/hook/ament_prefix_path.sh'
[5.904s] INFO:colcon.colcon_core.shell:Skip shell extension 'powershell' for command environment: Not usable outside of PowerShell
[5.904s] DEBUG:colcon.colcon_core.shell:Skip shell extension 'dsv' for command environment
[7.323s] INFO:colcon.colcon_core.task.python.build:Building Python package in '/home/alexander/simplebot2/ros2_workspace/src/motor_controller'
[7.382s] INFO:colcon.colcon_core.shell:Skip shell extension 'powershell' for command environment: Not usable outside of PowerShell
[7.382s] DEBUG:colcon.colcon_core.shell:Skip shell extension 'dsv' for command environment
[8.803s] INFO:colcon.colcon_core.task.python.build:Building Python package in '/home/alexander/simplebot2/ros2_workspace/src/test_nodes'
[8.863s] INFO:colcon.colcon_core.shell:Skip shell extension 'powershell' for command environment: Not usable outside of PowerShell
[8.863s] DEBUG:colcon.colcon_core.shell:Skip shell extension 'dsv' for command environment
[11.308s] DEBUG:colcon.colcon_core.event_handler.log_command:Invoking command in '/home/alexander/simplebot2/ros2_workspace/src/motor_controller': PYTHONPATH=/home/alexander/simplebot2/ros2_workspace/build/motor_controller/prefix_override:/home/alexander/simplebot2/ros2_workspace/install/motor_controller/lib/python3.10/site-packages:${PYTHONPATH} /usr/bin/python3 setup.py egg_info --egg-base ../../build/motor_controller build --build-base /home/alexander/simplebot2/ros2_workspace/build/motor_controller/build install --record /home/alexander/simplebot2/ros2_workspace/build/motor_controller/install.log --single-version-externally-managed
[11.333s] DEBUG:colcon.colcon_core.event_handler.log_command:Invoking command in '/home/alexander/simplebot2/ros2_workspace/src/test_nodes': PYTHONPATH=/home/alexander/simplebot2/ros2_workspace/build/test_nodes/prefix_override:/home/alexander/simplebot2/ros2_workspace/install/test_nodes/lib/python3.10/site-packages:${PYTHONPATH} /usr/bin/python3 setup.py egg_info --egg-base ../../build/test_nodes build --build-base /home/alexander/simplebot2/ros2_workspace/build/test_nodes/build install --record /home/alexander/simplebot2/ros2_workspace/build/test_nodes/install.log --single-version-externally-managed
[12.719s] DEBUG:colcon.colcon_core.event_handler.log_command:Invoked command in '/home/alexander/simplebot2/ros2_workspace/src/motor_controller' returned '0': PYTHONPATH=/home/alexander/simplebot2/ros2_workspace/build/motor_controller/prefix_override:/home/alexander/simplebot2/ros2_workspace/install/motor_controller/lib/python3.10/site-packages:${PYTHONPATH} /usr/bin/python3 setup.py egg_info --egg-base ../../build/motor_controller build --build-base /home/alexander/simplebot2/ros2_workspace/build/motor_controller/build install --record /home/alexander/simplebot2/ros2_workspace/build/motor_controller/install.log --single-version-externally-managed
[12.812s] Level 1:colcon.colcon_core.environment:checking '/home/alexander/simplebot2/ros2_workspace/install/motor_controller' for CMake module files
[12.814s] Level 1:colcon.colcon_core.environment:checking '/home/alexander/simplebot2/ros2_workspace/install/motor_controller' for CMake config files
[12.817s] Level 1:colcon.colcon_core.environment:checking '/home/alexander/simplebot2/ros2_workspace/install/motor_controller/lib'
[12.818s] Level 1:colcon.colcon_core.environment:checking '/home/alexander/simplebot2/ros2_workspace/install/motor_controller/bin'
[12.819s] Level 1:colcon.colcon_core.environment:checking '/home/alexander/simplebot2/ros2_workspace/install/motor_controller/lib/pkgconfig/motor_controller.pc'
[12.820s] Level 1:colcon.colcon_core.environment:checking '/home/alexander/simplebot2/ros2_workspace/install/motor_controller/lib/python3.10/site-packages'
[12.820s] Level 1:colcon.colcon_core.shell:create_environment_hook('motor_controller', 'pythonpath')
[12.879s] INFO:colcon.colcon_core.shell:Creating environment hook '/home/alexander/simplebot2/ros2_workspace/install/motor_controller/share/motor_controller/hook/pythonpath.ps1'
[12.881s] INFO:colcon.colcon_core.shell:Creating environment descriptor '/home/alexander/simplebot2/ros2_workspace/install/motor_controller/share/motor_controller/hook/pythonpath.dsv'
[12.882s] INFO:colcon.colcon_core.shell:Creating environment hook '/home/alexander/simplebot2/ros2_workspace/install/motor_controller/share/motor_controller/hook/pythonpath.sh'
[12.884s] Level 1:colcon.colcon_core.environment:checking '/home/alexander/simplebot2/ros2_workspace/install/motor_controller/bin'
[12.885s] Level 1:colcon.colcon_core.environment:create_environment_scripts_only(motor_controller)
[12.942s] INFO:colcon.colcon_core.shell:Creating package script '/home/alexander/simplebot2/ros2_workspace/install/motor_controller/share/motor_controller/package.ps1'
[12.948s] INFO:colcon.colcon_core.shell:Creating package descriptor '/home/alexander/simplebot2/ros2_workspace/install/motor_controller/share/motor_controller/package.dsv'
[12.952s] INFO:colcon.colcon_core.shell:Creating package script '/home/alexander/simplebot2/ros2_workspace/install/motor_controller/share/motor_controller/package.sh'
[12.958s] INFO:colcon.colcon_core.shell:Creating package script '/home/alexander/simplebot2/ros2_workspace/install/motor_controller/share/motor_controller/package.bash'
[12.964s] INFO:colcon.colcon_core.shell:Creating package script '/home/alexander/simplebot2/ros2_workspace/install/motor_controller/share/motor_controller/package.zsh'
[12.968s] Level 1:colcon.colcon_core.environment:create_file_with_runtime_dependencies(/home/alexander/simplebot2/ros2_workspace/install/motor_controller/share/colcon-core/packages/motor_controller)
[12.976s] DEBUG:colcon.colcon_core.event_handler.log_command:Invoked command in '/home/alexander/simplebot2/ros2_workspace/src/test_nodes' returned '0': PYTHONPATH=/home/alexander/simplebot2/ros2_workspace/build/test_nodes/prefix_override:/home/alexander/simplebot2/ros2_workspace/install/test_nodes/lib/python3.10/site-packages:${PYTHONPATH} /usr/bin/python3 setup.py egg_info --egg-base ../../build/test_nodes build --build-base /home/alexander/simplebot2/ros2_workspace/build/test_nodes/build install --record /home/alexander/simplebot2/ros2_workspace/build/test_nodes/install.log --single-version-externally-managed
[13.029s] Level 1:colcon.colcon_core.environment:checking '/home/alexander/simplebot2/ros2_workspace/install/test_nodes' for CMake module files
[13.032s] Level 1:colcon.colcon_core.environment:checking '/home/alexander/simplebot2/ros2_workspace/install/test_nodes' for CMake config files
[13.035s] Level 1:colcon.colcon_core.environment:checking '/home/alexander/simplebot2/ros2_workspace/install/test_nodes/lib'
[13.036s] Level 1:colcon.colcon_core.environment:checking '/home/alexander/simplebot2/ros2_workspace/install/test_nodes/bin'
[13.036s] Level 1:colcon.colcon_core.environment:checking '/home/alexander/simplebot2/ros2_workspace/install/test_nodes/lib/pkgconfig/test_nodes.pc'
[13.037s] Level 1:colcon.colcon_core.environment:checking '/home/alexander/simplebot2/ros2_workspace/install/test_nodes/lib/python3.10/site-packages'
[13.038s] Level 1:colcon.colcon_core.shell:create_environment_hook('test_nodes', 'pythonpath')
[13.094s] INFO:colcon.colcon_core.shell:Creating environment hook '/home/alexander/simplebot2/ros2_workspace/install/test_nodes/share/test_nodes/hook/pythonpath.ps1'
[13.096s] INFO:colcon.colcon_core.shell:Creating environment descriptor '/home/alexander/simplebot2/ros2_workspace/install/test_nodes/share/test_nodes/hook/pythonpath.dsv'
[13.097s] INFO:colcon.colcon_core.shell:Creating environment hook '/home/alexander/simplebot2/ros2_workspace/install/test_nodes/share/test_nodes/hook/pythonpath.sh'
[13.099s] Level 1:colcon.colcon_core.environment:checking '/home/alexander/simplebot2/ros2_workspace/install/test_nodes/bin'
[13.100s] Level 1:colcon.colcon_core.environment:create_environment_scripts_only(test_nodes)
[13.161s] INFO:colcon.colcon_core.shell:Creating package script '/home/alexander/simplebot2/ros2_workspace/install/test_nodes/share/test_nodes/package.ps1'
[13.163s] INFO:colcon.colcon_core.shell:Creating package descriptor '/home/alexander/simplebot2/ros2_workspace/install/test_nodes/share/test_nodes/package.dsv'
[13.165s] INFO:colcon.colcon_core.shell:Creating package script '/home/alexander/simplebot2/ros2_workspace/install/test_nodes/share/test_nodes/package.sh'
[13.167s] INFO:colcon.colcon_core.shell:Creating package script '/home/alexander/simplebot2/ros2_workspace/install/test_nodes/share/test_nodes/package.bash'
[13.168s] INFO:colcon.colcon_core.shell:Creating package script '/home/alexander/simplebot2/ros2_workspace/install/test_nodes/share/test_nodes/package.zsh'
[13.170s] Level 1:colcon.colcon_core.environment:create_file_with_runtime_dependencies(/home/alexander/simplebot2/ros2_workspace/install/test_nodes/share/colcon-core/packages/test_nodes)
[13.171s] DEBUG:colcon.colcon_parallel_executor.executor.parallel:closing loop
[13.172s] DEBUG:colcon.colcon_parallel_executor.executor.parallel:loop closed
[13.172s] DEBUG:colcon.colcon_parallel_executor.executor.parallel:run_until_complete finished with '0'
[13.172s] DEBUG:colcon.colcon_core.event_reactor:joining thread
[13.269s] INFO:colcon.colcon_core.plugin_system:Skipping extension 'colcon_notification.desktop_notification.notify_send': Could not find 'notify-send'
[13.270s] INFO:colcon.colcon_core.plugin_system:Skipping extension 'colcon_notification.desktop_notification.terminal_notifier': Not used on non-Darwin systems
[13.270s] INFO:colcon.colcon_core.plugin_system:Skipping extension 'colcon_notification.desktop_notification.win32': Not used on non-Windows systems
[13.270s] INFO:colcon.colcon_notification.desktop_notification:Sending desktop notification using 'notify2'
[13.276s] DEBUG:colcon.colcon_notification.desktop_notification.notify2:Failed to initialize notify2: org.freedesktop.DBus.Error.Spawn.ExecFailed: /usr/bin/dbus-launch terminated abnormally without any error message
[13.277s] DEBUG:colcon.colcon_core.event_reactor:joined thread
[13.339s] INFO:colcon.colcon_core.shell:Creating prefix script '/home/alexander/simplebot2/ros2_workspace/install/local_setup.ps1'
[13.347s] INFO:colcon.colcon_core.shell:Creating prefix util module '/home/alexander/simplebot2/ros2_workspace/install/_local_setup_util_ps1.py'
[13.355s] INFO:colcon.colcon_core.shell:Creating prefix chain script '/home/alexander/simplebot2/ros2_workspace/install/setup.ps1'
[13.416s] INFO:colcon.colcon_core.shell:Creating prefix script '/home/alexander/simplebot2/ros2_workspace/install/local_setup.sh'
[13.420s] INFO:colcon.colcon_core.shell:Creating prefix util module '/home/alexander/simplebot2/ros2_workspace/install/_local_setup_util_sh.py'
[13.422s] INFO:colcon.colcon_core.shell:Creating prefix chain script '/home/alexander/simplebot2/ros2_workspace/install/setup.sh'
[13.486s] INFO:colcon.colcon_core.shell:Creating prefix script '/home/alexander/simplebot2/ros2_workspace/install/local_setup.bash'
[13.490s] INFO:colcon.colcon_core.shell:Creating prefix chain script '/home/alexander/simplebot2/ros2_workspace/install/setup.bash'
[13.553s] INFO:colcon.colcon_core.shell:Creating prefix script '/home/alexander/simplebot2/ros2_workspace/install/local_setup.zsh'
[13.556s] INFO:colcon.colcon_core.shell:Creating prefix chain script '/home/alexander/simplebot2/ros2_workspace/install/setup.zsh'
