[8.146s] Invoking command in '/home/alexander/Documents/simplebot2/ros2_workspace/src/motor_controller': PYTHONPATH=/home/alexander/Documents/simplebot2/ros2_workspace/build/motor_controller/prefix_override:/home/alexander/Documents/simplebot2/ros2_workspace/install/motor_controller/lib/python3.6/site-packages:${PYTHONPATH} /usr/bin/python3 setup.py egg_info --egg-base ../../build/motor_controller build --build-base /home/alexander/Documents/simplebot2/ros2_workspace/build/motor_controller/build install --record /home/alexander/Documents/simplebot2/ros2_workspace/build/motor_controller/install.log --single-version-externally-managed
[10.375s] running egg_info
[10.385s] writing ../../build/motor_controller/motor_controller.egg-info/PKG-INFO
[10.393s] writing dependency_links to ../../build/motor_controller/motor_controller.egg-info/dependency_links.txt
[10.399s] writing entry points to ../../build/motor_controller/motor_controller.egg-info/entry_points.txt
[10.405s] writing requirements to ../../build/motor_controller/motor_controller.egg-info/requires.txt
[10.411s] writing top-level names to ../../build/motor_controller/motor_controller.egg-info/top_level.txt
[10.435s] reading manifest file '../../build/motor_controller/motor_controller.egg-info/SOURCES.txt'
[10.458s] writing manifest file '../../build/motor_controller/motor_controller.egg-info/SOURCES.txt'
[10.464s] running build
[10.468s] running build_py
[10.474s] running install
[10.481s] running install_lib
[10.493s] running install_data
[10.523s] running install_egg_info
[10.562s] removing '/home/alexander/Documents/simplebot2/ros2_workspace/install/motor_controller/lib/python3.6/site-packages/motor_controller-0.0.0-py3.6.egg-info' (and everything under it)
[10.575s] Copying ../../build/motor_controller/motor_controller.egg-info to /home/alexander/Documents/simplebot2/ros2_workspace/install/motor_controller/lib/python3.6/site-packages/motor_controller-0.0.0-py3.6.egg-info
[10.585s] running install_scripts
[10.742s] Installing kinematics2serial script to /home/alexander/Documents/simplebot2/ros2_workspace/install/motor_controller/lib/motor_controller
[10.750s] writing list of installed files to '/home/alexander/Documents/simplebot2/ros2_workspace/build/motor_controller/install.log'
[10.937s] Invoked command in '/home/alexander/Documents/simplebot2/ros2_workspace/src/motor_controller' returned '0': PYTHONPATH=/home/alexander/Documents/simplebot2/ros2_workspace/build/motor_controller/prefix_override:/home/alexander/Documents/simplebot2/ros2_workspace/install/motor_controller/lib/python3.6/site-packages:${PYTHONPATH} /usr/bin/python3 setup.py egg_info --egg-base ../../build/motor_controller build --build-base /home/alexander/Documents/simplebot2/ros2_workspace/build/motor_controller/build install --record /home/alexander/Documents/simplebot2/ros2_workspace/build/motor_controller/install.log --single-version-externally-managed
