[8.371s] Invoking command in '/home/alexander/Documents/simplebot2/ros2_workspace/src/joystick_ros2': PYTHONPATH=/home/alexander/Documents/simplebot2/ros2_workspace/build/joystick_ros2/prefix_override:/home/alexander/Documents/simplebot2/ros2_workspace/install/joystick_ros2/lib/python3.6/site-packages:${PYTHONPATH} /usr/bin/python3 setup.py egg_info --egg-base ../../build/joystick_ros2 build --build-base /home/alexander/Documents/simplebot2/ros2_workspace/build/joystick_ros2/build install --record /home/alexander/Documents/simplebot2/ros2_workspace/build/joystick_ros2/install.log --install-scripts $base/lib/joystick_ros2 --single-version-externally-managed
[10.454s] /home/alexander/.local/lib/python3.6/site-packages/setuptools/dist.py:720: UserWarning: Usage of dash-separated 'script-dir' will not be supported in future versions. Please use the underscore name 'script_dir' instead
[10.459s]   % (opt, underscore_opt)
[10.728s] running egg_info
[10.731s] writing ../../build/joystick_ros2/joystick_ros2.egg-info/PKG-INFO
[10.741s] writing dependency_links to ../../build/joystick_ros2/joystick_ros2.egg-info/dependency_links.txt
[10.741s] writing entry points to ../../build/joystick_ros2/joystick_ros2.egg-info/entry_points.txt
[10.742s] writing requirements to ../../build/joystick_ros2/joystick_ros2.egg-info/requires.txt
[10.743s] writing top-level names to ../../build/joystick_ros2/joystick_ros2.egg-info/top_level.txt
[10.755s] reading manifest file '../../build/joystick_ros2/joystick_ros2.egg-info/SOURCES.txt'
[10.761s] adding license file 'LICENSE'
[10.770s] writing manifest file '../../build/joystick_ros2/joystick_ros2.egg-info/SOURCES.txt'
[10.776s] running build
[10.779s] running build_py
[10.782s] copying joystick_ros2.py -> /home/alexander/Documents/simplebot2/ros2_workspace/build/joystick_ros2/build/lib
[10.783s] running install
[10.787s] running install_lib
[10.790s] copying /home/alexander/Documents/simplebot2/ros2_workspace/build/joystick_ros2/build/lib/joystick_ros2.py -> /home/alexander/Documents/simplebot2/ros2_workspace/install/joystick_ros2/lib/python3.6/site-packages
[10.791s] byte-compiling /home/alexander/Documents/simplebot2/ros2_workspace/install/joystick_ros2/lib/python3.6/site-packages/joystick_ros2.py to joystick_ros2.cpython-36.pyc
[10.803s] running install_data
[10.807s] running install_egg_info
[10.818s] removing '/home/alexander/Documents/simplebot2/ros2_workspace/install/joystick_ros2/lib/python3.6/site-packages/joystick_ros2-0.0.1-py3.6.egg-info' (and everything under it)
[10.822s] Copying ../../build/joystick_ros2/joystick_ros2.egg-info to /home/alexander/Documents/simplebot2/ros2_workspace/install/joystick_ros2/lib/python3.6/site-packages/joystick_ros2-0.0.1-py3.6.egg-info
[10.827s] running install_scripts
[10.974s] Installing joystick_ros2 script to /home/alexander/Documents/simplebot2/ros2_workspace/install/joystick_ros2/lib/joystick_ros2
[10.978s] writing list of installed files to '/home/alexander/Documents/simplebot2/ros2_workspace/build/joystick_ros2/install.log'
[11.135s] Invoked command in '/home/alexander/Documents/simplebot2/ros2_workspace/src/joystick_ros2' returned '0': PYTHONPATH=/home/alexander/Documents/simplebot2/ros2_workspace/build/joystick_ros2/prefix_override:/home/alexander/Documents/simplebot2/ros2_workspace/install/joystick_ros2/lib/python3.6/site-packages:${PYTHONPATH} /usr/bin/python3 setup.py egg_info --egg-base ../../build/joystick_ros2 build --build-base /home/alexander/Documents/simplebot2/ros2_workspace/build/joystick_ros2/build install --record /home/alexander/Documents/simplebot2/ros2_workspace/build/joystick_ros2/install.log --install-scripts $base/lib/joystick_ros2 --single-version-externally-managed
