[4.138s] DEBUG:colcon:Command line arguments: ['/usr/bin/colcon', 'build']
[4.138s] DEBUG:colcon:Parsed command line arguments: Namespace(log_base=None, log_level=None, verb_name='build', build_base='build', install_base='install', merge_install=False, symlink_install=False, test_result_base=None, continue_on_error=False, executor='parallel', parallel_workers=4, event_handlers=None, ignore_user_meta=False, metas=['./colcon.meta'], base_paths=['.'], packages_ignore=None, packages_ignore_regex=None, paths=None, packages_up_to=None, packages_up_to_regex=None, packages_above=None, packages_above_and_dependencies=None, packages_above_depth=None, packages_select_by_dep=None, packages_skip_by_dep=None, packages_skip_up_to=None, packages_select_build_failed=False, packages_skip_build_finished=False, packages_select_test_failures=False, packages_skip_test_passed=False, packages_select=None, packages_skip=None, packages_select_regex=None, packages_skip_regex=None, packages_start=None, packages_end=None, cmake_args=None, cmake_target=None, cmake_target_skip_unavailable=False, cmake_clean_cache=False, cmake_clean_first=False, cmake_force_configure=False, ament_cmake_args=None, catkin_cmake_args=None, catkin_skip_building_tests=False, verb_parser=<colcon_defaults.argument_parser.defaults.DefaultArgumentsDecorator object at 0x7f8bd60ac0>, verb_extension=<colcon_core.verb.build.BuildVerb object at 0x7f8bd61db0>, main=<bound method BuildVerb.main of <colcon_core.verb.build.BuildVerb object at 0x7f8bd61db0>>)
[4.339s] Level 1:colcon.colcon_core.package_discovery:discover_packages(colcon_meta) check parameters
[4.340s] Level 1:colcon.colcon_core.package_discovery:discover_packages(recursive) check parameters
[4.340s] Level 1:colcon.colcon_core.package_discovery:discover_packages(ignore) check parameters
[4.340s] Level 1:colcon.colcon_core.package_discovery:discover_packages(path) check parameters
[4.340s] Level 1:colcon.colcon_core.package_discovery:discover_packages(colcon_meta) discover
[4.341s] Level 1:colcon.colcon_core.package_discovery:discover_packages(recursive) discover
[4.341s] INFO:colcon.colcon_core.package_discovery:Crawling recursively for packages in '/home/alexander/simplebot2/ros2_workspace'
[4.341s] Level 1:colcon.colcon_core.package_identification:_identify(.) by extensions ['ignore', 'ignore_ament_install']
[4.342s] Level 1:colcon.colcon_core.package_identification:_identify(.) by extension 'ignore'
[4.342s] Level 1:colcon.colcon_core.package_identification:_identify(.) by extension 'ignore_ament_install'
[4.342s] Level 1:colcon.colcon_core.package_identification:_identify(.) by extensions ['colcon_pkg']
[4.343s] Level 1:colcon.colcon_core.package_identification:_identify(.) by extension 'colcon_pkg'
[4.343s] Level 1:colcon.colcon_core.package_identification:_identify(.) by extensions ['colcon_meta']
[4.343s] Level 1:colcon.colcon_core.package_identification:_identify(.) by extension 'colcon_meta'
[4.343s] Level 1:colcon.colcon_core.package_identification:_identify(.) by extensions ['ros']
[4.344s] Level 1:colcon.colcon_core.package_identification:_identify(.) by extension 'ros'
[4.391s] Level 1:colcon.colcon_core.package_identification:_identify(.) by extensions ['cmake', 'python']
[4.391s] Level 1:colcon.colcon_core.package_identification:_identify(.) by extension 'cmake'
[4.391s] Level 1:colcon.colcon_core.package_identification:_identify(.) by extension 'python'
[4.391s] Level 1:colcon.colcon_core.package_identification:_identify(.) by extensions ['python_setup_py']
[4.392s] Level 1:colcon.colcon_core.package_identification:_identify(.) by extension 'python_setup_py'
[4.392s] Level 1:colcon.colcon_core.package_identification:_identify(build) by extensions ['ignore', 'ignore_ament_install']
[4.393s] Level 1:colcon.colcon_core.package_identification:_identify(build) by extension 'ignore'
[4.393s] Level 1:colcon.colcon_core.package_identification:_identify(build) ignored
[4.393s] Level 1:colcon.colcon_core.package_identification:_identify(install) by extensions ['ignore', 'ignore_ament_install']
[4.394s] Level 1:colcon.colcon_core.package_identification:_identify(install) by extension 'ignore'
[4.394s] Level 1:colcon.colcon_core.package_identification:_identify(install) ignored
[4.395s] Level 1:colcon.colcon_core.package_identification:_identify(log) by extensions ['ignore', 'ignore_ament_install']
[4.395s] Level 1:colcon.colcon_core.package_identification:_identify(log) by extension 'ignore'
[4.395s] Level 1:colcon.colcon_core.package_identification:_identify(log) ignored
[4.395s] Level 1:colcon.colcon_core.package_identification:_identify(src) by extensions ['ignore', 'ignore_ament_install']
[4.396s] Level 1:colcon.colcon_core.package_identification:_identify(src) by extension 'ignore'
[4.396s] Level 1:colcon.colcon_core.package_identification:_identify(src) by extension 'ignore_ament_install'
[4.396s] Level 1:colcon.colcon_core.package_identification:_identify(src) by extensions ['colcon_pkg']
[4.396s] Level 1:colcon.colcon_core.package_identification:_identify(src) by extension 'colcon_pkg'
[4.397s] Level 1:colcon.colcon_core.package_identification:_identify(src) by extensions ['colcon_meta']
[4.397s] Level 1:colcon.colcon_core.package_identification:_identify(src) by extension 'colcon_meta'
[4.397s] Level 1:colcon.colcon_core.package_identification:_identify(src) by extensions ['ros']
[4.397s] Level 1:colcon.colcon_core.package_identification:_identify(src) by extension 'ros'
[4.398s] Level 1:colcon.colcon_core.package_identification:_identify(src) by extensions ['cmake', 'python']
[4.398s] Level 1:colcon.colcon_core.package_identification:_identify(src) by extension 'cmake'
[4.398s] Level 1:colcon.colcon_core.package_identification:_identify(src) by extension 'python'
[4.398s] Level 1:colcon.colcon_core.package_identification:_identify(src) by extensions ['python_setup_py']
[4.398s] Level 1:colcon.colcon_core.package_identification:_identify(src) by extension 'python_setup_py'
[4.399s] Level 1:colcon.colcon_core.package_identification:_identify(src/ds4_driver) by extensions ['ignore', 'ignore_ament_install']
[4.399s] Level 1:colcon.colcon_core.package_identification:_identify(src/ds4_driver) by extension 'ignore'
[4.399s] Level 1:colcon.colcon_core.package_identification:_identify(src/ds4_driver) by extension 'ignore_ament_install'
[4.400s] Level 1:colcon.colcon_core.package_identification:_identify(src/ds4_driver) by extensions ['colcon_pkg']
[4.400s] Level 1:colcon.colcon_core.package_identification:_identify(src/ds4_driver) by extension 'colcon_pkg'
[4.400s] Level 1:colcon.colcon_core.package_identification:_identify(src/ds4_driver) by extensions ['colcon_meta']
[4.400s] Level 1:colcon.colcon_core.package_identification:_identify(src/ds4_driver) by extension 'colcon_meta'
[4.400s] Level 1:colcon.colcon_core.package_identification:_identify(src/ds4_driver) by extensions ['ros']
[4.400s] Level 1:colcon.colcon_core.package_identification:_identify(src/ds4_driver) by extension 'ros'
[4.401s] Level 1:colcon.colcon_core.package_identification:_identify(src/ds4_driver) by extensions ['cmake', 'python']
[4.401s] Level 1:colcon.colcon_core.package_identification:_identify(src/ds4_driver) by extension 'cmake'
[4.401s] Level 1:colcon.colcon_core.package_identification:_identify(src/ds4_driver) by extension 'python'
[4.401s] Level 1:colcon.colcon_core.package_identification:_identify(src/ds4_driver) by extensions ['python_setup_py']
[4.402s] Level 1:colcon.colcon_core.package_identification:_identify(src/ds4_driver) by extension 'python_setup_py'
[4.402s] Level 1:colcon.colcon_core.package_identification:_identify(src/joystick_ros2) by extensions ['ignore', 'ignore_ament_install']
[4.402s] Level 1:colcon.colcon_core.package_identification:_identify(src/joystick_ros2) by extension 'ignore'
[4.403s] Level 1:colcon.colcon_core.package_identification:_identify(src/joystick_ros2) by extension 'ignore_ament_install'
[4.403s] Level 1:colcon.colcon_core.package_identification:_identify(src/joystick_ros2) by extensions ['colcon_pkg']
[4.403s] Level 1:colcon.colcon_core.package_identification:_identify(src/joystick_ros2) by extension 'colcon_pkg'
[4.403s] Level 1:colcon.colcon_core.package_identification:_identify(src/joystick_ros2) by extensions ['colcon_meta']
[4.403s] Level 1:colcon.colcon_core.package_identification:_identify(src/joystick_ros2) by extension 'colcon_meta'
[4.404s] Level 1:colcon.colcon_core.package_identification:_identify(src/joystick_ros2) by extensions ['ros']
[4.404s] Level 1:colcon.colcon_core.package_identification:_identify(src/joystick_ros2) by extension 'ros'
[4.404s] Level 1:colcon.colcon_core.package_identification:_identify(src/joystick_ros2) by extensions ['cmake', 'python']
[4.404s] Level 1:colcon.colcon_core.package_identification:_identify(src/joystick_ros2) by extension 'cmake'
[4.404s] Level 1:colcon.colcon_core.package_identification:_identify(src/joystick_ros2) by extension 'python'
[4.405s] Level 1:colcon.colcon_core.package_identification:_identify(src/joystick_ros2) by extensions ['python_setup_py']
[4.405s] Level 1:colcon.colcon_core.package_identification:_identify(src/joystick_ros2) by extension 'python_setup_py'
[4.405s] Level 1:colcon.colcon_core.package_identification:_identify(src/motor_controller) by extensions ['ignore', 'ignore_ament_install']
[4.406s] Level 1:colcon.colcon_core.package_identification:_identify(src/motor_controller) by extension 'ignore'
[4.406s] Level 1:colcon.colcon_core.package_identification:_identify(src/motor_controller) by extension 'ignore_ament_install'
[4.406s] Level 1:colcon.colcon_core.package_identification:_identify(src/motor_controller) by extensions ['colcon_pkg']
[4.406s] Level 1:colcon.colcon_core.package_identification:_identify(src/motor_controller) by extension 'colcon_pkg'
[4.406s] Level 1:colcon.colcon_core.package_identification:_identify(src/motor_controller) by extensions ['colcon_meta']
[4.407s] Level 1:colcon.colcon_core.package_identification:_identify(src/motor_controller) by extension 'colcon_meta'
[4.407s] Level 1:colcon.colcon_core.package_identification:_identify(src/motor_controller) by extensions ['ros']
[4.407s] Level 1:colcon.colcon_core.package_identification:_identify(src/motor_controller) by extension 'ros'
[4.420s] DEBUG:colcon.colcon_core.package_identification:Package 'src/motor_controller' with type 'ros.ament_python' and name 'motor_controller'
[4.420s] Level 1:colcon.colcon_core.package_identification:_identify(src/test_nodes) by extensions ['ignore', 'ignore_ament_install']
[4.421s] Level 1:colcon.colcon_core.package_identification:_identify(src/test_nodes) by extension 'ignore'
[4.421s] Level 1:colcon.colcon_core.package_identification:_identify(src/test_nodes) by extension 'ignore_ament_install'
[4.421s] Level 1:colcon.colcon_core.package_identification:_identify(src/test_nodes) by extensions ['colcon_pkg']
[4.422s] Level 1:colcon.colcon_core.package_identification:_identify(src/test_nodes) by extension 'colcon_pkg'
[4.422s] Level 1:colcon.colcon_core.package_identification:_identify(src/test_nodes) by extensions ['colcon_meta']
[4.422s] Level 1:colcon.colcon_core.package_identification:_identify(src/test_nodes) by extension 'colcon_meta'
[4.422s] Level 1:colcon.colcon_core.package_identification:_identify(src/test_nodes) by extensions ['ros']
[4.422s] Level 1:colcon.colcon_core.package_identification:_identify(src/test_nodes) by extension 'ros'
[4.424s] DEBUG:colcon.colcon_core.package_identification:Package 'src/test_nodes' with type 'ros.ament_python' and name 'test_nodes'
[4.425s] Level 1:colcon.colcon_core.package_discovery:discover_packages(recursive) using defaults
[4.425s] Level 1:colcon.colcon_core.package_discovery:discover_packages(ignore) discover
[4.425s] Level 1:colcon.colcon_core.package_discovery:discover_packages(ignore) using defaults
[4.425s] Level 1:colcon.colcon_core.package_discovery:discover_packages(path) discover
[4.425s] Level 1:colcon.colcon_core.package_discovery:discover_packages(path) using defaults
[4.746s] Level 5:colcon.colcon_core.verb:set package 'motor_controller' build argument 'cmake_args' from command line to 'None'
[4.746s] Level 5:colcon.colcon_core.verb:set package 'motor_controller' build argument 'cmake_target' from command line to 'None'
[4.746s] Level 5:colcon.colcon_core.verb:set package 'motor_controller' build argument 'cmake_target_skip_unavailable' from command line to 'False'
[4.746s] Level 5:colcon.colcon_core.verb:set package 'motor_controller' build argument 'cmake_clean_cache' from command line to 'False'
[4.746s] Level 5:colcon.colcon_core.verb:set package 'motor_controller' build argument 'cmake_clean_first' from command line to 'False'
[4.747s] Level 5:colcon.colcon_core.verb:set package 'motor_controller' build argument 'cmake_force_configure' from command line to 'False'
[4.747s] Level 5:colcon.colcon_core.verb:set package 'motor_controller' build argument 'ament_cmake_args' from command line to 'None'
[4.747s] Level 5:colcon.colcon_core.verb:set package 'motor_controller' build argument 'catkin_cmake_args' from command line to 'None'
[4.747s] Level 5:colcon.colcon_core.verb:set package 'motor_controller' build argument 'catkin_skip_building_tests' from command line to 'False'
[4.747s] DEBUG:colcon.colcon_core.verb:Building package 'motor_controller' with the following arguments: {'ament_cmake_args': None, 'build_base': '/home/alexander/simplebot2/ros2_workspace/build/motor_controller', 'catkin_cmake_args': None, 'catkin_skip_building_tests': False, 'cmake_args': None, 'cmake_clean_cache': False, 'cmake_clean_first': False, 'cmake_force_configure': False, 'cmake_target': None, 'cmake_target_skip_unavailable': False, 'install_base': '/home/alexander/simplebot2/ros2_workspace/install/motor_controller', 'merge_install': False, 'path': '/home/alexander/simplebot2/ros2_workspace/src/motor_controller', 'symlink_install': False, 'test_result_base': None}
[4.802s] Level 5:colcon.colcon_core.verb:set package 'test_nodes' build argument 'cmake_args' from command line to 'None'
[4.803s] Level 5:colcon.colcon_core.verb:set package 'test_nodes' build argument 'cmake_target' from command line to 'None'
[4.803s] Level 5:colcon.colcon_core.verb:set package 'test_nodes' build argument 'cmake_target_skip_unavailable' from command line to 'False'
[4.803s] Level 5:colcon.colcon_core.verb:set package 'test_nodes' build argument 'cmake_clean_cache' from command line to 'False'
[4.803s] Level 5:colcon.colcon_core.verb:set package 'test_nodes' build argument 'cmake_clean_first' from command line to 'False'
[4.803s] Level 5:colcon.colcon_core.verb:set package 'test_nodes' build argument 'cmake_force_configure' from command line to 'False'
[4.803s] Level 5:colcon.colcon_core.verb:set package 'test_nodes' build argument 'ament_cmake_args' from command line to 'None'
[4.803s] Level 5:colcon.colcon_core.verb:set package 'test_nodes' build argument 'catkin_cmake_args' from command line to 'None'
[4.804s] Level 5:colcon.colcon_core.verb:set package 'test_nodes' build argument 'catkin_skip_building_tests' from command line to 'False'
[4.804s] DEBUG:colcon.colcon_core.verb:Building package 'test_nodes' with the following arguments: {'ament_cmake_args': None, 'build_base': '/home/alexander/simplebot2/ros2_workspace/build/test_nodes', 'catkin_cmake_args': None, 'catkin_skip_building_tests': False, 'cmake_args': None, 'cmake_clean_cache': False, 'cmake_clean_first': False, 'cmake_force_configure': False, 'cmake_target': None, 'cmake_target_skip_unavailable': False, 'install_base': '/home/alexander/simplebot2/ros2_workspace/install/test_nodes', 'merge_install': False, 'path': '/home/alexander/simplebot2/ros2_workspace/src/test_nodes', 'symlink_install': False, 'test_result_base': None}
[4.865s] INFO:colcon.colcon_core.executor:Executing jobs using 'parallel' executor
[4.933s] DEBUG:colcon.colcon_parallel_executor.executor.parallel:run_until_complete
[4.934s] INFO:colcon.colcon_ros.task.ament_python.build:Building ROS package in '/home/alexander/simplebot2/ros2_workspace/src/motor_controller' with build type 'ament_python'
[4.934s] Level 1:colcon.colcon_core.shell:create_environment_hook('motor_controller', 'ament_prefix_path')
[5.004s] INFO:colcon.colcon_core.plugin_system:Skipping extension 'colcon_core.shell.bat': Not used on non-Windows systems
[5.005s] INFO:colcon.colcon_core.shell:Creating environment hook '/home/alexander/simplebot2/ros2_workspace/install/motor_controller/share/motor_controller/hook/ament_prefix_path.ps1'
[5.007s] INFO:colcon.colcon_core.shell:Creating environment descriptor '/home/alexander/simplebot2/ros2_workspace/install/motor_controller/share/motor_controller/hook/ament_prefix_path.dsv'
[5.010s] INFO:colcon.colcon_core.shell:Creating environment hook '/home/alexander/simplebot2/ros2_workspace/install/motor_controller/share/motor_controller/hook/ament_prefix_path.sh'
[5.071s] INFO:colcon.colcon_core.shell:Skip shell extension 'powershell' for command environment: Not usable outside of PowerShell
[5.071s] DEBUG:colcon.colcon_core.shell:Skip shell extension 'dsv' for command environment
[5.290s] INFO:colcon.colcon_ros.task.ament_python.build:Building ROS package in '/home/alexander/simplebot2/ros2_workspace/src/test_nodes' with build type 'ament_python'
[5.291s] Level 1:colcon.colcon_core.shell:create_environment_hook('test_nodes', 'ament_prefix_path')
[5.352s] INFO:colcon.colcon_core.shell:Creating environment hook '/home/alexander/simplebot2/ros2_workspace/install/test_nodes/share/test_nodes/hook/ament_prefix_path.ps1'
[5.353s] INFO:colcon.colcon_core.shell:Creating environment descriptor '/home/alexander/simplebot2/ros2_workspace/install/test_nodes/share/test_nodes/hook/ament_prefix_path.dsv'
[5.355s] INFO:colcon.colcon_core.shell:Creating environment hook '/home/alexander/simplebot2/ros2_workspace/install/test_nodes/share/test_nodes/hook/ament_prefix_path.sh'
[5.412s] INFO:colcon.colcon_core.shell:Skip shell extension 'powershell' for command environment: Not usable outside of PowerShell
[5.412s] DEBUG:colcon.colcon_core.shell:Skip shell extension 'dsv' for command environment
[6.818s] INFO:colcon.colcon_core.task.python.build:Building Python package in '/home/alexander/simplebot2/ros2_workspace/src/motor_controller'
[6.875s] INFO:colcon.colcon_core.shell:Skip shell extension 'powershell' for command environment: Not usable outside of PowerShell
[6.875s] DEBUG:colcon.colcon_core.shell:Skip shell extension 'dsv' for command environment
[8.273s] INFO:colcon.colcon_core.task.python.build:Building Python package in '/home/alexander/simplebot2/ros2_workspace/src/test_nodes'
[8.334s] INFO:colcon.colcon_core.shell:Skip shell extension 'powershell' for command environment: Not usable outside of PowerShell
[8.334s] DEBUG:colcon.colcon_core.shell:Skip shell extension 'dsv' for command environment
[10.533s] DEBUG:colcon.colcon_core.event_handler.log_command:Invoking command in '/home/alexander/simplebot2/ros2_workspace/src/motor_controller': PYTHONPATH=/home/alexander/simplebot2/ros2_workspace/build/motor_controller/prefix_override:/home/alexander/simplebot2/ros2_workspace/install/motor_controller/lib/python3.10/site-packages:${PYTHONPATH} /usr/bin/python3 setup.py egg_info --egg-base ../../build/motor_controller build --build-base /home/alexander/simplebot2/ros2_workspace/build/motor_controller/build install --record /home/alexander/simplebot2/ros2_workspace/build/motor_controller/install.log --single-version-externally-managed
[10.557s] DEBUG:colcon.colcon_core.event_handler.log_command:Invoking command in '/home/alexander/simplebot2/ros2_workspace/src/test_nodes': PYTHONPATH=/home/alexander/simplebot2/ros2_workspace/build/test_nodes/prefix_override:/home/alexander/simplebot2/ros2_workspace/install/test_nodes/lib/python3.10/site-packages:${PYTHONPATH} /usr/bin/python3 setup.py egg_info --egg-base ../../build/test_nodes build --build-base /home/alexander/simplebot2/ros2_workspace/build/test_nodes/build install --record /home/alexander/simplebot2/ros2_workspace/build/test_nodes/install.log --single-version-externally-managed
[11.932s] DEBUG:colcon.colcon_core.event_handler.log_command:Invoked command in '/home/alexander/simplebot2/ros2_workspace/src/test_nodes' returned '0': PYTHONPATH=/home/alexander/simplebot2/ros2_workspace/build/test_nodes/prefix_override:/home/alexander/simplebot2/ros2_workspace/install/test_nodes/lib/python3.10/site-packages:${PYTHONPATH} /usr/bin/python3 setup.py egg_info --egg-base ../../build/test_nodes build --build-base /home/alexander/simplebot2/ros2_workspace/build/test_nodes/build install --record /home/alexander/simplebot2/ros2_workspace/build/test_nodes/install.log --single-version-externally-managed
[12.006s] Level 1:colcon.colcon_core.environment:checking '/home/alexander/simplebot2/ros2_workspace/install/test_nodes' for CMake module files
[12.008s] Level 1:colcon.colcon_core.environment:checking '/home/alexander/simplebot2/ros2_workspace/install/test_nodes' for CMake config files
[12.012s] Level 1:colcon.colcon_core.environment:checking '/home/alexander/simplebot2/ros2_workspace/install/test_nodes/lib'
[12.013s] Level 1:colcon.colcon_core.environment:checking '/home/alexander/simplebot2/ros2_workspace/install/test_nodes/bin'
[12.014s] Level 1:colcon.colcon_core.environment:checking '/home/alexander/simplebot2/ros2_workspace/install/test_nodes/lib/pkgconfig/test_nodes.pc'
[12.015s] Level 1:colcon.colcon_core.environment:checking '/home/alexander/simplebot2/ros2_workspace/install/test_nodes/lib/python3.10/site-packages'
[12.015s] Level 1:colcon.colcon_core.shell:create_environment_hook('test_nodes', 'pythonpath')
[12.074s] INFO:colcon.colcon_core.shell:Creating environment hook '/home/alexander/simplebot2/ros2_workspace/install/test_nodes/share/test_nodes/hook/pythonpath.ps1'
[12.076s] INFO:colcon.colcon_core.shell:Creating environment descriptor '/home/alexander/simplebot2/ros2_workspace/install/test_nodes/share/test_nodes/hook/pythonpath.dsv'
[12.078s] INFO:colcon.colcon_core.shell:Creating environment hook '/home/alexander/simplebot2/ros2_workspace/install/test_nodes/share/test_nodes/hook/pythonpath.sh'
[12.081s] Level 1:colcon.colcon_core.environment:checking '/home/alexander/simplebot2/ros2_workspace/install/test_nodes/bin'
[12.081s] Level 1:colcon.colcon_core.environment:create_environment_scripts_only(test_nodes)
[12.140s] INFO:colcon.colcon_core.shell:Creating package script '/home/alexander/simplebot2/ros2_workspace/install/test_nodes/share/test_nodes/package.ps1'
[12.144s] INFO:colcon.colcon_core.shell:Creating package descriptor '/home/alexander/simplebot2/ros2_workspace/install/test_nodes/share/test_nodes/package.dsv'
[12.146s] INFO:colcon.colcon_core.shell:Creating package script '/home/alexander/simplebot2/ros2_workspace/install/test_nodes/share/test_nodes/package.sh'
[12.149s] INFO:colcon.colcon_core.shell:Creating package script '/home/alexander/simplebot2/ros2_workspace/install/test_nodes/share/test_nodes/package.bash'
[12.153s] INFO:colcon.colcon_core.shell:Creating package script '/home/alexander/simplebot2/ros2_workspace/install/test_nodes/share/test_nodes/package.zsh'
[12.156s] Level 1:colcon.colcon_core.environment:create_file_with_runtime_dependencies(/home/alexander/simplebot2/ros2_workspace/install/test_nodes/share/colcon-core/packages/test_nodes)
[12.162s] DEBUG:colcon.colcon_core.event_handler.log_command:Invoked command in '/home/alexander/simplebot2/ros2_workspace/src/motor_controller' returned '0': PYTHONPATH=/home/alexander/simplebot2/ros2_workspace/build/motor_controller/prefix_override:/home/alexander/simplebot2/ros2_workspace/install/motor_controller/lib/python3.10/site-packages:${PYTHONPATH} /usr/bin/python3 setup.py egg_info --egg-base ../../build/motor_controller build --build-base /home/alexander/simplebot2/ros2_workspace/build/motor_controller/build install --record /home/alexander/simplebot2/ros2_workspace/build/motor_controller/install.log --single-version-externally-managed
[12.221s] Level 1:colcon.colcon_core.environment:checking '/home/alexander/simplebot2/ros2_workspace/install/motor_controller' for CMake module files
[12.223s] Level 1:colcon.colcon_core.environment:checking '/home/alexander/simplebot2/ros2_workspace/install/motor_controller' for CMake config files
[12.226s] Level 1:colcon.colcon_core.environment:checking '/home/alexander/simplebot2/ros2_workspace/install/motor_controller/lib'
[12.227s] Level 1:colcon.colcon_core.environment:checking '/home/alexander/simplebot2/ros2_workspace/install/motor_controller/bin'
[12.227s] Level 1:colcon.colcon_core.environment:checking '/home/alexander/simplebot2/ros2_workspace/install/motor_controller/lib/pkgconfig/motor_controller.pc'
[12.228s] Level 1:colcon.colcon_core.environment:checking '/home/alexander/simplebot2/ros2_workspace/install/motor_controller/lib/python3.10/site-packages'
[12.229s] Level 1:colcon.colcon_core.shell:create_environment_hook('motor_controller', 'pythonpath')
[12.286s] INFO:colcon.colcon_core.shell:Creating environment hook '/home/alexander/simplebot2/ros2_workspace/install/motor_controller/share/motor_controller/hook/pythonpath.ps1'
[12.289s] INFO:colcon.colcon_core.shell:Creating environment descriptor '/home/alexander/simplebot2/ros2_workspace/install/motor_controller/share/motor_controller/hook/pythonpath.dsv'
[12.291s] INFO:colcon.colcon_core.shell:Creating environment hook '/home/alexander/simplebot2/ros2_workspace/install/motor_controller/share/motor_controller/hook/pythonpath.sh'
[12.295s] Level 1:colcon.colcon_core.environment:checking '/home/alexander/simplebot2/ros2_workspace/install/motor_controller/bin'
[12.295s] Level 1:colcon.colcon_core.environment:create_environment_scripts_only(motor_controller)
[12.354s] INFO:colcon.colcon_core.shell:Creating package script '/home/alexander/simplebot2/ros2_workspace/install/motor_controller/share/motor_controller/package.ps1'
[12.358s] INFO:colcon.colcon_core.shell:Creating package descriptor '/home/alexander/simplebot2/ros2_workspace/install/motor_controller/share/motor_controller/package.dsv'
[12.360s] INFO:colcon.colcon_core.shell:Creating package script '/home/alexander/simplebot2/ros2_workspace/install/motor_controller/share/motor_controller/package.sh'
[12.362s] INFO:colcon.colcon_core.shell:Creating package script '/home/alexander/simplebot2/ros2_workspace/install/motor_controller/share/motor_controller/package.bash'
[12.364s] INFO:colcon.colcon_core.shell:Creating package script '/home/alexander/simplebot2/ros2_workspace/install/motor_controller/share/motor_controller/package.zsh'
[12.366s] Level 1:colcon.colcon_core.environment:create_file_with_runtime_dependencies(/home/alexander/simplebot2/ros2_workspace/install/motor_controller/share/colcon-core/packages/motor_controller)
[12.367s] DEBUG:colcon.colcon_parallel_executor.executor.parallel:closing loop
[12.368s] DEBUG:colcon.colcon_parallel_executor.executor.parallel:loop closed
[12.368s] DEBUG:colcon.colcon_parallel_executor.executor.parallel:run_until_complete finished with '0'
[12.369s] DEBUG:colcon.colcon_core.event_reactor:joining thread
[12.455s] INFO:colcon.colcon_core.plugin_system:Skipping extension 'colcon_notification.desktop_notification.notify_send': Could not find 'notify-send'
[12.456s] INFO:colcon.colcon_core.plugin_system:Skipping extension 'colcon_notification.desktop_notification.terminal_notifier': Not used on non-Darwin systems
[12.456s] INFO:colcon.colcon_core.plugin_system:Skipping extension 'colcon_notification.desktop_notification.win32': Not used on non-Windows systems
[12.457s] INFO:colcon.colcon_notification.desktop_notification:Sending desktop notification using 'notify2'
[12.462s] DEBUG:colcon.colcon_notification.desktop_notification.notify2:Failed to initialize notify2: org.freedesktop.DBus.Error.Spawn.ExecFailed: /usr/bin/dbus-launch terminated abnormally without any error message
[12.463s] DEBUG:colcon.colcon_core.event_reactor:joined thread
[12.538s] INFO:colcon.colcon_core.shell:Creating prefix script '/home/alexander/simplebot2/ros2_workspace/install/local_setup.ps1'
[12.543s] INFO:colcon.colcon_core.shell:Creating prefix util module '/home/alexander/simplebot2/ros2_workspace/install/_local_setup_util_ps1.py'
[12.549s] INFO:colcon.colcon_core.shell:Creating prefix chain script '/home/alexander/simplebot2/ros2_workspace/install/setup.ps1'
[12.610s] INFO:colcon.colcon_core.shell:Creating prefix script '/home/alexander/simplebot2/ros2_workspace/install/local_setup.sh'
[12.612s] INFO:colcon.colcon_core.shell:Creating prefix util module '/home/alexander/simplebot2/ros2_workspace/install/_local_setup_util_sh.py'
[12.614s] INFO:colcon.colcon_core.shell:Creating prefix chain script '/home/alexander/simplebot2/ros2_workspace/install/setup.sh'
[12.673s] INFO:colcon.colcon_core.shell:Creating prefix script '/home/alexander/simplebot2/ros2_workspace/install/local_setup.bash'
[12.676s] INFO:colcon.colcon_core.shell:Creating prefix chain script '/home/alexander/simplebot2/ros2_workspace/install/setup.bash'
[12.739s] INFO:colcon.colcon_core.shell:Creating prefix script '/home/alexander/simplebot2/ros2_workspace/install/local_setup.zsh'
[12.741s] INFO:colcon.colcon_core.shell:Creating prefix chain script '/home/alexander/simplebot2/ros2_workspace/install/setup.zsh'
