[4.013s] DEBUG:colcon:Command line arguments: ['/usr/bin/colcon', 'build', '--packages-select', 'motor_controller']
[4.013s] DEBUG:colcon:Parsed command line arguments: Namespace(log_base=None, log_level=None, verb_name='build', build_base='build', install_base='install', merge_install=False, symlink_install=False, test_result_base=None, continue_on_error=False, executor='parallel', parallel_workers=4, event_handlers=None, ignore_user_meta=False, metas=['./colcon.meta'], base_paths=['.'], packages_ignore=None, packages_ignore_regex=None, paths=None, packages_up_to=None, packages_up_to_regex=None, packages_above=None, packages_above_and_dependencies=None, packages_above_depth=None, packages_select_by_dep=None, packages_skip_by_dep=None, packages_skip_up_to=None, packages_select_build_failed=False, packages_skip_build_finished=False, packages_select_test_failures=False, packages_skip_test_passed=False, packages_select=['motor_controller'], packages_skip=None, packages_select_regex=None, packages_skip_regex=None, packages_start=None, packages_end=None, cmake_args=None, cmake_target=None, cmake_target_skip_unavailable=False, cmake_clean_cache=False, cmake_clean_first=False, cmake_force_configure=False, ament_cmake_args=None, catkin_cmake_args=None, catkin_skip_building_tests=False, verb_parser=<colcon_defaults.argument_parser.defaults.DefaultArgumentsDecorator object at 0x7faa830190>, verb_extension=<colcon_core.verb.build.BuildVerb object at 0x7faa8305e0>, main=<bound method BuildVerb.main of <colcon_core.verb.build.BuildVerb object at 0x7faa8305e0>>)
[4.205s] Level 1:colcon.colcon_core.package_discovery:discover_packages(colcon_meta) check parameters
[4.205s] Level 1:colcon.colcon_core.package_discovery:discover_packages(recursive) check parameters
[4.205s] Level 1:colcon.colcon_core.package_discovery:discover_packages(ignore) check parameters
[4.206s] Level 1:colcon.colcon_core.package_discovery:discover_packages(path) check parameters
[4.206s] Level 1:colcon.colcon_core.package_discovery:discover_packages(colcon_meta) discover
[4.206s] Level 1:colcon.colcon_core.package_discovery:discover_packages(recursive) discover
[4.206s] INFO:colcon.colcon_core.package_discovery:Crawling recursively for packages in '/home/alexander/simplebot2/ros2_workspace'
[4.207s] Level 1:colcon.colcon_core.package_identification:_identify(.) by extensions ['ignore', 'ignore_ament_install']
[4.207s] Level 1:colcon.colcon_core.package_identification:_identify(.) by extension 'ignore'
[4.207s] Level 1:colcon.colcon_core.package_identification:_identify(.) by extension 'ignore_ament_install'
[4.208s] Level 1:colcon.colcon_core.package_identification:_identify(.) by extensions ['colcon_pkg']
[4.208s] Level 1:colcon.colcon_core.package_identification:_identify(.) by extension 'colcon_pkg'
[4.208s] Level 1:colcon.colcon_core.package_identification:_identify(.) by extensions ['colcon_meta']
[4.208s] Level 1:colcon.colcon_core.package_identification:_identify(.) by extension 'colcon_meta'
[4.208s] Level 1:colcon.colcon_core.package_identification:_identify(.) by extensions ['ros']
[4.209s] Level 1:colcon.colcon_core.package_identification:_identify(.) by extension 'ros'
[4.255s] Level 1:colcon.colcon_core.package_identification:_identify(.) by extensions ['cmake', 'python']
[4.255s] Level 1:colcon.colcon_core.package_identification:_identify(.) by extension 'cmake'
[4.256s] Level 1:colcon.colcon_core.package_identification:_identify(.) by extension 'python'
[4.256s] Level 1:colcon.colcon_core.package_identification:_identify(.) by extensions ['python_setup_py']
[4.256s] Level 1:colcon.colcon_core.package_identification:_identify(.) by extension 'python_setup_py'
[4.257s] Level 1:colcon.colcon_core.package_identification:_identify(build) by extensions ['ignore', 'ignore_ament_install']
[4.257s] Level 1:colcon.colcon_core.package_identification:_identify(build) by extension 'ignore'
[4.257s] Level 1:colcon.colcon_core.package_identification:_identify(build) ignored
[4.258s] Level 1:colcon.colcon_core.package_identification:_identify(install) by extensions ['ignore', 'ignore_ament_install']
[4.258s] Level 1:colcon.colcon_core.package_identification:_identify(install) by extension 'ignore'
[4.259s] Level 1:colcon.colcon_core.package_identification:_identify(install) ignored
[4.259s] Level 1:colcon.colcon_core.package_identification:_identify(log) by extensions ['ignore', 'ignore_ament_install']
[4.260s] Level 1:colcon.colcon_core.package_identification:_identify(log) by extension 'ignore'
[4.260s] Level 1:colcon.colcon_core.package_identification:_identify(log) ignored
[4.260s] Level 1:colcon.colcon_core.package_identification:_identify(src) by extensions ['ignore', 'ignore_ament_install']
[4.260s] Level 1:colcon.colcon_core.package_identification:_identify(src) by extension 'ignore'
[4.261s] Level 1:colcon.colcon_core.package_identification:_identify(src) by extension 'ignore_ament_install'
[4.261s] Level 1:colcon.colcon_core.package_identification:_identify(src) by extensions ['colcon_pkg']
[4.261s] Level 1:colcon.colcon_core.package_identification:_identify(src) by extension 'colcon_pkg'
[4.261s] Level 1:colcon.colcon_core.package_identification:_identify(src) by extensions ['colcon_meta']
[4.261s] Level 1:colcon.colcon_core.package_identification:_identify(src) by extension 'colcon_meta'
[4.262s] Level 1:colcon.colcon_core.package_identification:_identify(src) by extensions ['ros']
[4.262s] Level 1:colcon.colcon_core.package_identification:_identify(src) by extension 'ros'
[4.262s] Level 1:colcon.colcon_core.package_identification:_identify(src) by extensions ['cmake', 'python']
[4.262s] Level 1:colcon.colcon_core.package_identification:_identify(src) by extension 'cmake'
[4.263s] Level 1:colcon.colcon_core.package_identification:_identify(src) by extension 'python'
[4.263s] Level 1:colcon.colcon_core.package_identification:_identify(src) by extensions ['python_setup_py']
[4.263s] Level 1:colcon.colcon_core.package_identification:_identify(src) by extension 'python_setup_py'
[4.263s] Level 1:colcon.colcon_core.package_identification:_identify(src/ds4_driver) by extensions ['ignore', 'ignore_ament_install']
[4.264s] Level 1:colcon.colcon_core.package_identification:_identify(src/ds4_driver) by extension 'ignore'
[4.264s] Level 1:colcon.colcon_core.package_identification:_identify(src/ds4_driver) by extension 'ignore_ament_install'
[4.264s] Level 1:colcon.colcon_core.package_identification:_identify(src/ds4_driver) by extensions ['colcon_pkg']
[4.264s] Level 1:colcon.colcon_core.package_identification:_identify(src/ds4_driver) by extension 'colcon_pkg'
[4.265s] Level 1:colcon.colcon_core.package_identification:_identify(src/ds4_driver) by extensions ['colcon_meta']
[4.265s] Level 1:colcon.colcon_core.package_identification:_identify(src/ds4_driver) by extension 'colcon_meta'
[4.265s] Level 1:colcon.colcon_core.package_identification:_identify(src/ds4_driver) by extensions ['ros']
[4.265s] Level 1:colcon.colcon_core.package_identification:_identify(src/ds4_driver) by extension 'ros'
[4.265s] Level 1:colcon.colcon_core.package_identification:_identify(src/ds4_driver) by extensions ['cmake', 'python']
[4.266s] Level 1:colcon.colcon_core.package_identification:_identify(src/ds4_driver) by extension 'cmake'
[4.266s] Level 1:colcon.colcon_core.package_identification:_identify(src/ds4_driver) by extension 'python'
[4.266s] Level 1:colcon.colcon_core.package_identification:_identify(src/ds4_driver) by extensions ['python_setup_py']
[4.266s] Level 1:colcon.colcon_core.package_identification:_identify(src/ds4_driver) by extension 'python_setup_py'
[4.267s] Level 1:colcon.colcon_core.package_identification:_identify(src/joystick_ros2) by extensions ['ignore', 'ignore_ament_install']
[4.267s] Level 1:colcon.colcon_core.package_identification:_identify(src/joystick_ros2) by extension 'ignore'
[4.267s] Level 1:colcon.colcon_core.package_identification:_identify(src/joystick_ros2) by extension 'ignore_ament_install'
[4.268s] Level 1:colcon.colcon_core.package_identification:_identify(src/joystick_ros2) by extensions ['colcon_pkg']
[4.268s] Level 1:colcon.colcon_core.package_identification:_identify(src/joystick_ros2) by extension 'colcon_pkg'
[4.268s] Level 1:colcon.colcon_core.package_identification:_identify(src/joystick_ros2) by extensions ['colcon_meta']
[4.268s] Level 1:colcon.colcon_core.package_identification:_identify(src/joystick_ros2) by extension 'colcon_meta'
[4.269s] Level 1:colcon.colcon_core.package_identification:_identify(src/joystick_ros2) by extensions ['ros']
[4.269s] Level 1:colcon.colcon_core.package_identification:_identify(src/joystick_ros2) by extension 'ros'
[4.269s] Level 1:colcon.colcon_core.package_identification:_identify(src/joystick_ros2) by extensions ['cmake', 'python']
[4.269s] Level 1:colcon.colcon_core.package_identification:_identify(src/joystick_ros2) by extension 'cmake'
[4.270s] Level 1:colcon.colcon_core.package_identification:_identify(src/joystick_ros2) by extension 'python'
[4.270s] Level 1:colcon.colcon_core.package_identification:_identify(src/joystick_ros2) by extensions ['python_setup_py']
[4.270s] Level 1:colcon.colcon_core.package_identification:_identify(src/joystick_ros2) by extension 'python_setup_py'
[4.271s] Level 1:colcon.colcon_core.package_identification:_identify(src/motor_controller) by extensions ['ignore', 'ignore_ament_install']
[4.271s] Level 1:colcon.colcon_core.package_identification:_identify(src/motor_controller) by extension 'ignore'
[4.271s] Level 1:colcon.colcon_core.package_identification:_identify(src/motor_controller) by extension 'ignore_ament_install'
[4.271s] Level 1:colcon.colcon_core.package_identification:_identify(src/motor_controller) by extensions ['colcon_pkg']
[4.272s] Level 1:colcon.colcon_core.package_identification:_identify(src/motor_controller) by extension 'colcon_pkg'
[4.272s] Level 1:colcon.colcon_core.package_identification:_identify(src/motor_controller) by extensions ['colcon_meta']
[4.272s] Level 1:colcon.colcon_core.package_identification:_identify(src/motor_controller) by extension 'colcon_meta'
[4.272s] Level 1:colcon.colcon_core.package_identification:_identify(src/motor_controller) by extensions ['ros']
[4.272s] Level 1:colcon.colcon_core.package_identification:_identify(src/motor_controller) by extension 'ros'
[4.285s] DEBUG:colcon.colcon_core.package_identification:Package 'src/motor_controller' with type 'ros.ament_python' and name 'motor_controller'
[4.286s] Level 1:colcon.colcon_core.package_identification:_identify(src/test_nodes) by extensions ['ignore', 'ignore_ament_install']
[4.286s] Level 1:colcon.colcon_core.package_identification:_identify(src/test_nodes) by extension 'ignore'
[4.286s] Level 1:colcon.colcon_core.package_identification:_identify(src/test_nodes) by extension 'ignore_ament_install'
[4.287s] Level 1:colcon.colcon_core.package_identification:_identify(src/test_nodes) by extensions ['colcon_pkg']
[4.287s] Level 1:colcon.colcon_core.package_identification:_identify(src/test_nodes) by extension 'colcon_pkg'
[4.287s] Level 1:colcon.colcon_core.package_identification:_identify(src/test_nodes) by extensions ['colcon_meta']
[4.287s] Level 1:colcon.colcon_core.package_identification:_identify(src/test_nodes) by extension 'colcon_meta'
[4.288s] Level 1:colcon.colcon_core.package_identification:_identify(src/test_nodes) by extensions ['ros']
[4.288s] Level 1:colcon.colcon_core.package_identification:_identify(src/test_nodes) by extension 'ros'
[4.290s] DEBUG:colcon.colcon_core.package_identification:Package 'src/test_nodes' with type 'ros.ament_python' and name 'test_nodes'
[4.290s] Level 1:colcon.colcon_core.package_discovery:discover_packages(recursive) using defaults
[4.290s] Level 1:colcon.colcon_core.package_discovery:discover_packages(ignore) discover
[4.290s] Level 1:colcon.colcon_core.package_discovery:discover_packages(ignore) using defaults
[4.290s] Level 1:colcon.colcon_core.package_discovery:discover_packages(path) discover
[4.291s] Level 1:colcon.colcon_core.package_discovery:discover_packages(path) using defaults
[4.541s] INFO:colcon.colcon_core.package_selection:Skipping not selected package 'test_nodes' in 'src/test_nodes'
[4.601s] Level 5:colcon.colcon_core.verb:set package 'motor_controller' build argument 'cmake_args' from command line to 'None'
[4.601s] Level 5:colcon.colcon_core.verb:set package 'motor_controller' build argument 'cmake_target' from command line to 'None'
[4.601s] Level 5:colcon.colcon_core.verb:set package 'motor_controller' build argument 'cmake_target_skip_unavailable' from command line to 'False'
[4.601s] Level 5:colcon.colcon_core.verb:set package 'motor_controller' build argument 'cmake_clean_cache' from command line to 'False'
[4.601s] Level 5:colcon.colcon_core.verb:set package 'motor_controller' build argument 'cmake_clean_first' from command line to 'False'
[4.602s] Level 5:colcon.colcon_core.verb:set package 'motor_controller' build argument 'cmake_force_configure' from command line to 'False'
[4.602s] Level 5:colcon.colcon_core.verb:set package 'motor_controller' build argument 'ament_cmake_args' from command line to 'None'
[4.602s] Level 5:colcon.colcon_core.verb:set package 'motor_controller' build argument 'catkin_cmake_args' from command line to 'None'
[4.602s] Level 5:colcon.colcon_core.verb:set package 'motor_controller' build argument 'catkin_skip_building_tests' from command line to 'False'
[4.602s] DEBUG:colcon.colcon_core.verb:Building package 'motor_controller' with the following arguments: {'ament_cmake_args': None, 'build_base': '/home/alexander/simplebot2/ros2_workspace/build/motor_controller', 'catkin_cmake_args': None, 'catkin_skip_building_tests': False, 'cmake_args': None, 'cmake_clean_cache': False, 'cmake_clean_first': False, 'cmake_force_configure': False, 'cmake_target': None, 'cmake_target_skip_unavailable': False, 'install_base': '/home/alexander/simplebot2/ros2_workspace/install/motor_controller', 'merge_install': False, 'path': '/home/alexander/simplebot2/ros2_workspace/src/motor_controller', 'symlink_install': False, 'test_result_base': None}
[4.656s] INFO:colcon.colcon_core.executor:Executing jobs using 'parallel' executor
[4.721s] DEBUG:colcon.colcon_parallel_executor.executor.parallel:run_until_complete
[4.722s] INFO:colcon.colcon_ros.task.ament_python.build:Building ROS package in '/home/alexander/simplebot2/ros2_workspace/src/motor_controller' with build type 'ament_python'
[4.723s] Level 1:colcon.colcon_core.shell:create_environment_hook('motor_controller', 'ament_prefix_path')
[4.793s] INFO:colcon.colcon_core.plugin_system:Skipping extension 'colcon_core.shell.bat': Not used on non-Windows systems
[4.794s] INFO:colcon.colcon_core.shell:Creating environment hook '/home/alexander/simplebot2/ros2_workspace/install/motor_controller/share/motor_controller/hook/ament_prefix_path.ps1'
[4.796s] INFO:colcon.colcon_core.shell:Creating environment descriptor '/home/alexander/simplebot2/ros2_workspace/install/motor_controller/share/motor_controller/hook/ament_prefix_path.dsv'
[4.799s] INFO:colcon.colcon_core.shell:Creating environment hook '/home/alexander/simplebot2/ros2_workspace/install/motor_controller/share/motor_controller/hook/ament_prefix_path.sh'
[4.866s] INFO:colcon.colcon_core.shell:Skip shell extension 'powershell' for command environment: Not usable outside of PowerShell
[4.867s] DEBUG:colcon.colcon_core.shell:Skip shell extension 'dsv' for command environment
[6.281s] INFO:colcon.colcon_core.task.python.build:Building Python package in '/home/alexander/simplebot2/ros2_workspace/src/motor_controller'
[6.337s] INFO:colcon.colcon_core.shell:Skip shell extension 'powershell' for command environment: Not usable outside of PowerShell
[6.338s] DEBUG:colcon.colcon_core.shell:Skip shell extension 'dsv' for command environment
[8.402s] DEBUG:colcon.colcon_core.event_handler.log_command:Invoking command in '/home/alexander/simplebot2/ros2_workspace/src/motor_controller': PYTHONPATH=/home/alexander/simplebot2/ros2_workspace/build/motor_controller/prefix_override:/home/alexander/simplebot2/ros2_workspace/install/motor_controller/lib/python3.10/site-packages:${PYTHONPATH} /usr/bin/python3 setup.py egg_info --egg-base ../../build/motor_controller build --build-base /home/alexander/simplebot2/ros2_workspace/build/motor_controller/build install --record /home/alexander/simplebot2/ros2_workspace/build/motor_controller/install.log --single-version-externally-managed
[9.726s] DEBUG:colcon.colcon_core.event_handler.log_command:Invoked command in '/home/alexander/simplebot2/ros2_workspace/src/motor_controller' returned '0': PYTHONPATH=/home/alexander/simplebot2/ros2_workspace/build/motor_controller/prefix_override:/home/alexander/simplebot2/ros2_workspace/install/motor_controller/lib/python3.10/site-packages:${PYTHONPATH} /usr/bin/python3 setup.py egg_info --egg-base ../../build/motor_controller build --build-base /home/alexander/simplebot2/ros2_workspace/build/motor_controller/build install --record /home/alexander/simplebot2/ros2_workspace/build/motor_controller/install.log --single-version-externally-managed
[9.799s] Level 1:colcon.colcon_core.environment:checking '/home/alexander/simplebot2/ros2_workspace/install/motor_controller' for CMake module files
[9.801s] Level 1:colcon.colcon_core.environment:checking '/home/alexander/simplebot2/ros2_workspace/install/motor_controller' for CMake config files
[9.805s] Level 1:colcon.colcon_core.environment:checking '/home/alexander/simplebot2/ros2_workspace/install/motor_controller/lib'
[9.806s] Level 1:colcon.colcon_core.environment:checking '/home/alexander/simplebot2/ros2_workspace/install/motor_controller/bin'
[9.806s] Level 1:colcon.colcon_core.environment:checking '/home/alexander/simplebot2/ros2_workspace/install/motor_controller/lib/pkgconfig/motor_controller.pc'
[9.807s] Level 1:colcon.colcon_core.environment:checking '/home/alexander/simplebot2/ros2_workspace/install/motor_controller/lib/python3.10/site-packages'
[9.807s] Level 1:colcon.colcon_core.shell:create_environment_hook('motor_controller', 'pythonpath')
[9.870s] INFO:colcon.colcon_core.shell:Creating environment hook '/home/alexander/simplebot2/ros2_workspace/install/motor_controller/share/motor_controller/hook/pythonpath.ps1'
[9.872s] INFO:colcon.colcon_core.shell:Creating environment descriptor '/home/alexander/simplebot2/ros2_workspace/install/motor_controller/share/motor_controller/hook/pythonpath.dsv'
[9.875s] INFO:colcon.colcon_core.shell:Creating environment hook '/home/alexander/simplebot2/ros2_workspace/install/motor_controller/share/motor_controller/hook/pythonpath.sh'
[9.877s] Level 1:colcon.colcon_core.environment:checking '/home/alexander/simplebot2/ros2_workspace/install/motor_controller/bin'
[9.878s] Level 1:colcon.colcon_core.environment:create_environment_scripts_only(motor_controller)
[9.933s] INFO:colcon.colcon_core.shell:Creating package script '/home/alexander/simplebot2/ros2_workspace/install/motor_controller/share/motor_controller/package.ps1'
[9.938s] INFO:colcon.colcon_core.shell:Creating package descriptor '/home/alexander/simplebot2/ros2_workspace/install/motor_controller/share/motor_controller/package.dsv'
[9.941s] INFO:colcon.colcon_core.shell:Creating package script '/home/alexander/simplebot2/ros2_workspace/install/motor_controller/share/motor_controller/package.sh'
[9.944s] INFO:colcon.colcon_core.shell:Creating package script '/home/alexander/simplebot2/ros2_workspace/install/motor_controller/share/motor_controller/package.bash'
[9.947s] INFO:colcon.colcon_core.shell:Creating package script '/home/alexander/simplebot2/ros2_workspace/install/motor_controller/share/motor_controller/package.zsh'
[9.950s] Level 1:colcon.colcon_core.environment:create_file_with_runtime_dependencies(/home/alexander/simplebot2/ros2_workspace/install/motor_controller/share/colcon-core/packages/motor_controller)
[9.952s] DEBUG:colcon.colcon_parallel_executor.executor.parallel:closing loop
[9.953s] DEBUG:colcon.colcon_parallel_executor.executor.parallel:loop closed
[9.953s] DEBUG:colcon.colcon_parallel_executor.executor.parallel:run_until_complete finished with '0'
[9.954s] DEBUG:colcon.colcon_core.event_reactor:joining thread
[10.034s] INFO:colcon.colcon_core.plugin_system:Skipping extension 'colcon_notification.desktop_notification.notify_send': Could not find 'notify-send'
[10.034s] INFO:colcon.colcon_core.plugin_system:Skipping extension 'colcon_notification.desktop_notification.terminal_notifier': Not used on non-Darwin systems
[10.034s] INFO:colcon.colcon_core.plugin_system:Skipping extension 'colcon_notification.desktop_notification.win32': Not used on non-Windows systems
[10.035s] INFO:colcon.colcon_notification.desktop_notification:Sending desktop notification using 'notify2'
[10.040s] DEBUG:colcon.colcon_notification.desktop_notification.notify2:Failed to initialize notify2: org.freedesktop.DBus.Error.Spawn.ExecFailed: /usr/bin/dbus-launch terminated abnormally without any error message
[10.041s] DEBUG:colcon.colcon_core.event_reactor:joined thread
[10.100s] INFO:colcon.colcon_core.shell:Creating prefix script '/home/alexander/simplebot2/ros2_workspace/install/local_setup.ps1'
[10.104s] INFO:colcon.colcon_core.shell:Creating prefix util module '/home/alexander/simplebot2/ros2_workspace/install/_local_setup_util_ps1.py'
[10.111s] INFO:colcon.colcon_core.shell:Creating prefix chain script '/home/alexander/simplebot2/ros2_workspace/install/setup.ps1'
[10.174s] INFO:colcon.colcon_core.shell:Creating prefix script '/home/alexander/simplebot2/ros2_workspace/install/local_setup.sh'
[10.177s] INFO:colcon.colcon_core.shell:Creating prefix util module '/home/alexander/simplebot2/ros2_workspace/install/_local_setup_util_sh.py'
[10.179s] INFO:colcon.colcon_core.shell:Creating prefix chain script '/home/alexander/simplebot2/ros2_workspace/install/setup.sh'
[10.239s] INFO:colcon.colcon_core.shell:Creating prefix script '/home/alexander/simplebot2/ros2_workspace/install/local_setup.bash'
[10.242s] INFO:colcon.colcon_core.shell:Creating prefix chain script '/home/alexander/simplebot2/ros2_workspace/install/setup.bash'
[10.310s] INFO:colcon.colcon_core.shell:Creating prefix script '/home/alexander/simplebot2/ros2_workspace/install/local_setup.zsh'
[10.312s] INFO:colcon.colcon_core.shell:Creating prefix chain script '/home/alexander/simplebot2/ros2_workspace/install/setup.zsh'
