[5.700s] Invoking command in '/home/alexander/Documents/simplebot2/ros2_workspace/src/motor_controller': PYTHONPATH=/home/alexander/Documents/simplebot2/ros2_workspace/build/motor_controller/prefix_override:/home/alexander/Documents/simplebot2/ros2_workspace/install/motor_controller/lib/python3.6/site-packages:${PYTHONPATH} /usr/bin/python3 setup.py egg_info --egg-base ../../build/motor_controller build --build-base /home/alexander/Documents/simplebot2/ros2_workspace/build/motor_controller/build install --record /home/alexander/Documents/simplebot2/ros2_workspace/build/motor_controller/install.log --single-version-externally-managed
[7.751s] running egg_info
[7.757s] writing ../../build/motor_controller/motor_controller.egg-info/PKG-INFO
[7.759s] writing dependency_links to ../../build/motor_controller/motor_controller.egg-info/dependency_links.txt
[7.760s] writing entry points to ../../build/motor_controller/motor_controller.egg-info/entry_points.txt
[7.761s] writing requirements to ../../build/motor_controller/motor_controller.egg-info/requires.txt
[7.761s] writing top-level names to ../../build/motor_controller/motor_controller.egg-info/top_level.txt
[7.777s] reading manifest file '../../build/motor_controller/motor_controller.egg-info/SOURCES.txt'
[7.789s] writing manifest file '../../build/motor_controller/motor_controller.egg-info/SOURCES.txt'
[7.790s] running build
[7.791s] running build_py
[7.792s] running install
[7.797s] running install_lib
[7.801s] running install_data
[7.804s] running install_egg_info
[7.815s] removing '/home/alexander/Documents/simplebot2/ros2_workspace/install/motor_controller/lib/python3.6/site-packages/motor_controller-0.0.0-py3.6.egg-info' (and everything under it)
[7.817s] Copying ../../build/motor_controller/motor_controller.egg-info to /home/alexander/Documents/simplebot2/ros2_workspace/install/motor_controller/lib/python3.6/site-packages/motor_controller-0.0.0-py3.6.egg-info
[7.824s] running install_scripts
[7.952s] writing list of installed files to '/home/alexander/Documents/simplebot2/ros2_workspace/build/motor_controller/install.log'
[8.091s] Invoked command in '/home/alexander/Documents/simplebot2/ros2_workspace/src/motor_controller' returned '0': PYTHONPATH=/home/alexander/Documents/simplebot2/ros2_workspace/build/motor_controller/prefix_override:/home/alexander/Documents/simplebot2/ros2_workspace/install/motor_controller/lib/python3.6/site-packages:${PYTHONPATH} /usr/bin/python3 setup.py egg_info --egg-base ../../build/motor_controller build --build-base /home/alexander/Documents/simplebot2/ros2_workspace/build/motor_controller/build install --record /home/alexander/Documents/simplebot2/ros2_workspace/build/motor_controller/install.log --single-version-externally-managed
